[1.590s] Invoking command in '/home/yuki/ros2_ws/src/NHK2025/rogidrive/rogidrive': AMENT_PREFIX_PATH=/home/yuki/ros2_ws/src/NHK2025/install/rogidrive_msg:${AMENT_PREFIX_PATH} CMAKE_PREFIX_PATH=/home/yuki/ros2_ws/src/NHK2025/install/rogidrive_msg LD_LIBRARY_PATH=/home/yuki/ros2_ws/src/NHK2025/install/rogidrive_msg/lib:${LD_LIBRARY_PATH} PYTHONPATH=/home/yuki/ros2_ws/src/NHK2025/build/rogidrive/prefix_override:/usr/lib/python3/dist-packages/colcon_core/task/python/colcon_distutils_commands:/home/yuki/ros2_ws/src/NHK2025/install/rogidrive/lib/python3.10/site-packages:/home/yuki/ros2_ws/src/NHK2025/install/rogidrive_msg/local/lib/python3.10/dist-packages:${PYTHONPATH} /usr/bin/python3 -W ignore:setup.py install is deprecated setup.py egg_info --egg-base ../../build/rogidrive build --build-base /home/yuki/ros2_ws/src/NHK2025/build/rogidrive/build install --record /home/yuki/ros2_ws/src/NHK2025/build/rogidrive/install.log --single-version-externally-managed install_data
[2.577s] running egg_info
[2.578s] creating ../../build/rogidrive/rogidrive.egg-info
[2.579s] writing ../../build/rogidrive/rogidrive.egg-info/PKG-INFO
[2.579s] writing dependency_links to ../../build/rogidrive/rogidrive.egg-info/dependency_links.txt
[2.579s] writing entry points to ../../build/rogidrive/rogidrive.egg-info/entry_points.txt
[2.580s] writing requirements to ../../build/rogidrive/rogidrive.egg-info/requires.txt
[2.580s] writing top-level names to ../../build/rogidrive/rogidrive.egg-info/top_level.txt
[2.580s] writing manifest file '../../build/rogidrive/rogidrive.egg-info/SOURCES.txt'
[2.583s] reading manifest file '../../build/rogidrive/rogidrive.egg-info/SOURCES.txt'
[2.586s] writing manifest file '../../build/rogidrive/rogidrive.egg-info/SOURCES.txt'
[2.587s] running build
[2.588s] running build_py
[2.588s] creating /home/yuki/ros2_ws/src/NHK2025/build/rogidrive/build
[2.590s] creating /home/yuki/ros2_ws/src/NHK2025/build/rogidrive/build/lib
[2.590s] creating /home/yuki/ros2_ws/src/NHK2025/build/rogidrive/build/lib/rogidrive
[2.593s] copying rogidrive/rogidrive_tester.py -> /home/yuki/ros2_ws/src/NHK2025/build/rogidrive/build/lib/rogidrive
[2.593s] copying rogidrive/rogidrive.py -> /home/yuki/ros2_ws/src/NHK2025/build/rogidrive/build/lib/rogidrive
[2.593s] copying rogidrive/__init__.py -> /home/yuki/ros2_ws/src/NHK2025/build/rogidrive/build/lib/rogidrive
[2.594s] running install
[2.595s] running install_lib
[2.595s] creating /home/yuki/ros2_ws/src/NHK2025/install/rogidrive/lib/python3.10/site-packages/rogidrive
[2.596s] copying /home/yuki/ros2_ws/src/NHK2025/build/rogidrive/build/lib/rogidrive/rogidrive_tester.py -> /home/yuki/ros2_ws/src/NHK2025/install/rogidrive/lib/python3.10/site-packages/rogidrive
[2.599s] copying /home/yuki/ros2_ws/src/NHK2025/build/rogidrive/build/lib/rogidrive/rogidrive.py -> /home/yuki/ros2_ws/src/NHK2025/install/rogidrive/lib/python3.10/site-packages/rogidrive
[2.599s] copying /home/yuki/ros2_ws/src/NHK2025/build/rogidrive/build/lib/rogidrive/__init__.py -> /home/yuki/ros2_ws/src/NHK2025/install/rogidrive/lib/python3.10/site-packages/rogidrive
[2.599s] byte-compiling /home/yuki/ros2_ws/src/NHK2025/install/rogidrive/lib/python3.10/site-packages/rogidrive/rogidrive_tester.py to rogidrive_tester.cpython-310.pyc
[2.599s] byte-compiling /home/yuki/ros2_ws/src/NHK2025/install/rogidrive/lib/python3.10/site-packages/rogidrive/rogidrive.py to rogidrive.cpython-310.pyc
[2.604s] byte-compiling /home/yuki/ros2_ws/src/NHK2025/install/rogidrive/lib/python3.10/site-packages/rogidrive/__init__.py to __init__.cpython-310.pyc
[2.606s] running install_data
[2.607s] creating /home/yuki/ros2_ws/src/NHK2025/install/rogidrive/share/ament_index
[2.607s] creating /home/yuki/ros2_ws/src/NHK2025/install/rogidrive/share/ament_index/resource_index
[2.607s] creating /home/yuki/ros2_ws/src/NHK2025/install/rogidrive/share/ament_index/resource_index/packages
[2.607s] copying resource/rogidrive -> /home/yuki/ros2_ws/src/NHK2025/install/rogidrive/share/ament_index/resource_index/packages
[2.607s] copying package.xml -> /home/yuki/ros2_ws/src/NHK2025/install/rogidrive/share/rogidrive
[2.607s] running install_egg_info
[2.612s] Copying ../../build/rogidrive/rogidrive.egg-info to /home/yuki/ros2_ws/src/NHK2025/install/rogidrive/lib/python3.10/site-packages/rogidrive-0.0.0-py3.10.egg-info
[2.613s] running install_scripts
[2.648s] Installing rogidrive script to /home/yuki/ros2_ws/src/NHK2025/install/rogidrive/lib/rogidrive
[2.648s] Installing rogidrive_tester script to /home/yuki/ros2_ws/src/NHK2025/install/rogidrive/lib/rogidrive
[2.648s] writing list of installed files to '/home/yuki/ros2_ws/src/NHK2025/build/rogidrive/install.log'
[2.707s] Invoked command in '/home/yuki/ros2_ws/src/NHK2025/rogidrive/rogidrive' returned '0': AMENT_PREFIX_PATH=/home/yuki/ros2_ws/src/NHK2025/install/rogidrive_msg:${AMENT_PREFIX_PATH} CMAKE_PREFIX_PATH=/home/yuki/ros2_ws/src/NHK2025/install/rogidrive_msg LD_LIBRARY_PATH=/home/yuki/ros2_ws/src/NHK2025/install/rogidrive_msg/lib:${LD_LIBRARY_PATH} PYTHONPATH=/home/yuki/ros2_ws/src/NHK2025/build/rogidrive/prefix_override:/usr/lib/python3/dist-packages/colcon_core/task/python/colcon_distutils_commands:/home/yuki/ros2_ws/src/NHK2025/install/rogidrive/lib/python3.10/site-packages:/home/yuki/ros2_ws/src/NHK2025/install/rogidrive_msg/local/lib/python3.10/dist-packages:${PYTHONPATH} /usr/bin/python3 -W ignore:setup.py install is deprecated setup.py egg_info --egg-base ../../build/rogidrive build --build-base /home/yuki/ros2_ws/src/NHK2025/build/rogidrive/build install --record /home/yuki/ros2_ws/src/NHK2025/build/rogidrive/install.log --single-version-externally-managed install_data
