[0.028s] Invoking command in '/home/yuki/ros2_ws/src/NHK2025/build/rogidrive_msg': CMAKE_PREFIX_PATH=/opt/ros/humble /opt/st/stm32cubeclt_1.16.0/CMake/bin/cmake --build /home/yuki/ros2_ws/src/NHK2025/build/rogidrive_msg -- -j2 -l2
[0.097s] [  2%] Built target rogidrive_msg__cpp
[0.100s] [ 12%] Built target rogidrive_msg__rosidl_generator_c
[0.144s] [ 12%] Built target ament_cmake_python_copy_rogidrive_msg
[0.148s] [ 23%] Built target rogidrive_msg__rosidl_typesupport_fastrtps_cpp
[0.175s] [ 33%] Built target rogidrive_msg__rosidl_typesupport_introspection_c
[0.181s] [ 43%] Built target rogidrive_msg__rosidl_typesupport_c
[0.225s] [ 53%] Built target rogidrive_msg__rosidl_typesupport_cpp
[0.232s] [ 64%] Built target rogidrive_msg__rosidl_typesupport_introspection_cpp
[0.289s] [ 74%] Built target rogidrive_msg__rosidl_typesupport_fastrtps_c
[0.339s] [ 74%] Built target rogidrive_msg
[0.398s] [ 76%] Built target rogidrive_msg__py
[0.467s] [ 84%] Built target rogidrive_msg__rosidl_generator_py
[0.507s] [ 89%] Built target rogidrive_msg__rosidl_typesupport_fastrtps_c__pyext
[0.550s] [ 94%] Built target rogidrive_msg__rosidl_typesupport_introspection_c__pyext
[0.627s] [100%] Built target rogidrive_msg__rosidl_typesupport_c__pyext
[0.711s] running egg_info
[0.712s] writing rogidrive_msg.egg-info/PKG-INFO
[0.714s] writing dependency_links to rogidrive_msg.egg-info/dependency_links.txt
[0.714s] writing top-level names to rogidrive_msg.egg-info/top_level.txt
[0.715s] reading manifest file 'rogidrive_msg.egg-info/SOURCES.txt'
[0.716s] writing manifest file 'rogidrive_msg.egg-info/SOURCES.txt'
[0.735s] [100%] Built target ament_cmake_python_build_rogidrive_msg_egg
[0.747s] Invoked command in '/home/yuki/ros2_ws/src/NHK2025/build/rogidrive_msg' returned '0': CMAKE_PREFIX_PATH=/opt/ros/humble /opt/st/stm32cubeclt_1.16.0/CMake/bin/cmake --build /home/yuki/ros2_ws/src/NHK2025/build/rogidrive_msg -- -j2 -l2
[1.028s] Invoking command in '/home/yuki/ros2_ws/src/NHK2025/build/rogidrive_msg': CMAKE_PREFIX_PATH=/opt/ros/humble /opt/st/stm32cubeclt_1.16.0/CMake/bin/cmake --install /home/yuki/ros2_ws/src/NHK2025/build/rogidrive_msg
[1.030s] -- Install configuration: ""
[1.030s] -- Up-to-date: /home/yuki/ros2_ws/src/NHK2025/install/rogidrive_msg/share/ament_index/resource_index/rosidl_interfaces/rogidrive_msg
[1.031s] -- Up-to-date: /home/yuki/ros2_ws/src/NHK2025/install/rogidrive_msg/include/rogidrive_msg/rogidrive_msg
[1.031s] -- Up-to-date: /home/yuki/ros2_ws/src/NHK2025/install/rogidrive_msg/include/rogidrive_msg/rogidrive_msg/msg
[1.031s] -- Up-to-date: /home/yuki/ros2_ws/src/NHK2025/install/rogidrive_msg/include/rogidrive_msg/rogidrive_msg/msg/rogidrive_message.h
[1.031s] -- Up-to-date: /home/yuki/ros2_ws/src/NHK2025/install/rogidrive_msg/include/rogidrive_msg/rogidrive_msg/msg/rogidrive_multi_array.h
[1.031s] -- Up-to-date: /home/yuki/ros2_ws/src/NHK2025/install/rogidrive_msg/include/rogidrive_msg/rogidrive_msg/msg/detail
[1.032s] -- Up-to-date: /home/yuki/ros2_ws/src/NHK2025/install/rogidrive_msg/include/rogidrive_msg/rogidrive_msg/msg/detail/rogidrive_multi_array__type_support.h
[1.032s] -- Up-to-date: /home/yuki/ros2_ws/src/NHK2025/install/rogidrive_msg/include/rogidrive_msg/rogidrive_msg/msg/detail/rogidrive_message__type_support.h
[1.032s] -- Up-to-date: /home/yuki/ros2_ws/src/NHK2025/install/rogidrive_msg/include/rogidrive_msg/rogidrive_msg/msg/detail/rogidrive_multi_array__struct.h
[1.032s] -- Up-to-date: /home/yuki/ros2_ws/src/NHK2025/install/rogidrive_msg/include/rogidrive_msg/rogidrive_msg/msg/detail/rogidrive_message__struct.h
[1.033s] -- Up-to-date: /home/yuki/ros2_ws/src/NHK2025/install/rogidrive_msg/include/rogidrive_msg/rogidrive_msg/msg/detail/rogidrive_multi_array__functions.h
[1.033s] -- Up-to-date: /home/yuki/ros2_ws/src/NHK2025/install/rogidrive_msg/include/rogidrive_msg/rogidrive_msg/msg/detail/rogidrive_message__functions.c
[1.033s] -- Up-to-date: /home/yuki/ros2_ws/src/NHK2025/install/rogidrive_msg/include/rogidrive_msg/rogidrive_msg/msg/detail/rogidrive_message__functions.h
[1.033s] -- Up-to-date: /home/yuki/ros2_ws/src/NHK2025/install/rogidrive_msg/include/rogidrive_msg/rogidrive_msg/msg/detail/rogidrive_multi_array__functions.c
[1.034s] -- Up-to-date: /home/yuki/ros2_ws/src/NHK2025/install/rogidrive_msg/include/rogidrive_msg/rogidrive_msg/msg/rosidl_generator_c__visibility_control.h
[1.034s] -- Up-to-date: /home/yuki/ros2_ws/src/NHK2025/install/rogidrive_msg/share/rogidrive_msg/environment/library_path.sh
[1.034s] -- Up-to-date: /home/yuki/ros2_ws/src/NHK2025/install/rogidrive_msg/share/rogidrive_msg/environment/library_path.dsv
[1.034s] -- Up-to-date: /home/yuki/ros2_ws/src/NHK2025/install/rogidrive_msg/lib/librogidrive_msg__rosidl_generator_c.so
[1.038s] -- Up-to-date: /home/yuki/ros2_ws/src/NHK2025/install/rogidrive_msg/include/rogidrive_msg/rogidrive_msg
[1.038s] -- Up-to-date: /home/yuki/ros2_ws/src/NHK2025/install/rogidrive_msg/include/rogidrive_msg/rogidrive_msg/msg
[1.039s] -- Up-to-date: /home/yuki/ros2_ws/src/NHK2025/install/rogidrive_msg/include/rogidrive_msg/rogidrive_msg/msg/detail
[1.039s] -- Up-to-date: /home/yuki/ros2_ws/src/NHK2025/install/rogidrive_msg/include/rogidrive_msg/rogidrive_msg/msg/detail/rogidrive_multi_array__rosidl_typesupport_fastrtps_c.h
[1.039s] -- Up-to-date: /home/yuki/ros2_ws/src/NHK2025/install/rogidrive_msg/include/rogidrive_msg/rogidrive_msg/msg/detail/rogidrive_message__rosidl_typesupport_fastrtps_c.h
[1.039s] -- Up-to-date: /home/yuki/ros2_ws/src/NHK2025/install/rogidrive_msg/include/rogidrive_msg/rogidrive_msg/msg/rosidl_typesupport_fastrtps_c__visibility_control.h
[1.039s] -- Up-to-date: /home/yuki/ros2_ws/src/NHK2025/install/rogidrive_msg/lib/librogidrive_msg__rosidl_typesupport_fastrtps_c.so
[1.041s] -- Up-to-date: /home/yuki/ros2_ws/src/NHK2025/install/rogidrive_msg/include/rogidrive_msg/rogidrive_msg
[1.041s] -- Up-to-date: /home/yuki/ros2_ws/src/NHK2025/install/rogidrive_msg/include/rogidrive_msg/rogidrive_msg/msg
[1.042s] -- Up-to-date: /home/yuki/ros2_ws/src/NHK2025/install/rogidrive_msg/include/rogidrive_msg/rogidrive_msg/msg/detail
[1.042s] -- Up-to-date: /home/yuki/ros2_ws/src/NHK2025/install/rogidrive_msg/include/rogidrive_msg/rogidrive_msg/msg/detail/rogidrive_message__builder.hpp
[1.042s] -- Up-to-date: /home/yuki/ros2_ws/src/NHK2025/install/rogidrive_msg/include/rogidrive_msg/rogidrive_msg/msg/detail/rogidrive_message__struct.hpp
[1.044s] -- Up-to-date: /home/yuki/ros2_ws/src/NHK2025/install/rogidrive_msg/include/rogidrive_msg/rogidrive_msg/msg/detail/rogidrive_multi_array__traits.hpp
[1.044s] -- Up-to-date: /home/yuki/ros2_ws/src/NHK2025/install/rogidrive_msg/include/rogidrive_msg/rogidrive_msg/msg/detail/rogidrive_multi_array__struct.hpp
[1.045s] -- Up-to-date: /home/yuki/ros2_ws/src/NHK2025/install/rogidrive_msg/include/rogidrive_msg/rogidrive_msg/msg/detail/rogidrive_message__traits.hpp
[1.045s] -- Up-to-date: /home/yuki/ros2_ws/src/NHK2025/install/rogidrive_msg/include/rogidrive_msg/rogidrive_msg/msg/detail/rogidrive_multi_array__builder.hpp
[1.045s] -- Up-to-date: /home/yuki/ros2_ws/src/NHK2025/install/rogidrive_msg/include/rogidrive_msg/rogidrive_msg/msg/rogidrive_message.hpp
[1.045s] -- Up-to-date: /home/yuki/ros2_ws/src/NHK2025/install/rogidrive_msg/include/rogidrive_msg/rogidrive_msg/msg/rogidrive_multi_array.hpp
[1.046s] -- Up-to-date: /home/yuki/ros2_ws/src/NHK2025/install/rogidrive_msg/include/rogidrive_msg/rogidrive_msg
[1.046s] -- Up-to-date: /home/yuki/ros2_ws/src/NHK2025/install/rogidrive_msg/include/rogidrive_msg/rogidrive_msg/msg
[1.047s] -- Up-to-date: /home/yuki/ros2_ws/src/NHK2025/install/rogidrive_msg/include/rogidrive_msg/rogidrive_msg/msg/detail
[1.047s] -- Up-to-date: /home/yuki/ros2_ws/src/NHK2025/install/rogidrive_msg/include/rogidrive_msg/rogidrive_msg/msg/detail/rogidrive_message__rosidl_typesupport_fastrtps_cpp.hpp
[1.047s] -- Up-to-date: /home/yuki/ros2_ws/src/NHK2025/install/rogidrive_msg/include/rogidrive_msg/rogidrive_msg/msg/detail/rogidrive_multi_array__rosidl_typesupport_fastrtps_cpp.hpp
[1.047s] -- Up-to-date: /home/yuki/ros2_ws/src/NHK2025/install/rogidrive_msg/include/rogidrive_msg/rogidrive_msg/msg/detail/dds_fastrtps
[1.047s] -- Up-to-date: /home/yuki/ros2_ws/src/NHK2025/install/rogidrive_msg/include/rogidrive_msg/rogidrive_msg/msg/rosidl_typesupport_fastrtps_cpp__visibility_control.h
[1.047s] -- Up-to-date: /home/yuki/ros2_ws/src/NHK2025/install/rogidrive_msg/lib/librogidrive_msg__rosidl_typesupport_fastrtps_cpp.so
[1.047s] -- Up-to-date: /home/yuki/ros2_ws/src/NHK2025/install/rogidrive_msg/include/rogidrive_msg/rogidrive_msg
[1.047s] -- Up-to-date: /home/yuki/ros2_ws/src/NHK2025/install/rogidrive_msg/include/rogidrive_msg/rogidrive_msg/msg
[1.047s] -- Up-to-date: /home/yuki/ros2_ws/src/NHK2025/install/rogidrive_msg/include/rogidrive_msg/rogidrive_msg/msg/detail
[1.048s] -- Up-to-date: /home/yuki/ros2_ws/src/NHK2025/install/rogidrive_msg/include/rogidrive_msg/rogidrive_msg/msg/detail/rogidrive_multi_array__type_support.c
[1.048s] -- Up-to-date: /home/yuki/ros2_ws/src/NHK2025/install/rogidrive_msg/include/rogidrive_msg/rogidrive_msg/msg/detail/rogidrive_multi_array__rosidl_typesupport_introspection_c.h
[1.048s] -- Up-to-date: /home/yuki/ros2_ws/src/NHK2025/install/rogidrive_msg/include/rogidrive_msg/rogidrive_msg/msg/detail/rogidrive_message__rosidl_typesupport_introspection_c.h
[1.048s] -- Up-to-date: /home/yuki/ros2_ws/src/NHK2025/install/rogidrive_msg/include/rogidrive_msg/rogidrive_msg/msg/detail/rogidrive_message__type_support.c
[1.048s] -- Up-to-date: /home/yuki/ros2_ws/src/NHK2025/install/rogidrive_msg/include/rogidrive_msg/rogidrive_msg/msg/rosidl_typesupport_introspection_c__visibility_control.h
[1.051s] -- Up-to-date: /home/yuki/ros2_ws/src/NHK2025/install/rogidrive_msg/lib/librogidrive_msg__rosidl_typesupport_introspection_c.so
[1.051s] -- Up-to-date: /home/yuki/ros2_ws/src/NHK2025/install/rogidrive_msg/lib/librogidrive_msg__rosidl_typesupport_c.so
[1.052s] -- Up-to-date: /home/yuki/ros2_ws/src/NHK2025/install/rogidrive_msg/include/rogidrive_msg/rogidrive_msg
[1.052s] -- Up-to-date: /home/yuki/ros2_ws/src/NHK2025/install/rogidrive_msg/include/rogidrive_msg/rogidrive_msg/msg
[1.052s] -- Up-to-date: /home/yuki/ros2_ws/src/NHK2025/install/rogidrive_msg/include/rogidrive_msg/rogidrive_msg/msg/detail
[1.052s] -- Up-to-date: /home/yuki/ros2_ws/src/NHK2025/install/rogidrive_msg/include/rogidrive_msg/rogidrive_msg/msg/detail/rogidrive_message__type_support.cpp
[1.052s] -- Up-to-date: /home/yuki/ros2_ws/src/NHK2025/install/rogidrive_msg/include/rogidrive_msg/rogidrive_msg/msg/detail/rogidrive_multi_array__rosidl_typesupport_introspection_cpp.hpp
[1.052s] -- Up-to-date: /home/yuki/ros2_ws/src/NHK2025/install/rogidrive_msg/include/rogidrive_msg/rogidrive_msg/msg/detail/rogidrive_multi_array__type_support.cpp
[1.052s] -- Up-to-date: /home/yuki/ros2_ws/src/NHK2025/install/rogidrive_msg/include/rogidrive_msg/rogidrive_msg/msg/detail/rogidrive_message__rosidl_typesupport_introspection_cpp.hpp
[1.054s] -- Up-to-date: /home/yuki/ros2_ws/src/NHK2025/install/rogidrive_msg/lib/librogidrive_msg__rosidl_typesupport_introspection_cpp.so
[1.056s] -- Up-to-date: /home/yuki/ros2_ws/src/NHK2025/install/rogidrive_msg/lib/librogidrive_msg__rosidl_typesupport_cpp.so
[1.058s] -- Up-to-date: /home/yuki/ros2_ws/src/NHK2025/install/rogidrive_msg/share/rogidrive_msg/environment/pythonpath.sh
[1.058s] -- Up-to-date: /home/yuki/ros2_ws/src/NHK2025/install/rogidrive_msg/share/rogidrive_msg/environment/pythonpath.dsv
[1.058s] -- Up-to-date: /home/yuki/ros2_ws/src/NHK2025/install/rogidrive_msg/local/lib/python3.10/dist-packages/rogidrive_msg-0.0.0-py3.10.egg-info
[1.059s] -- Installing: /home/yuki/ros2_ws/src/NHK2025/install/rogidrive_msg/local/lib/python3.10/dist-packages/rogidrive_msg-0.0.0-py3.10.egg-info/dependency_links.txt
[1.060s] -- Installing: /home/yuki/ros2_ws/src/NHK2025/install/rogidrive_msg/local/lib/python3.10/dist-packages/rogidrive_msg-0.0.0-py3.10.egg-info/SOURCES.txt
[1.060s] -- Installing: /home/yuki/ros2_ws/src/NHK2025/install/rogidrive_msg/local/lib/python3.10/dist-packages/rogidrive_msg-0.0.0-py3.10.egg-info/PKG-INFO
[1.061s] -- Installing: /home/yuki/ros2_ws/src/NHK2025/install/rogidrive_msg/local/lib/python3.10/dist-packages/rogidrive_msg-0.0.0-py3.10.egg-info/top_level.txt
[1.061s] -- Up-to-date: /home/yuki/ros2_ws/src/NHK2025/install/rogidrive_msg/local/lib/python3.10/dist-packages/rogidrive_msg
[1.062s] -- Up-to-date: /home/yuki/ros2_ws/src/NHK2025/install/rogidrive_msg/local/lib/python3.10/dist-packages/rogidrive_msg/_rogidrive_msg_s.ep.rosidl_typesupport_fastrtps_c.c
[1.062s] -- Up-to-date: /home/yuki/ros2_ws/src/NHK2025/install/rogidrive_msg/local/lib/python3.10/dist-packages/rogidrive_msg/rogidrive_msg_s__rosidl_typesupport_introspection_c.cpython-310-x86_64-linux-gnu.so
[1.063s] -- Up-to-date: /home/yuki/ros2_ws/src/NHK2025/install/rogidrive_msg/local/lib/python3.10/dist-packages/rogidrive_msg/_rogidrive_msg_s.ep.rosidl_typesupport_introspection_c.c
[1.063s] -- Up-to-date: /home/yuki/ros2_ws/src/NHK2025/install/rogidrive_msg/local/lib/python3.10/dist-packages/rogidrive_msg/rogidrive_msg_s__rosidl_typesupport_c.cpython-310-x86_64-linux-gnu.so
[1.063s] -- Up-to-date: /home/yuki/ros2_ws/src/NHK2025/install/rogidrive_msg/local/lib/python3.10/dist-packages/rogidrive_msg/_rogidrive_msg_s.ep.rosidl_typesupport_c.c
[1.063s] -- Up-to-date: /home/yuki/ros2_ws/src/NHK2025/install/rogidrive_msg/local/lib/python3.10/dist-packages/rogidrive_msg/librogidrive_msg__rosidl_generator_py.so
[1.063s] -- Up-to-date: /home/yuki/ros2_ws/src/NHK2025/install/rogidrive_msg/local/lib/python3.10/dist-packages/rogidrive_msg/rogidrive_msg_s__rosidl_typesupport_fastrtps_c.cpython-310-x86_64-linux-gnu.so
[1.063s] -- Up-to-date: /home/yuki/ros2_ws/src/NHK2025/install/rogidrive_msg/local/lib/python3.10/dist-packages/rogidrive_msg/msg
[1.064s] -- Up-to-date: /home/yuki/ros2_ws/src/NHK2025/install/rogidrive_msg/local/lib/python3.10/dist-packages/rogidrive_msg/msg/_rogidrive_multi_array.py
[1.064s] -- Up-to-date: /home/yuki/ros2_ws/src/NHK2025/install/rogidrive_msg/local/lib/python3.10/dist-packages/rogidrive_msg/msg/_rogidrive_message.py
[1.066s] -- Up-to-date: /home/yuki/ros2_ws/src/NHK2025/install/rogidrive_msg/local/lib/python3.10/dist-packages/rogidrive_msg/msg/_rogidrive_message_s.c
[1.067s] -- Up-to-date: /home/yuki/ros2_ws/src/NHK2025/install/rogidrive_msg/local/lib/python3.10/dist-packages/rogidrive_msg/msg/_rogidrive_multi_array_s.c
[1.067s] -- Up-to-date: /home/yuki/ros2_ws/src/NHK2025/install/rogidrive_msg/local/lib/python3.10/dist-packages/rogidrive_msg/msg/__init__.py
[1.067s] -- Up-to-date: /home/yuki/ros2_ws/src/NHK2025/install/rogidrive_msg/local/lib/python3.10/dist-packages/rogidrive_msg/__init__.py
[1.101s] Listing '/home/yuki/ros2_ws/src/NHK2025/install/rogidrive_msg/local/lib/python3.10/dist-packages/rogidrive_msg'...
[1.102s] Listing '/home/yuki/ros2_ws/src/NHK2025/install/rogidrive_msg/local/lib/python3.10/dist-packages/rogidrive_msg/msg'...
[1.106s] -- Up-to-date: /home/yuki/ros2_ws/src/NHK2025/install/rogidrive_msg/local/lib/python3.10/dist-packages/rogidrive_msg/rogidrive_msg_s__rosidl_typesupport_fastrtps_c.cpython-310-x86_64-linux-gnu.so
[1.108s] -- Up-to-date: /home/yuki/ros2_ws/src/NHK2025/install/rogidrive_msg/local/lib/python3.10/dist-packages/rogidrive_msg/rogidrive_msg_s__rosidl_typesupport_introspection_c.cpython-310-x86_64-linux-gnu.so
[1.109s] -- Up-to-date: /home/yuki/ros2_ws/src/NHK2025/install/rogidrive_msg/local/lib/python3.10/dist-packages/rogidrive_msg/rogidrive_msg_s__rosidl_typesupport_c.cpython-310-x86_64-linux-gnu.so
[1.112s] -- Up-to-date: /home/yuki/ros2_ws/src/NHK2025/install/rogidrive_msg/lib/librogidrive_msg__rosidl_generator_py.so
[1.112s] -- Up-to-date: /home/yuki/ros2_ws/src/NHK2025/install/rogidrive_msg/share/rogidrive_msg/msg/RogidriveMessage.idl
[1.112s] -- Up-to-date: /home/yuki/ros2_ws/src/NHK2025/install/rogidrive_msg/share/rogidrive_msg/msg/RogidriveMultiArray.idl
[1.112s] -- Up-to-date: /home/yuki/ros2_ws/src/NHK2025/install/rogidrive_msg/share/rogidrive_msg/msg/RogidriveMessage.msg
[1.113s] -- Up-to-date: /home/yuki/ros2_ws/src/NHK2025/install/rogidrive_msg/share/rogidrive_msg/msg/RogidriveMultiArray.msg
[1.113s] -- Up-to-date: /home/yuki/ros2_ws/src/NHK2025/install/rogidrive_msg/share/ament_index/resource_index/package_run_dependencies/rogidrive_msg
[1.114s] -- Up-to-date: /home/yuki/ros2_ws/src/NHK2025/install/rogidrive_msg/share/ament_index/resource_index/parent_prefix_path/rogidrive_msg
[1.114s] -- Up-to-date: /home/yuki/ros2_ws/src/NHK2025/install/rogidrive_msg/share/rogidrive_msg/environment/ament_prefix_path.sh
[1.114s] -- Up-to-date: /home/yuki/ros2_ws/src/NHK2025/install/rogidrive_msg/share/rogidrive_msg/environment/ament_prefix_path.dsv
[1.114s] -- Up-to-date: /home/yuki/ros2_ws/src/NHK2025/install/rogidrive_msg/share/rogidrive_msg/environment/path.sh
[1.115s] -- Up-to-date: /home/yuki/ros2_ws/src/NHK2025/install/rogidrive_msg/share/rogidrive_msg/environment/path.dsv
[1.115s] -- Up-to-date: /home/yuki/ros2_ws/src/NHK2025/install/rogidrive_msg/share/rogidrive_msg/local_setup.bash
[1.115s] -- Up-to-date: /home/yuki/ros2_ws/src/NHK2025/install/rogidrive_msg/share/rogidrive_msg/local_setup.sh
[1.116s] -- Up-to-date: /home/yuki/ros2_ws/src/NHK2025/install/rogidrive_msg/share/rogidrive_msg/local_setup.zsh
[1.116s] -- Up-to-date: /home/yuki/ros2_ws/src/NHK2025/install/rogidrive_msg/share/rogidrive_msg/local_setup.dsv
[1.116s] -- Installing: /home/yuki/ros2_ws/src/NHK2025/install/rogidrive_msg/share/rogidrive_msg/package.dsv
[1.116s] -- Up-to-date: /home/yuki/ros2_ws/src/NHK2025/install/rogidrive_msg/share/ament_index/resource_index/packages/rogidrive_msg
[1.116s] -- Up-to-date: /home/yuki/ros2_ws/src/NHK2025/install/rogidrive_msg/share/rogidrive_msg/cmake/export_rogidrive_msg__rosidl_generator_cExport.cmake
[1.116s] -- Up-to-date: /home/yuki/ros2_ws/src/NHK2025/install/rogidrive_msg/share/rogidrive_msg/cmake/export_rogidrive_msg__rosidl_generator_cExport-noconfig.cmake
[1.117s] -- Up-to-date: /home/yuki/ros2_ws/src/NHK2025/install/rogidrive_msg/share/rogidrive_msg/cmake/export_rogidrive_msg__rosidl_typesupport_fastrtps_cExport.cmake
[1.117s] -- Up-to-date: /home/yuki/ros2_ws/src/NHK2025/install/rogidrive_msg/share/rogidrive_msg/cmake/export_rogidrive_msg__rosidl_typesupport_fastrtps_cExport-noconfig.cmake
[1.118s] -- Up-to-date: /home/yuki/ros2_ws/src/NHK2025/install/rogidrive_msg/share/rogidrive_msg/cmake/export_rogidrive_msg__rosidl_generator_cppExport.cmake
[1.119s] -- Up-to-date: /home/yuki/ros2_ws/src/NHK2025/install/rogidrive_msg/share/rogidrive_msg/cmake/export_rogidrive_msg__rosidl_typesupport_fastrtps_cppExport.cmake
[1.119s] -- Up-to-date: /home/yuki/ros2_ws/src/NHK2025/install/rogidrive_msg/share/rogidrive_msg/cmake/export_rogidrive_msg__rosidl_typesupport_fastrtps_cppExport-noconfig.cmake
[1.120s] -- Up-to-date: /home/yuki/ros2_ws/src/NHK2025/install/rogidrive_msg/share/rogidrive_msg/cmake/rogidrive_msg__rosidl_typesupport_introspection_cExport.cmake
[1.120s] -- Up-to-date: /home/yuki/ros2_ws/src/NHK2025/install/rogidrive_msg/share/rogidrive_msg/cmake/rogidrive_msg__rosidl_typesupport_introspection_cExport-noconfig.cmake
[1.120s] -- Up-to-date: /home/yuki/ros2_ws/src/NHK2025/install/rogidrive_msg/share/rogidrive_msg/cmake/rogidrive_msg__rosidl_typesupport_cExport.cmake
[1.120s] -- Up-to-date: /home/yuki/ros2_ws/src/NHK2025/install/rogidrive_msg/share/rogidrive_msg/cmake/rogidrive_msg__rosidl_typesupport_cExport-noconfig.cmake
[1.120s] -- Up-to-date: /home/yuki/ros2_ws/src/NHK2025/install/rogidrive_msg/share/rogidrive_msg/cmake/rogidrive_msg__rosidl_typesupport_introspection_cppExport.cmake
[1.120s] -- Up-to-date: /home/yuki/ros2_ws/src/NHK2025/install/rogidrive_msg/share/rogidrive_msg/cmake/rogidrive_msg__rosidl_typesupport_introspection_cppExport-noconfig.cmake
[1.121s] -- Up-to-date: /home/yuki/ros2_ws/src/NHK2025/install/rogidrive_msg/share/rogidrive_msg/cmake/rogidrive_msg__rosidl_typesupport_cppExport.cmake
[1.123s] -- Up-to-date: /home/yuki/ros2_ws/src/NHK2025/install/rogidrive_msg/share/rogidrive_msg/cmake/rogidrive_msg__rosidl_typesupport_cppExport-noconfig.cmake
[1.123s] -- Up-to-date: /home/yuki/ros2_ws/src/NHK2025/install/rogidrive_msg/share/rogidrive_msg/cmake/export_rogidrive_msg__rosidl_generator_pyExport.cmake
[1.123s] -- Up-to-date: /home/yuki/ros2_ws/src/NHK2025/install/rogidrive_msg/share/rogidrive_msg/cmake/export_rogidrive_msg__rosidl_generator_pyExport-noconfig.cmake
[1.123s] -- Up-to-date: /home/yuki/ros2_ws/src/NHK2025/install/rogidrive_msg/share/rogidrive_msg/cmake/rosidl_cmake-extras.cmake
[1.123s] -- Up-to-date: /home/yuki/ros2_ws/src/NHK2025/install/rogidrive_msg/share/rogidrive_msg/cmake/ament_cmake_export_dependencies-extras.cmake
[1.123s] -- Up-to-date: /home/yuki/ros2_ws/src/NHK2025/install/rogidrive_msg/share/rogidrive_msg/cmake/ament_cmake_export_include_directories-extras.cmake
[1.123s] -- Up-to-date: /home/yuki/ros2_ws/src/NHK2025/install/rogidrive_msg/share/rogidrive_msg/cmake/ament_cmake_export_libraries-extras.cmake
[1.123s] -- Up-to-date: /home/yuki/ros2_ws/src/NHK2025/install/rogidrive_msg/share/rogidrive_msg/cmake/ament_cmake_export_targets-extras.cmake
[1.124s] -- Up-to-date: /home/yuki/ros2_ws/src/NHK2025/install/rogidrive_msg/share/rogidrive_msg/cmake/rosidl_cmake_export_typesupport_targets-extras.cmake
[1.124s] -- Up-to-date: /home/yuki/ros2_ws/src/NHK2025/install/rogidrive_msg/share/rogidrive_msg/cmake/rosidl_cmake_export_typesupport_libraries-extras.cmake
[1.124s] -- Up-to-date: /home/yuki/ros2_ws/src/NHK2025/install/rogidrive_msg/share/rogidrive_msg/cmake/rogidrive_msgConfig.cmake
[1.124s] -- Up-to-date: /home/yuki/ros2_ws/src/NHK2025/install/rogidrive_msg/share/rogidrive_msg/cmake/rogidrive_msgConfig-version.cmake
[1.126s] -- Up-to-date: /home/yuki/ros2_ws/src/NHK2025/install/rogidrive_msg/share/rogidrive_msg/package.xml
[1.128s] Invoked command in '/home/yuki/ros2_ws/src/NHK2025/build/rogidrive_msg' returned '0': CMAKE_PREFIX_PATH=/opt/ros/humble /opt/st/stm32cubeclt_1.16.0/CMake/bin/cmake --install /home/yuki/ros2_ws/src/NHK2025/build/rogidrive_msg
