running egg_info
writing ../../build/rogidrive/rogidrive.egg-info/PKG-INFO
writing dependency_links to ../../build/rogidrive/rogidrive.egg-info/dependency_links.txt
writing entry points to ../../build/rogidrive/rogidrive.egg-info/entry_points.txt
writing requirements to ../../build/rogidrive/rogidrive.egg-info/requires.txt
writing top-level names to ../../build/rogidrive/rogidrive.egg-info/top_level.txt
reading manifest file '../../build/rogidrive/rogidrive.egg-info/SOURCES.txt'
writing manifest file '../../build/rogidrive/rogidrive.egg-info/SOURCES.txt'
running build
running build_py
running install
running install_lib
running install_data
running install_egg_info
removing '/home/yuki/ros2_ws/src/NHK2025/install/rogidrive/lib/python3.10/site-packages/rogidrive-0.0.0-py3.10.egg-info' (and everything under it)
Copying ../../build/rogidrive/rogidrive.egg-info to /home/yuki/ros2_ws/src/NHK2025/install/rogidrive/lib/python3.10/site-packages/rogidrive-0.0.0-py3.10.egg-info
running install_scripts
Installing rogidrive script to /home/yuki/ros2_ws/src/NHK2025/install/rogidrive/lib/rogidrive
Installing rogidrive_tester script to /home/yuki/ros2_ws/src/NHK2025/install/rogidrive/lib/rogidrive
writing list of installed files to '/home/yuki/ros2_ws/src/NHK2025/build/rogidrive/install.log'
