[0.114s] DEBUG:colcon:Command line arguments: ['/usr/bin/colcon', 'build']
[0.114s] DEBUG:colcon:Parsed command line arguments: Namespace(log_base=None, log_level=None, verb_name='build', build_base='build', install_base='install', merge_install=False, symlink_install=False, test_result_base=None, continue_on_error=False, executor='parallel', parallel_workers=2, event_handlers=None, ignore_user_meta=False, metas=['./colcon.meta'], base_paths=['.'], packages_ignore=None, packages_ignore_regex=None, paths=None, packages_up_to=None, packages_up_to_regex=None, packages_above=None, packages_above_and_dependencies=None, packages_above_depth=None, packages_select_by_dep=None, packages_skip_by_dep=None, packages_skip_up_to=None, packages_select_build_failed=False, packages_skip_build_finished=False, packages_select_test_failures=False, packages_skip_test_passed=False, packages_select=None, packages_skip=None, packages_select_regex=None, packages_skip_regex=None, packages_start=None, packages_end=None, allow_overriding=[], cmake_args=None, cmake_target=None, cmake_target_skip_unavailable=False, cmake_clean_cache=False, cmake_clean_first=False, cmake_force_configure=False, ament_cmake_args=None, catkin_cmake_args=None, catkin_skip_building_tests=False, mixin_files=None, mixin=None, verb_parser=<colcon_mixin.mixin.mixin_argument.MixinArgumentDecorator object at 0x73661bf3a5f0>, verb_extension=<colcon_core.verb.build.BuildVerb object at 0x73661bf3a140>, main=<bound method BuildVerb.main of <colcon_core.verb.build.BuildVerb object at 0x73661bf3a140>>, mixin_verb=('build',))
[0.300s] Level 1:colcon.colcon_core.package_discovery:discover_packages(colcon_meta) check parameters
[0.300s] Level 1:colcon.colcon_core.package_discovery:discover_packages(recursive) check parameters
[0.300s] Level 1:colcon.colcon_core.package_discovery:discover_packages(ignore) check parameters
[0.300s] Level 1:colcon.colcon_core.package_discovery:discover_packages(path) check parameters
[0.300s] Level 1:colcon.colcon_core.package_discovery:discover_packages(colcon_meta) discover
[0.300s] Level 1:colcon.colcon_core.package_discovery:discover_packages(recursive) discover
[0.301s] INFO:colcon.colcon_core.package_discovery:Crawling recursively for packages in '/home/yuki/ros2_ws/src/NHK2025'
[0.301s] Level 1:colcon.colcon_core.package_identification:_identify(.) by extensions ['ignore', 'ignore_ament_install']
[0.301s] Level 1:colcon.colcon_core.package_identification:_identify(.) by extension 'ignore'
[0.301s] Level 1:colcon.colcon_core.package_identification:_identify(.) by extension 'ignore_ament_install'
[0.301s] Level 1:colcon.colcon_core.package_identification:_identify(.) by extensions ['colcon_pkg']
[0.301s] Level 1:colcon.colcon_core.package_identification:_identify(.) by extension 'colcon_pkg'
[0.301s] Level 1:colcon.colcon_core.package_identification:_identify(.) by extensions ['colcon_meta']
[0.301s] Level 1:colcon.colcon_core.package_identification:_identify(.) by extension 'colcon_meta'
[0.301s] Level 1:colcon.colcon_core.package_identification:_identify(.) by extensions ['ros']
[0.301s] Level 1:colcon.colcon_core.package_identification:_identify(.) by extension 'ros'
[0.313s] Level 1:colcon.colcon_core.package_identification:_identify(.) by extensions ['cmake', 'python']
[0.313s] Level 1:colcon.colcon_core.package_identification:_identify(.) by extension 'cmake'
[0.313s] Level 1:colcon.colcon_core.package_identification:_identify(.) by extension 'python'
[0.313s] Level 1:colcon.colcon_core.package_identification:_identify(.) by extensions ['python_setup_py']
[0.314s] Level 1:colcon.colcon_core.package_identification:_identify(.) by extension 'python_setup_py'
[0.314s] Level 1:colcon.colcon_core.package_identification:_identify(build) by extensions ['ignore', 'ignore_ament_install']
[0.314s] Level 1:colcon.colcon_core.package_identification:_identify(build) by extension 'ignore'
[0.314s] Level 1:colcon.colcon_core.package_identification:_identify(build) ignored
[0.314s] Level 1:colcon.colcon_core.package_identification:_identify(install) by extensions ['ignore', 'ignore_ament_install']
[0.314s] Level 1:colcon.colcon_core.package_identification:_identify(install) by extension 'ignore'
[0.314s] Level 1:colcon.colcon_core.package_identification:_identify(install) ignored
[0.314s] Level 1:colcon.colcon_core.package_identification:_identify(log) by extensions ['ignore', 'ignore_ament_install']
[0.314s] Level 1:colcon.colcon_core.package_identification:_identify(log) by extension 'ignore'
[0.314s] Level 1:colcon.colcon_core.package_identification:_identify(log) ignored
[0.315s] Level 1:colcon.colcon_core.package_identification:_identify(rogidrive) by extensions ['ignore', 'ignore_ament_install']
[0.315s] Level 1:colcon.colcon_core.package_identification:_identify(rogidrive) by extension 'ignore'
[0.315s] Level 1:colcon.colcon_core.package_identification:_identify(rogidrive) by extension 'ignore_ament_install'
[0.315s] Level 1:colcon.colcon_core.package_identification:_identify(rogidrive) by extensions ['colcon_pkg']
[0.315s] Level 1:colcon.colcon_core.package_identification:_identify(rogidrive) by extension 'colcon_pkg'
[0.315s] Level 1:colcon.colcon_core.package_identification:_identify(rogidrive) by extensions ['colcon_meta']
[0.315s] Level 1:colcon.colcon_core.package_identification:_identify(rogidrive) by extension 'colcon_meta'
[0.315s] Level 1:colcon.colcon_core.package_identification:_identify(rogidrive) by extensions ['ros']
[0.315s] Level 1:colcon.colcon_core.package_identification:_identify(rogidrive) by extension 'ros'
[0.315s] Level 1:colcon.colcon_core.package_identification:_identify(rogidrive) by extensions ['cmake', 'python']
[0.315s] Level 1:colcon.colcon_core.package_identification:_identify(rogidrive) by extension 'cmake'
[0.315s] Level 1:colcon.colcon_core.package_identification:_identify(rogidrive) by extension 'python'
[0.315s] Level 1:colcon.colcon_core.package_identification:_identify(rogidrive) by extensions ['python_setup_py']
[0.315s] Level 1:colcon.colcon_core.package_identification:_identify(rogidrive) by extension 'python_setup_py'
[0.315s] Level 1:colcon.colcon_core.package_identification:_identify(rogidrive/rogidrive) by extensions ['ignore', 'ignore_ament_install']
[0.315s] Level 1:colcon.colcon_core.package_identification:_identify(rogidrive/rogidrive) by extension 'ignore'
[0.315s] Level 1:colcon.colcon_core.package_identification:_identify(rogidrive/rogidrive) by extension 'ignore_ament_install'
[0.315s] Level 1:colcon.colcon_core.package_identification:_identify(rogidrive/rogidrive) by extensions ['colcon_pkg']
[0.315s] Level 1:colcon.colcon_core.package_identification:_identify(rogidrive/rogidrive) by extension 'colcon_pkg'
[0.316s] Level 1:colcon.colcon_core.package_identification:_identify(rogidrive/rogidrive) by extensions ['colcon_meta']
[0.316s] Level 1:colcon.colcon_core.package_identification:_identify(rogidrive/rogidrive) by extension 'colcon_meta'
[0.316s] Level 1:colcon.colcon_core.package_identification:_identify(rogidrive/rogidrive) by extensions ['ros']
[0.316s] Level 1:colcon.colcon_core.package_identification:_identify(rogidrive/rogidrive) by extension 'ros'
[0.318s] DEBUG:colcon.colcon_core.package_identification:Package 'rogidrive/rogidrive' with type 'ros.ament_python' and name 'rogidrive'
[0.318s] Level 1:colcon.colcon_core.package_identification:_identify(rogidrive/rogidrive_msg) by extensions ['ignore', 'ignore_ament_install']
[0.318s] Level 1:colcon.colcon_core.package_identification:_identify(rogidrive/rogidrive_msg) by extension 'ignore'
[0.318s] Level 1:colcon.colcon_core.package_identification:_identify(rogidrive/rogidrive_msg) by extension 'ignore_ament_install'
[0.318s] Level 1:colcon.colcon_core.package_identification:_identify(rogidrive/rogidrive_msg) by extensions ['colcon_pkg']
[0.318s] Level 1:colcon.colcon_core.package_identification:_identify(rogidrive/rogidrive_msg) by extension 'colcon_pkg'
[0.318s] Level 1:colcon.colcon_core.package_identification:_identify(rogidrive/rogidrive_msg) by extensions ['colcon_meta']
[0.318s] Level 1:colcon.colcon_core.package_identification:_identify(rogidrive/rogidrive_msg) by extension 'colcon_meta'
[0.318s] Level 1:colcon.colcon_core.package_identification:_identify(rogidrive/rogidrive_msg) by extensions ['ros']
[0.318s] Level 1:colcon.colcon_core.package_identification:_identify(rogidrive/rogidrive_msg) by extension 'ros'
[0.319s] DEBUG:colcon.colcon_core.package_identification:Package 'rogidrive/rogidrive_msg' with type 'ros.ament_cmake' and name 'rogidrive_msg'
[0.319s] Level 1:colcon.colcon_core.package_identification:_identify(shoot) by extensions ['ignore', 'ignore_ament_install']
[0.319s] Level 1:colcon.colcon_core.package_identification:_identify(shoot) by extension 'ignore'
[0.319s] Level 1:colcon.colcon_core.package_identification:_identify(shoot) by extension 'ignore_ament_install'
[0.319s] Level 1:colcon.colcon_core.package_identification:_identify(shoot) by extensions ['colcon_pkg']
[0.319s] Level 1:colcon.colcon_core.package_identification:_identify(shoot) by extension 'colcon_pkg'
[0.319s] Level 1:colcon.colcon_core.package_identification:_identify(shoot) by extensions ['colcon_meta']
[0.319s] Level 1:colcon.colcon_core.package_identification:_identify(shoot) by extension 'colcon_meta'
[0.319s] Level 1:colcon.colcon_core.package_identification:_identify(shoot) by extensions ['ros']
[0.319s] Level 1:colcon.colcon_core.package_identification:_identify(shoot) by extension 'ros'
[0.320s] DEBUG:colcon.colcon_core.package_identification:Package 'shoot' with type 'ros.ament_cmake' and name 'shoot'
[0.320s] Level 1:colcon.colcon_core.package_discovery:discover_packages(recursive) using defaults
[0.320s] Level 1:colcon.colcon_core.package_discovery:discover_packages(ignore) discover
[0.320s] Level 1:colcon.colcon_core.package_discovery:discover_packages(ignore) using defaults
[0.320s] Level 1:colcon.colcon_core.package_discovery:discover_packages(path) discover
[0.320s] Level 1:colcon.colcon_core.package_discovery:discover_packages(path) using defaults
[0.349s] Level 1:colcon.colcon_core.package_discovery:discover_packages(prefix_path) check parameters
[0.349s] Level 1:colcon.colcon_core.package_discovery:discover_packages(prefix_path) discover
[0.353s] DEBUG:colcon.colcon_installed_package_information.package_discovery:Found 293 installed packages in /opt/ros/humble
[0.354s] Level 1:colcon.colcon_core.package_discovery:discover_packages(prefix_path) using defaults
[0.400s] Level 5:colcon.colcon_core.verb:set package 'rogidrive_msg' build argument 'cmake_args' from command line to 'None'
[0.400s] Level 5:colcon.colcon_core.verb:set package 'rogidrive_msg' build argument 'cmake_target' from command line to 'None'
[0.400s] Level 5:colcon.colcon_core.verb:set package 'rogidrive_msg' build argument 'cmake_target_skip_unavailable' from command line to 'False'
[0.400s] Level 5:colcon.colcon_core.verb:set package 'rogidrive_msg' build argument 'cmake_clean_cache' from command line to 'False'
[0.400s] Level 5:colcon.colcon_core.verb:set package 'rogidrive_msg' build argument 'cmake_clean_first' from command line to 'False'
[0.400s] Level 5:colcon.colcon_core.verb:set package 'rogidrive_msg' build argument 'cmake_force_configure' from command line to 'False'
[0.401s] Level 5:colcon.colcon_core.verb:set package 'rogidrive_msg' build argument 'ament_cmake_args' from command line to 'None'
[0.401s] Level 5:colcon.colcon_core.verb:set package 'rogidrive_msg' build argument 'catkin_cmake_args' from command line to 'None'
[0.401s] Level 5:colcon.colcon_core.verb:set package 'rogidrive_msg' build argument 'catkin_skip_building_tests' from command line to 'False'
[0.401s] DEBUG:colcon.colcon_core.verb:Building package 'rogidrive_msg' with the following arguments: {'ament_cmake_args': None, 'build_base': '/home/yuki/ros2_ws/src/NHK2025/build/rogidrive_msg', 'catkin_cmake_args': None, 'catkin_skip_building_tests': False, 'cmake_args': None, 'cmake_clean_cache': False, 'cmake_clean_first': False, 'cmake_force_configure': False, 'cmake_target': None, 'cmake_target_skip_unavailable': False, 'install_base': '/home/yuki/ros2_ws/src/NHK2025/install/rogidrive_msg', 'merge_install': False, 'path': '/home/yuki/ros2_ws/src/NHK2025/rogidrive/rogidrive_msg', 'symlink_install': False, 'test_result_base': None}
[0.401s] Level 5:colcon.colcon_core.verb:set package 'rogidrive' build argument 'cmake_args' from command line to 'None'
[0.401s] Level 5:colcon.colcon_core.verb:set package 'rogidrive' build argument 'cmake_target' from command line to 'None'
[0.401s] Level 5:colcon.colcon_core.verb:set package 'rogidrive' build argument 'cmake_target_skip_unavailable' from command line to 'False'
[0.401s] Level 5:colcon.colcon_core.verb:set package 'rogidrive' build argument 'cmake_clean_cache' from command line to 'False'
[0.401s] Level 5:colcon.colcon_core.verb:set package 'rogidrive' build argument 'cmake_clean_first' from command line to 'False'
[0.401s] Level 5:colcon.colcon_core.verb:set package 'rogidrive' build argument 'cmake_force_configure' from command line to 'False'
[0.401s] Level 5:colcon.colcon_core.verb:set package 'rogidrive' build argument 'ament_cmake_args' from command line to 'None'
[0.402s] Level 5:colcon.colcon_core.verb:set package 'rogidrive' build argument 'catkin_cmake_args' from command line to 'None'
[0.402s] Level 5:colcon.colcon_core.verb:set package 'rogidrive' build argument 'catkin_skip_building_tests' from command line to 'False'
[0.402s] DEBUG:colcon.colcon_core.verb:Building package 'rogidrive' with the following arguments: {'ament_cmake_args': None, 'build_base': '/home/yuki/ros2_ws/src/NHK2025/build/rogidrive', 'catkin_cmake_args': None, 'catkin_skip_building_tests': False, 'cmake_args': None, 'cmake_clean_cache': False, 'cmake_clean_first': False, 'cmake_force_configure': False, 'cmake_target': None, 'cmake_target_skip_unavailable': False, 'install_base': '/home/yuki/ros2_ws/src/NHK2025/install/rogidrive', 'merge_install': False, 'path': '/home/yuki/ros2_ws/src/NHK2025/rogidrive/rogidrive', 'symlink_install': False, 'test_result_base': None}
[0.402s] Level 5:colcon.colcon_core.verb:set package 'shoot' build argument 'cmake_args' from command line to 'None'
[0.402s] Level 5:colcon.colcon_core.verb:set package 'shoot' build argument 'cmake_target' from command line to 'None'
[0.402s] Level 5:colcon.colcon_core.verb:set package 'shoot' build argument 'cmake_target_skip_unavailable' from command line to 'False'
[0.402s] Level 5:colcon.colcon_core.verb:set package 'shoot' build argument 'cmake_clean_cache' from command line to 'False'
[0.402s] Level 5:colcon.colcon_core.verb:set package 'shoot' build argument 'cmake_clean_first' from command line to 'False'
[0.402s] Level 5:colcon.colcon_core.verb:set package 'shoot' build argument 'cmake_force_configure' from command line to 'False'
[0.402s] Level 5:colcon.colcon_core.verb:set package 'shoot' build argument 'ament_cmake_args' from command line to 'None'
[0.402s] Level 5:colcon.colcon_core.verb:set package 'shoot' build argument 'catkin_cmake_args' from command line to 'None'
[0.402s] Level 5:colcon.colcon_core.verb:set package 'shoot' build argument 'catkin_skip_building_tests' from command line to 'False'
[0.402s] DEBUG:colcon.colcon_core.verb:Building package 'shoot' with the following arguments: {'ament_cmake_args': None, 'build_base': '/home/yuki/ros2_ws/src/NHK2025/build/shoot', 'catkin_cmake_args': None, 'catkin_skip_building_tests': False, 'cmake_args': None, 'cmake_clean_cache': False, 'cmake_clean_first': False, 'cmake_force_configure': False, 'cmake_target': None, 'cmake_target_skip_unavailable': False, 'install_base': '/home/yuki/ros2_ws/src/NHK2025/install/shoot', 'merge_install': False, 'path': '/home/yuki/ros2_ws/src/NHK2025/shoot', 'symlink_install': False, 'test_result_base': None}
[0.402s] INFO:colcon.colcon_core.executor:Executing jobs using 'parallel' executor
[0.404s] DEBUG:colcon.colcon_parallel_executor.executor.parallel:run_until_complete
[0.404s] INFO:colcon.colcon_ros.task.ament_cmake.build:Building ROS package in '/home/yuki/ros2_ws/src/NHK2025/rogidrive/rogidrive_msg' with build type 'ament_cmake'
[0.404s] INFO:colcon.colcon_cmake.task.cmake.build:Building CMake package in '/home/yuki/ros2_ws/src/NHK2025/rogidrive/rogidrive_msg'
[0.407s] INFO:colcon.colcon_core.plugin_system:Skipping extension 'colcon_core.shell.bat': Not used on non-Windows systems
[0.407s] INFO:colcon.colcon_core.shell:Skip shell extension 'powershell' for command environment: Not usable outside of PowerShell
[0.408s] DEBUG:colcon.colcon_core.shell:Skip shell extension 'dsv' for command environment
[0.433s] DEBUG:colcon.colcon_core.event_handler.log_command:Invoking command in '/home/yuki/ros2_ws/src/NHK2025/build/rogidrive_msg': CMAKE_PREFIX_PATH=/opt/ros/humble /opt/st/stm32cubeclt_1.16.0/CMake/bin/cmake --build /home/yuki/ros2_ws/src/NHK2025/build/rogidrive_msg -- -j2 -l2
[1.202s] DEBUG:colcon.colcon_core.event_handler.log_command:Invoked command in '/home/yuki/ros2_ws/src/NHK2025/build/rogidrive_msg' returned '0': CMAKE_PREFIX_PATH=/opt/ros/humble /opt/st/stm32cubeclt_1.16.0/CMake/bin/cmake --build /home/yuki/ros2_ws/src/NHK2025/build/rogidrive_msg -- -j2 -l2
[1.482s] DEBUG:colcon.colcon_core.event_handler.log_command:Invoking command in '/home/yuki/ros2_ws/src/NHK2025/build/rogidrive_msg': CMAKE_PREFIX_PATH=/opt/ros/humble /opt/st/stm32cubeclt_1.16.0/CMake/bin/cmake --install /home/yuki/ros2_ws/src/NHK2025/build/rogidrive_msg
[1.616s] Level 1:colcon.colcon_core.environment:create_environment_scripts_only(rogidrive_msg)
[1.617s] DEBUG:colcon.colcon_core.event_handler.log_command:Invoked command in '/home/yuki/ros2_ws/src/NHK2025/build/rogidrive_msg' returned '0': CMAKE_PREFIX_PATH=/opt/ros/humble /opt/st/stm32cubeclt_1.16.0/CMake/bin/cmake --install /home/yuki/ros2_ws/src/NHK2025/build/rogidrive_msg
[1.620s] Level 1:colcon.colcon_core.environment:checking '/home/yuki/ros2_ws/src/NHK2025/install/rogidrive_msg' for CMake module files
[1.621s] Level 1:colcon.colcon_core.environment:checking '/home/yuki/ros2_ws/src/NHK2025/install/rogidrive_msg' for CMake config files
[1.622s] Level 1:colcon.colcon_core.shell:create_environment_hook('rogidrive_msg', 'cmake_prefix_path')
[1.622s] INFO:colcon.colcon_core.shell:Creating environment hook '/home/yuki/ros2_ws/src/NHK2025/install/rogidrive_msg/share/rogidrive_msg/hook/cmake_prefix_path.ps1'
[1.623s] INFO:colcon.colcon_core.shell:Creating environment descriptor '/home/yuki/ros2_ws/src/NHK2025/install/rogidrive_msg/share/rogidrive_msg/hook/cmake_prefix_path.dsv'
[1.624s] INFO:colcon.colcon_core.shell:Creating environment hook '/home/yuki/ros2_ws/src/NHK2025/install/rogidrive_msg/share/rogidrive_msg/hook/cmake_prefix_path.sh'
[1.626s] Level 1:colcon.colcon_core.environment:checking '/home/yuki/ros2_ws/src/NHK2025/install/rogidrive_msg/lib'
[1.626s] Level 1:colcon.colcon_core.shell:create_environment_hook('rogidrive_msg', 'ld_library_path_lib')
[1.626s] INFO:colcon.colcon_core.shell:Creating environment hook '/home/yuki/ros2_ws/src/NHK2025/install/rogidrive_msg/share/rogidrive_msg/hook/ld_library_path_lib.ps1'
[1.627s] INFO:colcon.colcon_core.shell:Creating environment descriptor '/home/yuki/ros2_ws/src/NHK2025/install/rogidrive_msg/share/rogidrive_msg/hook/ld_library_path_lib.dsv'
[1.627s] INFO:colcon.colcon_core.shell:Creating environment hook '/home/yuki/ros2_ws/src/NHK2025/install/rogidrive_msg/share/rogidrive_msg/hook/ld_library_path_lib.sh'
[1.628s] Level 1:colcon.colcon_core.environment:checking '/home/yuki/ros2_ws/src/NHK2025/install/rogidrive_msg/bin'
[1.628s] Level 1:colcon.colcon_core.environment:checking '/home/yuki/ros2_ws/src/NHK2025/install/rogidrive_msg/lib/pkgconfig/rogidrive_msg.pc'
[1.629s] Level 1:colcon.colcon_core.environment:checking '/home/yuki/ros2_ws/src/NHK2025/install/rogidrive_msg/lib/python3.10/site-packages'
[1.629s] Level 1:colcon.colcon_core.environment:checking '/home/yuki/ros2_ws/src/NHK2025/install/rogidrive_msg/bin'
[1.629s] INFO:colcon.colcon_core.shell:Creating package script '/home/yuki/ros2_ws/src/NHK2025/install/rogidrive_msg/share/rogidrive_msg/package.ps1'
[1.630s] INFO:colcon.colcon_core.shell:Creating package descriptor '/home/yuki/ros2_ws/src/NHK2025/install/rogidrive_msg/share/rogidrive_msg/package.dsv'
[1.630s] INFO:colcon.colcon_core.shell:Creating package script '/home/yuki/ros2_ws/src/NHK2025/install/rogidrive_msg/share/rogidrive_msg/package.sh'
[1.631s] INFO:colcon.colcon_core.shell:Creating package script '/home/yuki/ros2_ws/src/NHK2025/install/rogidrive_msg/share/rogidrive_msg/package.bash'
[1.632s] INFO:colcon.colcon_core.shell:Creating package script '/home/yuki/ros2_ws/src/NHK2025/install/rogidrive_msg/share/rogidrive_msg/package.zsh'
[1.633s] Level 1:colcon.colcon_core.environment:create_file_with_runtime_dependencies(/home/yuki/ros2_ws/src/NHK2025/install/rogidrive_msg/share/colcon-core/packages/rogidrive_msg)
[1.892s] Level 1:colcon.colcon_core.environment:create_environment_scripts_only(rogidrive_msg)
[1.892s] Level 1:colcon.colcon_core.environment:checking '/home/yuki/ros2_ws/src/NHK2025/install/rogidrive_msg' for CMake module files
[1.893s] Level 1:colcon.colcon_core.environment:checking '/home/yuki/ros2_ws/src/NHK2025/install/rogidrive_msg' for CMake config files
[1.894s] Level 1:colcon.colcon_core.shell:create_environment_hook('rogidrive_msg', 'cmake_prefix_path')
[1.894s] INFO:colcon.colcon_core.shell:Creating environment hook '/home/yuki/ros2_ws/src/NHK2025/install/rogidrive_msg/share/rogidrive_msg/hook/cmake_prefix_path.ps1'
[1.895s] INFO:colcon.colcon_core.shell:Creating environment descriptor '/home/yuki/ros2_ws/src/NHK2025/install/rogidrive_msg/share/rogidrive_msg/hook/cmake_prefix_path.dsv'
[1.895s] INFO:colcon.colcon_core.shell:Creating environment hook '/home/yuki/ros2_ws/src/NHK2025/install/rogidrive_msg/share/rogidrive_msg/hook/cmake_prefix_path.sh'
[1.896s] Level 1:colcon.colcon_core.environment:checking '/home/yuki/ros2_ws/src/NHK2025/install/rogidrive_msg/lib'
[1.897s] Level 1:colcon.colcon_core.shell:create_environment_hook('rogidrive_msg', 'ld_library_path_lib')
[1.897s] INFO:colcon.colcon_core.shell:Creating environment hook '/home/yuki/ros2_ws/src/NHK2025/install/rogidrive_msg/share/rogidrive_msg/hook/ld_library_path_lib.ps1'
[1.898s] INFO:colcon.colcon_core.shell:Creating environment descriptor '/home/yuki/ros2_ws/src/NHK2025/install/rogidrive_msg/share/rogidrive_msg/hook/ld_library_path_lib.dsv'
[1.898s] INFO:colcon.colcon_core.shell:Creating environment hook '/home/yuki/ros2_ws/src/NHK2025/install/rogidrive_msg/share/rogidrive_msg/hook/ld_library_path_lib.sh'
[1.899s] Level 1:colcon.colcon_core.environment:checking '/home/yuki/ros2_ws/src/NHK2025/install/rogidrive_msg/bin'
[1.899s] Level 1:colcon.colcon_core.environment:checking '/home/yuki/ros2_ws/src/NHK2025/install/rogidrive_msg/lib/pkgconfig/rogidrive_msg.pc'
[1.900s] Level 1:colcon.colcon_core.environment:checking '/home/yuki/ros2_ws/src/NHK2025/install/rogidrive_msg/lib/python3.10/site-packages'
[1.900s] Level 1:colcon.colcon_core.environment:checking '/home/yuki/ros2_ws/src/NHK2025/install/rogidrive_msg/bin'
[1.900s] INFO:colcon.colcon_core.shell:Creating package script '/home/yuki/ros2_ws/src/NHK2025/install/rogidrive_msg/share/rogidrive_msg/package.ps1'
[1.903s] INFO:colcon.colcon_core.shell:Creating package descriptor '/home/yuki/ros2_ws/src/NHK2025/install/rogidrive_msg/share/rogidrive_msg/package.dsv'
[1.904s] INFO:colcon.colcon_core.shell:Creating package script '/home/yuki/ros2_ws/src/NHK2025/install/rogidrive_msg/share/rogidrive_msg/package.sh'
[1.904s] INFO:colcon.colcon_core.shell:Creating package script '/home/yuki/ros2_ws/src/NHK2025/install/rogidrive_msg/share/rogidrive_msg/package.bash'
[1.905s] INFO:colcon.colcon_core.shell:Creating package script '/home/yuki/ros2_ws/src/NHK2025/install/rogidrive_msg/share/rogidrive_msg/package.zsh'
[1.906s] Level 1:colcon.colcon_core.environment:create_file_with_runtime_dependencies(/home/yuki/ros2_ws/src/NHK2025/install/rogidrive_msg/share/colcon-core/packages/rogidrive_msg)
[1.906s] INFO:colcon.colcon_ros.task.ament_python.build:Building ROS package in '/home/yuki/ros2_ws/src/NHK2025/rogidrive/rogidrive' with build type 'ament_python'
[1.907s] Level 1:colcon.colcon_core.shell:create_environment_hook('rogidrive', 'ament_prefix_path')
[1.908s] INFO:colcon.colcon_core.shell:Creating environment hook '/home/yuki/ros2_ws/src/NHK2025/install/rogidrive/share/rogidrive/hook/ament_prefix_path.ps1'
[1.908s] INFO:colcon.colcon_core.shell:Creating environment descriptor '/home/yuki/ros2_ws/src/NHK2025/install/rogidrive/share/rogidrive/hook/ament_prefix_path.dsv'
[1.909s] INFO:colcon.colcon_core.shell:Creating environment hook '/home/yuki/ros2_ws/src/NHK2025/install/rogidrive/share/rogidrive/hook/ament_prefix_path.sh'
[1.910s] INFO:colcon.colcon_core.shell:Skip shell extension 'powershell' for command environment: Not usable outside of PowerShell
[1.910s] DEBUG:colcon.colcon_core.shell:Skip shell extension 'dsv' for command environment
[1.915s] INFO:colcon.colcon_ros.task.ament_cmake.build:Building ROS package in '/home/yuki/ros2_ws/src/NHK2025/shoot' with build type 'ament_cmake'
[1.916s] INFO:colcon.colcon_cmake.task.cmake.build:Building CMake package in '/home/yuki/ros2_ws/src/NHK2025/shoot'
[1.916s] INFO:colcon.colcon_core.shell:Skip shell extension 'powershell' for command environment: Not usable outside of PowerShell
[1.916s] DEBUG:colcon.colcon_core.shell:Skip shell extension 'dsv' for command environment
[2.257s] INFO:colcon.colcon_core.task.python.build:Building Python package in '/home/yuki/ros2_ws/src/NHK2025/rogidrive/rogidrive'
[2.257s] INFO:colcon.colcon_core.shell:Skip shell extension 'powershell' for command environment: Not usable outside of PowerShell
[2.257s] DEBUG:colcon.colcon_core.shell:Skip shell extension 'dsv' for command environment
[2.270s] DEBUG:colcon.colcon_core.event_handler.log_command:Invoking command in '/home/yuki/ros2_ws/src/NHK2025/build/shoot': AMENT_PREFIX_PATH=/home/yuki/ros2_ws/src/NHK2025/install/rogidrive_msg:${AMENT_PREFIX_PATH} CMAKE_PREFIX_PATH=/home/yuki/ros2_ws/src/NHK2025/install/rogidrive_msg:/opt/ros/humble LD_LIBRARY_PATH=/home/yuki/ros2_ws/src/NHK2025/install/rogidrive_msg/lib:${LD_LIBRARY_PATH} PYTHONPATH=/home/yuki/ros2_ws/src/NHK2025/install/rogidrive_msg/local/lib/python3.10/dist-packages:${PYTHONPATH} /opt/st/stm32cubeclt_1.16.0/CMake/bin/cmake --build /home/yuki/ros2_ws/src/NHK2025/build/shoot -- -j2 -l2
[2.399s] DEBUG:colcon.colcon_core.event_handler.log_command:Invoked command in '/home/yuki/ros2_ws/src/NHK2025/build/shoot' returned '0': AMENT_PREFIX_PATH=/home/yuki/ros2_ws/src/NHK2025/install/rogidrive_msg:${AMENT_PREFIX_PATH} CMAKE_PREFIX_PATH=/home/yuki/ros2_ws/src/NHK2025/install/rogidrive_msg:/opt/ros/humble LD_LIBRARY_PATH=/home/yuki/ros2_ws/src/NHK2025/install/rogidrive_msg/lib:${LD_LIBRARY_PATH} PYTHONPATH=/home/yuki/ros2_ws/src/NHK2025/install/rogidrive_msg/local/lib/python3.10/dist-packages:${PYTHONPATH} /opt/st/stm32cubeclt_1.16.0/CMake/bin/cmake --build /home/yuki/ros2_ws/src/NHK2025/build/shoot -- -j2 -l2
[2.485s] DEBUG:colcon.colcon_core.event_handler.log_command:Invoking command in '/home/yuki/ros2_ws/src/NHK2025/build/shoot': AMENT_PREFIX_PATH=/home/yuki/ros2_ws/src/NHK2025/install/rogidrive_msg:${AMENT_PREFIX_PATH} CMAKE_PREFIX_PATH=/home/yuki/ros2_ws/src/NHK2025/install/rogidrive_msg:/opt/ros/humble LD_LIBRARY_PATH=/home/yuki/ros2_ws/src/NHK2025/install/rogidrive_msg/lib:${LD_LIBRARY_PATH} PYTHONPATH=/home/yuki/ros2_ws/src/NHK2025/install/rogidrive_msg/local/lib/python3.10/dist-packages:${PYTHONPATH} /opt/st/stm32cubeclt_1.16.0/CMake/bin/cmake --install /home/yuki/ros2_ws/src/NHK2025/build/shoot
[2.505s] Level 1:colcon.colcon_core.environment:create_environment_scripts_only(shoot)
[2.505s] Level 1:colcon.colcon_core.environment:checking '/home/yuki/ros2_ws/src/NHK2025/install/shoot' for CMake module files
[2.506s] DEBUG:colcon.colcon_core.event_handler.log_command:Invoked command in '/home/yuki/ros2_ws/src/NHK2025/build/shoot' returned '0': AMENT_PREFIX_PATH=/home/yuki/ros2_ws/src/NHK2025/install/rogidrive_msg:${AMENT_PREFIX_PATH} CMAKE_PREFIX_PATH=/home/yuki/ros2_ws/src/NHK2025/install/rogidrive_msg:/opt/ros/humble LD_LIBRARY_PATH=/home/yuki/ros2_ws/src/NHK2025/install/rogidrive_msg/lib:${LD_LIBRARY_PATH} PYTHONPATH=/home/yuki/ros2_ws/src/NHK2025/install/rogidrive_msg/local/lib/python3.10/dist-packages:${PYTHONPATH} /opt/st/stm32cubeclt_1.16.0/CMake/bin/cmake --install /home/yuki/ros2_ws/src/NHK2025/build/shoot
[2.507s] Level 1:colcon.colcon_core.environment:checking '/home/yuki/ros2_ws/src/NHK2025/install/shoot' for CMake config files
[2.508s] Level 1:colcon.colcon_core.shell:create_environment_hook('shoot', 'cmake_prefix_path')
[2.508s] INFO:colcon.colcon_core.shell:Creating environment hook '/home/yuki/ros2_ws/src/NHK2025/install/shoot/share/shoot/hook/cmake_prefix_path.ps1'
[2.509s] INFO:colcon.colcon_core.shell:Creating environment descriptor '/home/yuki/ros2_ws/src/NHK2025/install/shoot/share/shoot/hook/cmake_prefix_path.dsv'
[2.509s] INFO:colcon.colcon_core.shell:Creating environment hook '/home/yuki/ros2_ws/src/NHK2025/install/shoot/share/shoot/hook/cmake_prefix_path.sh'
[2.510s] Level 1:colcon.colcon_core.environment:checking '/home/yuki/ros2_ws/src/NHK2025/install/shoot/lib'
[2.510s] Level 1:colcon.colcon_core.environment:checking '/home/yuki/ros2_ws/src/NHK2025/install/shoot/bin'
[2.511s] Level 1:colcon.colcon_core.environment:checking '/home/yuki/ros2_ws/src/NHK2025/install/shoot/lib/pkgconfig/shoot.pc'
[2.511s] Level 1:colcon.colcon_core.environment:checking '/home/yuki/ros2_ws/src/NHK2025/install/shoot/lib/python3.10/site-packages'
[2.511s] Level 1:colcon.colcon_core.environment:checking '/home/yuki/ros2_ws/src/NHK2025/install/shoot/bin'
[2.512s] INFO:colcon.colcon_core.shell:Creating package script '/home/yuki/ros2_ws/src/NHK2025/install/shoot/share/shoot/package.ps1'
[2.512s] INFO:colcon.colcon_core.shell:Creating package descriptor '/home/yuki/ros2_ws/src/NHK2025/install/shoot/share/shoot/package.dsv'
[2.513s] INFO:colcon.colcon_core.shell:Creating package script '/home/yuki/ros2_ws/src/NHK2025/install/shoot/share/shoot/package.sh'
[2.514s] INFO:colcon.colcon_core.shell:Creating package script '/home/yuki/ros2_ws/src/NHK2025/install/shoot/share/shoot/package.bash'
[2.514s] INFO:colcon.colcon_core.shell:Creating package script '/home/yuki/ros2_ws/src/NHK2025/install/shoot/share/shoot/package.zsh'
[2.515s] Level 1:colcon.colcon_core.environment:create_file_with_runtime_dependencies(/home/yuki/ros2_ws/src/NHK2025/install/shoot/share/colcon-core/packages/shoot)
[2.610s] Level 1:colcon.colcon_core.environment:create_environment_scripts_only(shoot)
[2.610s] Level 1:colcon.colcon_core.environment:checking '/home/yuki/ros2_ws/src/NHK2025/install/shoot' for CMake module files
[2.611s] Level 1:colcon.colcon_core.environment:checking '/home/yuki/ros2_ws/src/NHK2025/install/shoot' for CMake config files
[2.611s] Level 1:colcon.colcon_core.shell:create_environment_hook('shoot', 'cmake_prefix_path')
[2.612s] INFO:colcon.colcon_core.shell:Creating environment hook '/home/yuki/ros2_ws/src/NHK2025/install/shoot/share/shoot/hook/cmake_prefix_path.ps1'
[2.612s] INFO:colcon.colcon_core.shell:Creating environment descriptor '/home/yuki/ros2_ws/src/NHK2025/install/shoot/share/shoot/hook/cmake_prefix_path.dsv'
[2.613s] INFO:colcon.colcon_core.shell:Creating environment hook '/home/yuki/ros2_ws/src/NHK2025/install/shoot/share/shoot/hook/cmake_prefix_path.sh'
[2.614s] Level 1:colcon.colcon_core.environment:checking '/home/yuki/ros2_ws/src/NHK2025/install/shoot/lib'
[2.614s] Level 1:colcon.colcon_core.environment:checking '/home/yuki/ros2_ws/src/NHK2025/install/shoot/bin'
[2.614s] Level 1:colcon.colcon_core.environment:checking '/home/yuki/ros2_ws/src/NHK2025/install/shoot/lib/pkgconfig/shoot.pc'
[2.615s] Level 1:colcon.colcon_core.environment:checking '/home/yuki/ros2_ws/src/NHK2025/install/shoot/lib/python3.10/site-packages'
[2.615s] Level 1:colcon.colcon_core.environment:checking '/home/yuki/ros2_ws/src/NHK2025/install/shoot/bin'
[2.615s] INFO:colcon.colcon_core.shell:Creating package script '/home/yuki/ros2_ws/src/NHK2025/install/shoot/share/shoot/package.ps1'
[2.616s] INFO:colcon.colcon_core.shell:Creating package descriptor '/home/yuki/ros2_ws/src/NHK2025/install/shoot/share/shoot/package.dsv'
[2.617s] INFO:colcon.colcon_core.shell:Creating package script '/home/yuki/ros2_ws/src/NHK2025/install/shoot/share/shoot/package.sh'
[2.617s] INFO:colcon.colcon_core.shell:Creating package script '/home/yuki/ros2_ws/src/NHK2025/install/shoot/share/shoot/package.bash'
[2.618s] INFO:colcon.colcon_core.shell:Creating package script '/home/yuki/ros2_ws/src/NHK2025/install/shoot/share/shoot/package.zsh'
[2.619s] Level 1:colcon.colcon_core.environment:create_file_with_runtime_dependencies(/home/yuki/ros2_ws/src/NHK2025/install/shoot/share/colcon-core/packages/shoot)
[2.781s] DEBUG:colcon.colcon_core.event_handler.log_command:Invoking command in '/home/yuki/ros2_ws/src/NHK2025/rogidrive/rogidrive': AMENT_PREFIX_PATH=/home/yuki/ros2_ws/src/NHK2025/install/rogidrive_msg:${AMENT_PREFIX_PATH} CMAKE_PREFIX_PATH=/home/yuki/ros2_ws/src/NHK2025/install/rogidrive_msg LD_LIBRARY_PATH=/home/yuki/ros2_ws/src/NHK2025/install/rogidrive_msg/lib:${LD_LIBRARY_PATH} PYTHONPATH=/home/yuki/ros2_ws/src/NHK2025/build/rogidrive/prefix_override:/usr/lib/python3/dist-packages/colcon_core/task/python/colcon_distutils_commands:/home/yuki/ros2_ws/src/NHK2025/install/rogidrive/lib/python3.10/site-packages:/home/yuki/ros2_ws/src/NHK2025/install/rogidrive_msg/local/lib/python3.10/dist-packages:${PYTHONPATH} /usr/bin/python3 -W ignore:setup.py install is deprecated setup.py egg_info --egg-base ../../build/rogidrive build --build-base /home/yuki/ros2_ws/src/NHK2025/build/rogidrive/build install --record /home/yuki/ros2_ws/src/NHK2025/build/rogidrive/install.log --single-version-externally-managed install_data
[3.122s] Level 1:colcon.colcon_core.environment:checking '/home/yuki/ros2_ws/src/NHK2025/install/rogidrive' for CMake module files
[3.123s] DEBUG:colcon.colcon_core.event_handler.log_command:Invoked command in '/home/yuki/ros2_ws/src/NHK2025/rogidrive/rogidrive' returned '0': AMENT_PREFIX_PATH=/home/yuki/ros2_ws/src/NHK2025/install/rogidrive_msg:${AMENT_PREFIX_PATH} CMAKE_PREFIX_PATH=/home/yuki/ros2_ws/src/NHK2025/install/rogidrive_msg LD_LIBRARY_PATH=/home/yuki/ros2_ws/src/NHK2025/install/rogidrive_msg/lib:${LD_LIBRARY_PATH} PYTHONPATH=/home/yuki/ros2_ws/src/NHK2025/build/rogidrive/prefix_override:/usr/lib/python3/dist-packages/colcon_core/task/python/colcon_distutils_commands:/home/yuki/ros2_ws/src/NHK2025/install/rogidrive/lib/python3.10/site-packages:/home/yuki/ros2_ws/src/NHK2025/install/rogidrive_msg/local/lib/python3.10/dist-packages:${PYTHONPATH} /usr/bin/python3 -W ignore:setup.py install is deprecated setup.py egg_info --egg-base ../../build/rogidrive build --build-base /home/yuki/ros2_ws/src/NHK2025/build/rogidrive/build install --record /home/yuki/ros2_ws/src/NHK2025/build/rogidrive/install.log --single-version-externally-managed install_data
[3.124s] Level 1:colcon.colcon_core.environment:checking '/home/yuki/ros2_ws/src/NHK2025/install/rogidrive' for CMake config files
[3.125s] Level 1:colcon.colcon_core.environment:checking '/home/yuki/ros2_ws/src/NHK2025/install/rogidrive/lib'
[3.125s] Level 1:colcon.colcon_core.environment:checking '/home/yuki/ros2_ws/src/NHK2025/install/rogidrive/bin'
[3.125s] Level 1:colcon.colcon_core.environment:checking '/home/yuki/ros2_ws/src/NHK2025/install/rogidrive/lib/pkgconfig/rogidrive.pc'
[3.125s] Level 1:colcon.colcon_core.environment:checking '/home/yuki/ros2_ws/src/NHK2025/install/rogidrive/lib/python3.10/site-packages'
[3.125s] Level 1:colcon.colcon_core.shell:create_environment_hook('rogidrive', 'pythonpath')
[3.125s] INFO:colcon.colcon_core.shell:Creating environment hook '/home/yuki/ros2_ws/src/NHK2025/install/rogidrive/share/rogidrive/hook/pythonpath.ps1'
[3.126s] INFO:colcon.colcon_core.shell:Creating environment descriptor '/home/yuki/ros2_ws/src/NHK2025/install/rogidrive/share/rogidrive/hook/pythonpath.dsv'
[3.126s] INFO:colcon.colcon_core.shell:Creating environment hook '/home/yuki/ros2_ws/src/NHK2025/install/rogidrive/share/rogidrive/hook/pythonpath.sh'
[3.127s] Level 1:colcon.colcon_core.environment:checking '/home/yuki/ros2_ws/src/NHK2025/install/rogidrive/bin'
[3.127s] Level 1:colcon.colcon_core.environment:create_environment_scripts_only(rogidrive)
[3.127s] INFO:colcon.colcon_core.shell:Creating package script '/home/yuki/ros2_ws/src/NHK2025/install/rogidrive/share/rogidrive/package.ps1'
[3.128s] INFO:colcon.colcon_core.shell:Creating package descriptor '/home/yuki/ros2_ws/src/NHK2025/install/rogidrive/share/rogidrive/package.dsv'
[3.129s] INFO:colcon.colcon_core.shell:Creating package script '/home/yuki/ros2_ws/src/NHK2025/install/rogidrive/share/rogidrive/package.sh'
[3.129s] INFO:colcon.colcon_core.shell:Creating package script '/home/yuki/ros2_ws/src/NHK2025/install/rogidrive/share/rogidrive/package.bash'
[3.130s] INFO:colcon.colcon_core.shell:Creating package script '/home/yuki/ros2_ws/src/NHK2025/install/rogidrive/share/rogidrive/package.zsh'
[3.132s] Level 1:colcon.colcon_core.environment:create_file_with_runtime_dependencies(/home/yuki/ros2_ws/src/NHK2025/install/rogidrive/share/colcon-core/packages/rogidrive)
[3.132s] DEBUG:colcon.colcon_parallel_executor.executor.parallel:closing loop
[3.133s] DEBUG:colcon.colcon_parallel_executor.executor.parallel:loop closed
[3.133s] DEBUG:colcon.colcon_parallel_executor.executor.parallel:run_until_complete finished with '0'
[3.133s] DEBUG:colcon.colcon_core.event_reactor:joining thread
[3.142s] INFO:colcon.colcon_core.plugin_system:Skipping extension 'colcon_notification.desktop_notification.terminal_notifier': Not used on non-Darwin systems
[3.142s] INFO:colcon.colcon_core.plugin_system:Skipping extension 'colcon_notification.desktop_notification.win32': Not used on non-Windows systems
[3.142s] INFO:colcon.colcon_notification.desktop_notification:Sending desktop notification using 'notify2'
[3.158s] DEBUG:colcon.colcon_core.event_reactor:joined thread
[3.159s] INFO:colcon.colcon_core.shell:Creating prefix script '/home/yuki/ros2_ws/src/NHK2025/install/local_setup.ps1'
[3.160s] INFO:colcon.colcon_core.shell:Creating prefix util module '/home/yuki/ros2_ws/src/NHK2025/install/_local_setup_util_ps1.py'
[3.161s] INFO:colcon.colcon_core.shell:Creating prefix chain script '/home/yuki/ros2_ws/src/NHK2025/install/setup.ps1'
[3.163s] INFO:colcon.colcon_core.shell:Creating prefix script '/home/yuki/ros2_ws/src/NHK2025/install/local_setup.sh'
[3.164s] INFO:colcon.colcon_core.shell:Creating prefix util module '/home/yuki/ros2_ws/src/NHK2025/install/_local_setup_util_sh.py'
[3.164s] INFO:colcon.colcon_core.shell:Creating prefix chain script '/home/yuki/ros2_ws/src/NHK2025/install/setup.sh'
[3.166s] INFO:colcon.colcon_core.shell:Creating prefix script '/home/yuki/ros2_ws/src/NHK2025/install/local_setup.bash'
[3.167s] INFO:colcon.colcon_core.shell:Creating prefix chain script '/home/yuki/ros2_ws/src/NHK2025/install/setup.bash'
[3.169s] INFO:colcon.colcon_core.shell:Creating prefix script '/home/yuki/ros2_ws/src/NHK2025/install/local_setup.zsh'
[3.170s] INFO:colcon.colcon_core.shell:Creating prefix chain script '/home/yuki/ros2_ws/src/NHK2025/install/setup.zsh'
