-- The C compiler identification is GNU 11.4.0
-- The CXX compiler identification is GNU 11.4.0
-- Detecting C compiler ABI info
-- Detecting C compiler ABI info - done
-- Check for working C compiler: /usr/bin/cc - skipped
-- Detecting C compile features
-- Detecting C compile features - done
-- Detecting CXX compiler ABI info
-- Detecting CXX compiler ABI info - done
-- Check for working CXX compiler: /usr/bin/c++ - skipped
-- Detecting CXX compile features
-- Detecting CXX compile features - done
-- Found ament_cmake: 1.3.10 (/opt/ros/humble/share/ament_cmake/cmake)
-- Found Python3: /usr/bin/python3 (found version "3.10.12") found components: Interpreter 
-- Found std_msgs: 4.2.4 (/opt/ros/humble/share/std_msgs/cmake)
-- Found rosidl_generator_c: 3.1.5 (/opt/ros/humble/share/rosidl_generator_c/cmake)
-- Found rosidl_adapter: 3.1.5 (/opt/ros/humble/share/rosidl_adapter/cmake)
-- Found rosidl_generator_cpp: 3.1.5 (/opt/ros/humble/share/rosidl_generator_cpp/cmake)
-- Using all available rosidl_typesupport_c: rosidl_typesupport_fastrtps_c;rosidl_typesupport_introspection_c
-- Using all available rosidl_typesupport_cpp: rosidl_typesupport_fastrtps_cpp;rosidl_typesupport_introspection_cpp
-- Found rosidl_default_generators: 1.2.0 (/opt/ros/humble/share/rosidl_default_generators/cmake)
-- Found ament_cmake_ros: 0.10.0 (/opt/ros/humble/share/ament_cmake_ros/cmake)
-- Using all available rosidl_typesupport_c: rosidl_typesupport_fastrtps_c;rosidl_typesupport_introspection_c
-- Using all available rosidl_typesupport_cpp: rosidl_typesupport_fastrtps_cpp;rosidl_typesupport_introspection_cpp
-- Found PythonInterp: /usr/bin/python3 (found suitable version "3.10.12", minimum required is "3.6") 
-- Found python_cmake_module: 0.10.0 (/opt/ros/humble/share/python_cmake_module/cmake)
-- Found PythonLibs: /usr/lib/x86_64-linux-gnu/libpython3.10.so (found suitable version "3.10.12", minimum required is "3.5") 
-- Using PYTHON_EXECUTABLE: /usr/bin/python3
-- Using PYTHON_INCLUDE_DIRS: /usr/include/python3.10
-- Using PYTHON_LIBRARIES: /usr/lib/x86_64-linux-gnu/libpython3.10.so
-- Found PythonExtra: .so  
-- Found ament_lint_auto: 0.12.11 (/opt/ros/humble/share/ament_lint_auto/cmake)
-- Added test 'lint_cmake' to check CMake code style
-- Added test 'xmllint' to check XML markup files
-- Configuring done (4.1s)
-- Generating done (0.1s)
-- Build files have been written to: /home/yuki/ros2_ws/src/NHK2025/build/rogidrive_msg
[  2%] [34m[1mGenerating C code for ROS interfaces[0m
[  5%] [34m[1mGenerating C++ code for ROS interfaces[0m
[  5%] Built target rogidrive_msg__cpp
[  7%] [32mBuilding C object CMakeFiles/rogidrive_msg__rosidl_generator_c.dir/rosidl_generator_c/rogidrive_msg/msg/detail/rogidrive_message__functions.c.o[0m
[  7%] Built target ament_cmake_python_copy_rogidrive_msg
[ 10%] [34m[1mGenerating C++ type support for eProsima Fast-RTPS[0m
[ 12%] [32mBuilding C object CMakeFiles/rogidrive_msg__rosidl_generator_c.dir/rosidl_generator_c/rogidrive_msg/msg/detail/rogidrive_multi_array__functions.c.o[0m
[ 15%] [32m[1mLinking C shared library librogidrive_msg__rosidl_generator_c.so[0m
[ 17%] [32mBuilding CXX object CMakeFiles/rogidrive_msg__rosidl_typesupport_fastrtps_cpp.dir/rosidl_typesupport_fastrtps_cpp/rogidrive_msg/msg/detail/dds_fastrtps/rogidrive_message__type_support.cpp.o[0m
[ 17%] Built target rogidrive_msg__rosidl_generator_c
[ 20%] [34m[1mGenerating C++ introspection for ROS interfaces[0m
[ 23%] [32mBuilding CXX object CMakeFiles/rogidrive_msg__rosidl_typesupport_introspection_cpp.dir/rosidl_typesupport_introspection_cpp/rogidrive_msg/msg/detail/rogidrive_message__type_support.cpp.o[0m
[ 25%] [32mBuilding CXX object CMakeFiles/rogidrive_msg__rosidl_typesupport_fastrtps_cpp.dir/rosidl_typesupport_fastrtps_cpp/rogidrive_msg/msg/detail/dds_fastrtps/rogidrive_multi_array__type_support.cpp.o[0m
[ 28%] [32mBuilding CXX object CMakeFiles/rogidrive_msg__rosidl_typesupport_introspection_cpp.dir/rosidl_typesupport_introspection_cpp/rogidrive_msg/msg/detail/rogidrive_multi_array__type_support.cpp.o[0m
[ 30%] [32m[1mLinking CXX shared library librogidrive_msg__rosidl_typesupport_introspection_cpp.so[0m
[ 33%] [32m[1mLinking CXX shared library librogidrive_msg__rosidl_typesupport_fastrtps_cpp.so[0m
[ 33%] Built target rogidrive_msg__rosidl_typesupport_fastrtps_cpp
[ 35%] [34m[1mGenerating C++ type support dispatch for ROS interfaces[0m
[ 35%] Built target rogidrive_msg__rosidl_typesupport_introspection_cpp
[ 38%] [34m[1mGenerating C type support for eProsima Fast-RTPS[0m
[ 41%] [32mBuilding CXX object CMakeFiles/rogidrive_msg__rosidl_typesupport_cpp.dir/rosidl_typesupport_cpp/rogidrive_msg/msg/rogidrive_message__type_support.cpp.o[0m
[ 43%] [32mBuilding CXX object CMakeFiles/rogidrive_msg__rosidl_typesupport_fastrtps_c.dir/rosidl_typesupport_fastrtps_c/rogidrive_msg/msg/detail/rogidrive_message__type_support_c.cpp.o[0m
[ 46%] [32mBuilding CXX object CMakeFiles/rogidrive_msg__rosidl_typesupport_cpp.dir/rosidl_typesupport_cpp/rogidrive_msg/msg/rogidrive_multi_array__type_support.cpp.o[0m
[ 48%] [32mBuilding CXX object CMakeFiles/rogidrive_msg__rosidl_typesupport_fastrtps_c.dir/rosidl_typesupport_fastrtps_c/rogidrive_msg/msg/detail/rogidrive_multi_array__type_support_c.cpp.o[0m
[ 51%] [32m[1mLinking CXX shared library librogidrive_msg__rosidl_typesupport_cpp.so[0m
[ 51%] Built target rogidrive_msg__rosidl_typesupport_cpp
running egg_info
creating rogidrive_msg.egg-info
writing rogidrive_msg.egg-info/PKG-INFO
writing dependency_links to rogidrive_msg.egg-info/dependency_links.txt
writing top-level names to rogidrive_msg.egg-info/top_level.txt
writing manifest file 'rogidrive_msg.egg-info/SOURCES.txt'
reading manifest file 'rogidrive_msg.egg-info/SOURCES.txt'
writing manifest file 'rogidrive_msg.egg-info/SOURCES.txt'
[ 51%] Built target ament_cmake_python_build_rogidrive_msg_egg
[ 53%] [32m[1mLinking CXX shared library librogidrive_msg__rosidl_typesupport_fastrtps_c.so[0m
[ 56%] [34m[1mGenerating C introspection for ROS interfaces[0m
[ 56%] Built target rogidrive_msg__rosidl_typesupport_fastrtps_c
[ 58%] [34m[1mGenerating C type support dispatch for ROS interfaces[0m
[ 61%] [32mBuilding C object CMakeFiles/rogidrive_msg__rosidl_typesupport_introspection_c.dir/rosidl_typesupport_introspection_c/rogidrive_msg/msg/detail/rogidrive_message__type_support.c.o[0m
[ 64%] [32mBuilding C object CMakeFiles/rogidrive_msg__rosidl_typesupport_introspection_c.dir/rosidl_typesupport_introspection_c/rogidrive_msg/msg/detail/rogidrive_multi_array__type_support.c.o[0m
[ 66%] [32mBuilding CXX object CMakeFiles/rogidrive_msg__rosidl_typesupport_c.dir/rosidl_typesupport_c/rogidrive_msg/msg/rogidrive_message__type_support.cpp.o[0m
[ 69%] [32m[1mLinking C shared library librogidrive_msg__rosidl_typesupport_introspection_c.so[0m
[ 71%] [32mBuilding CXX object CMakeFiles/rogidrive_msg__rosidl_typesupport_c.dir/rosidl_typesupport_c/rogidrive_msg/msg/rogidrive_multi_array__type_support.cpp.o[0m
[ 71%] Built target rogidrive_msg__rosidl_typesupport_introspection_c
[ 74%] [32m[1mLinking CXX shared library librogidrive_msg__rosidl_typesupport_c.so[0m
[ 74%] Built target rogidrive_msg__rosidl_typesupport_c
[ 74%] Built target rogidrive_msg
[ 76%] [34m[1mGenerating Python code for ROS interfaces[0m
[ 76%] Built target rogidrive_msg__py
[ 79%] [32mBuilding C object CMakeFiles/rogidrive_msg__rosidl_generator_py.dir/rosidl_generator_py/rogidrive_msg/msg/_rogidrive_message_s.c.o[0m
[ 82%] [32mBuilding C object CMakeFiles/rogidrive_msg__rosidl_generator_py.dir/rosidl_generator_py/rogidrive_msg/msg/_rogidrive_multi_array_s.c.o[0m
[ 84%] [32m[1mLinking C shared library rosidl_generator_py/rogidrive_msg/librogidrive_msg__rosidl_generator_py.so[0m
[ 84%] Built target rogidrive_msg__rosidl_generator_py
[ 87%] [32mBuilding C object CMakeFiles/rogidrive_msg__rosidl_typesupport_fastrtps_c__pyext.dir/rosidl_generator_py/rogidrive_msg/_rogidrive_msg_s.ep.rosidl_typesupport_fastrtps_c.c.o[0m
[ 89%] [32mBuilding C object CMakeFiles/rogidrive_msg__rosidl_typesupport_introspection_c__pyext.dir/rosidl_generator_py/rogidrive_msg/_rogidrive_msg_s.ep.rosidl_typesupport_introspection_c.c.o[0m
[ 92%] [32m[1mLinking C shared library rosidl_generator_py/rogidrive_msg/rogidrive_msg_s__rosidl_typesupport_introspection_c.cpython-310-x86_64-linux-gnu.so[0m
[ 94%] [32m[1mLinking C shared library rosidl_generator_py/rogidrive_msg/rogidrive_msg_s__rosidl_typesupport_fastrtps_c.cpython-310-x86_64-linux-gnu.so[0m
[ 94%] Built target rogidrive_msg__rosidl_typesupport_introspection_c__pyext
[ 94%] Built target rogidrive_msg__rosidl_typesupport_fastrtps_c__pyext
[ 97%] [32mBuilding C object CMakeFiles/rogidrive_msg__rosidl_typesupport_c__pyext.dir/rosidl_generator_py/rogidrive_msg/_rogidrive_msg_s.ep.rosidl_typesupport_c.c.o[0m
[100%] [32m[1mLinking C shared library rosidl_generator_py/rogidrive_msg/rogidrive_msg_s__rosidl_typesupport_c.cpython-310-x86_64-linux-gnu.so[0m
[100%] Built target rogidrive_msg__rosidl_typesupport_c__pyext
-- Install configuration: ""
-- Installing: /home/yuki/ros2_ws/src/NHK2025/install/rogidrive_msg/share/ament_index/resource_index/rosidl_interfaces/rogidrive_msg
-- Installing: /home/yuki/ros2_ws/src/NHK2025/install/rogidrive_msg/include/rogidrive_msg/rogidrive_msg
-- Installing: /home/yuki/ros2_ws/src/NHK2025/install/rogidrive_msg/include/rogidrive_msg/rogidrive_msg/msg
-- Installing: /home/yuki/ros2_ws/src/NHK2025/install/rogidrive_msg/include/rogidrive_msg/rogidrive_msg/msg/rogidrive_message.h
-- Installing: /home/yuki/ros2_ws/src/NHK2025/install/rogidrive_msg/include/rogidrive_msg/rogidrive_msg/msg/rogidrive_multi_array.h
-- Installing: /home/yuki/ros2_ws/src/NHK2025/install/rogidrive_msg/include/rogidrive_msg/rogidrive_msg/msg/detail
-- Installing: /home/yuki/ros2_ws/src/NHK2025/install/rogidrive_msg/include/rogidrive_msg/rogidrive_msg/msg/detail/rogidrive_multi_array__type_support.h
-- Installing: /home/yuki/ros2_ws/src/NHK2025/install/rogidrive_msg/include/rogidrive_msg/rogidrive_msg/msg/detail/rogidrive_message__type_support.h
-- Installing: /home/yuki/ros2_ws/src/NHK2025/install/rogidrive_msg/include/rogidrive_msg/rogidrive_msg/msg/detail/rogidrive_multi_array__struct.h
-- Installing: /home/yuki/ros2_ws/src/NHK2025/install/rogidrive_msg/include/rogidrive_msg/rogidrive_msg/msg/detail/rogidrive_message__struct.h
-- Installing: /home/yuki/ros2_ws/src/NHK2025/install/rogidrive_msg/include/rogidrive_msg/rogidrive_msg/msg/detail/rogidrive_multi_array__functions.h
-- Installing: /home/yuki/ros2_ws/src/NHK2025/install/rogidrive_msg/include/rogidrive_msg/rogidrive_msg/msg/detail/rogidrive_message__functions.c
-- Installing: /home/yuki/ros2_ws/src/NHK2025/install/rogidrive_msg/include/rogidrive_msg/rogidrive_msg/msg/detail/rogidrive_message__functions.h
-- Installing: /home/yuki/ros2_ws/src/NHK2025/install/rogidrive_msg/include/rogidrive_msg/rogidrive_msg/msg/detail/rogidrive_multi_array__functions.c
-- Installing: /home/yuki/ros2_ws/src/NHK2025/install/rogidrive_msg/include/rogidrive_msg/rogidrive_msg/msg/rosidl_generator_c__visibility_control.h
-- Installing: /home/yuki/ros2_ws/src/NHK2025/install/rogidrive_msg/share/rogidrive_msg/environment/library_path.sh
-- Installing: /home/yuki/ros2_ws/src/NHK2025/install/rogidrive_msg/share/rogidrive_msg/environment/library_path.dsv
-- Installing: /home/yuki/ros2_ws/src/NHK2025/install/rogidrive_msg/lib/librogidrive_msg__rosidl_generator_c.so
-- Set non-toolchain portion of runtime path of "/home/yuki/ros2_ws/src/NHK2025/install/rogidrive_msg/lib/librogidrive_msg__rosidl_generator_c.so" to ""
-- Up-to-date: /home/yuki/ros2_ws/src/NHK2025/install/rogidrive_msg/include/rogidrive_msg/rogidrive_msg
-- Up-to-date: /home/yuki/ros2_ws/src/NHK2025/install/rogidrive_msg/include/rogidrive_msg/rogidrive_msg/msg
-- Up-to-date: /home/yuki/ros2_ws/src/NHK2025/install/rogidrive_msg/include/rogidrive_msg/rogidrive_msg/msg/detail
-- Installing: /home/yuki/ros2_ws/src/NHK2025/install/rogidrive_msg/include/rogidrive_msg/rogidrive_msg/msg/detail/rogidrive_multi_array__rosidl_typesupport_fastrtps_c.h
-- Installing: /home/yuki/ros2_ws/src/NHK2025/install/rogidrive_msg/include/rogidrive_msg/rogidrive_msg/msg/detail/rogidrive_message__rosidl_typesupport_fastrtps_c.h
-- Installing: /home/yuki/ros2_ws/src/NHK2025/install/rogidrive_msg/include/rogidrive_msg/rogidrive_msg/msg/rosidl_typesupport_fastrtps_c__visibility_control.h
-- Installing: /home/yuki/ros2_ws/src/NHK2025/install/rogidrive_msg/lib/librogidrive_msg__rosidl_typesupport_fastrtps_c.so
-- Set non-toolchain portion of runtime path of "/home/yuki/ros2_ws/src/NHK2025/install/rogidrive_msg/lib/librogidrive_msg__rosidl_typesupport_fastrtps_c.so" to ""
-- Up-to-date: /home/yuki/ros2_ws/src/NHK2025/install/rogidrive_msg/include/rogidrive_msg/rogidrive_msg
-- Up-to-date: /home/yuki/ros2_ws/src/NHK2025/install/rogidrive_msg/include/rogidrive_msg/rogidrive_msg/msg
-- Up-to-date: /home/yuki/ros2_ws/src/NHK2025/install/rogidrive_msg/include/rogidrive_msg/rogidrive_msg/msg/detail
-- Installing: /home/yuki/ros2_ws/src/NHK2025/install/rogidrive_msg/include/rogidrive_msg/rogidrive_msg/msg/detail/rogidrive_message__builder.hpp
-- Installing: /home/yuki/ros2_ws/src/NHK2025/install/rogidrive_msg/include/rogidrive_msg/rogidrive_msg/msg/detail/rogidrive_message__struct.hpp
-- Installing: /home/yuki/ros2_ws/src/NHK2025/install/rogidrive_msg/include/rogidrive_msg/rogidrive_msg/msg/detail/rogidrive_multi_array__traits.hpp
-- Installing: /home/yuki/ros2_ws/src/NHK2025/install/rogidrive_msg/include/rogidrive_msg/rogidrive_msg/msg/detail/rogidrive_multi_array__struct.hpp
-- Installing: /home/yuki/ros2_ws/src/NHK2025/install/rogidrive_msg/include/rogidrive_msg/rogidrive_msg/msg/detail/rogidrive_message__traits.hpp
-- Installing: /home/yuki/ros2_ws/src/NHK2025/install/rogidrive_msg/include/rogidrive_msg/rogidrive_msg/msg/detail/rogidrive_multi_array__builder.hpp
-- Installing: /home/yuki/ros2_ws/src/NHK2025/install/rogidrive_msg/include/rogidrive_msg/rogidrive_msg/msg/rogidrive_message.hpp
-- Installing: /home/yuki/ros2_ws/src/NHK2025/install/rogidrive_msg/include/rogidrive_msg/rogidrive_msg/msg/rogidrive_multi_array.hpp
-- Up-to-date: /home/yuki/ros2_ws/src/NHK2025/install/rogidrive_msg/include/rogidrive_msg/rogidrive_msg
-- Up-to-date: /home/yuki/ros2_ws/src/NHK2025/install/rogidrive_msg/include/rogidrive_msg/rogidrive_msg/msg
-- Up-to-date: /home/yuki/ros2_ws/src/NHK2025/install/rogidrive_msg/include/rogidrive_msg/rogidrive_msg/msg/detail
-- Installing: /home/yuki/ros2_ws/src/NHK2025/install/rogidrive_msg/include/rogidrive_msg/rogidrive_msg/msg/detail/rogidrive_message__rosidl_typesupport_fastrtps_cpp.hpp
-- Installing: /home/yuki/ros2_ws/src/NHK2025/install/rogidrive_msg/include/rogidrive_msg/rogidrive_msg/msg/detail/rogidrive_multi_array__rosidl_typesupport_fastrtps_cpp.hpp
-- Installing: /home/yuki/ros2_ws/src/NHK2025/install/rogidrive_msg/include/rogidrive_msg/rogidrive_msg/msg/detail/dds_fastrtps
-- Installing: /home/yuki/ros2_ws/src/NHK2025/install/rogidrive_msg/include/rogidrive_msg/rogidrive_msg/msg/rosidl_typesupport_fastrtps_cpp__visibility_control.h
-- Installing: /home/yuki/ros2_ws/src/NHK2025/install/rogidrive_msg/lib/librogidrive_msg__rosidl_typesupport_fastrtps_cpp.so
-- Set non-toolchain portion of runtime path of "/home/yuki/ros2_ws/src/NHK2025/install/rogidrive_msg/lib/librogidrive_msg__rosidl_typesupport_fastrtps_cpp.so" to ""
-- Up-to-date: /home/yuki/ros2_ws/src/NHK2025/install/rogidrive_msg/include/rogidrive_msg/rogidrive_msg
-- Up-to-date: /home/yuki/ros2_ws/src/NHK2025/install/rogidrive_msg/include/rogidrive_msg/rogidrive_msg/msg
-- Up-to-date: /home/yuki/ros2_ws/src/NHK2025/install/rogidrive_msg/include/rogidrive_msg/rogidrive_msg/msg/detail
-- Installing: /home/yuki/ros2_ws/src/NHK2025/install/rogidrive_msg/include/rogidrive_msg/rogidrive_msg/msg/detail/rogidrive_multi_array__type_support.c
-- Installing: /home/yuki/ros2_ws/src/NHK2025/install/rogidrive_msg/include/rogidrive_msg/rogidrive_msg/msg/detail/rogidrive_multi_array__rosidl_typesupport_introspection_c.h
-- Installing: /home/yuki/ros2_ws/src/NHK2025/install/rogidrive_msg/include/rogidrive_msg/rogidrive_msg/msg/detail/rogidrive_message__rosidl_typesupport_introspection_c.h
-- Installing: /home/yuki/ros2_ws/src/NHK2025/install/rogidrive_msg/include/rogidrive_msg/rogidrive_msg/msg/detail/rogidrive_message__type_support.c
-- Installing: /home/yuki/ros2_ws/src/NHK2025/install/rogidrive_msg/include/rogidrive_msg/rogidrive_msg/msg/rosidl_typesupport_introspection_c__visibility_control.h
-- Installing: /home/yuki/ros2_ws/src/NHK2025/install/rogidrive_msg/lib/librogidrive_msg__rosidl_typesupport_introspection_c.so
-- Set non-toolchain portion of runtime path of "/home/yuki/ros2_ws/src/NHK2025/install/rogidrive_msg/lib/librogidrive_msg__rosidl_typesupport_introspection_c.so" to ""
-- Installing: /home/yuki/ros2_ws/src/NHK2025/install/rogidrive_msg/lib/librogidrive_msg__rosidl_typesupport_c.so
-- Set non-toolchain portion of runtime path of "/home/yuki/ros2_ws/src/NHK2025/install/rogidrive_msg/lib/librogidrive_msg__rosidl_typesupport_c.so" to ""
-- Up-to-date: /home/yuki/ros2_ws/src/NHK2025/install/rogidrive_msg/include/rogidrive_msg/rogidrive_msg
-- Up-to-date: /home/yuki/ros2_ws/src/NHK2025/install/rogidrive_msg/include/rogidrive_msg/rogidrive_msg/msg
-- Up-to-date: /home/yuki/ros2_ws/src/NHK2025/install/rogidrive_msg/include/rogidrive_msg/rogidrive_msg/msg/detail
-- Installing: /home/yuki/ros2_ws/src/NHK2025/install/rogidrive_msg/include/rogidrive_msg/rogidrive_msg/msg/detail/rogidrive_message__type_support.cpp
-- Installing: /home/yuki/ros2_ws/src/NHK2025/install/rogidrive_msg/include/rogidrive_msg/rogidrive_msg/msg/detail/rogidrive_multi_array__rosidl_typesupport_introspection_cpp.hpp
-- Installing: /home/yuki/ros2_ws/src/NHK2025/install/rogidrive_msg/include/rogidrive_msg/rogidrive_msg/msg/detail/rogidrive_multi_array__type_support.cpp
-- Installing: /home/yuki/ros2_ws/src/NHK2025/install/rogidrive_msg/include/rogidrive_msg/rogidrive_msg/msg/detail/rogidrive_message__rosidl_typesupport_introspection_cpp.hpp
-- Installing: /home/yuki/ros2_ws/src/NHK2025/install/rogidrive_msg/lib/librogidrive_msg__rosidl_typesupport_introspection_cpp.so
-- Set non-toolchain portion of runtime path of "/home/yuki/ros2_ws/src/NHK2025/install/rogidrive_msg/lib/librogidrive_msg__rosidl_typesupport_introspection_cpp.so" to ""
-- Installing: /home/yuki/ros2_ws/src/NHK2025/install/rogidrive_msg/lib/librogidrive_msg__rosidl_typesupport_cpp.so
-- Set non-toolchain portion of runtime path of "/home/yuki/ros2_ws/src/NHK2025/install/rogidrive_msg/lib/librogidrive_msg__rosidl_typesupport_cpp.so" to ""
-- Installing: /home/yuki/ros2_ws/src/NHK2025/install/rogidrive_msg/share/rogidrive_msg/environment/pythonpath.sh
-- Installing: /home/yuki/ros2_ws/src/NHK2025/install/rogidrive_msg/share/rogidrive_msg/environment/pythonpath.dsv
-- Installing: /home/yuki/ros2_ws/src/NHK2025/install/rogidrive_msg/local/lib/python3.10/dist-packages/rogidrive_msg-0.0.0-py3.10.egg-info
-- Installing: /home/yuki/ros2_ws/src/NHK2025/install/rogidrive_msg/local/lib/python3.10/dist-packages/rogidrive_msg-0.0.0-py3.10.egg-info/dependency_links.txt
-- Installing: /home/yuki/ros2_ws/src/NHK2025/install/rogidrive_msg/local/lib/python3.10/dist-packages/rogidrive_msg-0.0.0-py3.10.egg-info/SOURCES.txt
-- Installing: /home/yuki/ros2_ws/src/NHK2025/install/rogidrive_msg/local/lib/python3.10/dist-packages/rogidrive_msg-0.0.0-py3.10.egg-info/PKG-INFO
-- Installing: /home/yuki/ros2_ws/src/NHK2025/install/rogidrive_msg/local/lib/python3.10/dist-packages/rogidrive_msg-0.0.0-py3.10.egg-info/top_level.txt
-- Installing: /home/yuki/ros2_ws/src/NHK2025/install/rogidrive_msg/local/lib/python3.10/dist-packages/rogidrive_msg
-- Installing: /home/yuki/ros2_ws/src/NHK2025/install/rogidrive_msg/local/lib/python3.10/dist-packages/rogidrive_msg/_rogidrive_msg_s.ep.rosidl_typesupport_fastrtps_c.c
-- Installing: /home/yuki/ros2_ws/src/NHK2025/install/rogidrive_msg/local/lib/python3.10/dist-packages/rogidrive_msg/rogidrive_msg_s__rosidl_typesupport_introspection_c.cpython-310-x86_64-linux-gnu.so
-- Installing: /home/yuki/ros2_ws/src/NHK2025/install/rogidrive_msg/local/lib/python3.10/dist-packages/rogidrive_msg/_rogidrive_msg_s.ep.rosidl_typesupport_introspection_c.c
-- Installing: /home/yuki/ros2_ws/src/NHK2025/install/rogidrive_msg/local/lib/python3.10/dist-packages/rogidrive_msg/rogidrive_msg_s__rosidl_typesupport_c.cpython-310-x86_64-linux-gnu.so
-- Installing: /home/yuki/ros2_ws/src/NHK2025/install/rogidrive_msg/local/lib/python3.10/dist-packages/rogidrive_msg/_rogidrive_msg_s.ep.rosidl_typesupport_c.c
-- Installing: /home/yuki/ros2_ws/src/NHK2025/install/rogidrive_msg/local/lib/python3.10/dist-packages/rogidrive_msg/librogidrive_msg__rosidl_generator_py.so
-- Installing: /home/yuki/ros2_ws/src/NHK2025/install/rogidrive_msg/local/lib/python3.10/dist-packages/rogidrive_msg/rogidrive_msg_s__rosidl_typesupport_fastrtps_c.cpython-310-x86_64-linux-gnu.so
-- Installing: /home/yuki/ros2_ws/src/NHK2025/install/rogidrive_msg/local/lib/python3.10/dist-packages/rogidrive_msg/msg
-- Installing: /home/yuki/ros2_ws/src/NHK2025/install/rogidrive_msg/local/lib/python3.10/dist-packages/rogidrive_msg/msg/_rogidrive_multi_array.py
-- Installing: /home/yuki/ros2_ws/src/NHK2025/install/rogidrive_msg/local/lib/python3.10/dist-packages/rogidrive_msg/msg/_rogidrive_message.py
-- Installing: /home/yuki/ros2_ws/src/NHK2025/install/rogidrive_msg/local/lib/python3.10/dist-packages/rogidrive_msg/msg/_rogidrive_message_s.c
-- Installing: /home/yuki/ros2_ws/src/NHK2025/install/rogidrive_msg/local/lib/python3.10/dist-packages/rogidrive_msg/msg/_rogidrive_multi_array_s.c
-- Installing: /home/yuki/ros2_ws/src/NHK2025/install/rogidrive_msg/local/lib/python3.10/dist-packages/rogidrive_msg/msg/__init__.py
-- Installing: /home/yuki/ros2_ws/src/NHK2025/install/rogidrive_msg/local/lib/python3.10/dist-packages/rogidrive_msg/__init__.py
Listing '/home/yuki/ros2_ws/src/NHK2025/install/rogidrive_msg/local/lib/python3.10/dist-packages/rogidrive_msg'...
Compiling '/home/yuki/ros2_ws/src/NHK2025/install/rogidrive_msg/local/lib/python3.10/dist-packages/rogidrive_msg/__init__.py'...
Listing '/home/yuki/ros2_ws/src/NHK2025/install/rogidrive_msg/local/lib/python3.10/dist-packages/rogidrive_msg/msg'...
Compiling '/home/yuki/ros2_ws/src/NHK2025/install/rogidrive_msg/local/lib/python3.10/dist-packages/rogidrive_msg/msg/__init__.py'...
Compiling '/home/yuki/ros2_ws/src/NHK2025/install/rogidrive_msg/local/lib/python3.10/dist-packages/rogidrive_msg/msg/_rogidrive_message.py'...
Compiling '/home/yuki/ros2_ws/src/NHK2025/install/rogidrive_msg/local/lib/python3.10/dist-packages/rogidrive_msg/msg/_rogidrive_multi_array.py'...
-- Installing: /home/yuki/ros2_ws/src/NHK2025/install/rogidrive_msg/local/lib/python3.10/dist-packages/rogidrive_msg/rogidrive_msg_s__rosidl_typesupport_fastrtps_c.cpython-310-x86_64-linux-gnu.so
-- Set non-toolchain portion of runtime path of "/home/yuki/ros2_ws/src/NHK2025/install/rogidrive_msg/local/lib/python3.10/dist-packages/rogidrive_msg/rogidrive_msg_s__rosidl_typesupport_fastrtps_c.cpython-310-x86_64-linux-gnu.so" to ""
-- Installing: /home/yuki/ros2_ws/src/NHK2025/install/rogidrive_msg/local/lib/python3.10/dist-packages/rogidrive_msg/rogidrive_msg_s__rosidl_typesupport_introspection_c.cpython-310-x86_64-linux-gnu.so
-- Set non-toolchain portion of runtime path of "/home/yuki/ros2_ws/src/NHK2025/install/rogidrive_msg/local/lib/python3.10/dist-packages/rogidrive_msg/rogidrive_msg_s__rosidl_typesupport_introspection_c.cpython-310-x86_64-linux-gnu.so" to ""
-- Installing: /home/yuki/ros2_ws/src/NHK2025/install/rogidrive_msg/local/lib/python3.10/dist-packages/rogidrive_msg/rogidrive_msg_s__rosidl_typesupport_c.cpython-310-x86_64-linux-gnu.so
-- Set non-toolchain portion of runtime path of "/home/yuki/ros2_ws/src/NHK2025/install/rogidrive_msg/local/lib/python3.10/dist-packages/rogidrive_msg/rogidrive_msg_s__rosidl_typesupport_c.cpython-310-x86_64-linux-gnu.so" to ""
-- Installing: /home/yuki/ros2_ws/src/NHK2025/install/rogidrive_msg/lib/librogidrive_msg__rosidl_generator_py.so
-- Set non-toolchain portion of runtime path of "/home/yuki/ros2_ws/src/NHK2025/install/rogidrive_msg/lib/librogidrive_msg__rosidl_generator_py.so" to ""
-- Installing: /home/yuki/ros2_ws/src/NHK2025/install/rogidrive_msg/share/rogidrive_msg/msg/RogidriveMessage.idl
-- Installing: /home/yuki/ros2_ws/src/NHK2025/install/rogidrive_msg/share/rogidrive_msg/msg/RogidriveMultiArray.idl
-- Installing: /home/yuki/ros2_ws/src/NHK2025/install/rogidrive_msg/share/rogidrive_msg/msg/RogidriveMessage.msg
-- Installing: /home/yuki/ros2_ws/src/NHK2025/install/rogidrive_msg/share/rogidrive_msg/msg/RogidriveMultiArray.msg
-- Installing: /home/yuki/ros2_ws/src/NHK2025/install/rogidrive_msg/share/ament_index/resource_index/package_run_dependencies/rogidrive_msg
-- Installing: /home/yuki/ros2_ws/src/NHK2025/install/rogidrive_msg/share/ament_index/resource_index/parent_prefix_path/rogidrive_msg
-- Installing: /home/yuki/ros2_ws/src/NHK2025/install/rogidrive_msg/share/rogidrive_msg/environment/ament_prefix_path.sh
-- Installing: /home/yuki/ros2_ws/src/NHK2025/install/rogidrive_msg/share/rogidrive_msg/environment/ament_prefix_path.dsv
-- Installing: /home/yuki/ros2_ws/src/NHK2025/install/rogidrive_msg/share/rogidrive_msg/environment/path.sh
-- Installing: /home/yuki/ros2_ws/src/NHK2025/install/rogidrive_msg/share/rogidrive_msg/environment/path.dsv
-- Installing: /home/yuki/ros2_ws/src/NHK2025/install/rogidrive_msg/share/rogidrive_msg/local_setup.bash
-- Installing: /home/yuki/ros2_ws/src/NHK2025/install/rogidrive_msg/share/rogidrive_msg/local_setup.sh
-- Installing: /home/yuki/ros2_ws/src/NHK2025/install/rogidrive_msg/share/rogidrive_msg/local_setup.zsh
-- Installing: /home/yuki/ros2_ws/src/NHK2025/install/rogidrive_msg/share/rogidrive_msg/local_setup.dsv
-- Installing: /home/yuki/ros2_ws/src/NHK2025/install/rogidrive_msg/share/rogidrive_msg/package.dsv
-- Installing: /home/yuki/ros2_ws/src/NHK2025/install/rogidrive_msg/share/ament_index/resource_index/packages/rogidrive_msg
-- Installing: /home/yuki/ros2_ws/src/NHK2025/install/rogidrive_msg/share/rogidrive_msg/cmake/export_rogidrive_msg__rosidl_generator_cExport.cmake
-- Installing: /home/yuki/ros2_ws/src/NHK2025/install/rogidrive_msg/share/rogidrive_msg/cmake/export_rogidrive_msg__rosidl_generator_cExport-noconfig.cmake
-- Installing: /home/yuki/ros2_ws/src/NHK2025/install/rogidrive_msg/share/rogidrive_msg/cmake/export_rogidrive_msg__rosidl_typesupport_fastrtps_cExport.cmake
-- Installing: /home/yuki/ros2_ws/src/NHK2025/install/rogidrive_msg/share/rogidrive_msg/cmake/export_rogidrive_msg__rosidl_typesupport_fastrtps_cExport-noconfig.cmake
-- Installing: /home/yuki/ros2_ws/src/NHK2025/install/rogidrive_msg/share/rogidrive_msg/cmake/export_rogidrive_msg__rosidl_generator_cppExport.cmake
-- Installing: /home/yuki/ros2_ws/src/NHK2025/install/rogidrive_msg/share/rogidrive_msg/cmake/export_rogidrive_msg__rosidl_typesupport_fastrtps_cppExport.cmake
-- Installing: /home/yuki/ros2_ws/src/NHK2025/install/rogidrive_msg/share/rogidrive_msg/cmake/export_rogidrive_msg__rosidl_typesupport_fastrtps_cppExport-noconfig.cmake
-- Installing: /home/yuki/ros2_ws/src/NHK2025/install/rogidrive_msg/share/rogidrive_msg/cmake/rogidrive_msg__rosidl_typesupport_introspection_cExport.cmake
-- Installing: /home/yuki/ros2_ws/src/NHK2025/install/rogidrive_msg/share/rogidrive_msg/cmake/rogidrive_msg__rosidl_typesupport_introspection_cExport-noconfig.cmake
-- Installing: /home/yuki/ros2_ws/src/NHK2025/install/rogidrive_msg/share/rogidrive_msg/cmake/rogidrive_msg__rosidl_typesupport_cExport.cmake
-- Installing: /home/yuki/ros2_ws/src/NHK2025/install/rogidrive_msg/share/rogidrive_msg/cmake/rogidrive_msg__rosidl_typesupport_cExport-noconfig.cmake
-- Installing: /home/yuki/ros2_ws/src/NHK2025/install/rogidrive_msg/share/rogidrive_msg/cmake/rogidrive_msg__rosidl_typesupport_introspection_cppExport.cmake
-- Installing: /home/yuki/ros2_ws/src/NHK2025/install/rogidrive_msg/share/rogidrive_msg/cmake/rogidrive_msg__rosidl_typesupport_introspection_cppExport-noconfig.cmake
-- Installing: /home/yuki/ros2_ws/src/NHK2025/install/rogidrive_msg/share/rogidrive_msg/cmake/rogidrive_msg__rosidl_typesupport_cppExport.cmake
-- Installing: /home/yuki/ros2_ws/src/NHK2025/install/rogidrive_msg/share/rogidrive_msg/cmake/rogidrive_msg__rosidl_typesupport_cppExport-noconfig.cmake
-- Installing: /home/yuki/ros2_ws/src/NHK2025/install/rogidrive_msg/share/rogidrive_msg/cmake/export_rogidrive_msg__rosidl_generator_pyExport.cmake
-- Installing: /home/yuki/ros2_ws/src/NHK2025/install/rogidrive_msg/share/rogidrive_msg/cmake/export_rogidrive_msg__rosidl_generator_pyExport-noconfig.cmake
-- Installing: /home/yuki/ros2_ws/src/NHK2025/install/rogidrive_msg/share/rogidrive_msg/cmake/rosidl_cmake-extras.cmake
-- Installing: /home/yuki/ros2_ws/src/NHK2025/install/rogidrive_msg/share/rogidrive_msg/cmake/ament_cmake_export_dependencies-extras.cmake
-- Installing: /home/yuki/ros2_ws/src/NHK2025/install/rogidrive_msg/share/rogidrive_msg/cmake/ament_cmake_export_include_directories-extras.cmake
-- Installing: /home/yuki/ros2_ws/src/NHK2025/install/rogidrive_msg/share/rogidrive_msg/cmake/ament_cmake_export_libraries-extras.cmake
-- Installing: /home/yuki/ros2_ws/src/NHK2025/install/rogidrive_msg/share/rogidrive_msg/cmake/ament_cmake_export_targets-extras.cmake
-- Installing: /home/yuki/ros2_ws/src/NHK2025/install/rogidrive_msg/share/rogidrive_msg/cmake/rosidl_cmake_export_typesupport_targets-extras.cmake
-- Installing: /home/yuki/ros2_ws/src/NHK2025/install/rogidrive_msg/share/rogidrive_msg/cmake/rosidl_cmake_export_typesupport_libraries-extras.cmake
-- Installing: /home/yuki/ros2_ws/src/NHK2025/install/rogidrive_msg/share/rogidrive_msg/cmake/rogidrive_msgConfig.cmake
-- Installing: /home/yuki/ros2_ws/src/NHK2025/install/rogidrive_msg/share/rogidrive_msg/cmake/rogidrive_msgConfig-version.cmake
-- Installing: /home/yuki/ros2_ws/src/NHK2025/install/rogidrive_msg/share/rogidrive_msg/package.xml
