[0.019s] Invoking command in '/home/yuki/ros2_ws/src/NHK2025/build/rogidrive_msg': CMAKE_PREFIX_PATH=/opt/ros/humble /opt/st/stm32cubeclt_1.16.0/CMake/bin/cmake /home/yuki/ros2_ws/src/NHK2025/rogidrive/rogidrive_msg -DCMAKE_INSTALL_PREFIX=/home/yuki/ros2_ws/src/NHK2025/install/rogidrive_msg
[0.123s] -- The C compiler identification is GNU 11.4.0
[0.230s] -- The CXX compiler identification is GNU 11.4.0
[0.264s] -- Detecting C compiler ABI info
[0.450s] -- Detecting C compiler ABI info - done
[0.460s] -- Check for working C compiler: /usr/bin/cc - skipped
[0.462s] -- Detecting C compile features
[0.462s] -- Detecting C compile features - done
[0.492s] -- Detecting CXX compiler ABI info
[0.684s] -- Detecting CXX compiler ABI info - done
[0.694s] -- Check for working CXX compiler: /usr/bin/c++ - skipped
[0.694s] -- Detecting CXX compile features
[0.695s] -- Detecting CXX compile features - done
[0.698s] -- Found ament_cmake: 1.3.10 (/opt/ros/humble/share/ament_cmake/cmake)
[0.902s] -- Found Python3: /usr/bin/python3 (found version "3.10.12") found components: Interpreter 
[1.050s] -- Found std_msgs: 4.2.4 (/opt/ros/humble/share/std_msgs/cmake)
[1.120s] -- Found rosidl_generator_c: 3.1.5 (/opt/ros/humble/share/rosidl_generator_c/cmake)
[1.129s] -- Found rosidl_adapter: 3.1.5 (/opt/ros/humble/share/rosidl_adapter/cmake)
[1.146s] -- Found rosidl_generator_cpp: 3.1.5 (/opt/ros/humble/share/rosidl_generator_cpp/cmake)
[1.164s] -- Using all available rosidl_typesupport_c: rosidl_typesupport_fastrtps_c;rosidl_typesupport_introspection_c
[1.193s] -- Using all available rosidl_typesupport_cpp: rosidl_typesupport_fastrtps_cpp;rosidl_typesupport_introspection_cpp
[1.232s] -- Found rosidl_default_generators: 1.2.0 (/opt/ros/humble/share/rosidl_default_generators/cmake)
[1.896s] -- Found ament_cmake_ros: 0.10.0 (/opt/ros/humble/share/ament_cmake_ros/cmake)
[3.423s] -- Using all available rosidl_typesupport_c: rosidl_typesupport_fastrtps_c;rosidl_typesupport_introspection_c
[3.861s] -- Using all available rosidl_typesupport_cpp: rosidl_typesupport_fastrtps_cpp;rosidl_typesupport_introspection_cpp
[3.864s] [33mCMake Warning (dev) at /opt/ros/humble/share/rosidl_generator_py/cmake/rosidl_generator_py_generate_interfaces.cmake:20 (find_package):
[3.864s]   Policy CMP0148 is not set: The FindPythonInterp and FindPythonLibs modules
[3.864s]   are removed.  Run "cmake --help-policy CMP0148" for policy details.  Use
[3.864s]   the cmake_policy command to set the policy and suppress this warning.
[3.864s] 
[3.865s] Call Stack (most recent call first):
[3.865s]   /opt/ros/humble/share/ament_cmake_core/cmake/core/ament_execute_extensions.cmake:48 (include)
[3.865s]   /opt/ros/humble/share/rosidl_cmake/cmake/rosidl_generate_interfaces.cmake:286 (ament_execute_extensions)
[3.865s]   CMakeLists.txt:13 (rosidl_generate_interfaces)
[3.865s] This warning is for project developers.  Use -Wno-dev to suppress it.
[3.866s] [0m
[3.894s] -- Found PythonInterp: /usr/bin/python3 (found suitable version "3.10.12", minimum required is "3.6") 
[3.897s] [33mCMake Warning (dev) at /opt/ros/humble/share/python_cmake_module/cmake/Modules/FindPythonExtra.cmake:52 (find_package):
[3.897s]   Policy CMP0148 is not set: The FindPythonInterp and FindPythonLibs modules
[3.897s]   are removed.  Run "cmake --help-policy CMP0148" for policy details.  Use
[3.897s]   the cmake_policy command to set the policy and suppress this warning.
[3.897s] 
[3.897s] Call Stack (most recent call first):
[3.897s]   /opt/ros/humble/share/rosidl_generator_py/cmake/rosidl_generator_py_generate_interfaces.cmake:23 (find_package)
[3.897s]   /opt/ros/humble/share/ament_cmake_core/cmake/core/ament_execute_extensions.cmake:48 (include)
[3.898s]   /opt/ros/humble/share/rosidl_cmake/cmake/rosidl_generate_interfaces.cmake:286 (ament_execute_extensions)
[3.898s]   CMakeLists.txt:13 (rosidl_generate_interfaces)
[3.898s] This warning is for project developers.  Use -Wno-dev to suppress it.
[3.898s] [0m
[3.898s] -- Found python_cmake_module: 0.10.0 (/opt/ros/humble/share/python_cmake_module/cmake)
[3.928s] [33mCMake Warning (dev) at /opt/ros/humble/share/python_cmake_module/cmake/Modules/FindPythonExtra.cmake:140 (find_package):
[3.928s]   Policy CMP0148 is not set: The FindPythonInterp and FindPythonLibs modules
[3.928s]   are removed.  Run "cmake --help-policy CMP0148" for policy details.  Use
[3.928s]   the cmake_policy command to set the policy and suppress this warning.
[3.928s] 
[3.929s] Call Stack (most recent call first):
[3.929s]   /opt/ros/humble/share/rosidl_generator_py/cmake/rosidl_generator_py_generate_interfaces.cmake:23 (find_package)
[3.929s]   /opt/ros/humble/share/ament_cmake_core/cmake/core/ament_execute_extensions.cmake:48 (include)
[3.929s]   /opt/ros/humble/share/rosidl_cmake/cmake/rosidl_generate_interfaces.cmake:286 (ament_execute_extensions)
[3.930s]   CMakeLists.txt:13 (rosidl_generate_interfaces)
[3.930s] This warning is for project developers.  Use -Wno-dev to suppress it.
[3.931s] [0m
[3.939s] -- Found PythonLibs: /usr/lib/x86_64-linux-gnu/libpython3.10.so (found suitable version "3.10.12", minimum required is "3.5") 
[3.940s] -- Using PYTHON_EXECUTABLE: /usr/bin/python3
[3.940s] -- Using PYTHON_INCLUDE_DIRS: /usr/include/python3.10
[3.940s] -- Using PYTHON_LIBRARIES: /usr/lib/x86_64-linux-gnu/libpython3.10.so
[3.979s] -- Found PythonExtra: .so  
[4.097s] -- Found ament_lint_auto: 0.12.11 (/opt/ros/humble/share/ament_lint_auto/cmake)
[4.130s] -- Added test 'lint_cmake' to check CMake code style
[4.133s] -- Added test 'xmllint' to check XML markup files
[4.140s] -- Configuring done (4.1s)
[4.225s] -- Generating done (0.1s)
[4.231s] -- Build files have been written to: /home/yuki/ros2_ws/src/NHK2025/build/rogidrive_msg
[4.240s] Invoked command in '/home/yuki/ros2_ws/src/NHK2025/build/rogidrive_msg' returned '0': CMAKE_PREFIX_PATH=/opt/ros/humble /opt/st/stm32cubeclt_1.16.0/CMake/bin/cmake /home/yuki/ros2_ws/src/NHK2025/rogidrive/rogidrive_msg -DCMAKE_INSTALL_PREFIX=/home/yuki/ros2_ws/src/NHK2025/install/rogidrive_msg
[4.246s] Invoking command in '/home/yuki/ros2_ws/src/NHK2025/build/rogidrive_msg': CMAKE_PREFIX_PATH=/opt/ros/humble /opt/st/stm32cubeclt_1.16.0/CMake/bin/cmake --build /home/yuki/ros2_ws/src/NHK2025/build/rogidrive_msg -- -j2 -l2
[4.295s] [  2%] [34m[1mGenerating C code for ROS interfaces[0m
[4.311s] [  5%] [34m[1mGenerating C++ code for ROS interfaces[0m
[4.961s] [  5%] Built target rogidrive_msg__cpp
[5.005s] [  7%] [32mBuilding C object CMakeFiles/rogidrive_msg__rosidl_generator_c.dir/rosidl_generator_c/rogidrive_msg/msg/detail/rogidrive_message__functions.c.o[0m
[5.011s] [  7%] Built target ament_cmake_python_copy_rogidrive_msg
[5.034s] [ 10%] [34m[1mGenerating C++ type support for eProsima Fast-RTPS[0m
[5.234s] [ 12%] [32mBuilding C object CMakeFiles/rogidrive_msg__rosidl_generator_c.dir/rosidl_generator_c/rogidrive_msg/msg/detail/rogidrive_multi_array__functions.c.o[0m
[5.377s] [ 15%] [32m[1mLinking C shared library librogidrive_msg__rosidl_generator_c.so[0m
[5.489s] [ 17%] [32mBuilding CXX object CMakeFiles/rogidrive_msg__rosidl_typesupport_fastrtps_cpp.dir/rosidl_typesupport_fastrtps_cpp/rogidrive_msg/msg/detail/dds_fastrtps/rogidrive_message__type_support.cpp.o[0m
[5.511s] [ 17%] Built target rogidrive_msg__rosidl_generator_c
[5.535s] [ 20%] [34m[1mGenerating C++ introspection for ROS interfaces[0m
[6.074s] [ 23%] [32mBuilding CXX object CMakeFiles/rogidrive_msg__rosidl_typesupport_introspection_cpp.dir/rosidl_typesupport_introspection_cpp/rogidrive_msg/msg/detail/rogidrive_message__type_support.cpp.o[0m
[6.747s] [ 25%] [32mBuilding CXX object CMakeFiles/rogidrive_msg__rosidl_typesupport_fastrtps_cpp.dir/rosidl_typesupport_fastrtps_cpp/rogidrive_msg/msg/detail/dds_fastrtps/rogidrive_multi_array__type_support.cpp.o[0m
[7.185s] [ 28%] [32mBuilding CXX object CMakeFiles/rogidrive_msg__rosidl_typesupport_introspection_cpp.dir/rosidl_typesupport_introspection_cpp/rogidrive_msg/msg/detail/rogidrive_multi_array__type_support.cpp.o[0m
[8.394s] [ 30%] [32m[1mLinking CXX shared library librogidrive_msg__rosidl_typesupport_introspection_cpp.so[0m
[8.406s] [ 33%] [32m[1mLinking CXX shared library librogidrive_msg__rosidl_typesupport_fastrtps_cpp.so[0m
[8.703s] [ 33%] Built target rogidrive_msg__rosidl_typesupport_fastrtps_cpp
[8.727s] [ 35%] [34m[1mGenerating C++ type support dispatch for ROS interfaces[0m
[8.737s] [ 35%] Built target rogidrive_msg__rosidl_typesupport_introspection_cpp
[8.770s] [ 38%] [34m[1mGenerating C type support for eProsima Fast-RTPS[0m
[9.174s] [ 41%] [32mBuilding CXX object CMakeFiles/rogidrive_msg__rosidl_typesupport_cpp.dir/rosidl_typesupport_cpp/rogidrive_msg/msg/rogidrive_message__type_support.cpp.o[0m
[9.485s] [ 43%] [32mBuilding CXX object CMakeFiles/rogidrive_msg__rosidl_typesupport_fastrtps_c.dir/rosidl_typesupport_fastrtps_c/rogidrive_msg/msg/detail/rogidrive_message__type_support_c.cpp.o[0m
[10.154s] [ 46%] [32mBuilding CXX object CMakeFiles/rogidrive_msg__rosidl_typesupport_cpp.dir/rosidl_typesupport_cpp/rogidrive_msg/msg/rogidrive_multi_array__type_support.cpp.o[0m
[10.756s] [ 48%] [32mBuilding CXX object CMakeFiles/rogidrive_msg__rosidl_typesupport_fastrtps_c.dir/rosidl_typesupport_fastrtps_c/rogidrive_msg/msg/detail/rogidrive_multi_array__type_support_c.cpp.o[0m
[10.975s] [ 51%] [32m[1mLinking CXX shared library librogidrive_msg__rosidl_typesupport_cpp.so[0m
[11.192s] [ 51%] Built target rogidrive_msg__rosidl_typesupport_cpp
[11.876s] running egg_info
[11.877s] creating rogidrive_msg.egg-info
[11.878s] writing rogidrive_msg.egg-info/PKG-INFO
[11.879s] writing dependency_links to rogidrive_msg.egg-info/dependency_links.txt
[11.880s] writing top-level names to rogidrive_msg.egg-info/top_level.txt
[11.880s] writing manifest file 'rogidrive_msg.egg-info/SOURCES.txt'
[11.883s] reading manifest file 'rogidrive_msg.egg-info/SOURCES.txt'
[11.884s] writing manifest file 'rogidrive_msg.egg-info/SOURCES.txt'
[11.926s] [ 51%] Built target ament_cmake_python_build_rogidrive_msg_egg
[11.945s] [ 53%] [32m[1mLinking CXX shared library librogidrive_msg__rosidl_typesupport_fastrtps_c.so[0m
[11.957s] [ 56%] [34m[1mGenerating C introspection for ROS interfaces[0m
[12.323s] [ 56%] Built target rogidrive_msg__rosidl_typesupport_fastrtps_c
[12.349s] [ 58%] [34m[1mGenerating C type support dispatch for ROS interfaces[0m
[12.528s] [ 61%] [32mBuilding C object CMakeFiles/rogidrive_msg__rosidl_typesupport_introspection_c.dir/rosidl_typesupport_introspection_c/rogidrive_msg/msg/detail/rogidrive_message__type_support.c.o[0m
[12.689s] [ 64%] [32mBuilding C object CMakeFiles/rogidrive_msg__rosidl_typesupport_introspection_c.dir/rosidl_typesupport_introspection_c/rogidrive_msg/msg/detail/rogidrive_multi_array__type_support.c.o[0m
[12.798s] [ 66%] [32mBuilding CXX object CMakeFiles/rogidrive_msg__rosidl_typesupport_c.dir/rosidl_typesupport_c/rogidrive_msg/msg/rogidrive_message__type_support.cpp.o[0m
[12.808s] [ 69%] [32m[1mLinking C shared library librogidrive_msg__rosidl_typesupport_introspection_c.so[0m
[12.910s] [ 71%] [32mBuilding CXX object CMakeFiles/rogidrive_msg__rosidl_typesupport_c.dir/rosidl_typesupport_c/rogidrive_msg/msg/rogidrive_multi_array__type_support.cpp.o[0m
[12.916s] [ 71%] Built target rogidrive_msg__rosidl_typesupport_introspection_c
[12.989s] [ 74%] [32m[1mLinking CXX shared library librogidrive_msg__rosidl_typesupport_c.so[0m
[13.084s] [ 74%] Built target rogidrive_msg__rosidl_typesupport_c
[13.115s] [ 74%] Built target rogidrive_msg
[13.146s] [ 76%] [34m[1mGenerating Python code for ROS interfaces[0m
[13.560s] [ 76%] Built target rogidrive_msg__py
[13.588s] [ 79%] [32mBuilding C object CMakeFiles/rogidrive_msg__rosidl_generator_py.dir/rosidl_generator_py/rogidrive_msg/msg/_rogidrive_message_s.c.o[0m
[13.590s] [ 82%] [32mBuilding C object CMakeFiles/rogidrive_msg__rosidl_generator_py.dir/rosidl_generator_py/rogidrive_msg/msg/_rogidrive_multi_array_s.c.o[0m
[13.853s] [ 84%] [32m[1mLinking C shared library rosidl_generator_py/rogidrive_msg/librogidrive_msg__rosidl_generator_py.so[0m
[13.947s] [ 84%] Built target rogidrive_msg__rosidl_generator_py
[13.982s] [ 87%] [32mBuilding C object CMakeFiles/rogidrive_msg__rosidl_typesupport_fastrtps_c__pyext.dir/rosidl_generator_py/rogidrive_msg/_rogidrive_msg_s.ep.rosidl_typesupport_fastrtps_c.c.o[0m
[14.002s] [ 89%] [32mBuilding C object CMakeFiles/rogidrive_msg__rosidl_typesupport_introspection_c__pyext.dir/rosidl_generator_py/rogidrive_msg/_rogidrive_msg_s.ep.rosidl_typesupport_introspection_c.c.o[0m
[14.339s] [ 92%] [32m[1mLinking C shared library rosidl_generator_py/rogidrive_msg/rogidrive_msg_s__rosidl_typesupport_introspection_c.cpython-310-x86_64-linux-gnu.so[0m
[14.340s] [ 94%] [32m[1mLinking C shared library rosidl_generator_py/rogidrive_msg/rogidrive_msg_s__rosidl_typesupport_fastrtps_c.cpython-310-x86_64-linux-gnu.so[0m
[14.464s] [ 94%] Built target rogidrive_msg__rosidl_typesupport_introspection_c__pyext
[14.466s] [ 94%] Built target rogidrive_msg__rosidl_typesupport_fastrtps_c__pyext
[14.496s] [ 97%] [32mBuilding C object CMakeFiles/rogidrive_msg__rosidl_typesupport_c__pyext.dir/rosidl_generator_py/rogidrive_msg/_rogidrive_msg_s.ep.rosidl_typesupport_c.c.o[0m
[14.750s] [100%] [32m[1mLinking C shared library rosidl_generator_py/rogidrive_msg/rogidrive_msg_s__rosidl_typesupport_c.cpython-310-x86_64-linux-gnu.so[0m
[14.836s] [100%] Built target rogidrive_msg__rosidl_typesupport_c__pyext
[14.850s] Invoked command in '/home/yuki/ros2_ws/src/NHK2025/build/rogidrive_msg' returned '0': CMAKE_PREFIX_PATH=/opt/ros/humble /opt/st/stm32cubeclt_1.16.0/CMake/bin/cmake --build /home/yuki/ros2_ws/src/NHK2025/build/rogidrive_msg -- -j2 -l2
[15.235s] Invoking command in '/home/yuki/ros2_ws/src/NHK2025/build/rogidrive_msg': CMAKE_PREFIX_PATH=/opt/ros/humble /opt/st/stm32cubeclt_1.16.0/CMake/bin/cmake --install /home/yuki/ros2_ws/src/NHK2025/build/rogidrive_msg
[15.249s] -- Install configuration: ""
[15.254s] -- Installing: /home/yuki/ros2_ws/src/NHK2025/install/rogidrive_msg/share/ament_index/resource_index/rosidl_interfaces/rogidrive_msg
[15.255s] -- Installing: /home/yuki/ros2_ws/src/NHK2025/install/rogidrive_msg/include/rogidrive_msg/rogidrive_msg
[15.255s] -- Installing: /home/yuki/ros2_ws/src/NHK2025/install/rogidrive_msg/include/rogidrive_msg/rogidrive_msg/msg
[15.256s] -- Installing: /home/yuki/ros2_ws/src/NHK2025/install/rogidrive_msg/include/rogidrive_msg/rogidrive_msg/msg/rogidrive_message.h
[15.258s] -- Installing: /home/yuki/ros2_ws/src/NHK2025/install/rogidrive_msg/include/rogidrive_msg/rogidrive_msg/msg/rogidrive_multi_array.h
[15.258s] -- Installing: /home/yuki/ros2_ws/src/NHK2025/install/rogidrive_msg/include/rogidrive_msg/rogidrive_msg/msg/detail
[15.258s] -- Installing: /home/yuki/ros2_ws/src/NHK2025/install/rogidrive_msg/include/rogidrive_msg/rogidrive_msg/msg/detail/rogidrive_multi_array__type_support.h
[15.258s] -- Installing: /home/yuki/ros2_ws/src/NHK2025/install/rogidrive_msg/include/rogidrive_msg/rogidrive_msg/msg/detail/rogidrive_message__type_support.h
[15.258s] -- Installing: /home/yuki/ros2_ws/src/NHK2025/install/rogidrive_msg/include/rogidrive_msg/rogidrive_msg/msg/detail/rogidrive_multi_array__struct.h
[15.258s] -- Installing: /home/yuki/ros2_ws/src/NHK2025/install/rogidrive_msg/include/rogidrive_msg/rogidrive_msg/msg/detail/rogidrive_message__struct.h
[15.259s] -- Installing: /home/yuki/ros2_ws/src/NHK2025/install/rogidrive_msg/include/rogidrive_msg/rogidrive_msg/msg/detail/rogidrive_multi_array__functions.h
[15.259s] -- Installing: /home/yuki/ros2_ws/src/NHK2025/install/rogidrive_msg/include/rogidrive_msg/rogidrive_msg/msg/detail/rogidrive_message__functions.c
[15.259s] -- Installing: /home/yuki/ros2_ws/src/NHK2025/install/rogidrive_msg/include/rogidrive_msg/rogidrive_msg/msg/detail/rogidrive_message__functions.h
[15.261s] -- Installing: /home/yuki/ros2_ws/src/NHK2025/install/rogidrive_msg/include/rogidrive_msg/rogidrive_msg/msg/detail/rogidrive_multi_array__functions.c
[15.262s] -- Installing: /home/yuki/ros2_ws/src/NHK2025/install/rogidrive_msg/include/rogidrive_msg/rogidrive_msg/msg/rosidl_generator_c__visibility_control.h
[15.262s] -- Installing: /home/yuki/ros2_ws/src/NHK2025/install/rogidrive_msg/share/rogidrive_msg/environment/library_path.sh
[15.262s] -- Installing: /home/yuki/ros2_ws/src/NHK2025/install/rogidrive_msg/share/rogidrive_msg/environment/library_path.dsv
[15.262s] -- Installing: /home/yuki/ros2_ws/src/NHK2025/install/rogidrive_msg/lib/librogidrive_msg__rosidl_generator_c.so
[15.266s] -- Set non-toolchain portion of runtime path of "/home/yuki/ros2_ws/src/NHK2025/install/rogidrive_msg/lib/librogidrive_msg__rosidl_generator_c.so" to ""
[15.266s] -- Up-to-date: /home/yuki/ros2_ws/src/NHK2025/install/rogidrive_msg/include/rogidrive_msg/rogidrive_msg
[15.267s] -- Up-to-date: /home/yuki/ros2_ws/src/NHK2025/install/rogidrive_msg/include/rogidrive_msg/rogidrive_msg/msg
[15.267s] -- Up-to-date: /home/yuki/ros2_ws/src/NHK2025/install/rogidrive_msg/include/rogidrive_msg/rogidrive_msg/msg/detail
[15.267s] -- Installing: /home/yuki/ros2_ws/src/NHK2025/install/rogidrive_msg/include/rogidrive_msg/rogidrive_msg/msg/detail/rogidrive_multi_array__rosidl_typesupport_fastrtps_c.h
[15.268s] -- Installing: /home/yuki/ros2_ws/src/NHK2025/install/rogidrive_msg/include/rogidrive_msg/rogidrive_msg/msg/detail/rogidrive_message__rosidl_typesupport_fastrtps_c.h
[15.269s] -- Installing: /home/yuki/ros2_ws/src/NHK2025/install/rogidrive_msg/include/rogidrive_msg/rogidrive_msg/msg/rosidl_typesupport_fastrtps_c__visibility_control.h
[15.269s] -- Installing: /home/yuki/ros2_ws/src/NHK2025/install/rogidrive_msg/lib/librogidrive_msg__rosidl_typesupport_fastrtps_c.so
[15.273s] -- Set non-toolchain portion of runtime path of "/home/yuki/ros2_ws/src/NHK2025/install/rogidrive_msg/lib/librogidrive_msg__rosidl_typesupport_fastrtps_c.so" to ""
[15.274s] -- Up-to-date: /home/yuki/ros2_ws/src/NHK2025/install/rogidrive_msg/include/rogidrive_msg/rogidrive_msg
[15.274s] -- Up-to-date: /home/yuki/ros2_ws/src/NHK2025/install/rogidrive_msg/include/rogidrive_msg/rogidrive_msg/msg
[15.276s] -- Up-to-date: /home/yuki/ros2_ws/src/NHK2025/install/rogidrive_msg/include/rogidrive_msg/rogidrive_msg/msg/detail
[15.276s] -- Installing: /home/yuki/ros2_ws/src/NHK2025/install/rogidrive_msg/include/rogidrive_msg/rogidrive_msg/msg/detail/rogidrive_message__builder.hpp
[15.277s] -- Installing: /home/yuki/ros2_ws/src/NHK2025/install/rogidrive_msg/include/rogidrive_msg/rogidrive_msg/msg/detail/rogidrive_message__struct.hpp
[15.278s] -- Installing: /home/yuki/ros2_ws/src/NHK2025/install/rogidrive_msg/include/rogidrive_msg/rogidrive_msg/msg/detail/rogidrive_multi_array__traits.hpp
[15.278s] -- Installing: /home/yuki/ros2_ws/src/NHK2025/install/rogidrive_msg/include/rogidrive_msg/rogidrive_msg/msg/detail/rogidrive_multi_array__struct.hpp
[15.278s] -- Installing: /home/yuki/ros2_ws/src/NHK2025/install/rogidrive_msg/include/rogidrive_msg/rogidrive_msg/msg/detail/rogidrive_message__traits.hpp
[15.278s] -- Installing: /home/yuki/ros2_ws/src/NHK2025/install/rogidrive_msg/include/rogidrive_msg/rogidrive_msg/msg/detail/rogidrive_multi_array__builder.hpp
[15.278s] -- Installing: /home/yuki/ros2_ws/src/NHK2025/install/rogidrive_msg/include/rogidrive_msg/rogidrive_msg/msg/rogidrive_message.hpp
[15.281s] -- Installing: /home/yuki/ros2_ws/src/NHK2025/install/rogidrive_msg/include/rogidrive_msg/rogidrive_msg/msg/rogidrive_multi_array.hpp
[15.283s] -- Up-to-date: /home/yuki/ros2_ws/src/NHK2025/install/rogidrive_msg/include/rogidrive_msg/rogidrive_msg
[15.284s] -- Up-to-date: /home/yuki/ros2_ws/src/NHK2025/install/rogidrive_msg/include/rogidrive_msg/rogidrive_msg/msg
[15.284s] -- Up-to-date: /home/yuki/ros2_ws/src/NHK2025/install/rogidrive_msg/include/rogidrive_msg/rogidrive_msg/msg/detail
[15.284s] -- Installing: /home/yuki/ros2_ws/src/NHK2025/install/rogidrive_msg/include/rogidrive_msg/rogidrive_msg/msg/detail/rogidrive_message__rosidl_typesupport_fastrtps_cpp.hpp
[15.284s] -- Installing: /home/yuki/ros2_ws/src/NHK2025/install/rogidrive_msg/include/rogidrive_msg/rogidrive_msg/msg/detail/rogidrive_multi_array__rosidl_typesupport_fastrtps_cpp.hpp
[15.284s] -- Installing: /home/yuki/ros2_ws/src/NHK2025/install/rogidrive_msg/include/rogidrive_msg/rogidrive_msg/msg/detail/dds_fastrtps
[15.284s] -- Installing: /home/yuki/ros2_ws/src/NHK2025/install/rogidrive_msg/include/rogidrive_msg/rogidrive_msg/msg/rosidl_typesupport_fastrtps_cpp__visibility_control.h
[15.284s] -- Installing: /home/yuki/ros2_ws/src/NHK2025/install/rogidrive_msg/lib/librogidrive_msg__rosidl_typesupport_fastrtps_cpp.so
[15.287s] -- Set non-toolchain portion of runtime path of "/home/yuki/ros2_ws/src/NHK2025/install/rogidrive_msg/lib/librogidrive_msg__rosidl_typesupport_fastrtps_cpp.so" to ""
[15.287s] -- Up-to-date: /home/yuki/ros2_ws/src/NHK2025/install/rogidrive_msg/include/rogidrive_msg/rogidrive_msg
[15.288s] -- Up-to-date: /home/yuki/ros2_ws/src/NHK2025/install/rogidrive_msg/include/rogidrive_msg/rogidrive_msg/msg
[15.288s] -- Up-to-date: /home/yuki/ros2_ws/src/NHK2025/install/rogidrive_msg/include/rogidrive_msg/rogidrive_msg/msg/detail
[15.289s] -- Installing: /home/yuki/ros2_ws/src/NHK2025/install/rogidrive_msg/include/rogidrive_msg/rogidrive_msg/msg/detail/rogidrive_multi_array__type_support.c
[15.289s] -- Installing: /home/yuki/ros2_ws/src/NHK2025/install/rogidrive_msg/include/rogidrive_msg/rogidrive_msg/msg/detail/rogidrive_multi_array__rosidl_typesupport_introspection_c.h
[15.289s] -- Installing: /home/yuki/ros2_ws/src/NHK2025/install/rogidrive_msg/include/rogidrive_msg/rogidrive_msg/msg/detail/rogidrive_message__rosidl_typesupport_introspection_c.h
[15.290s] -- Installing: /home/yuki/ros2_ws/src/NHK2025/install/rogidrive_msg/include/rogidrive_msg/rogidrive_msg/msg/detail/rogidrive_message__type_support.c
[15.291s] -- Installing: /home/yuki/ros2_ws/src/NHK2025/install/rogidrive_msg/include/rogidrive_msg/rogidrive_msg/msg/rosidl_typesupport_introspection_c__visibility_control.h
[15.293s] -- Installing: /home/yuki/ros2_ws/src/NHK2025/install/rogidrive_msg/lib/librogidrive_msg__rosidl_typesupport_introspection_c.so
[15.297s] -- Set non-toolchain portion of runtime path of "/home/yuki/ros2_ws/src/NHK2025/install/rogidrive_msg/lib/librogidrive_msg__rosidl_typesupport_introspection_c.so" to ""
[15.298s] -- Installing: /home/yuki/ros2_ws/src/NHK2025/install/rogidrive_msg/lib/librogidrive_msg__rosidl_typesupport_c.so
[15.301s] -- Set non-toolchain portion of runtime path of "/home/yuki/ros2_ws/src/NHK2025/install/rogidrive_msg/lib/librogidrive_msg__rosidl_typesupport_c.so" to ""
[15.302s] -- Up-to-date: /home/yuki/ros2_ws/src/NHK2025/install/rogidrive_msg/include/rogidrive_msg/rogidrive_msg
[15.302s] -- Up-to-date: /home/yuki/ros2_ws/src/NHK2025/install/rogidrive_msg/include/rogidrive_msg/rogidrive_msg/msg
[15.303s] -- Up-to-date: /home/yuki/ros2_ws/src/NHK2025/install/rogidrive_msg/include/rogidrive_msg/rogidrive_msg/msg/detail
[15.303s] -- Installing: /home/yuki/ros2_ws/src/NHK2025/install/rogidrive_msg/include/rogidrive_msg/rogidrive_msg/msg/detail/rogidrive_message__type_support.cpp
[15.303s] -- Installing: /home/yuki/ros2_ws/src/NHK2025/install/rogidrive_msg/include/rogidrive_msg/rogidrive_msg/msg/detail/rogidrive_multi_array__rosidl_typesupport_introspection_cpp.hpp
[15.305s] -- Installing: /home/yuki/ros2_ws/src/NHK2025/install/rogidrive_msg/include/rogidrive_msg/rogidrive_msg/msg/detail/rogidrive_multi_array__type_support.cpp
[15.307s] -- Installing: /home/yuki/ros2_ws/src/NHK2025/install/rogidrive_msg/include/rogidrive_msg/rogidrive_msg/msg/detail/rogidrive_message__rosidl_typesupport_introspection_cpp.hpp
[15.308s] -- Installing: /home/yuki/ros2_ws/src/NHK2025/install/rogidrive_msg/lib/librogidrive_msg__rosidl_typesupport_introspection_cpp.so
[15.311s] -- Set non-toolchain portion of runtime path of "/home/yuki/ros2_ws/src/NHK2025/install/rogidrive_msg/lib/librogidrive_msg__rosidl_typesupport_introspection_cpp.so" to ""
[15.311s] -- Installing: /home/yuki/ros2_ws/src/NHK2025/install/rogidrive_msg/lib/librogidrive_msg__rosidl_typesupport_cpp.so
[15.314s] -- Set non-toolchain portion of runtime path of "/home/yuki/ros2_ws/src/NHK2025/install/rogidrive_msg/lib/librogidrive_msg__rosidl_typesupport_cpp.so" to ""
[15.315s] -- Installing: /home/yuki/ros2_ws/src/NHK2025/install/rogidrive_msg/share/rogidrive_msg/environment/pythonpath.sh
[15.315s] -- Installing: /home/yuki/ros2_ws/src/NHK2025/install/rogidrive_msg/share/rogidrive_msg/environment/pythonpath.dsv
[15.316s] -- Installing: /home/yuki/ros2_ws/src/NHK2025/install/rogidrive_msg/local/lib/python3.10/dist-packages/rogidrive_msg-0.0.0-py3.10.egg-info
[15.317s] -- Installing: /home/yuki/ros2_ws/src/NHK2025/install/rogidrive_msg/local/lib/python3.10/dist-packages/rogidrive_msg-0.0.0-py3.10.egg-info/dependency_links.txt
[15.317s] -- Installing: /home/yuki/ros2_ws/src/NHK2025/install/rogidrive_msg/local/lib/python3.10/dist-packages/rogidrive_msg-0.0.0-py3.10.egg-info/SOURCES.txt
[15.317s] -- Installing: /home/yuki/ros2_ws/src/NHK2025/install/rogidrive_msg/local/lib/python3.10/dist-packages/rogidrive_msg-0.0.0-py3.10.egg-info/PKG-INFO
[15.318s] -- Installing: /home/yuki/ros2_ws/src/NHK2025/install/rogidrive_msg/local/lib/python3.10/dist-packages/rogidrive_msg-0.0.0-py3.10.egg-info/top_level.txt
[15.319s] -- Installing: /home/yuki/ros2_ws/src/NHK2025/install/rogidrive_msg/local/lib/python3.10/dist-packages/rogidrive_msg
[15.319s] -- Installing: /home/yuki/ros2_ws/src/NHK2025/install/rogidrive_msg/local/lib/python3.10/dist-packages/rogidrive_msg/_rogidrive_msg_s.ep.rosidl_typesupport_fastrtps_c.c
[15.320s] -- Installing: /home/yuki/ros2_ws/src/NHK2025/install/rogidrive_msg/local/lib/python3.10/dist-packages/rogidrive_msg/rogidrive_msg_s__rosidl_typesupport_introspection_c.cpython-310-x86_64-linux-gnu.so
[15.321s] -- Installing: /home/yuki/ros2_ws/src/NHK2025/install/rogidrive_msg/local/lib/python3.10/dist-packages/rogidrive_msg/_rogidrive_msg_s.ep.rosidl_typesupport_introspection_c.c
[15.323s] -- Installing: /home/yuki/ros2_ws/src/NHK2025/install/rogidrive_msg/local/lib/python3.10/dist-packages/rogidrive_msg/rogidrive_msg_s__rosidl_typesupport_c.cpython-310-x86_64-linux-gnu.so
[15.324s] -- Installing: /home/yuki/ros2_ws/src/NHK2025/install/rogidrive_msg/local/lib/python3.10/dist-packages/rogidrive_msg/_rogidrive_msg_s.ep.rosidl_typesupport_c.c
[15.326s] -- Installing: /home/yuki/ros2_ws/src/NHK2025/install/rogidrive_msg/local/lib/python3.10/dist-packages/rogidrive_msg/librogidrive_msg__rosidl_generator_py.so
[15.326s] -- Installing: /home/yuki/ros2_ws/src/NHK2025/install/rogidrive_msg/local/lib/python3.10/dist-packages/rogidrive_msg/rogidrive_msg_s__rosidl_typesupport_fastrtps_c.cpython-310-x86_64-linux-gnu.so
[15.328s] -- Installing: /home/yuki/ros2_ws/src/NHK2025/install/rogidrive_msg/local/lib/python3.10/dist-packages/rogidrive_msg/msg
[15.328s] -- Installing: /home/yuki/ros2_ws/src/NHK2025/install/rogidrive_msg/local/lib/python3.10/dist-packages/rogidrive_msg/msg/_rogidrive_multi_array.py
[15.328s] -- Installing: /home/yuki/ros2_ws/src/NHK2025/install/rogidrive_msg/local/lib/python3.10/dist-packages/rogidrive_msg/msg/_rogidrive_message.py
[15.328s] -- Installing: /home/yuki/ros2_ws/src/NHK2025/install/rogidrive_msg/local/lib/python3.10/dist-packages/rogidrive_msg/msg/_rogidrive_message_s.c
[15.328s] -- Installing: /home/yuki/ros2_ws/src/NHK2025/install/rogidrive_msg/local/lib/python3.10/dist-packages/rogidrive_msg/msg/_rogidrive_multi_array_s.c
[15.328s] -- Installing: /home/yuki/ros2_ws/src/NHK2025/install/rogidrive_msg/local/lib/python3.10/dist-packages/rogidrive_msg/msg/__init__.py
[15.329s] -- Installing: /home/yuki/ros2_ws/src/NHK2025/install/rogidrive_msg/local/lib/python3.10/dist-packages/rogidrive_msg/__init__.py
[15.383s] Listing '/home/yuki/ros2_ws/src/NHK2025/install/rogidrive_msg/local/lib/python3.10/dist-packages/rogidrive_msg'...
[15.384s] Compiling '/home/yuki/ros2_ws/src/NHK2025/install/rogidrive_msg/local/lib/python3.10/dist-packages/rogidrive_msg/__init__.py'...
[15.384s] Listing '/home/yuki/ros2_ws/src/NHK2025/install/rogidrive_msg/local/lib/python3.10/dist-packages/rogidrive_msg/msg'...
[15.385s] Compiling '/home/yuki/ros2_ws/src/NHK2025/install/rogidrive_msg/local/lib/python3.10/dist-packages/rogidrive_msg/msg/__init__.py'...
[15.385s] Compiling '/home/yuki/ros2_ws/src/NHK2025/install/rogidrive_msg/local/lib/python3.10/dist-packages/rogidrive_msg/msg/_rogidrive_message.py'...
[15.385s] Compiling '/home/yuki/ros2_ws/src/NHK2025/install/rogidrive_msg/local/lib/python3.10/dist-packages/rogidrive_msg/msg/_rogidrive_multi_array.py'...
[15.391s] -- Installing: /home/yuki/ros2_ws/src/NHK2025/install/rogidrive_msg/local/lib/python3.10/dist-packages/rogidrive_msg/rogidrive_msg_s__rosidl_typesupport_fastrtps_c.cpython-310-x86_64-linux-gnu.so
[15.392s] -- Set non-toolchain portion of runtime path of "/home/yuki/ros2_ws/src/NHK2025/install/rogidrive_msg/local/lib/python3.10/dist-packages/rogidrive_msg/rogidrive_msg_s__rosidl_typesupport_fastrtps_c.cpython-310-x86_64-linux-gnu.so" to ""
[15.396s] -- Installing: /home/yuki/ros2_ws/src/NHK2025/install/rogidrive_msg/local/lib/python3.10/dist-packages/rogidrive_msg/rogidrive_msg_s__rosidl_typesupport_introspection_c.cpython-310-x86_64-linux-gnu.so
[15.397s] -- Set non-toolchain portion of runtime path of "/home/yuki/ros2_ws/src/NHK2025/install/rogidrive_msg/local/lib/python3.10/dist-packages/rogidrive_msg/rogidrive_msg_s__rosidl_typesupport_introspection_c.cpython-310-x86_64-linux-gnu.so" to ""
[15.399s] -- Installing: /home/yuki/ros2_ws/src/NHK2025/install/rogidrive_msg/local/lib/python3.10/dist-packages/rogidrive_msg/rogidrive_msg_s__rosidl_typesupport_c.cpython-310-x86_64-linux-gnu.so
[15.401s] -- Set non-toolchain portion of runtime path of "/home/yuki/ros2_ws/src/NHK2025/install/rogidrive_msg/local/lib/python3.10/dist-packages/rogidrive_msg/rogidrive_msg_s__rosidl_typesupport_c.cpython-310-x86_64-linux-gnu.so" to ""
[15.401s] -- Installing: /home/yuki/ros2_ws/src/NHK2025/install/rogidrive_msg/lib/librogidrive_msg__rosidl_generator_py.so
[15.402s] -- Set non-toolchain portion of runtime path of "/home/yuki/ros2_ws/src/NHK2025/install/rogidrive_msg/lib/librogidrive_msg__rosidl_generator_py.so" to ""
[15.403s] -- Installing: /home/yuki/ros2_ws/src/NHK2025/install/rogidrive_msg/share/rogidrive_msg/msg/RogidriveMessage.idl
[15.404s] -- Installing: /home/yuki/ros2_ws/src/NHK2025/install/rogidrive_msg/share/rogidrive_msg/msg/RogidriveMultiArray.idl
[15.404s] -- Installing: /home/yuki/ros2_ws/src/NHK2025/install/rogidrive_msg/share/rogidrive_msg/msg/RogidriveMessage.msg
[15.404s] -- Installing: /home/yuki/ros2_ws/src/NHK2025/install/rogidrive_msg/share/rogidrive_msg/msg/RogidriveMultiArray.msg
[15.407s] -- Installing: /home/yuki/ros2_ws/src/NHK2025/install/rogidrive_msg/share/ament_index/resource_index/package_run_dependencies/rogidrive_msg
[15.408s] -- Installing: /home/yuki/ros2_ws/src/NHK2025/install/rogidrive_msg/share/ament_index/resource_index/parent_prefix_path/rogidrive_msg
[15.409s] -- Installing: /home/yuki/ros2_ws/src/NHK2025/install/rogidrive_msg/share/rogidrive_msg/environment/ament_prefix_path.sh
[15.409s] -- Installing: /home/yuki/ros2_ws/src/NHK2025/install/rogidrive_msg/share/rogidrive_msg/environment/ament_prefix_path.dsv
[15.410s] -- Installing: /home/yuki/ros2_ws/src/NHK2025/install/rogidrive_msg/share/rogidrive_msg/environment/path.sh
[15.410s] -- Installing: /home/yuki/ros2_ws/src/NHK2025/install/rogidrive_msg/share/rogidrive_msg/environment/path.dsv
[15.411s] -- Installing: /home/yuki/ros2_ws/src/NHK2025/install/rogidrive_msg/share/rogidrive_msg/local_setup.bash
[15.411s] -- Installing: /home/yuki/ros2_ws/src/NHK2025/install/rogidrive_msg/share/rogidrive_msg/local_setup.sh
[15.412s] -- Installing: /home/yuki/ros2_ws/src/NHK2025/install/rogidrive_msg/share/rogidrive_msg/local_setup.zsh
[15.412s] -- Installing: /home/yuki/ros2_ws/src/NHK2025/install/rogidrive_msg/share/rogidrive_msg/local_setup.dsv
[15.412s] -- Installing: /home/yuki/ros2_ws/src/NHK2025/install/rogidrive_msg/share/rogidrive_msg/package.dsv
[15.413s] -- Installing: /home/yuki/ros2_ws/src/NHK2025/install/rogidrive_msg/share/ament_index/resource_index/packages/rogidrive_msg
[15.413s] -- Installing: /home/yuki/ros2_ws/src/NHK2025/install/rogidrive_msg/share/rogidrive_msg/cmake/export_rogidrive_msg__rosidl_generator_cExport.cmake
[15.414s] -- Installing: /home/yuki/ros2_ws/src/NHK2025/install/rogidrive_msg/share/rogidrive_msg/cmake/export_rogidrive_msg__rosidl_generator_cExport-noconfig.cmake
[15.415s] -- Installing: /home/yuki/ros2_ws/src/NHK2025/install/rogidrive_msg/share/rogidrive_msg/cmake/export_rogidrive_msg__rosidl_typesupport_fastrtps_cExport.cmake
[15.415s] -- Installing: /home/yuki/ros2_ws/src/NHK2025/install/rogidrive_msg/share/rogidrive_msg/cmake/export_rogidrive_msg__rosidl_typesupport_fastrtps_cExport-noconfig.cmake
[15.415s] -- Installing: /home/yuki/ros2_ws/src/NHK2025/install/rogidrive_msg/share/rogidrive_msg/cmake/export_rogidrive_msg__rosidl_generator_cppExport.cmake
[15.415s] -- Installing: /home/yuki/ros2_ws/src/NHK2025/install/rogidrive_msg/share/rogidrive_msg/cmake/export_rogidrive_msg__rosidl_typesupport_fastrtps_cppExport.cmake
[15.415s] -- Installing: /home/yuki/ros2_ws/src/NHK2025/install/rogidrive_msg/share/rogidrive_msg/cmake/export_rogidrive_msg__rosidl_typesupport_fastrtps_cppExport-noconfig.cmake
[15.417s] -- Installing: /home/yuki/ros2_ws/src/NHK2025/install/rogidrive_msg/share/rogidrive_msg/cmake/rogidrive_msg__rosidl_typesupport_introspection_cExport.cmake
[15.417s] -- Installing: /home/yuki/ros2_ws/src/NHK2025/install/rogidrive_msg/share/rogidrive_msg/cmake/rogidrive_msg__rosidl_typesupport_introspection_cExport-noconfig.cmake
[15.417s] -- Installing: /home/yuki/ros2_ws/src/NHK2025/install/rogidrive_msg/share/rogidrive_msg/cmake/rogidrive_msg__rosidl_typesupport_cExport.cmake
[15.418s] -- Installing: /home/yuki/ros2_ws/src/NHK2025/install/rogidrive_msg/share/rogidrive_msg/cmake/rogidrive_msg__rosidl_typesupport_cExport-noconfig.cmake
[15.418s] -- Installing: /home/yuki/ros2_ws/src/NHK2025/install/rogidrive_msg/share/rogidrive_msg/cmake/rogidrive_msg__rosidl_typesupport_introspection_cppExport.cmake
[15.418s] -- Installing: /home/yuki/ros2_ws/src/NHK2025/install/rogidrive_msg/share/rogidrive_msg/cmake/rogidrive_msg__rosidl_typesupport_introspection_cppExport-noconfig.cmake
[15.418s] -- Installing: /home/yuki/ros2_ws/src/NHK2025/install/rogidrive_msg/share/rogidrive_msg/cmake/rogidrive_msg__rosidl_typesupport_cppExport.cmake
[15.418s] -- Installing: /home/yuki/ros2_ws/src/NHK2025/install/rogidrive_msg/share/rogidrive_msg/cmake/rogidrive_msg__rosidl_typesupport_cppExport-noconfig.cmake
[15.419s] -- Installing: /home/yuki/ros2_ws/src/NHK2025/install/rogidrive_msg/share/rogidrive_msg/cmake/export_rogidrive_msg__rosidl_generator_pyExport.cmake
[15.421s] -- Installing: /home/yuki/ros2_ws/src/NHK2025/install/rogidrive_msg/share/rogidrive_msg/cmake/export_rogidrive_msg__rosidl_generator_pyExport-noconfig.cmake
[15.423s] -- Installing: /home/yuki/ros2_ws/src/NHK2025/install/rogidrive_msg/share/rogidrive_msg/cmake/rosidl_cmake-extras.cmake
[15.423s] -- Installing: /home/yuki/ros2_ws/src/NHK2025/install/rogidrive_msg/share/rogidrive_msg/cmake/ament_cmake_export_dependencies-extras.cmake
[15.424s] -- Installing: /home/yuki/ros2_ws/src/NHK2025/install/rogidrive_msg/share/rogidrive_msg/cmake/ament_cmake_export_include_directories-extras.cmake
[15.424s] -- Installing: /home/yuki/ros2_ws/src/NHK2025/install/rogidrive_msg/share/rogidrive_msg/cmake/ament_cmake_export_libraries-extras.cmake
[15.424s] -- Installing: /home/yuki/ros2_ws/src/NHK2025/install/rogidrive_msg/share/rogidrive_msg/cmake/ament_cmake_export_targets-extras.cmake
[15.424s] -- Installing: /home/yuki/ros2_ws/src/NHK2025/install/rogidrive_msg/share/rogidrive_msg/cmake/rosidl_cmake_export_typesupport_targets-extras.cmake
[15.424s] -- Installing: /home/yuki/ros2_ws/src/NHK2025/install/rogidrive_msg/share/rogidrive_msg/cmake/rosidl_cmake_export_typesupport_libraries-extras.cmake
[15.424s] -- Installing: /home/yuki/ros2_ws/src/NHK2025/install/rogidrive_msg/share/rogidrive_msg/cmake/rogidrive_msgConfig.cmake
[15.424s] -- Installing: /home/yuki/ros2_ws/src/NHK2025/install/rogidrive_msg/share/rogidrive_msg/cmake/rogidrive_msgConfig-version.cmake
[15.426s] -- Installing: /home/yuki/ros2_ws/src/NHK2025/install/rogidrive_msg/share/rogidrive_msg/package.xml
[15.431s] Invoked command in '/home/yuki/ros2_ws/src/NHK2025/build/rogidrive_msg' returned '0': CMAKE_PREFIX_PATH=/opt/ros/humble /opt/st/stm32cubeclt_1.16.0/CMake/bin/cmake --install /home/yuki/ros2_ws/src/NHK2025/build/rogidrive_msg
