[0.120s] DEBUG:colcon:Command line arguments: ['/usr/bin/colcon', 'build']
[0.120s] DEBUG:colcon:Parsed command line arguments: Namespace(log_base=None, log_level=None, verb_name='build', build_base='build', install_base='install', merge_install=False, symlink_install=False, test_result_base=None, continue_on_error=False, executor='parallel', parallel_workers=2, event_handlers=None, ignore_user_meta=False, metas=['./colcon.meta'], base_paths=['.'], packages_ignore=None, packages_ignore_regex=None, paths=None, packages_up_to=None, packages_up_to_regex=None, packages_above=None, packages_above_and_dependencies=None, packages_above_depth=None, packages_select_by_dep=None, packages_skip_by_dep=None, packages_skip_up_to=None, packages_select_build_failed=False, packages_skip_build_finished=False, packages_select_test_failures=False, packages_skip_test_passed=False, packages_select=None, packages_skip=None, packages_select_regex=None, packages_skip_regex=None, packages_start=None, packages_end=None, allow_overriding=[], cmake_args=None, cmake_target=None, cmake_target_skip_unavailable=False, cmake_clean_cache=False, cmake_clean_first=False, cmake_force_configure=False, ament_cmake_args=None, catkin_cmake_args=None, catkin_skip_building_tests=False, mixin_files=None, mixin=None, verb_parser=<colcon_mixin.mixin.mixin_argument.MixinArgumentDecorator object at 0x7875b013e5f0>, verb_extension=<colcon_core.verb.build.BuildVerb object at 0x7875b013e140>, main=<bound method BuildVerb.main of <colcon_core.verb.build.BuildVerb object at 0x7875b013e140>>, mixin_verb=('build',))
[0.312s] Level 1:colcon.colcon_core.package_discovery:discover_packages(colcon_meta) check parameters
[0.312s] Level 1:colcon.colcon_core.package_discovery:discover_packages(recursive) check parameters
[0.312s] Level 1:colcon.colcon_core.package_discovery:discover_packages(ignore) check parameters
[0.312s] Level 1:colcon.colcon_core.package_discovery:discover_packages(path) check parameters
[0.312s] Level 1:colcon.colcon_core.package_discovery:discover_packages(colcon_meta) discover
[0.312s] Level 1:colcon.colcon_core.package_discovery:discover_packages(recursive) discover
[0.312s] INFO:colcon.colcon_core.package_discovery:Crawling recursively for packages in '/home/yuki/ros2_ws/src/NHK2025'
[0.312s] Level 1:colcon.colcon_core.package_identification:_identify(.) by extensions ['ignore', 'ignore_ament_install']
[0.312s] Level 1:colcon.colcon_core.package_identification:_identify(.) by extension 'ignore'
[0.312s] Level 1:colcon.colcon_core.package_identification:_identify(.) by extension 'ignore_ament_install'
[0.312s] Level 1:colcon.colcon_core.package_identification:_identify(.) by extensions ['colcon_pkg']
[0.312s] Level 1:colcon.colcon_core.package_identification:_identify(.) by extension 'colcon_pkg'
[0.312s] Level 1:colcon.colcon_core.package_identification:_identify(.) by extensions ['colcon_meta']
[0.312s] Level 1:colcon.colcon_core.package_identification:_identify(.) by extension 'colcon_meta'
[0.312s] Level 1:colcon.colcon_core.package_identification:_identify(.) by extensions ['ros']
[0.312s] Level 1:colcon.colcon_core.package_identification:_identify(.) by extension 'ros'
[0.323s] Level 1:colcon.colcon_core.package_identification:_identify(.) by extensions ['cmake', 'python']
[0.323s] Level 1:colcon.colcon_core.package_identification:_identify(.) by extension 'cmake'
[0.323s] Level 1:colcon.colcon_core.package_identification:_identify(.) by extension 'python'
[0.323s] Level 1:colcon.colcon_core.package_identification:_identify(.) by extensions ['python_setup_py']
[0.323s] Level 1:colcon.colcon_core.package_identification:_identify(.) by extension 'python_setup_py'
[0.324s] Level 1:colcon.colcon_core.package_identification:_identify(build) by extensions ['ignore', 'ignore_ament_install']
[0.324s] Level 1:colcon.colcon_core.package_identification:_identify(build) by extension 'ignore'
[0.324s] Level 1:colcon.colcon_core.package_identification:_identify(build) ignored
[0.324s] Level 1:colcon.colcon_core.package_identification:_identify(install) by extensions ['ignore', 'ignore_ament_install']
[0.324s] Level 1:colcon.colcon_core.package_identification:_identify(install) by extension 'ignore'
[0.324s] Level 1:colcon.colcon_core.package_identification:_identify(install) ignored
[0.324s] Level 1:colcon.colcon_core.package_identification:_identify(log) by extensions ['ignore', 'ignore_ament_install']
[0.324s] Level 1:colcon.colcon_core.package_identification:_identify(log) by extension 'ignore'
[0.324s] Level 1:colcon.colcon_core.package_identification:_identify(log) ignored
[0.324s] Level 1:colcon.colcon_core.package_identification:_identify(rogidrive) by extensions ['ignore', 'ignore_ament_install']
[0.324s] Level 1:colcon.colcon_core.package_identification:_identify(rogidrive) by extension 'ignore'
[0.324s] Level 1:colcon.colcon_core.package_identification:_identify(rogidrive) by extension 'ignore_ament_install'
[0.325s] Level 1:colcon.colcon_core.package_identification:_identify(rogidrive) by extensions ['colcon_pkg']
[0.325s] Level 1:colcon.colcon_core.package_identification:_identify(rogidrive) by extension 'colcon_pkg'
[0.325s] Level 1:colcon.colcon_core.package_identification:_identify(rogidrive) by extensions ['colcon_meta']
[0.325s] Level 1:colcon.colcon_core.package_identification:_identify(rogidrive) by extension 'colcon_meta'
[0.325s] Level 1:colcon.colcon_core.package_identification:_identify(rogidrive) by extensions ['ros']
[0.325s] Level 1:colcon.colcon_core.package_identification:_identify(rogidrive) by extension 'ros'
[0.325s] Level 1:colcon.colcon_core.package_identification:_identify(rogidrive) by extensions ['cmake', 'python']
[0.325s] Level 1:colcon.colcon_core.package_identification:_identify(rogidrive) by extension 'cmake'
[0.325s] Level 1:colcon.colcon_core.package_identification:_identify(rogidrive) by extension 'python'
[0.325s] Level 1:colcon.colcon_core.package_identification:_identify(rogidrive) by extensions ['python_setup_py']
[0.325s] Level 1:colcon.colcon_core.package_identification:_identify(rogidrive) by extension 'python_setup_py'
[0.326s] Level 1:colcon.colcon_core.package_identification:_identify(rogidrive/rogidrive) by extensions ['ignore', 'ignore_ament_install']
[0.326s] Level 1:colcon.colcon_core.package_identification:_identify(rogidrive/rogidrive) by extension 'ignore'
[0.326s] Level 1:colcon.colcon_core.package_identification:_identify(rogidrive/rogidrive) by extension 'ignore_ament_install'
[0.326s] Level 1:colcon.colcon_core.package_identification:_identify(rogidrive/rogidrive) by extensions ['colcon_pkg']
[0.326s] Level 1:colcon.colcon_core.package_identification:_identify(rogidrive/rogidrive) by extension 'colcon_pkg'
[0.326s] Level 1:colcon.colcon_core.package_identification:_identify(rogidrive/rogidrive) by extensions ['colcon_meta']
[0.326s] Level 1:colcon.colcon_core.package_identification:_identify(rogidrive/rogidrive) by extension 'colcon_meta'
[0.326s] Level 1:colcon.colcon_core.package_identification:_identify(rogidrive/rogidrive) by extensions ['ros']
[0.326s] Level 1:colcon.colcon_core.package_identification:_identify(rogidrive/rogidrive) by extension 'ros'
[0.328s] DEBUG:colcon.colcon_core.package_identification:Package 'rogidrive/rogidrive' with type 'ros.ament_python' and name 'rogidrive'
[0.329s] Level 1:colcon.colcon_core.package_identification:_identify(rogidrive/rogidrive_msg) by extensions ['ignore', 'ignore_ament_install']
[0.329s] Level 1:colcon.colcon_core.package_identification:_identify(rogidrive/rogidrive_msg) by extension 'ignore'
[0.329s] Level 1:colcon.colcon_core.package_identification:_identify(rogidrive/rogidrive_msg) by extension 'ignore_ament_install'
[0.329s] Level 1:colcon.colcon_core.package_identification:_identify(rogidrive/rogidrive_msg) by extensions ['colcon_pkg']
[0.329s] Level 1:colcon.colcon_core.package_identification:_identify(rogidrive/rogidrive_msg) by extension 'colcon_pkg'
[0.329s] Level 1:colcon.colcon_core.package_identification:_identify(rogidrive/rogidrive_msg) by extensions ['colcon_meta']
[0.329s] Level 1:colcon.colcon_core.package_identification:_identify(rogidrive/rogidrive_msg) by extension 'colcon_meta'
[0.329s] Level 1:colcon.colcon_core.package_identification:_identify(rogidrive/rogidrive_msg) by extensions ['ros']
[0.329s] Level 1:colcon.colcon_core.package_identification:_identify(rogidrive/rogidrive_msg) by extension 'ros'
[0.330s] DEBUG:colcon.colcon_core.package_identification:Package 'rogidrive/rogidrive_msg' with type 'ros.ament_cmake' and name 'rogidrive_msg'
[0.330s] Level 1:colcon.colcon_core.package_identification:_identify(shoot) by extensions ['ignore', 'ignore_ament_install']
[0.330s] Level 1:colcon.colcon_core.package_identification:_identify(shoot) by extension 'ignore'
[0.330s] Level 1:colcon.colcon_core.package_identification:_identify(shoot) by extension 'ignore_ament_install'
[0.330s] Level 1:colcon.colcon_core.package_identification:_identify(shoot) by extensions ['colcon_pkg']
[0.330s] Level 1:colcon.colcon_core.package_identification:_identify(shoot) by extension 'colcon_pkg'
[0.330s] Level 1:colcon.colcon_core.package_identification:_identify(shoot) by extensions ['colcon_meta']
[0.330s] Level 1:colcon.colcon_core.package_identification:_identify(shoot) by extension 'colcon_meta'
[0.330s] Level 1:colcon.colcon_core.package_identification:_identify(shoot) by extensions ['ros']
[0.330s] Level 1:colcon.colcon_core.package_identification:_identify(shoot) by extension 'ros'
[0.331s] DEBUG:colcon.colcon_core.package_identification:Package 'shoot' with type 'ros.ament_cmake' and name 'shoot'
[0.331s] Level 1:colcon.colcon_core.package_discovery:discover_packages(recursive) using defaults
[0.331s] Level 1:colcon.colcon_core.package_discovery:discover_packages(ignore) discover
[0.331s] Level 1:colcon.colcon_core.package_discovery:discover_packages(ignore) using defaults
[0.331s] Level 1:colcon.colcon_core.package_discovery:discover_packages(path) discover
[0.331s] Level 1:colcon.colcon_core.package_discovery:discover_packages(path) using defaults
[0.358s] Level 1:colcon.colcon_core.package_discovery:discover_packages(prefix_path) check parameters
[0.358s] Level 1:colcon.colcon_core.package_discovery:discover_packages(prefix_path) discover
[0.362s] DEBUG:colcon.colcon_installed_package_information.package_discovery:Found 293 installed packages in /opt/ros/humble
[0.364s] Level 1:colcon.colcon_core.package_discovery:discover_packages(prefix_path) using defaults
[0.411s] Level 5:colcon.colcon_core.verb:set package 'rogidrive_msg' build argument 'cmake_args' from command line to 'None'
[0.411s] Level 5:colcon.colcon_core.verb:set package 'rogidrive_msg' build argument 'cmake_target' from command line to 'None'
[0.411s] Level 5:colcon.colcon_core.verb:set package 'rogidrive_msg' build argument 'cmake_target_skip_unavailable' from command line to 'False'
[0.411s] Level 5:colcon.colcon_core.verb:set package 'rogidrive_msg' build argument 'cmake_clean_cache' from command line to 'False'
[0.411s] Level 5:colcon.colcon_core.verb:set package 'rogidrive_msg' build argument 'cmake_clean_first' from command line to 'False'
[0.411s] Level 5:colcon.colcon_core.verb:set package 'rogidrive_msg' build argument 'cmake_force_configure' from command line to 'False'
[0.411s] Level 5:colcon.colcon_core.verb:set package 'rogidrive_msg' build argument 'ament_cmake_args' from command line to 'None'
[0.411s] Level 5:colcon.colcon_core.verb:set package 'rogidrive_msg' build argument 'catkin_cmake_args' from command line to 'None'
[0.411s] Level 5:colcon.colcon_core.verb:set package 'rogidrive_msg' build argument 'catkin_skip_building_tests' from command line to 'False'
[0.411s] DEBUG:colcon.colcon_core.verb:Building package 'rogidrive_msg' with the following arguments: {'ament_cmake_args': None, 'build_base': '/home/yuki/ros2_ws/src/NHK2025/build/rogidrive_msg', 'catkin_cmake_args': None, 'catkin_skip_building_tests': False, 'cmake_args': None, 'cmake_clean_cache': False, 'cmake_clean_first': False, 'cmake_force_configure': False, 'cmake_target': None, 'cmake_target_skip_unavailable': False, 'install_base': '/home/yuki/ros2_ws/src/NHK2025/install/rogidrive_msg', 'merge_install': False, 'path': '/home/yuki/ros2_ws/src/NHK2025/rogidrive/rogidrive_msg', 'symlink_install': False, 'test_result_base': None}
[0.411s] Level 5:colcon.colcon_core.verb:set package 'rogidrive' build argument 'cmake_args' from command line to 'None'
[0.411s] Level 5:colcon.colcon_core.verb:set package 'rogidrive' build argument 'cmake_target' from command line to 'None'
[0.411s] Level 5:colcon.colcon_core.verb:set package 'rogidrive' build argument 'cmake_target_skip_unavailable' from command line to 'False'
[0.411s] Level 5:colcon.colcon_core.verb:set package 'rogidrive' build argument 'cmake_clean_cache' from command line to 'False'
[0.411s] Level 5:colcon.colcon_core.verb:set package 'rogidrive' build argument 'cmake_clean_first' from command line to 'False'
[0.412s] Level 5:colcon.colcon_core.verb:set package 'rogidrive' build argument 'cmake_force_configure' from command line to 'False'
[0.412s] Level 5:colcon.colcon_core.verb:set package 'rogidrive' build argument 'ament_cmake_args' from command line to 'None'
[0.412s] Level 5:colcon.colcon_core.verb:set package 'rogidrive' build argument 'catkin_cmake_args' from command line to 'None'
[0.412s] Level 5:colcon.colcon_core.verb:set package 'rogidrive' build argument 'catkin_skip_building_tests' from command line to 'False'
[0.412s] DEBUG:colcon.colcon_core.verb:Building package 'rogidrive' with the following arguments: {'ament_cmake_args': None, 'build_base': '/home/yuki/ros2_ws/src/NHK2025/build/rogidrive', 'catkin_cmake_args': None, 'catkin_skip_building_tests': False, 'cmake_args': None, 'cmake_clean_cache': False, 'cmake_clean_first': False, 'cmake_force_configure': False, 'cmake_target': None, 'cmake_target_skip_unavailable': False, 'install_base': '/home/yuki/ros2_ws/src/NHK2025/install/rogidrive', 'merge_install': False, 'path': '/home/yuki/ros2_ws/src/NHK2025/rogidrive/rogidrive', 'symlink_install': False, 'test_result_base': None}
[0.412s] Level 5:colcon.colcon_core.verb:set package 'shoot' build argument 'cmake_args' from command line to 'None'
[0.412s] Level 5:colcon.colcon_core.verb:set package 'shoot' build argument 'cmake_target' from command line to 'None'
[0.412s] Level 5:colcon.colcon_core.verb:set package 'shoot' build argument 'cmake_target_skip_unavailable' from command line to 'False'
[0.412s] Level 5:colcon.colcon_core.verb:set package 'shoot' build argument 'cmake_clean_cache' from command line to 'False'
[0.412s] Level 5:colcon.colcon_core.verb:set package 'shoot' build argument 'cmake_clean_first' from command line to 'False'
[0.412s] Level 5:colcon.colcon_core.verb:set package 'shoot' build argument 'cmake_force_configure' from command line to 'False'
[0.412s] Level 5:colcon.colcon_core.verb:set package 'shoot' build argument 'ament_cmake_args' from command line to 'None'
[0.412s] Level 5:colcon.colcon_core.verb:set package 'shoot' build argument 'catkin_cmake_args' from command line to 'None'
[0.412s] Level 5:colcon.colcon_core.verb:set package 'shoot' build argument 'catkin_skip_building_tests' from command line to 'False'
[0.412s] DEBUG:colcon.colcon_core.verb:Building package 'shoot' with the following arguments: {'ament_cmake_args': None, 'build_base': '/home/yuki/ros2_ws/src/NHK2025/build/shoot', 'catkin_cmake_args': None, 'catkin_skip_building_tests': False, 'cmake_args': None, 'cmake_clean_cache': False, 'cmake_clean_first': False, 'cmake_force_configure': False, 'cmake_target': None, 'cmake_target_skip_unavailable': False, 'install_base': '/home/yuki/ros2_ws/src/NHK2025/install/shoot', 'merge_install': False, 'path': '/home/yuki/ros2_ws/src/NHK2025/shoot', 'symlink_install': False, 'test_result_base': None}
[0.412s] INFO:colcon.colcon_core.executor:Executing jobs using 'parallel' executor
[0.413s] DEBUG:colcon.colcon_parallel_executor.executor.parallel:run_until_complete
[0.414s] INFO:colcon.colcon_ros.task.ament_cmake.build:Building ROS package in '/home/yuki/ros2_ws/src/NHK2025/rogidrive/rogidrive_msg' with build type 'ament_cmake'
[0.414s] INFO:colcon.colcon_cmake.task.cmake.build:Building CMake package in '/home/yuki/ros2_ws/src/NHK2025/rogidrive/rogidrive_msg'
[0.417s] INFO:colcon.colcon_core.plugin_system:Skipping extension 'colcon_core.shell.bat': Not used on non-Windows systems
[0.418s] INFO:colcon.colcon_core.shell:Skip shell extension 'powershell' for command environment: Not usable outside of PowerShell
[0.418s] DEBUG:colcon.colcon_core.shell:Skip shell extension 'dsv' for command environment
[0.435s] DEBUG:colcon.colcon_core.event_handler.log_command:Invoking command in '/home/yuki/ros2_ws/src/NHK2025/build/rogidrive_msg': CMAKE_PREFIX_PATH=/opt/ros/humble /opt/st/stm32cubeclt_1.16.0/CMake/bin/cmake /home/yuki/ros2_ws/src/NHK2025/rogidrive/rogidrive_msg -DCMAKE_INSTALL_PREFIX=/home/yuki/ros2_ws/src/NHK2025/install/rogidrive_msg
[4.655s] DEBUG:colcon.colcon_core.event_handler.log_command:Invoked command in '/home/yuki/ros2_ws/src/NHK2025/build/rogidrive_msg' returned '0': CMAKE_PREFIX_PATH=/opt/ros/humble /opt/st/stm32cubeclt_1.16.0/CMake/bin/cmake /home/yuki/ros2_ws/src/NHK2025/rogidrive/rogidrive_msg -DCMAKE_INSTALL_PREFIX=/home/yuki/ros2_ws/src/NHK2025/install/rogidrive_msg
[4.661s] DEBUG:colcon.colcon_core.event_handler.log_command:Invoking command in '/home/yuki/ros2_ws/src/NHK2025/build/rogidrive_msg': CMAKE_PREFIX_PATH=/opt/ros/humble /opt/st/stm32cubeclt_1.16.0/CMake/bin/cmake --build /home/yuki/ros2_ws/src/NHK2025/build/rogidrive_msg -- -j2 -l2
[15.266s] DEBUG:colcon.colcon_core.event_handler.log_command:Invoked command in '/home/yuki/ros2_ws/src/NHK2025/build/rogidrive_msg' returned '0': CMAKE_PREFIX_PATH=/opt/ros/humble /opt/st/stm32cubeclt_1.16.0/CMake/bin/cmake --build /home/yuki/ros2_ws/src/NHK2025/build/rogidrive_msg -- -j2 -l2
[15.650s] DEBUG:colcon.colcon_core.event_handler.log_command:Invoking command in '/home/yuki/ros2_ws/src/NHK2025/build/rogidrive_msg': CMAKE_PREFIX_PATH=/opt/ros/humble /opt/st/stm32cubeclt_1.16.0/CMake/bin/cmake --install /home/yuki/ros2_ws/src/NHK2025/build/rogidrive_msg
[15.845s] Level 1:colcon.colcon_core.environment:create_environment_scripts_only(rogidrive_msg)
[15.847s] DEBUG:colcon.colcon_core.event_handler.log_command:Invoked command in '/home/yuki/ros2_ws/src/NHK2025/build/rogidrive_msg' returned '0': CMAKE_PREFIX_PATH=/opt/ros/humble /opt/st/stm32cubeclt_1.16.0/CMake/bin/cmake --install /home/yuki/ros2_ws/src/NHK2025/build/rogidrive_msg
[15.856s] Level 1:colcon.colcon_core.environment:checking '/home/yuki/ros2_ws/src/NHK2025/install/rogidrive_msg' for CMake module files
[15.858s] Level 1:colcon.colcon_core.environment:checking '/home/yuki/ros2_ws/src/NHK2025/install/rogidrive_msg' for CMake config files
[15.859s] Level 1:colcon.colcon_core.shell:create_environment_hook('rogidrive_msg', 'cmake_prefix_path')
[15.859s] INFO:colcon.colcon_core.shell:Creating environment hook '/home/yuki/ros2_ws/src/NHK2025/install/rogidrive_msg/share/rogidrive_msg/hook/cmake_prefix_path.ps1'
[15.862s] INFO:colcon.colcon_core.shell:Creating environment descriptor '/home/yuki/ros2_ws/src/NHK2025/install/rogidrive_msg/share/rogidrive_msg/hook/cmake_prefix_path.dsv'
[15.862s] INFO:colcon.colcon_core.shell:Creating environment hook '/home/yuki/ros2_ws/src/NHK2025/install/rogidrive_msg/share/rogidrive_msg/hook/cmake_prefix_path.sh'
[15.863s] Level 1:colcon.colcon_core.environment:checking '/home/yuki/ros2_ws/src/NHK2025/install/rogidrive_msg/lib'
[15.864s] Level 1:colcon.colcon_core.shell:create_environment_hook('rogidrive_msg', 'ld_library_path_lib')
[15.864s] INFO:colcon.colcon_core.shell:Creating environment hook '/home/yuki/ros2_ws/src/NHK2025/install/rogidrive_msg/share/rogidrive_msg/hook/ld_library_path_lib.ps1'
[15.864s] INFO:colcon.colcon_core.shell:Creating environment descriptor '/home/yuki/ros2_ws/src/NHK2025/install/rogidrive_msg/share/rogidrive_msg/hook/ld_library_path_lib.dsv'
[15.865s] INFO:colcon.colcon_core.shell:Creating environment hook '/home/yuki/ros2_ws/src/NHK2025/install/rogidrive_msg/share/rogidrive_msg/hook/ld_library_path_lib.sh'
[15.865s] Level 1:colcon.colcon_core.environment:checking '/home/yuki/ros2_ws/src/NHK2025/install/rogidrive_msg/bin'
[15.865s] Level 1:colcon.colcon_core.environment:checking '/home/yuki/ros2_ws/src/NHK2025/install/rogidrive_msg/lib/pkgconfig/rogidrive_msg.pc'
[15.865s] Level 1:colcon.colcon_core.environment:checking '/home/yuki/ros2_ws/src/NHK2025/install/rogidrive_msg/lib/python3.10/site-packages'
[15.866s] Level 1:colcon.colcon_core.environment:checking '/home/yuki/ros2_ws/src/NHK2025/install/rogidrive_msg/bin'
[15.866s] INFO:colcon.colcon_core.shell:Creating package script '/home/yuki/ros2_ws/src/NHK2025/install/rogidrive_msg/share/rogidrive_msg/package.ps1'
[15.867s] INFO:colcon.colcon_core.shell:Creating package descriptor '/home/yuki/ros2_ws/src/NHK2025/install/rogidrive_msg/share/rogidrive_msg/package.dsv'
[15.868s] INFO:colcon.colcon_core.shell:Creating package script '/home/yuki/ros2_ws/src/NHK2025/install/rogidrive_msg/share/rogidrive_msg/package.sh'
[15.870s] INFO:colcon.colcon_core.shell:Creating package script '/home/yuki/ros2_ws/src/NHK2025/install/rogidrive_msg/share/rogidrive_msg/package.bash'
[15.872s] INFO:colcon.colcon_core.shell:Creating package script '/home/yuki/ros2_ws/src/NHK2025/install/rogidrive_msg/share/rogidrive_msg/package.zsh'
[15.872s] Level 1:colcon.colcon_core.environment:create_file_with_runtime_dependencies(/home/yuki/ros2_ws/src/NHK2025/install/rogidrive_msg/share/colcon-core/packages/rogidrive_msg)
[16.245s] Level 1:colcon.colcon_core.environment:create_environment_scripts_only(rogidrive_msg)
[16.245s] Level 1:colcon.colcon_core.environment:checking '/home/yuki/ros2_ws/src/NHK2025/install/rogidrive_msg' for CMake module files
[16.247s] Level 1:colcon.colcon_core.environment:checking '/home/yuki/ros2_ws/src/NHK2025/install/rogidrive_msg' for CMake config files
[16.248s] Level 1:colcon.colcon_core.shell:create_environment_hook('rogidrive_msg', 'cmake_prefix_path')
[16.250s] INFO:colcon.colcon_core.shell:Creating environment hook '/home/yuki/ros2_ws/src/NHK2025/install/rogidrive_msg/share/rogidrive_msg/hook/cmake_prefix_path.ps1'
[16.251s] INFO:colcon.colcon_core.shell:Creating environment descriptor '/home/yuki/ros2_ws/src/NHK2025/install/rogidrive_msg/share/rogidrive_msg/hook/cmake_prefix_path.dsv'
[16.252s] INFO:colcon.colcon_core.shell:Creating environment hook '/home/yuki/ros2_ws/src/NHK2025/install/rogidrive_msg/share/rogidrive_msg/hook/cmake_prefix_path.sh'
[16.254s] Level 1:colcon.colcon_core.environment:checking '/home/yuki/ros2_ws/src/NHK2025/install/rogidrive_msg/lib'
[16.254s] Level 1:colcon.colcon_core.shell:create_environment_hook('rogidrive_msg', 'ld_library_path_lib')
[16.254s] INFO:colcon.colcon_core.shell:Creating environment hook '/home/yuki/ros2_ws/src/NHK2025/install/rogidrive_msg/share/rogidrive_msg/hook/ld_library_path_lib.ps1'
[16.256s] INFO:colcon.colcon_core.shell:Creating environment descriptor '/home/yuki/ros2_ws/src/NHK2025/install/rogidrive_msg/share/rogidrive_msg/hook/ld_library_path_lib.dsv'
[16.256s] INFO:colcon.colcon_core.shell:Creating environment hook '/home/yuki/ros2_ws/src/NHK2025/install/rogidrive_msg/share/rogidrive_msg/hook/ld_library_path_lib.sh'
[16.257s] Level 1:colcon.colcon_core.environment:checking '/home/yuki/ros2_ws/src/NHK2025/install/rogidrive_msg/bin'
[16.257s] Level 1:colcon.colcon_core.environment:checking '/home/yuki/ros2_ws/src/NHK2025/install/rogidrive_msg/lib/pkgconfig/rogidrive_msg.pc'
[16.257s] Level 1:colcon.colcon_core.environment:checking '/home/yuki/ros2_ws/src/NHK2025/install/rogidrive_msg/lib/python3.10/site-packages'
[16.257s] Level 1:colcon.colcon_core.environment:checking '/home/yuki/ros2_ws/src/NHK2025/install/rogidrive_msg/bin'
[16.258s] INFO:colcon.colcon_core.shell:Creating package script '/home/yuki/ros2_ws/src/NHK2025/install/rogidrive_msg/share/rogidrive_msg/package.ps1'
[16.259s] INFO:colcon.colcon_core.shell:Creating package descriptor '/home/yuki/ros2_ws/src/NHK2025/install/rogidrive_msg/share/rogidrive_msg/package.dsv'
[16.260s] INFO:colcon.colcon_core.shell:Creating package script '/home/yuki/ros2_ws/src/NHK2025/install/rogidrive_msg/share/rogidrive_msg/package.sh'
[16.261s] INFO:colcon.colcon_core.shell:Creating package script '/home/yuki/ros2_ws/src/NHK2025/install/rogidrive_msg/share/rogidrive_msg/package.bash'
[16.261s] INFO:colcon.colcon_core.shell:Creating package script '/home/yuki/ros2_ws/src/NHK2025/install/rogidrive_msg/share/rogidrive_msg/package.zsh'
[16.262s] Level 1:colcon.colcon_core.environment:create_file_with_runtime_dependencies(/home/yuki/ros2_ws/src/NHK2025/install/rogidrive_msg/share/colcon-core/packages/rogidrive_msg)
[16.263s] INFO:colcon.colcon_ros.task.ament_python.build:Building ROS package in '/home/yuki/ros2_ws/src/NHK2025/rogidrive/rogidrive' with build type 'ament_python'
[16.263s] Level 1:colcon.colcon_core.shell:create_environment_hook('rogidrive', 'ament_prefix_path')
[16.265s] INFO:colcon.colcon_core.shell:Creating environment hook '/home/yuki/ros2_ws/src/NHK2025/install/rogidrive/share/rogidrive/hook/ament_prefix_path.ps1'
[16.265s] INFO:colcon.colcon_core.shell:Creating environment descriptor '/home/yuki/ros2_ws/src/NHK2025/install/rogidrive/share/rogidrive/hook/ament_prefix_path.dsv'
[16.267s] INFO:colcon.colcon_core.shell:Creating environment hook '/home/yuki/ros2_ws/src/NHK2025/install/rogidrive/share/rogidrive/hook/ament_prefix_path.sh'
[16.268s] INFO:colcon.colcon_core.shell:Skip shell extension 'powershell' for command environment: Not usable outside of PowerShell
[16.268s] DEBUG:colcon.colcon_core.shell:Skip shell extension 'dsv' for command environment
[16.278s] INFO:colcon.colcon_ros.task.ament_cmake.build:Building ROS package in '/home/yuki/ros2_ws/src/NHK2025/shoot' with build type 'ament_cmake'
[16.281s] INFO:colcon.colcon_cmake.task.cmake.build:Building CMake package in '/home/yuki/ros2_ws/src/NHK2025/shoot'
[16.281s] INFO:colcon.colcon_core.shell:Skip shell extension 'powershell' for command environment: Not usable outside of PowerShell
[16.281s] DEBUG:colcon.colcon_core.shell:Skip shell extension 'dsv' for command environment
[16.708s] INFO:colcon.colcon_core.task.python.build:Building Python package in '/home/yuki/ros2_ws/src/NHK2025/rogidrive/rogidrive'
[16.708s] INFO:colcon.colcon_core.shell:Skip shell extension 'powershell' for command environment: Not usable outside of PowerShell
[16.708s] DEBUG:colcon.colcon_core.shell:Skip shell extension 'dsv' for command environment
[16.732s] DEBUG:colcon.colcon_core.event_handler.log_command:Invoking command in '/home/yuki/ros2_ws/src/NHK2025/build/shoot': AMENT_PREFIX_PATH=/home/yuki/ros2_ws/src/NHK2025/install/rogidrive_msg:${AMENT_PREFIX_PATH} CMAKE_PREFIX_PATH=/home/yuki/ros2_ws/src/NHK2025/install/rogidrive_msg:/opt/ros/humble LD_LIBRARY_PATH=/home/yuki/ros2_ws/src/NHK2025/install/rogidrive_msg/lib:${LD_LIBRARY_PATH} PYTHONPATH=/home/yuki/ros2_ws/src/NHK2025/install/rogidrive_msg/local/lib/python3.10/dist-packages:${PYTHONPATH} /opt/st/stm32cubeclt_1.16.0/CMake/bin/cmake /home/yuki/ros2_ws/src/NHK2025/shoot -DCMAKE_INSTALL_PREFIX=/home/yuki/ros2_ws/src/NHK2025/install/shoot
[17.858s] DEBUG:colcon.colcon_core.event_handler.log_command:Invoking command in '/home/yuki/ros2_ws/src/NHK2025/rogidrive/rogidrive': AMENT_PREFIX_PATH=/home/yuki/ros2_ws/src/NHK2025/install/rogidrive_msg:${AMENT_PREFIX_PATH} CMAKE_PREFIX_PATH=/home/yuki/ros2_ws/src/NHK2025/install/rogidrive_msg LD_LIBRARY_PATH=/home/yuki/ros2_ws/src/NHK2025/install/rogidrive_msg/lib:${LD_LIBRARY_PATH} PYTHONPATH=/home/yuki/ros2_ws/src/NHK2025/build/rogidrive/prefix_override:/usr/lib/python3/dist-packages/colcon_core/task/python/colcon_distutils_commands:/home/yuki/ros2_ws/src/NHK2025/install/rogidrive/lib/python3.10/site-packages:/home/yuki/ros2_ws/src/NHK2025/install/rogidrive_msg/local/lib/python3.10/dist-packages:${PYTHONPATH} /usr/bin/python3 -W ignore:setup.py install is deprecated setup.py egg_info --egg-base ../../build/rogidrive build --build-base /home/yuki/ros2_ws/src/NHK2025/build/rogidrive/build install --record /home/yuki/ros2_ws/src/NHK2025/build/rogidrive/install.log --single-version-externally-managed install_data
[18.973s] Level 1:colcon.colcon_core.environment:checking '/home/yuki/ros2_ws/src/NHK2025/install/rogidrive' for CMake module files
[18.974s] DEBUG:colcon.colcon_core.event_handler.log_command:Invoked command in '/home/yuki/ros2_ws/src/NHK2025/rogidrive/rogidrive' returned '0': AMENT_PREFIX_PATH=/home/yuki/ros2_ws/src/NHK2025/install/rogidrive_msg:${AMENT_PREFIX_PATH} CMAKE_PREFIX_PATH=/home/yuki/ros2_ws/src/NHK2025/install/rogidrive_msg LD_LIBRARY_PATH=/home/yuki/ros2_ws/src/NHK2025/install/rogidrive_msg/lib:${LD_LIBRARY_PATH} PYTHONPATH=/home/yuki/ros2_ws/src/NHK2025/build/rogidrive/prefix_override:/usr/lib/python3/dist-packages/colcon_core/task/python/colcon_distutils_commands:/home/yuki/ros2_ws/src/NHK2025/install/rogidrive/lib/python3.10/site-packages:/home/yuki/ros2_ws/src/NHK2025/install/rogidrive_msg/local/lib/python3.10/dist-packages:${PYTHONPATH} /usr/bin/python3 -W ignore:setup.py install is deprecated setup.py egg_info --egg-base ../../build/rogidrive build --build-base /home/yuki/ros2_ws/src/NHK2025/build/rogidrive/build install --record /home/yuki/ros2_ws/src/NHK2025/build/rogidrive/install.log --single-version-externally-managed install_data
[18.975s] Level 1:colcon.colcon_core.environment:checking '/home/yuki/ros2_ws/src/NHK2025/install/rogidrive' for CMake config files
[18.976s] Level 1:colcon.colcon_core.environment:checking '/home/yuki/ros2_ws/src/NHK2025/install/rogidrive/lib'
[18.976s] Level 1:colcon.colcon_core.environment:checking '/home/yuki/ros2_ws/src/NHK2025/install/rogidrive/bin'
[18.977s] Level 1:colcon.colcon_core.environment:checking '/home/yuki/ros2_ws/src/NHK2025/install/rogidrive/lib/pkgconfig/rogidrive.pc'
[18.977s] Level 1:colcon.colcon_core.environment:checking '/home/yuki/ros2_ws/src/NHK2025/install/rogidrive/lib/python3.10/site-packages'
[18.977s] Level 1:colcon.colcon_core.shell:create_environment_hook('rogidrive', 'pythonpath')
[18.977s] INFO:colcon.colcon_core.shell:Creating environment hook '/home/yuki/ros2_ws/src/NHK2025/install/rogidrive/share/rogidrive/hook/pythonpath.ps1'
[18.979s] INFO:colcon.colcon_core.shell:Creating environment descriptor '/home/yuki/ros2_ws/src/NHK2025/install/rogidrive/share/rogidrive/hook/pythonpath.dsv'
[18.981s] INFO:colcon.colcon_core.shell:Creating environment hook '/home/yuki/ros2_ws/src/NHK2025/install/rogidrive/share/rogidrive/hook/pythonpath.sh'
[18.982s] Level 1:colcon.colcon_core.environment:checking '/home/yuki/ros2_ws/src/NHK2025/install/rogidrive/bin'
[18.982s] Level 1:colcon.colcon_core.environment:create_environment_scripts_only(rogidrive)
[18.982s] INFO:colcon.colcon_core.shell:Creating package script '/home/yuki/ros2_ws/src/NHK2025/install/rogidrive/share/rogidrive/package.ps1'
[18.985s] INFO:colcon.colcon_core.shell:Creating package descriptor '/home/yuki/ros2_ws/src/NHK2025/install/rogidrive/share/rogidrive/package.dsv'
[18.989s] INFO:colcon.colcon_core.shell:Creating package script '/home/yuki/ros2_ws/src/NHK2025/install/rogidrive/share/rogidrive/package.sh'
[18.990s] INFO:colcon.colcon_core.shell:Creating package script '/home/yuki/ros2_ws/src/NHK2025/install/rogidrive/share/rogidrive/package.bash'
[18.990s] INFO:colcon.colcon_core.shell:Creating package script '/home/yuki/ros2_ws/src/NHK2025/install/rogidrive/share/rogidrive/package.zsh'
[18.992s] Level 1:colcon.colcon_core.environment:create_file_with_runtime_dependencies(/home/yuki/ros2_ws/src/NHK2025/install/rogidrive/share/colcon-core/packages/rogidrive)
[20.488s] DEBUG:colcon.colcon_core.event_handler.log_command:Invoked command in '/home/yuki/ros2_ws/src/NHK2025/build/shoot' returned '0': AMENT_PREFIX_PATH=/home/yuki/ros2_ws/src/NHK2025/install/rogidrive_msg:${AMENT_PREFIX_PATH} CMAKE_PREFIX_PATH=/home/yuki/ros2_ws/src/NHK2025/install/rogidrive_msg:/opt/ros/humble LD_LIBRARY_PATH=/home/yuki/ros2_ws/src/NHK2025/install/rogidrive_msg/lib:${LD_LIBRARY_PATH} PYTHONPATH=/home/yuki/ros2_ws/src/NHK2025/install/rogidrive_msg/local/lib/python3.10/dist-packages:${PYTHONPATH} /opt/st/stm32cubeclt_1.16.0/CMake/bin/cmake /home/yuki/ros2_ws/src/NHK2025/shoot -DCMAKE_INSTALL_PREFIX=/home/yuki/ros2_ws/src/NHK2025/install/shoot
[20.494s] DEBUG:colcon.colcon_core.event_handler.log_command:Invoking command in '/home/yuki/ros2_ws/src/NHK2025/build/shoot': AMENT_PREFIX_PATH=/home/yuki/ros2_ws/src/NHK2025/install/rogidrive_msg:${AMENT_PREFIX_PATH} CMAKE_PREFIX_PATH=/home/yuki/ros2_ws/src/NHK2025/install/rogidrive_msg:/opt/ros/humble LD_LIBRARY_PATH=/home/yuki/ros2_ws/src/NHK2025/install/rogidrive_msg/lib:${LD_LIBRARY_PATH} PYTHONPATH=/home/yuki/ros2_ws/src/NHK2025/install/rogidrive_msg/local/lib/python3.10/dist-packages:${PYTHONPATH} /opt/st/stm32cubeclt_1.16.0/CMake/bin/cmake --build /home/yuki/ros2_ws/src/NHK2025/build/shoot -- -j2 -l2
[30.162s] DEBUG:colcon.colcon_core.event_handler.log_command:Invoked command in '/home/yuki/ros2_ws/src/NHK2025/build/shoot' returned '2': AMENT_PREFIX_PATH=/home/yuki/ros2_ws/src/NHK2025/install/rogidrive_msg:${AMENT_PREFIX_PATH} CMAKE_PREFIX_PATH=/home/yuki/ros2_ws/src/NHK2025/install/rogidrive_msg:/opt/ros/humble LD_LIBRARY_PATH=/home/yuki/ros2_ws/src/NHK2025/install/rogidrive_msg/lib:${LD_LIBRARY_PATH} PYTHONPATH=/home/yuki/ros2_ws/src/NHK2025/install/rogidrive_msg/local/lib/python3.10/dist-packages:${PYTHONPATH} /opt/st/stm32cubeclt_1.16.0/CMake/bin/cmake --build /home/yuki/ros2_ws/src/NHK2025/build/shoot -- -j2 -l2
[30.216s] Level 1:colcon.colcon_core.environment:create_environment_scripts_only(shoot)
[30.217s] Level 1:colcon.colcon_core.environment:checking '/home/yuki/ros2_ws/src/NHK2025/install/shoot' for CMake module files
[30.217s] Level 1:colcon.colcon_core.environment:checking '/home/yuki/ros2_ws/src/NHK2025/install/shoot' for CMake config files
[30.217s] Level 1:colcon.colcon_core.environment:checking '/home/yuki/ros2_ws/src/NHK2025/install/shoot/bin'
[30.217s] Level 1:colcon.colcon_core.environment:checking '/home/yuki/ros2_ws/src/NHK2025/install/shoot/lib/pkgconfig/shoot.pc'
[30.218s] Level 1:colcon.colcon_core.environment:checking '/home/yuki/ros2_ws/src/NHK2025/install/shoot/lib/python3.10/site-packages'
[30.218s] Level 1:colcon.colcon_core.environment:checking '/home/yuki/ros2_ws/src/NHK2025/install/shoot/bin'
[30.218s] INFO:colcon.colcon_core.shell:Creating package script '/home/yuki/ros2_ws/src/NHK2025/install/shoot/share/shoot/package.ps1'
[30.219s] INFO:colcon.colcon_core.shell:Creating package descriptor '/home/yuki/ros2_ws/src/NHK2025/install/shoot/share/shoot/package.dsv'
[30.219s] INFO:colcon.colcon_core.shell:Creating package script '/home/yuki/ros2_ws/src/NHK2025/install/shoot/share/shoot/package.sh'
[30.219s] INFO:colcon.colcon_core.shell:Creating package script '/home/yuki/ros2_ws/src/NHK2025/install/shoot/share/shoot/package.bash'
[30.220s] INFO:colcon.colcon_core.shell:Creating package script '/home/yuki/ros2_ws/src/NHK2025/install/shoot/share/shoot/package.zsh'
[30.220s] Level 1:colcon.colcon_core.environment:create_file_with_runtime_dependencies(/home/yuki/ros2_ws/src/NHK2025/install/shoot/share/colcon-core/packages/shoot)
[30.231s] DEBUG:colcon.colcon_parallel_executor.executor.parallel:closing loop
[30.231s] DEBUG:colcon.colcon_parallel_executor.executor.parallel:loop closed
[30.232s] DEBUG:colcon.colcon_parallel_executor.executor.parallel:run_until_complete finished with '2'
[30.232s] DEBUG:colcon.colcon_core.event_reactor:joining thread
[30.250s] INFO:colcon.colcon_core.plugin_system:Skipping extension 'colcon_notification.desktop_notification.terminal_notifier': Not used on non-Darwin systems
[30.250s] INFO:colcon.colcon_core.plugin_system:Skipping extension 'colcon_notification.desktop_notification.win32': Not used on non-Windows systems
[30.250s] INFO:colcon.colcon_notification.desktop_notification:Sending desktop notification using 'notify2'
[30.271s] DEBUG:colcon.colcon_core.event_reactor:joined thread
[30.271s] INFO:colcon.colcon_core.shell:Creating prefix script '/home/yuki/ros2_ws/src/NHK2025/install/local_setup.ps1'
[30.272s] INFO:colcon.colcon_core.shell:Creating prefix util module '/home/yuki/ros2_ws/src/NHK2025/install/_local_setup_util_ps1.py'
[30.274s] INFO:colcon.colcon_core.shell:Creating prefix chain script '/home/yuki/ros2_ws/src/NHK2025/install/setup.ps1'
[30.274s] INFO:colcon.colcon_core.shell:Creating prefix script '/home/yuki/ros2_ws/src/NHK2025/install/local_setup.sh'
[30.275s] INFO:colcon.colcon_core.shell:Creating prefix util module '/home/yuki/ros2_ws/src/NHK2025/install/_local_setup_util_sh.py'
[30.276s] INFO:colcon.colcon_core.shell:Creating prefix chain script '/home/yuki/ros2_ws/src/NHK2025/install/setup.sh'
[30.276s] INFO:colcon.colcon_core.shell:Creating prefix script '/home/yuki/ros2_ws/src/NHK2025/install/local_setup.bash'
[30.277s] INFO:colcon.colcon_core.shell:Creating prefix chain script '/home/yuki/ros2_ws/src/NHK2025/install/setup.bash'
[30.278s] INFO:colcon.colcon_core.shell:Creating prefix script '/home/yuki/ros2_ws/src/NHK2025/install/local_setup.zsh'
[30.279s] INFO:colcon.colcon_core.shell:Creating prefix chain script '/home/yuki/ros2_ws/src/NHK2025/install/setup.zsh'
