[0.330s] Invoking command in '/home/yuki/ros2_ws/src/NHK2025/build/shoot': AMENT_PREFIX_PATH=/home/yuki/ros2_ws/src/NHK2025/install/rogidrive_msg:${AMENT_PREFIX_PATH} CMAKE_PREFIX_PATH=/home/yuki/ros2_ws/src/NHK2025/install/rogidrive_msg:/opt/ros/humble LD_LIBRARY_PATH=/home/yuki/ros2_ws/src/NHK2025/install/rogidrive_msg/lib:${LD_LIBRARY_PATH} PYTHONPATH=/home/yuki/ros2_ws/src/NHK2025/install/rogidrive_msg/local/lib/python3.10/dist-packages:${PYTHONPATH} /opt/st/stm32cubeclt_1.16.0/CMake/bin/cmake --build /home/yuki/ros2_ws/src/NHK2025/build/shoot -- -j2 -l2
[0.457s] [ 50%] [32mBuilding CXX object CMakeFiles/shooter.dir/src/shoot.cpp.o[0m
[10.867s] [100%] [32m[1mLinking CXX executable shooter[0m
[11.696s] [100%] Built target shooter
[11.707s] Invoked command in '/home/yuki/ros2_ws/src/NHK2025/build/shoot' returned '0': AMENT_PREFIX_PATH=/home/yuki/ros2_ws/src/NHK2025/install/rogidrive_msg:${AMENT_PREFIX_PATH} CMAKE_PREFIX_PATH=/home/yuki/ros2_ws/src/NHK2025/install/rogidrive_msg:/opt/ros/humble LD_LIBRARY_PATH=/home/yuki/ros2_ws/src/NHK2025/install/rogidrive_msg/lib:${LD_LIBRARY_PATH} PYTHONPATH=/home/yuki/ros2_ws/src/NHK2025/install/rogidrive_msg/local/lib/python3.10/dist-packages:${PYTHONPATH} /opt/st/stm32cubeclt_1.16.0/CMake/bin/cmake --build /home/yuki/ros2_ws/src/NHK2025/build/shoot -- -j2 -l2
[11.785s] Invoking command in '/home/yuki/ros2_ws/src/NHK2025/build/shoot': AMENT_PREFIX_PATH=/home/yuki/ros2_ws/src/NHK2025/install/rogidrive_msg:${AMENT_PREFIX_PATH} CMAKE_PREFIX_PATH=/home/yuki/ros2_ws/src/NHK2025/install/rogidrive_msg:/opt/ros/humble LD_LIBRARY_PATH=/home/yuki/ros2_ws/src/NHK2025/install/rogidrive_msg/lib:${LD_LIBRARY_PATH} PYTHONPATH=/home/yuki/ros2_ws/src/NHK2025/install/rogidrive_msg/local/lib/python3.10/dist-packages:${PYTHONPATH} /opt/st/stm32cubeclt_1.16.0/CMake/bin/cmake --install /home/yuki/ros2_ws/src/NHK2025/build/shoot
[11.792s] -- Install configuration: ""
[11.793s] -- Installing: /home/yuki/ros2_ws/src/NHK2025/install/shoot/lib/shoot/shooter
[11.806s] -- Set non-toolchain portion of runtime path of "/home/yuki/ros2_ws/src/NHK2025/install/shoot/lib/shoot/shooter" to ""
[11.808s] -- Installing: /home/yuki/ros2_ws/src/NHK2025/install/shoot/share/ament_index/resource_index/package_run_dependencies/shoot
[11.808s] -- Installing: /home/yuki/ros2_ws/src/NHK2025/install/shoot/share/ament_index/resource_index/parent_prefix_path/shoot
[11.809s] -- Installing: /home/yuki/ros2_ws/src/NHK2025/install/shoot/share/shoot/environment/ament_prefix_path.sh
[11.809s] -- Installing: /home/yuki/ros2_ws/src/NHK2025/install/shoot/share/shoot/environment/ament_prefix_path.dsv
[11.810s] -- Installing: /home/yuki/ros2_ws/src/NHK2025/install/shoot/share/shoot/environment/path.sh
[11.810s] -- Installing: /home/yuki/ros2_ws/src/NHK2025/install/shoot/share/shoot/environment/path.dsv
[11.812s] -- Installing: /home/yuki/ros2_ws/src/NHK2025/install/shoot/share/shoot/local_setup.bash
[11.814s] -- Installing: /home/yuki/ros2_ws/src/NHK2025/install/shoot/share/shoot/local_setup.sh
[11.814s] -- Installing: /home/yuki/ros2_ws/src/NHK2025/install/shoot/share/shoot/local_setup.zsh
[11.814s] -- Installing: /home/yuki/ros2_ws/src/NHK2025/install/shoot/share/shoot/local_setup.dsv
[11.816s] -- Installing: /home/yuki/ros2_ws/src/NHK2025/install/shoot/share/shoot/package.dsv
[11.817s] -- Installing: /home/yuki/ros2_ws/src/NHK2025/install/shoot/share/ament_index/resource_index/packages/shoot
[11.822s] -- Installing: /home/yuki/ros2_ws/src/NHK2025/install/shoot/share/shoot/cmake/shootConfig.cmake
[11.822s] -- Installing: /home/yuki/ros2_ws/src/NHK2025/install/shoot/share/shoot/cmake/shootConfig-version.cmake
[11.822s] -- Installing: /home/yuki/ros2_ws/src/NHK2025/install/shoot/share/shoot/package.xml
[11.823s] Invoked command in '/home/yuki/ros2_ws/src/NHK2025/build/shoot' returned '0': AMENT_PREFIX_PATH=/home/yuki/ros2_ws/src/NHK2025/install/rogidrive_msg:${AMENT_PREFIX_PATH} CMAKE_PREFIX_PATH=/home/yuki/ros2_ws/src/NHK2025/install/rogidrive_msg:/opt/ros/humble LD_LIBRARY_PATH=/home/yuki/ros2_ws/src/NHK2025/install/rogidrive_msg/lib:${LD_LIBRARY_PATH} PYTHONPATH=/home/yuki/ros2_ws/src/NHK2025/install/rogidrive_msg/local/lib/python3.10/dist-packages:${PYTHONPATH} /opt/st/stm32cubeclt_1.16.0/CMake/bin/cmake --install /home/yuki/ros2_ws/src/NHK2025/build/shoot
