[0.000000] (-) TimerEvent: {}
[0.000256] (rogidrive_msg) JobQueued: {'identifier': 'rogidrive_msg', 'dependencies': OrderedDict()}
[0.000315] (rogidrive) JobQueued: {'identifier': 'rogidrive', 'dependencies': OrderedDict([('rogidrive_msg', '/home/yuki/ros2_ws/src/NHK2025/install/rogidrive_msg')])}
[0.000357] (shoot) JobQueued: {'identifier': 'shoot', 'dependencies': OrderedDict([('rogidrive_msg', '/home/yuki/ros2_ws/src/NHK2025/install/rogidrive_msg')])}
[0.002205] (rogidrive_msg) JobStarted: {'identifier': 'rogidrive_msg'}
[0.023893] (rogidrive_msg) JobProgress: {'identifier': 'rogidrive_msg', 'progress': 'cmake'}
[0.025291] (rogidrive_msg) JobProgress: {'identifier': 'rogidrive_msg', 'progress': 'build'}
[0.028399] (rogidrive_msg) Command: {'cmd': ['/opt/st/stm32cubeclt_1.16.0/CMake/bin/cmake', '--build', '/home/yuki/ros2_ws/src/NHK2025/build/rogidrive_msg', '--', '-j2', '-l2'], 'cwd': '/home/yuki/ros2_ws/src/NHK2025/build/rogidrive_msg', 'env': OrderedDict([('LANGUAGE', 'en_US:'), ('USER', 'yuki'), ('LC_TIME', 'ja_JP.UTF-8'), ('XDG_SESSION_TYPE', 'wayland'), ('SHLVL', '1'), ('LD_LIBRARY_PATH', '/opt/ros/humble/opt/rviz_ogre_vendor/lib:/opt/ros/humble/lib/x86_64-linux-gnu:/opt/ros/humble/lib'), ('HOME', '/home/yuki'), ('OLDPWD', '/home/yuki/ros2_ws/src'), ('DESKTOP_SESSION', 'ubuntu'), ('ROS_PYTHON_VERSION', '3'), ('GNOME_SHELL_SESSION_MODE', 'ubuntu'), ('GTK_MODULES', 'gail:atk-bridge'), ('LC_MONETARY', 'ja_JP.UTF-8'), ('SYSTEMD_EXEC_PID', '1671'), ('DBUS_SESSION_BUS_ADDRESS', 'unix:path=/run/user/1000/bus'), ('COLORTERM', 'truecolor'), ('IM_CONFIG_PHASE', '1'), ('WAYLAND_DISPLAY', 'wayland-0'), ('ROS_DISTRO', 'humble'), ('LOGNAME', 'yuki'), ('_', '/usr/bin/colcon'), ('ROS_VERSION', '2'), ('XDG_SESSION_CLASS', 'user'), ('USERNAME', 'yuki'), ('TERM', 'xterm-256color'), ('GNOME_DESKTOP_SESSION_ID', 'this-is-deprecated'), ('ROS_LOCALHOST_ONLY', '0'), ('PATH', '/opt/ros/humble/bin:/opt/st/stm32cubeclt_1.16.0:/opt/st/stm32cubeclt_1.16.0/STM32CubeProgrammer/bin:/opt/st/stm32cubeclt_1.16.0/STLink-gdb-server/bin:/opt/st/stm32cubeclt_1.16.0/CMake/bin:/opt/st/stm32cubeclt_1.16.0/Ninja/bin:/opt/st/stm32cubeclt_1.16.0/GNU-tools-for-STM32/bin:/usr/local/sbin:/usr/local/bin:/usr/sbin:/usr/bin:/sbin:/bin:/usr/games:/usr/local/games:/snap/bin:/snap/bin'), ('SESSION_MANAGER', 'local/yuki-virtual-machine:@/tmp/.ICE-unix/1646,unix/yuki-virtual-machine:/tmp/.ICE-unix/1646'), ('XDG_MENU_PREFIX', 'gnome-'), ('LC_ADDRESS', 'ja_JP.UTF-8'), ('GNOME_TERMINAL_SCREEN', '/org/gnome/Terminal/screen/83345ea7_b1f9_43e2_ac02_ace17f95581d'), ('GNOME_SETUP_DISPLAY', ':1'), ('XDG_RUNTIME_DIR', '/run/user/1000'), ('DISPLAY', ':0'), ('LANG', 'ja_JP.UTF-8'), ('XDG_CURRENT_DESKTOP', 'ubuntu:GNOME'), ('LC_TELEPHONE', 'ja_JP.UTF-8'), ('XMODIFIERS', '@im=ibus'), ('XDG_SESSION_DESKTOP', 'ubuntu'), ('XAUTHORITY', '/run/user/1000/.mutter-Xwaylandauth.OF0FW2'), ('GNOME_TERMINAL_SERVICE', ':1.96'), ('SSH_AGENT_LAUNCHER', 'gnome-keyring'), ('SSH_AUTH_SOCK', '/run/user/1000/keyring/ssh'), ('AMENT_PREFIX_PATH', '/opt/ros/humble'), ('SHELL', '/bin/bash'), ('LC_NAME', 'ja_JP.UTF-8'), ('QT_ACCESSIBILITY', '1'), ('GDMSESSION', 'ubuntu'), ('LC_MEASUREMENT', 'ja_JP.UTF-8'), ('LC_IDENTIFICATION', 'ja_JP.UTF-8'), ('QT_IM_MODULE', 'ibus'), ('PWD', '/home/yuki/ros2_ws/src/NHK2025/build/rogidrive_msg'), ('XDG_CONFIG_DIRS', '/etc/xdg/xdg-ubuntu:/etc/xdg'), ('XDG_DATA_DIRS', '/usr/share/ubuntu:/usr/local/share/:/usr/share/:/var/lib/snapd/desktop'), ('PYTHONPATH', '/opt/ros/humble/lib/python3.10/site-packages:/opt/ros/humble/local/lib/python3.10/dist-packages'), ('LC_NUMERIC', 'ja_JP.UTF-8'), ('LC_PAPER', 'ja_JP.UTF-8'), ('COLCON', '1'), ('VTE_VERSION', '6800'), ('CMAKE_PREFIX_PATH', '/opt/ros/humble')]), 'shell': False}
[0.101232] (rogidrive_msg) StdoutLine: {'line': b'[ 10%] Built target rogidrive_msg__rosidl_generator_c\n'}
[0.101453] (-) TimerEvent: {}
[0.107294] (rogidrive_msg) StdoutLine: {'line': b'[ 12%] Built target rogidrive_msg__cpp\n'}
[0.162548] (rogidrive_msg) StdoutLine: {'line': b'[ 23%] Built target rogidrive_msg__rosidl_typesupport_fastrtps_cpp\n'}
[0.179244] (rogidrive_msg) StdoutLine: {'line': b'[ 23%] Built target ament_cmake_python_copy_rogidrive_msg\n'}
[0.201700] (rogidrive_msg) StdoutLine: {'line': b'[ 33%] Built target rogidrive_msg__rosidl_typesupport_introspection_c\n'}
[0.203608] (-) TimerEvent: {}
[0.211517] (rogidrive_msg) StdoutLine: {'line': b'[ 43%] Built target rogidrive_msg__rosidl_typesupport_c\n'}
[0.231002] (rogidrive_msg) StdoutLine: {'line': b'[ 53%] Built target rogidrive_msg__rosidl_typesupport_introspection_cpp\n'}
[0.254873] (rogidrive_msg) StdoutLine: {'line': b'[ 64%] Built target rogidrive_msg__rosidl_typesupport_cpp\n'}
[0.284640] (rogidrive_msg) StdoutLine: {'line': b'[ 74%] Built target rogidrive_msg__rosidl_typesupport_fastrtps_c\n'}
[0.308299] (-) TimerEvent: {}
[0.326850] (rogidrive_msg) StdoutLine: {'line': b'[ 74%] Built target rogidrive_msg\n'}
[0.353883] (rogidrive_msg) StdoutLine: {'line': b'[ 76%] Built target rogidrive_msg__py\n'}
[0.405657] (rogidrive_msg) StdoutLine: {'line': b'[ 84%] Built target rogidrive_msg__rosidl_generator_py\n'}
[0.408430] (-) TimerEvent: {}
[0.478445] (rogidrive_msg) StdoutLine: {'line': b'[ 89%] Built target rogidrive_msg__rosidl_typesupport_fastrtps_c__pyext\n'}
[0.509690] (-) TimerEvent: {}
[0.541644] (rogidrive_msg) StdoutLine: {'line': b'[ 94%] Built target rogidrive_msg__rosidl_typesupport_introspection_c__pyext\n'}
[0.605081] (rogidrive_msg) StdoutLine: {'line': b'[100%] Built target rogidrive_msg__rosidl_typesupport_c__pyext\n'}
[0.610243] (-) TimerEvent: {}
[0.711634] (-) TimerEvent: {}
[0.758457] (rogidrive_msg) StdoutLine: {'line': b'running egg_info\n'}
[0.759226] (rogidrive_msg) StdoutLine: {'line': b'writing rogidrive_msg.egg-info/PKG-INFO\n'}
[0.760719] (rogidrive_msg) StdoutLine: {'line': b'writing dependency_links to rogidrive_msg.egg-info/dependency_links.txt\n'}
[0.762289] (rogidrive_msg) StdoutLine: {'line': b'writing top-level names to rogidrive_msg.egg-info/top_level.txt\n'}
[0.763894] (rogidrive_msg) StdoutLine: {'line': b"reading manifest file 'rogidrive_msg.egg-info/SOURCES.txt'\n"}
[0.764589] (rogidrive_msg) StdoutLine: {'line': b"writing manifest file 'rogidrive_msg.egg-info/SOURCES.txt'\n"}
[0.785798] (rogidrive_msg) StdoutLine: {'line': b'[100%] Built target ament_cmake_python_build_rogidrive_msg_egg\n'}
[0.796832] (rogidrive_msg) CommandEnded: {'returncode': 0}
[0.811771] (-) TimerEvent: {}
[0.912331] (-) TimerEvent: {}
[1.012645] (-) TimerEvent: {}
[1.071036] (rogidrive_msg) JobProgress: {'identifier': 'rogidrive_msg', 'progress': 'install'}
[1.077947] (rogidrive_msg) Command: {'cmd': ['/opt/st/stm32cubeclt_1.16.0/CMake/bin/cmake', '--install', '/home/yuki/ros2_ws/src/NHK2025/build/rogidrive_msg'], 'cwd': '/home/yuki/ros2_ws/src/NHK2025/build/rogidrive_msg', 'env': OrderedDict([('LANGUAGE', 'en_US:'), ('USER', 'yuki'), ('LC_TIME', 'ja_JP.UTF-8'), ('XDG_SESSION_TYPE', 'wayland'), ('SHLVL', '1'), ('LD_LIBRARY_PATH', '/opt/ros/humble/opt/rviz_ogre_vendor/lib:/opt/ros/humble/lib/x86_64-linux-gnu:/opt/ros/humble/lib'), ('HOME', '/home/yuki'), ('OLDPWD', '/home/yuki/ros2_ws/src'), ('DESKTOP_SESSION', 'ubuntu'), ('ROS_PYTHON_VERSION', '3'), ('GNOME_SHELL_SESSION_MODE', 'ubuntu'), ('GTK_MODULES', 'gail:atk-bridge'), ('LC_MONETARY', 'ja_JP.UTF-8'), ('SYSTEMD_EXEC_PID', '1671'), ('DBUS_SESSION_BUS_ADDRESS', 'unix:path=/run/user/1000/bus'), ('COLORTERM', 'truecolor'), ('IM_CONFIG_PHASE', '1'), ('WAYLAND_DISPLAY', 'wayland-0'), ('ROS_DISTRO', 'humble'), ('LOGNAME', 'yuki'), ('_', '/usr/bin/colcon'), ('ROS_VERSION', '2'), ('XDG_SESSION_CLASS', 'user'), ('USERNAME', 'yuki'), ('TERM', 'xterm-256color'), ('GNOME_DESKTOP_SESSION_ID', 'this-is-deprecated'), ('ROS_LOCALHOST_ONLY', '0'), ('PATH', '/opt/ros/humble/bin:/opt/st/stm32cubeclt_1.16.0:/opt/st/stm32cubeclt_1.16.0/STM32CubeProgrammer/bin:/opt/st/stm32cubeclt_1.16.0/STLink-gdb-server/bin:/opt/st/stm32cubeclt_1.16.0/CMake/bin:/opt/st/stm32cubeclt_1.16.0/Ninja/bin:/opt/st/stm32cubeclt_1.16.0/GNU-tools-for-STM32/bin:/usr/local/sbin:/usr/local/bin:/usr/sbin:/usr/bin:/sbin:/bin:/usr/games:/usr/local/games:/snap/bin:/snap/bin'), ('SESSION_MANAGER', 'local/yuki-virtual-machine:@/tmp/.ICE-unix/1646,unix/yuki-virtual-machine:/tmp/.ICE-unix/1646'), ('XDG_MENU_PREFIX', 'gnome-'), ('LC_ADDRESS', 'ja_JP.UTF-8'), ('GNOME_TERMINAL_SCREEN', '/org/gnome/Terminal/screen/83345ea7_b1f9_43e2_ac02_ace17f95581d'), ('GNOME_SETUP_DISPLAY', ':1'), ('XDG_RUNTIME_DIR', '/run/user/1000'), ('DISPLAY', ':0'), ('LANG', 'ja_JP.UTF-8'), ('XDG_CURRENT_DESKTOP', 'ubuntu:GNOME'), ('LC_TELEPHONE', 'ja_JP.UTF-8'), ('XMODIFIERS', '@im=ibus'), ('XDG_SESSION_DESKTOP', 'ubuntu'), ('XAUTHORITY', '/run/user/1000/.mutter-Xwaylandauth.OF0FW2'), ('GNOME_TERMINAL_SERVICE', ':1.96'), ('SSH_AGENT_LAUNCHER', 'gnome-keyring'), ('SSH_AUTH_SOCK', '/run/user/1000/keyring/ssh'), ('AMENT_PREFIX_PATH', '/opt/ros/humble'), ('SHELL', '/bin/bash'), ('LC_NAME', 'ja_JP.UTF-8'), ('QT_ACCESSIBILITY', '1'), ('GDMSESSION', 'ubuntu'), ('LC_MEASUREMENT', 'ja_JP.UTF-8'), ('LC_IDENTIFICATION', 'ja_JP.UTF-8'), ('QT_IM_MODULE', 'ibus'), ('PWD', '/home/yuki/ros2_ws/src/NHK2025/build/rogidrive_msg'), ('XDG_CONFIG_DIRS', '/etc/xdg/xdg-ubuntu:/etc/xdg'), ('XDG_DATA_DIRS', '/usr/share/ubuntu:/usr/local/share/:/usr/share/:/var/lib/snapd/desktop'), ('PYTHONPATH', '/opt/ros/humble/lib/python3.10/site-packages:/opt/ros/humble/local/lib/python3.10/dist-packages'), ('LC_NUMERIC', 'ja_JP.UTF-8'), ('LC_PAPER', 'ja_JP.UTF-8'), ('COLCON', '1'), ('VTE_VERSION', '6800'), ('CMAKE_PREFIX_PATH', '/opt/ros/humble')]), 'shell': False}
[1.083703] (rogidrive_msg) StdoutLine: {'line': b'-- Install configuration: ""\n'}
[1.084785] (rogidrive_msg) StdoutLine: {'line': b'-- Up-to-date: /home/yuki/ros2_ws/src/NHK2025/install/rogidrive_msg/share/ament_index/resource_index/rosidl_interfaces/rogidrive_msg\n'}
[1.084894] (rogidrive_msg) StdoutLine: {'line': b'-- Up-to-date: /home/yuki/ros2_ws/src/NHK2025/install/rogidrive_msg/include/rogidrive_msg/rogidrive_msg\n'}
[1.085280] (rogidrive_msg) StdoutLine: {'line': b'-- Up-to-date: /home/yuki/ros2_ws/src/NHK2025/install/rogidrive_msg/include/rogidrive_msg/rogidrive_msg/msg\n'}
[1.085394] (rogidrive_msg) StdoutLine: {'line': b'-- Up-to-date: /home/yuki/ros2_ws/src/NHK2025/install/rogidrive_msg/include/rogidrive_msg/rogidrive_msg/msg/rogidrive_message.h\n'}
[1.085481] (rogidrive_msg) StdoutLine: {'line': b'-- Up-to-date: /home/yuki/ros2_ws/src/NHK2025/install/rogidrive_msg/include/rogidrive_msg/rogidrive_msg/msg/rogidrive_multi_array.h\n'}
[1.085569] (rogidrive_msg) StdoutLine: {'line': b'-- Up-to-date: /home/yuki/ros2_ws/src/NHK2025/install/rogidrive_msg/include/rogidrive_msg/rogidrive_msg/msg/detail\n'}
[1.085654] (rogidrive_msg) StdoutLine: {'line': b'-- Up-to-date: /home/yuki/ros2_ws/src/NHK2025/install/rogidrive_msg/include/rogidrive_msg/rogidrive_msg/msg/detail/rogidrive_multi_array__type_support.h\n'}
[1.088700] (rogidrive_msg) StdoutLine: {'line': b'-- Up-to-date: /home/yuki/ros2_ws/src/NHK2025/install/rogidrive_msg/include/rogidrive_msg/rogidrive_msg/msg/detail/rogidrive_message__type_support.h\n'}
[1.088824] (rogidrive_msg) StdoutLine: {'line': b'-- Up-to-date: /home/yuki/ros2_ws/src/NHK2025/install/rogidrive_msg/include/rogidrive_msg/rogidrive_msg/msg/detail/rogidrive_multi_array__struct.h\n'}
[1.088909] (rogidrive_msg) StdoutLine: {'line': b'-- Up-to-date: /home/yuki/ros2_ws/src/NHK2025/install/rogidrive_msg/include/rogidrive_msg/rogidrive_msg/msg/detail/rogidrive_message__struct.h\n'}
[1.088994] (rogidrive_msg) StdoutLine: {'line': b'-- Up-to-date: /home/yuki/ros2_ws/src/NHK2025/install/rogidrive_msg/include/rogidrive_msg/rogidrive_msg/msg/detail/rogidrive_multi_array__functions.h\n'}
[1.089079] (rogidrive_msg) StdoutLine: {'line': b'-- Up-to-date: /home/yuki/ros2_ws/src/NHK2025/install/rogidrive_msg/include/rogidrive_msg/rogidrive_msg/msg/detail/rogidrive_message__functions.c\n'}
[1.089843] (rogidrive_msg) StdoutLine: {'line': b'-- Up-to-date: /home/yuki/ros2_ws/src/NHK2025/install/rogidrive_msg/include/rogidrive_msg/rogidrive_msg/msg/detail/rogidrive_message__functions.h\n'}
[1.089942] (rogidrive_msg) StdoutLine: {'line': b'-- Up-to-date: /home/yuki/ros2_ws/src/NHK2025/install/rogidrive_msg/include/rogidrive_msg/rogidrive_msg/msg/detail/rogidrive_multi_array__functions.c\n'}
[1.090039] (rogidrive_msg) StdoutLine: {'line': b'-- Up-to-date: /home/yuki/ros2_ws/src/NHK2025/install/rogidrive_msg/include/rogidrive_msg/rogidrive_msg/msg/rosidl_generator_c__visibility_control.h\n'}
[1.090123] (rogidrive_msg) StdoutLine: {'line': b'-- Up-to-date: /home/yuki/ros2_ws/src/NHK2025/install/rogidrive_msg/share/rogidrive_msg/environment/library_path.sh\n'}
[1.091413] (rogidrive_msg) StdoutLine: {'line': b'-- Up-to-date: /home/yuki/ros2_ws/src/NHK2025/install/rogidrive_msg/share/rogidrive_msg/environment/library_path.dsv\n'}
[1.091500] (rogidrive_msg) StdoutLine: {'line': b'-- Up-to-date: /home/yuki/ros2_ws/src/NHK2025/install/rogidrive_msg/lib/librogidrive_msg__rosidl_generator_c.so\n'}
[1.093385] (rogidrive_msg) StdoutLine: {'line': b'-- Up-to-date: /home/yuki/ros2_ws/src/NHK2025/install/rogidrive_msg/include/rogidrive_msg/rogidrive_msg\n'}
[1.093563] (rogidrive_msg) StdoutLine: {'line': b'-- Up-to-date: /home/yuki/ros2_ws/src/NHK2025/install/rogidrive_msg/include/rogidrive_msg/rogidrive_msg/msg\n'}
[1.093647] (rogidrive_msg) StdoutLine: {'line': b'-- Up-to-date: /home/yuki/ros2_ws/src/NHK2025/install/rogidrive_msg/include/rogidrive_msg/rogidrive_msg/msg/detail\n'}
[1.093731] (rogidrive_msg) StdoutLine: {'line': b'-- Up-to-date: /home/yuki/ros2_ws/src/NHK2025/install/rogidrive_msg/include/rogidrive_msg/rogidrive_msg/msg/detail/rogidrive_multi_array__rosidl_typesupport_fastrtps_c.h\n'}
[1.093825] (rogidrive_msg) StdoutLine: {'line': b'-- Up-to-date: /home/yuki/ros2_ws/src/NHK2025/install/rogidrive_msg/include/rogidrive_msg/rogidrive_msg/msg/detail/rogidrive_message__rosidl_typesupport_fastrtps_c.h\n'}
[1.093909] (rogidrive_msg) StdoutLine: {'line': b'-- Up-to-date: /home/yuki/ros2_ws/src/NHK2025/install/rogidrive_msg/include/rogidrive_msg/rogidrive_msg/msg/rosidl_typesupport_fastrtps_c__visibility_control.h\n'}
[1.093993] (rogidrive_msg) StdoutLine: {'line': b'-- Up-to-date: /home/yuki/ros2_ws/src/NHK2025/install/rogidrive_msg/lib/librogidrive_msg__rosidl_typesupport_fastrtps_c.so\n'}
[1.094076] (rogidrive_msg) StdoutLine: {'line': b'-- Up-to-date: /home/yuki/ros2_ws/src/NHK2025/install/rogidrive_msg/include/rogidrive_msg/rogidrive_msg\n'}
[1.094985] (rogidrive_msg) StdoutLine: {'line': b'-- Up-to-date: /home/yuki/ros2_ws/src/NHK2025/install/rogidrive_msg/include/rogidrive_msg/rogidrive_msg/msg\n'}
[1.095081] (rogidrive_msg) StdoutLine: {'line': b'-- Up-to-date: /home/yuki/ros2_ws/src/NHK2025/install/rogidrive_msg/include/rogidrive_msg/rogidrive_msg/msg/detail\n'}
[1.095886] (rogidrive_msg) StdoutLine: {'line': b'-- Up-to-date: /home/yuki/ros2_ws/src/NHK2025/install/rogidrive_msg/include/rogidrive_msg/rogidrive_msg/msg/detail/rogidrive_message__builder.hpp\n'}
[1.096257] (rogidrive_msg) StdoutLine: {'line': b'-- Up-to-date: /home/yuki/ros2_ws/src/NHK2025/install/rogidrive_msg/include/rogidrive_msg/rogidrive_msg/msg/detail/rogidrive_message__struct.hpp\n'}
[1.096344] (rogidrive_msg) StdoutLine: {'line': b'-- Up-to-date: /home/yuki/ros2_ws/src/NHK2025/install/rogidrive_msg/include/rogidrive_msg/rogidrive_msg/msg/detail/rogidrive_multi_array__traits.hpp\n'}
[1.096429] (rogidrive_msg) StdoutLine: {'line': b'-- Up-to-date: /home/yuki/ros2_ws/src/NHK2025/install/rogidrive_msg/include/rogidrive_msg/rogidrive_msg/msg/detail/rogidrive_multi_array__struct.hpp\n'}
[1.096512] (rogidrive_msg) StdoutLine: {'line': b'-- Up-to-date: /home/yuki/ros2_ws/src/NHK2025/install/rogidrive_msg/include/rogidrive_msg/rogidrive_msg/msg/detail/rogidrive_message__traits.hpp\n'}
[1.096597] (rogidrive_msg) StdoutLine: {'line': b'-- Up-to-date: /home/yuki/ros2_ws/src/NHK2025/install/rogidrive_msg/include/rogidrive_msg/rogidrive_msg/msg/detail/rogidrive_multi_array__builder.hpp\n'}
[1.096680] (rogidrive_msg) StdoutLine: {'line': b'-- Up-to-date: /home/yuki/ros2_ws/src/NHK2025/install/rogidrive_msg/include/rogidrive_msg/rogidrive_msg/msg/rogidrive_message.hpp\n'}
[1.096765] (rogidrive_msg) StdoutLine: {'line': b'-- Up-to-date: /home/yuki/ros2_ws/src/NHK2025/install/rogidrive_msg/include/rogidrive_msg/rogidrive_msg/msg/rogidrive_multi_array.hpp\n'}
[1.096854] (rogidrive_msg) StdoutLine: {'line': b'-- Up-to-date: /home/yuki/ros2_ws/src/NHK2025/install/rogidrive_msg/include/rogidrive_msg/rogidrive_msg\n'}
[1.096939] (rogidrive_msg) StdoutLine: {'line': b'-- Up-to-date: /home/yuki/ros2_ws/src/NHK2025/install/rogidrive_msg/include/rogidrive_msg/rogidrive_msg/msg\n'}
[1.097022] (rogidrive_msg) StdoutLine: {'line': b'-- Up-to-date: /home/yuki/ros2_ws/src/NHK2025/install/rogidrive_msg/include/rogidrive_msg/rogidrive_msg/msg/detail\n'}
[1.097107] (rogidrive_msg) StdoutLine: {'line': b'-- Up-to-date: /home/yuki/ros2_ws/src/NHK2025/install/rogidrive_msg/include/rogidrive_msg/rogidrive_msg/msg/detail/rogidrive_message__rosidl_typesupport_fastrtps_cpp.hpp\n'}
[1.097241] (rogidrive_msg) StdoutLine: {'line': b'-- Up-to-date: /home/yuki/ros2_ws/src/NHK2025/install/rogidrive_msg/include/rogidrive_msg/rogidrive_msg/msg/detail/rogidrive_multi_array__rosidl_typesupport_fastrtps_cpp.hpp\n'}
[1.097325] (rogidrive_msg) StdoutLine: {'line': b'-- Up-to-date: /home/yuki/ros2_ws/src/NHK2025/install/rogidrive_msg/include/rogidrive_msg/rogidrive_msg/msg/detail/dds_fastrtps\n'}
[1.097409] (rogidrive_msg) StdoutLine: {'line': b'-- Up-to-date: /home/yuki/ros2_ws/src/NHK2025/install/rogidrive_msg/include/rogidrive_msg/rogidrive_msg/msg/rosidl_typesupport_fastrtps_cpp__visibility_control.h\n'}
[1.097496] (rogidrive_msg) StdoutLine: {'line': b'-- Up-to-date: /home/yuki/ros2_ws/src/NHK2025/install/rogidrive_msg/lib/librogidrive_msg__rosidl_typesupport_fastrtps_cpp.so\n'}
[1.097580] (rogidrive_msg) StdoutLine: {'line': b'-- Up-to-date: /home/yuki/ros2_ws/src/NHK2025/install/rogidrive_msg/include/rogidrive_msg/rogidrive_msg\n'}
[1.097664] (rogidrive_msg) StdoutLine: {'line': b'-- Up-to-date: /home/yuki/ros2_ws/src/NHK2025/install/rogidrive_msg/include/rogidrive_msg/rogidrive_msg/msg\n'}
[1.101047] (rogidrive_msg) StdoutLine: {'line': b'-- Up-to-date: /home/yuki/ros2_ws/src/NHK2025/install/rogidrive_msg/include/rogidrive_msg/rogidrive_msg/msg/detail\n'}
[1.101164] (rogidrive_msg) StdoutLine: {'line': b'-- Up-to-date: /home/yuki/ros2_ws/src/NHK2025/install/rogidrive_msg/include/rogidrive_msg/rogidrive_msg/msg/detail/rogidrive_multi_array__type_support.c\n'}
[1.101310] (rogidrive_msg) StdoutLine: {'line': b'-- Up-to-date: /home/yuki/ros2_ws/src/NHK2025/install/rogidrive_msg/include/rogidrive_msg/rogidrive_msg/msg/detail/rogidrive_multi_array__rosidl_typesupport_introspection_c.h\n'}
[1.101396] (rogidrive_msg) StdoutLine: {'line': b'-- Up-to-date: /home/yuki/ros2_ws/src/NHK2025/install/rogidrive_msg/include/rogidrive_msg/rogidrive_msg/msg/detail/rogidrive_message__rosidl_typesupport_introspection_c.h\n'}
[1.101480] (rogidrive_msg) StdoutLine: {'line': b'-- Up-to-date: /home/yuki/ros2_ws/src/NHK2025/install/rogidrive_msg/include/rogidrive_msg/rogidrive_msg/msg/detail/rogidrive_message__type_support.c\n'}
[1.101564] (rogidrive_msg) StdoutLine: {'line': b'-- Up-to-date: /home/yuki/ros2_ws/src/NHK2025/install/rogidrive_msg/include/rogidrive_msg/rogidrive_msg/msg/rosidl_typesupport_introspection_c__visibility_control.h\n'}
[1.101657] (rogidrive_msg) StdoutLine: {'line': b'-- Up-to-date: /home/yuki/ros2_ws/src/NHK2025/install/rogidrive_msg/lib/librogidrive_msg__rosidl_typesupport_introspection_c.so\n'}
[1.101740] (rogidrive_msg) StdoutLine: {'line': b'-- Up-to-date: /home/yuki/ros2_ws/src/NHK2025/install/rogidrive_msg/lib/librogidrive_msg__rosidl_typesupport_c.so\n'}
[1.101823] (rogidrive_msg) StdoutLine: {'line': b'-- Up-to-date: /home/yuki/ros2_ws/src/NHK2025/install/rogidrive_msg/include/rogidrive_msg/rogidrive_msg\n'}
[1.101906] (rogidrive_msg) StdoutLine: {'line': b'-- Up-to-date: /home/yuki/ros2_ws/src/NHK2025/install/rogidrive_msg/include/rogidrive_msg/rogidrive_msg/msg\n'}
[1.101989] (rogidrive_msg) StdoutLine: {'line': b'-- Up-to-date: /home/yuki/ros2_ws/src/NHK2025/install/rogidrive_msg/include/rogidrive_msg/rogidrive_msg/msg/detail\n'}
[1.102071] (rogidrive_msg) StdoutLine: {'line': b'-- Up-to-date: /home/yuki/ros2_ws/src/NHK2025/install/rogidrive_msg/include/rogidrive_msg/rogidrive_msg/msg/detail/rogidrive_message__type_support.cpp\n'}
[1.102191] (rogidrive_msg) StdoutLine: {'line': b'-- Up-to-date: /home/yuki/ros2_ws/src/NHK2025/install/rogidrive_msg/include/rogidrive_msg/rogidrive_msg/msg/detail/rogidrive_multi_array__rosidl_typesupport_introspection_cpp.hpp\n'}
[1.102277] (rogidrive_msg) StdoutLine: {'line': b'-- Up-to-date: /home/yuki/ros2_ws/src/NHK2025/install/rogidrive_msg/include/rogidrive_msg/rogidrive_msg/msg/detail/rogidrive_multi_array__type_support.cpp\n'}
[1.102359] (rogidrive_msg) StdoutLine: {'line': b'-- Up-to-date: /home/yuki/ros2_ws/src/NHK2025/install/rogidrive_msg/include/rogidrive_msg/rogidrive_msg/msg/detail/rogidrive_message__rosidl_typesupport_introspection_cpp.hpp\n'}
[1.106172] (rogidrive_msg) StdoutLine: {'line': b'-- Up-to-date: /home/yuki/ros2_ws/src/NHK2025/install/rogidrive_msg/lib/librogidrive_msg__rosidl_typesupport_introspection_cpp.so\n'}
[1.108438] (rogidrive_msg) StdoutLine: {'line': b'-- Up-to-date: /home/yuki/ros2_ws/src/NHK2025/install/rogidrive_msg/lib/librogidrive_msg__rosidl_typesupport_cpp.so\n'}
[1.108547] (rogidrive_msg) StdoutLine: {'line': b'-- Up-to-date: /home/yuki/ros2_ws/src/NHK2025/install/rogidrive_msg/share/rogidrive_msg/environment/pythonpath.sh\n'}
[1.109545] (rogidrive_msg) StdoutLine: {'line': b'-- Up-to-date: /home/yuki/ros2_ws/src/NHK2025/install/rogidrive_msg/share/rogidrive_msg/environment/pythonpath.dsv\n'}
[1.109643] (rogidrive_msg) StdoutLine: {'line': b'-- Up-to-date: /home/yuki/ros2_ws/src/NHK2025/install/rogidrive_msg/local/lib/python3.10/dist-packages/rogidrive_msg-0.0.0-py3.10.egg-info\n'}
[1.109728] (rogidrive_msg) StdoutLine: {'line': b'-- Installing: /home/yuki/ros2_ws/src/NHK2025/install/rogidrive_msg/local/lib/python3.10/dist-packages/rogidrive_msg-0.0.0-py3.10.egg-info/dependency_links.txt\n'}
[1.109814] (rogidrive_msg) StdoutLine: {'line': b'-- Installing: /home/yuki/ros2_ws/src/NHK2025/install/rogidrive_msg/local/lib/python3.10/dist-packages/rogidrive_msg-0.0.0-py3.10.egg-info/SOURCES.txt\n'}
[1.109898] (rogidrive_msg) StdoutLine: {'line': b'-- Installing: /home/yuki/ros2_ws/src/NHK2025/install/rogidrive_msg/local/lib/python3.10/dist-packages/rogidrive_msg-0.0.0-py3.10.egg-info/PKG-INFO\n'}
[1.109982] (rogidrive_msg) StdoutLine: {'line': b'-- Installing: /home/yuki/ros2_ws/src/NHK2025/install/rogidrive_msg/local/lib/python3.10/dist-packages/rogidrive_msg-0.0.0-py3.10.egg-info/top_level.txt\n'}
[1.110072] (rogidrive_msg) StdoutLine: {'line': b'-- Up-to-date: /home/yuki/ros2_ws/src/NHK2025/install/rogidrive_msg/local/lib/python3.10/dist-packages/rogidrive_msg\n'}
[1.110792] (rogidrive_msg) StdoutLine: {'line': b'-- Up-to-date: /home/yuki/ros2_ws/src/NHK2025/install/rogidrive_msg/local/lib/python3.10/dist-packages/rogidrive_msg/_rogidrive_msg_s.ep.rosidl_typesupport_fastrtps_c.c\n'}
[1.111237] (rogidrive_msg) StdoutLine: {'line': b'-- Up-to-date: /home/yuki/ros2_ws/src/NHK2025/install/rogidrive_msg/local/lib/python3.10/dist-packages/rogidrive_msg/rogidrive_msg_s__rosidl_typesupport_introspection_c.cpython-310-x86_64-linux-gnu.so\n'}
[1.111325] (rogidrive_msg) StdoutLine: {'line': b'-- Up-to-date: /home/yuki/ros2_ws/src/NHK2025/install/rogidrive_msg/local/lib/python3.10/dist-packages/rogidrive_msg/_rogidrive_msg_s.ep.rosidl_typesupport_introspection_c.c\n'}
[1.111410] (rogidrive_msg) StdoutLine: {'line': b'-- Up-to-date: /home/yuki/ros2_ws/src/NHK2025/install/rogidrive_msg/local/lib/python3.10/dist-packages/rogidrive_msg/rogidrive_msg_s__rosidl_typesupport_c.cpython-310-x86_64-linux-gnu.so\n'}
[1.111495] (rogidrive_msg) StdoutLine: {'line': b'-- Up-to-date: /home/yuki/ros2_ws/src/NHK2025/install/rogidrive_msg/local/lib/python3.10/dist-packages/rogidrive_msg/_rogidrive_msg_s.ep.rosidl_typesupport_c.c\n'}
[1.112269] (rogidrive_msg) StdoutLine: {'line': b'-- Up-to-date: /home/yuki/ros2_ws/src/NHK2025/install/rogidrive_msg/local/lib/python3.10/dist-packages/rogidrive_msg/librogidrive_msg__rosidl_generator_py.so\n'}
[1.112365] (rogidrive_msg) StdoutLine: {'line': b'-- Up-to-date: /home/yuki/ros2_ws/src/NHK2025/install/rogidrive_msg/local/lib/python3.10/dist-packages/rogidrive_msg/rogidrive_msg_s__rosidl_typesupport_fastrtps_c.cpython-310-x86_64-linux-gnu.so\n'}
[1.112951] (rogidrive_msg) StdoutLine: {'line': b'-- Up-to-date: /home/yuki/ros2_ws/src/NHK2025/install/rogidrive_msg/local/lib/python3.10/dist-packages/rogidrive_msg/msg\n'}
[1.113050] (-) TimerEvent: {}
[1.113593] (rogidrive_msg) StdoutLine: {'line': b'-- Up-to-date: /home/yuki/ros2_ws/src/NHK2025/install/rogidrive_msg/local/lib/python3.10/dist-packages/rogidrive_msg/msg/_rogidrive_multi_array.py\n'}
[1.114369] (rogidrive_msg) StdoutLine: {'line': b'-- Up-to-date: /home/yuki/ros2_ws/src/NHK2025/install/rogidrive_msg/local/lib/python3.10/dist-packages/rogidrive_msg/msg/_rogidrive_message.py\n'}
[1.114461] (rogidrive_msg) StdoutLine: {'line': b'-- Up-to-date: /home/yuki/ros2_ws/src/NHK2025/install/rogidrive_msg/local/lib/python3.10/dist-packages/rogidrive_msg/msg/_rogidrive_message_s.c\n'}
[1.114545] (rogidrive_msg) StdoutLine: {'line': b'-- Up-to-date: /home/yuki/ros2_ws/src/NHK2025/install/rogidrive_msg/local/lib/python3.10/dist-packages/rogidrive_msg/msg/_rogidrive_multi_array_s.c\n'}
[1.114629] (rogidrive_msg) StdoutLine: {'line': b'-- Up-to-date: /home/yuki/ros2_ws/src/NHK2025/install/rogidrive_msg/local/lib/python3.10/dist-packages/rogidrive_msg/msg/__init__.py\n'}
[1.114713] (rogidrive_msg) StdoutLine: {'line': b'-- Up-to-date: /home/yuki/ros2_ws/src/NHK2025/install/rogidrive_msg/local/lib/python3.10/dist-packages/rogidrive_msg/__init__.py\n'}
[1.180343] (rogidrive_msg) StdoutLine: {'line': b"Listing '/home/yuki/ros2_ws/src/NHK2025/install/rogidrive_msg/local/lib/python3.10/dist-packages/rogidrive_msg'...\n"}
[1.180542] (rogidrive_msg) StdoutLine: {'line': b"Listing '/home/yuki/ros2_ws/src/NHK2025/install/rogidrive_msg/local/lib/python3.10/dist-packages/rogidrive_msg/msg'...\n"}
[1.188823] (rogidrive_msg) StdoutLine: {'line': b'-- Up-to-date: /home/yuki/ros2_ws/src/NHK2025/install/rogidrive_msg/local/lib/python3.10/dist-packages/rogidrive_msg/rogidrive_msg_s__rosidl_typesupport_fastrtps_c.cpython-310-x86_64-linux-gnu.so\n'}
[1.192515] (rogidrive_msg) StdoutLine: {'line': b'-- Up-to-date: /home/yuki/ros2_ws/src/NHK2025/install/rogidrive_msg/local/lib/python3.10/dist-packages/rogidrive_msg/rogidrive_msg_s__rosidl_typesupport_introspection_c.cpython-310-x86_64-linux-gnu.so\n'}
[1.194734] (rogidrive_msg) StdoutLine: {'line': b'-- Up-to-date: /home/yuki/ros2_ws/src/NHK2025/install/rogidrive_msg/local/lib/python3.10/dist-packages/rogidrive_msg/rogidrive_msg_s__rosidl_typesupport_c.cpython-310-x86_64-linux-gnu.so\n'}
[1.197277] (rogidrive_msg) StdoutLine: {'line': b'-- Up-to-date: /home/yuki/ros2_ws/src/NHK2025/install/rogidrive_msg/lib/librogidrive_msg__rosidl_generator_py.so\n'}
[1.198919] (rogidrive_msg) StdoutLine: {'line': b'-- Up-to-date: /home/yuki/ros2_ws/src/NHK2025/install/rogidrive_msg/share/rogidrive_msg/msg/RogidriveMessage.idl\n'}
[1.199560] (rogidrive_msg) StdoutLine: {'line': b'-- Up-to-date: /home/yuki/ros2_ws/src/NHK2025/install/rogidrive_msg/share/rogidrive_msg/msg/RogidriveMultiArray.idl\n'}
[1.199668] (rogidrive_msg) StdoutLine: {'line': b'-- Up-to-date: /home/yuki/ros2_ws/src/NHK2025/install/rogidrive_msg/share/rogidrive_msg/msg/RogidriveMessage.msg\n'}
[1.199767] (rogidrive_msg) StdoutLine: {'line': b'-- Up-to-date: /home/yuki/ros2_ws/src/NHK2025/install/rogidrive_msg/share/rogidrive_msg/msg/RogidriveMultiArray.msg\n'}
[1.200674] (rogidrive_msg) StdoutLine: {'line': b'-- Up-to-date: /home/yuki/ros2_ws/src/NHK2025/install/rogidrive_msg/share/ament_index/resource_index/package_run_dependencies/rogidrive_msg\n'}
[1.200824] (rogidrive_msg) StdoutLine: {'line': b'-- Up-to-date: /home/yuki/ros2_ws/src/NHK2025/install/rogidrive_msg/share/ament_index/resource_index/parent_prefix_path/rogidrive_msg\n'}
[1.200916] (rogidrive_msg) StdoutLine: {'line': b'-- Up-to-date: /home/yuki/ros2_ws/src/NHK2025/install/rogidrive_msg/share/rogidrive_msg/environment/ament_prefix_path.sh\n'}
[1.201018] (rogidrive_msg) StdoutLine: {'line': b'-- Up-to-date: /home/yuki/ros2_ws/src/NHK2025/install/rogidrive_msg/share/rogidrive_msg/environment/ament_prefix_path.dsv\n'}
[1.201718] (rogidrive_msg) StdoutLine: {'line': b'-- Up-to-date: /home/yuki/ros2_ws/src/NHK2025/install/rogidrive_msg/share/rogidrive_msg/environment/path.sh\n'}
[1.201960] (rogidrive_msg) StdoutLine: {'line': b'-- Up-to-date: /home/yuki/ros2_ws/src/NHK2025/install/rogidrive_msg/share/rogidrive_msg/environment/path.dsv\n'}
[1.203285] (rogidrive_msg) StdoutLine: {'line': b'-- Up-to-date: /home/yuki/ros2_ws/src/NHK2025/install/rogidrive_msg/share/rogidrive_msg/local_setup.bash\n'}
[1.203491] (rogidrive_msg) StdoutLine: {'line': b'-- Up-to-date: /home/yuki/ros2_ws/src/NHK2025/install/rogidrive_msg/share/rogidrive_msg/local_setup.sh\n'}
[1.203643] (rogidrive_msg) StdoutLine: {'line': b'-- Up-to-date: /home/yuki/ros2_ws/src/NHK2025/install/rogidrive_msg/share/rogidrive_msg/local_setup.zsh\n'}
[1.203733] (rogidrive_msg) StdoutLine: {'line': b'-- Up-to-date: /home/yuki/ros2_ws/src/NHK2025/install/rogidrive_msg/share/rogidrive_msg/local_setup.dsv\n'}
[1.204286] (rogidrive_msg) StdoutLine: {'line': b'-- Installing: /home/yuki/ros2_ws/src/NHK2025/install/rogidrive_msg/share/rogidrive_msg/package.dsv\n'}
[1.204431] (rogidrive_msg) StdoutLine: {'line': b'-- Up-to-date: /home/yuki/ros2_ws/src/NHK2025/install/rogidrive_msg/share/ament_index/resource_index/packages/rogidrive_msg\n'}
[1.204517] (rogidrive_msg) StdoutLine: {'line': b'-- Up-to-date: /home/yuki/ros2_ws/src/NHK2025/install/rogidrive_msg/share/rogidrive_msg/cmake/export_rogidrive_msg__rosidl_generator_cExport.cmake\n'}
[1.204603] (rogidrive_msg) StdoutLine: {'line': b'-- Up-to-date: /home/yuki/ros2_ws/src/NHK2025/install/rogidrive_msg/share/rogidrive_msg/cmake/export_rogidrive_msg__rosidl_generator_cExport-noconfig.cmake\n'}
[1.204688] (rogidrive_msg) StdoutLine: {'line': b'-- Up-to-date: /home/yuki/ros2_ws/src/NHK2025/install/rogidrive_msg/share/rogidrive_msg/cmake/export_rogidrive_msg__rosidl_typesupport_fastrtps_cExport.cmake\n'}
[1.204773] (rogidrive_msg) StdoutLine: {'line': b'-- Up-to-date: /home/yuki/ros2_ws/src/NHK2025/install/rogidrive_msg/share/rogidrive_msg/cmake/export_rogidrive_msg__rosidl_typesupport_fastrtps_cExport-noconfig.cmake\n'}
[1.204869] (rogidrive_msg) StdoutLine: {'line': b'-- Up-to-date: /home/yuki/ros2_ws/src/NHK2025/install/rogidrive_msg/share/rogidrive_msg/cmake/export_rogidrive_msg__rosidl_generator_cppExport.cmake\n'}
[1.204955] (rogidrive_msg) StdoutLine: {'line': b'-- Up-to-date: /home/yuki/ros2_ws/src/NHK2025/install/rogidrive_msg/share/rogidrive_msg/cmake/export_rogidrive_msg__rosidl_typesupport_fastrtps_cppExport.cmake\n'}
[1.205040] (rogidrive_msg) StdoutLine: {'line': b'-- Up-to-date: /home/yuki/ros2_ws/src/NHK2025/install/rogidrive_msg/share/rogidrive_msg/cmake/export_rogidrive_msg__rosidl_typesupport_fastrtps_cppExport-noconfig.cmake\n'}
[1.207194] (rogidrive_msg) StdoutLine: {'line': b'-- Up-to-date: /home/yuki/ros2_ws/src/NHK2025/install/rogidrive_msg/share/rogidrive_msg/cmake/rogidrive_msg__rosidl_typesupport_introspection_cExport.cmake\n'}
[1.207680] (rogidrive_msg) StdoutLine: {'line': b'-- Up-to-date: /home/yuki/ros2_ws/src/NHK2025/install/rogidrive_msg/share/rogidrive_msg/cmake/rogidrive_msg__rosidl_typesupport_introspection_cExport-noconfig.cmake\n'}
[1.207769] (rogidrive_msg) StdoutLine: {'line': b'-- Up-to-date: /home/yuki/ros2_ws/src/NHK2025/install/rogidrive_msg/share/rogidrive_msg/cmake/rogidrive_msg__rosidl_typesupport_cExport.cmake\n'}
[1.207857] (rogidrive_msg) StdoutLine: {'line': b'-- Up-to-date: /home/yuki/ros2_ws/src/NHK2025/install/rogidrive_msg/share/rogidrive_msg/cmake/rogidrive_msg__rosidl_typesupport_cExport-noconfig.cmake\n'}
[1.207943] (rogidrive_msg) StdoutLine: {'line': b'-- Up-to-date: /home/yuki/ros2_ws/src/NHK2025/install/rogidrive_msg/share/rogidrive_msg/cmake/rogidrive_msg__rosidl_typesupport_introspection_cppExport.cmake\n'}
[1.208077] (rogidrive_msg) StdoutLine: {'line': b'-- Up-to-date: /home/yuki/ros2_ws/src/NHK2025/install/rogidrive_msg/share/rogidrive_msg/cmake/rogidrive_msg__rosidl_typesupport_introspection_cppExport-noconfig.cmake\n'}
[1.208220] (rogidrive_msg) StdoutLine: {'line': b'-- Up-to-date: /home/yuki/ros2_ws/src/NHK2025/install/rogidrive_msg/share/rogidrive_msg/cmake/rogidrive_msg__rosidl_typesupport_cppExport.cmake\n'}
[1.208312] (rogidrive_msg) StdoutLine: {'line': b'-- Up-to-date: /home/yuki/ros2_ws/src/NHK2025/install/rogidrive_msg/share/rogidrive_msg/cmake/rogidrive_msg__rosidl_typesupport_cppExport-noconfig.cmake\n'}
[1.208399] (rogidrive_msg) StdoutLine: {'line': b'-- Up-to-date: /home/yuki/ros2_ws/src/NHK2025/install/rogidrive_msg/share/rogidrive_msg/cmake/export_rogidrive_msg__rosidl_generator_pyExport.cmake\n'}
[1.208487] (rogidrive_msg) StdoutLine: {'line': b'-- Up-to-date: /home/yuki/ros2_ws/src/NHK2025/install/rogidrive_msg/share/rogidrive_msg/cmake/export_rogidrive_msg__rosidl_generator_pyExport-noconfig.cmake\n'}
[1.208577] (rogidrive_msg) StdoutLine: {'line': b'-- Up-to-date: /home/yuki/ros2_ws/src/NHK2025/install/rogidrive_msg/share/rogidrive_msg/cmake/rosidl_cmake-extras.cmake\n'}
[1.208664] (rogidrive_msg) StdoutLine: {'line': b'-- Up-to-date: /home/yuki/ros2_ws/src/NHK2025/install/rogidrive_msg/share/rogidrive_msg/cmake/ament_cmake_export_dependencies-extras.cmake\n'}
[1.208750] (rogidrive_msg) StdoutLine: {'line': b'-- Up-to-date: /home/yuki/ros2_ws/src/NHK2025/install/rogidrive_msg/share/rogidrive_msg/cmake/ament_cmake_export_include_directories-extras.cmake\n'}
[1.208836] (rogidrive_msg) StdoutLine: {'line': b'-- Up-to-date: /home/yuki/ros2_ws/src/NHK2025/install/rogidrive_msg/share/rogidrive_msg/cmake/ament_cmake_export_libraries-extras.cmake\n'}
[1.209702] (rogidrive_msg) StdoutLine: {'line': b'-- Up-to-date: /home/yuki/ros2_ws/src/NHK2025/install/rogidrive_msg/share/rogidrive_msg/cmake/ament_cmake_export_targets-extras.cmake\n'}
[1.209809] (rogidrive_msg) StdoutLine: {'line': b'-- Up-to-date: /home/yuki/ros2_ws/src/NHK2025/install/rogidrive_msg/share/rogidrive_msg/cmake/rosidl_cmake_export_typesupport_targets-extras.cmake\n'}
[1.209897] (rogidrive_msg) StdoutLine: {'line': b'-- Up-to-date: /home/yuki/ros2_ws/src/NHK2025/install/rogidrive_msg/share/rogidrive_msg/cmake/rosidl_cmake_export_typesupport_libraries-extras.cmake\n'}
[1.209985] (rogidrive_msg) StdoutLine: {'line': b'-- Up-to-date: /home/yuki/ros2_ws/src/NHK2025/install/rogidrive_msg/share/rogidrive_msg/cmake/rogidrive_msgConfig.cmake\n'}
[1.210071] (rogidrive_msg) StdoutLine: {'line': b'-- Up-to-date: /home/yuki/ros2_ws/src/NHK2025/install/rogidrive_msg/share/rogidrive_msg/cmake/rogidrive_msgConfig-version.cmake\n'}
[1.210229] (rogidrive_msg) StdoutLine: {'line': b'-- Up-to-date: /home/yuki/ros2_ws/src/NHK2025/install/rogidrive_msg/share/rogidrive_msg/package.xml\n'}
[1.213425] (rogidrive_msg) CommandEnded: {'returncode': 0}
[1.213825] (-) TimerEvent: {}
[1.314249] (-) TimerEvent: {}
[1.414880] (-) TimerEvent: {}
[1.503405] (rogidrive_msg) JobEnded: {'identifier': 'rogidrive_msg', 'rc': 0}
[1.505399] (rogidrive) JobStarted: {'identifier': 'rogidrive'}
[1.511835] (shoot) JobStarted: {'identifier': 'shoot'}
[1.515433] (-) TimerEvent: {}
[1.617057] (-) TimerEvent: {}
[1.717901] (-) TimerEvent: {}
[1.818576] (-) TimerEvent: {}
[1.861041] (shoot) JobProgress: {'identifier': 'shoot', 'progress': 'cmake'}
[1.861905] (shoot) JobProgress: {'identifier': 'shoot', 'progress': 'build'}
[1.866339] (shoot) Command: {'cmd': ['/opt/st/stm32cubeclt_1.16.0/CMake/bin/cmake', '--build', '/home/yuki/ros2_ws/src/NHK2025/build/shoot', '--', '-j2', '-l2'], 'cwd': '/home/yuki/ros2_ws/src/NHK2025/build/shoot', 'env': OrderedDict([('LANGUAGE', 'en_US:'), ('USER', 'yuki'), ('LC_TIME', 'ja_JP.UTF-8'), ('XDG_SESSION_TYPE', 'wayland'), ('SHLVL', '1'), ('LD_LIBRARY_PATH', '/home/yuki/ros2_ws/src/NHK2025/install/rogidrive_msg/lib:/opt/ros/humble/opt/rviz_ogre_vendor/lib:/opt/ros/humble/lib/x86_64-linux-gnu:/opt/ros/humble/lib'), ('HOME', '/home/yuki'), ('OLDPWD', '/home/yuki/ros2_ws/src'), ('DESKTOP_SESSION', 'ubuntu'), ('ROS_PYTHON_VERSION', '3'), ('GNOME_SHELL_SESSION_MODE', 'ubuntu'), ('GTK_MODULES', 'gail:atk-bridge'), ('LC_MONETARY', 'ja_JP.UTF-8'), ('SYSTEMD_EXEC_PID', '1671'), ('DBUS_SESSION_BUS_ADDRESS', 'unix:path=/run/user/1000/bus'), ('COLORTERM', 'truecolor'), ('IM_CONFIG_PHASE', '1'), ('WAYLAND_DISPLAY', 'wayland-0'), ('ROS_DISTRO', 'humble'), ('LOGNAME', 'yuki'), ('_', '/usr/bin/colcon'), ('ROS_VERSION', '2'), ('XDG_SESSION_CLASS', 'user'), ('USERNAME', 'yuki'), ('TERM', 'xterm-256color'), ('GNOME_DESKTOP_SESSION_ID', 'this-is-deprecated'), ('ROS_LOCALHOST_ONLY', '0'), ('PATH', '/opt/ros/humble/bin:/opt/st/stm32cubeclt_1.16.0:/opt/st/stm32cubeclt_1.16.0/STM32CubeProgrammer/bin:/opt/st/stm32cubeclt_1.16.0/STLink-gdb-server/bin:/opt/st/stm32cubeclt_1.16.0/CMake/bin:/opt/st/stm32cubeclt_1.16.0/Ninja/bin:/opt/st/stm32cubeclt_1.16.0/GNU-tools-for-STM32/bin:/usr/local/sbin:/usr/local/bin:/usr/sbin:/usr/bin:/sbin:/bin:/usr/games:/usr/local/games:/snap/bin:/snap/bin'), ('SESSION_MANAGER', 'local/yuki-virtual-machine:@/tmp/.ICE-unix/1646,unix/yuki-virtual-machine:/tmp/.ICE-unix/1646'), ('XDG_MENU_PREFIX', 'gnome-'), ('LC_ADDRESS', 'ja_JP.UTF-8'), ('GNOME_TERMINAL_SCREEN', '/org/gnome/Terminal/screen/83345ea7_b1f9_43e2_ac02_ace17f95581d'), ('GNOME_SETUP_DISPLAY', ':1'), ('XDG_RUNTIME_DIR', '/run/user/1000'), ('DISPLAY', ':0'), ('LANG', 'ja_JP.UTF-8'), ('XDG_CURRENT_DESKTOP', 'ubuntu:GNOME'), ('LC_TELEPHONE', 'ja_JP.UTF-8'), ('XMODIFIERS', '@im=ibus'), ('XDG_SESSION_DESKTOP', 'ubuntu'), ('XAUTHORITY', '/run/user/1000/.mutter-Xwaylandauth.OF0FW2'), ('GNOME_TERMINAL_SERVICE', ':1.96'), ('SSH_AGENT_LAUNCHER', 'gnome-keyring'), ('SSH_AUTH_SOCK', '/run/user/1000/keyring/ssh'), ('AMENT_PREFIX_PATH', '/home/yuki/ros2_ws/src/NHK2025/install/rogidrive_msg:/opt/ros/humble'), ('SHELL', '/bin/bash'), ('LC_NAME', 'ja_JP.UTF-8'), ('QT_ACCESSIBILITY', '1'), ('GDMSESSION', 'ubuntu'), ('LC_MEASUREMENT', 'ja_JP.UTF-8'), ('LC_IDENTIFICATION', 'ja_JP.UTF-8'), ('QT_IM_MODULE', 'ibus'), ('PWD', '/home/yuki/ros2_ws/src/NHK2025/build/shoot'), ('XDG_CONFIG_DIRS', '/etc/xdg/xdg-ubuntu:/etc/xdg'), ('XDG_DATA_DIRS', '/usr/share/ubuntu:/usr/local/share/:/usr/share/:/var/lib/snapd/desktop'), ('PYTHONPATH', '/home/yuki/ros2_ws/src/NHK2025/install/rogidrive_msg/local/lib/python3.10/dist-packages:/opt/ros/humble/lib/python3.10/site-packages:/opt/ros/humble/local/lib/python3.10/dist-packages'), ('LC_NUMERIC', 'ja_JP.UTF-8'), ('LC_PAPER', 'ja_JP.UTF-8'), ('COLCON', '1'), ('VTE_VERSION', '6800'), ('CMAKE_PREFIX_PATH', '/home/yuki/ros2_ws/src/NHK2025/install/rogidrive_msg:/opt/ros/humble')]), 'shell': False}
[1.919685] (-) TimerEvent: {}
[1.978472] (shoot) StdoutLine: {'line': b'[100%] Built target shooter\n'}
[1.990317] (shoot) CommandEnded: {'returncode': 0}
[2.019958] (-) TimerEvent: {}
[2.080779] (shoot) JobProgress: {'identifier': 'shoot', 'progress': 'install'}
[2.080884] (shoot) Command: {'cmd': ['/opt/st/stm32cubeclt_1.16.0/CMake/bin/cmake', '--install', '/home/yuki/ros2_ws/src/NHK2025/build/shoot'], 'cwd': '/home/yuki/ros2_ws/src/NHK2025/build/shoot', 'env': OrderedDict([('LANGUAGE', 'en_US:'), ('USER', 'yuki'), ('LC_TIME', 'ja_JP.UTF-8'), ('XDG_SESSION_TYPE', 'wayland'), ('SHLVL', '1'), ('LD_LIBRARY_PATH', '/home/yuki/ros2_ws/src/NHK2025/install/rogidrive_msg/lib:/opt/ros/humble/opt/rviz_ogre_vendor/lib:/opt/ros/humble/lib/x86_64-linux-gnu:/opt/ros/humble/lib'), ('HOME', '/home/yuki'), ('OLDPWD', '/home/yuki/ros2_ws/src'), ('DESKTOP_SESSION', 'ubuntu'), ('ROS_PYTHON_VERSION', '3'), ('GNOME_SHELL_SESSION_MODE', 'ubuntu'), ('GTK_MODULES', 'gail:atk-bridge'), ('LC_MONETARY', 'ja_JP.UTF-8'), ('SYSTEMD_EXEC_PID', '1671'), ('DBUS_SESSION_BUS_ADDRESS', 'unix:path=/run/user/1000/bus'), ('COLORTERM', 'truecolor'), ('IM_CONFIG_PHASE', '1'), ('WAYLAND_DISPLAY', 'wayland-0'), ('ROS_DISTRO', 'humble'), ('LOGNAME', 'yuki'), ('_', '/usr/bin/colcon'), ('ROS_VERSION', '2'), ('XDG_SESSION_CLASS', 'user'), ('USERNAME', 'yuki'), ('TERM', 'xterm-256color'), ('GNOME_DESKTOP_SESSION_ID', 'this-is-deprecated'), ('ROS_LOCALHOST_ONLY', '0'), ('PATH', '/opt/ros/humble/bin:/opt/st/stm32cubeclt_1.16.0:/opt/st/stm32cubeclt_1.16.0/STM32CubeProgrammer/bin:/opt/st/stm32cubeclt_1.16.0/STLink-gdb-server/bin:/opt/st/stm32cubeclt_1.16.0/CMake/bin:/opt/st/stm32cubeclt_1.16.0/Ninja/bin:/opt/st/stm32cubeclt_1.16.0/GNU-tools-for-STM32/bin:/usr/local/sbin:/usr/local/bin:/usr/sbin:/usr/bin:/sbin:/bin:/usr/games:/usr/local/games:/snap/bin:/snap/bin'), ('SESSION_MANAGER', 'local/yuki-virtual-machine:@/tmp/.ICE-unix/1646,unix/yuki-virtual-machine:/tmp/.ICE-unix/1646'), ('XDG_MENU_PREFIX', 'gnome-'), ('LC_ADDRESS', 'ja_JP.UTF-8'), ('GNOME_TERMINAL_SCREEN', '/org/gnome/Terminal/screen/83345ea7_b1f9_43e2_ac02_ace17f95581d'), ('GNOME_SETUP_DISPLAY', ':1'), ('XDG_RUNTIME_DIR', '/run/user/1000'), ('DISPLAY', ':0'), ('LANG', 'ja_JP.UTF-8'), ('XDG_CURRENT_DESKTOP', 'ubuntu:GNOME'), ('LC_TELEPHONE', 'ja_JP.UTF-8'), ('XMODIFIERS', '@im=ibus'), ('XDG_SESSION_DESKTOP', 'ubuntu'), ('XAUTHORITY', '/run/user/1000/.mutter-Xwaylandauth.OF0FW2'), ('GNOME_TERMINAL_SERVICE', ':1.96'), ('SSH_AGENT_LAUNCHER', 'gnome-keyring'), ('SSH_AUTH_SOCK', '/run/user/1000/keyring/ssh'), ('AMENT_PREFIX_PATH', '/home/yuki/ros2_ws/src/NHK2025/install/rogidrive_msg:/opt/ros/humble'), ('SHELL', '/bin/bash'), ('LC_NAME', 'ja_JP.UTF-8'), ('QT_ACCESSIBILITY', '1'), ('GDMSESSION', 'ubuntu'), ('LC_MEASUREMENT', 'ja_JP.UTF-8'), ('LC_IDENTIFICATION', 'ja_JP.UTF-8'), ('QT_IM_MODULE', 'ibus'), ('PWD', '/home/yuki/ros2_ws/src/NHK2025/build/shoot'), ('XDG_CONFIG_DIRS', '/etc/xdg/xdg-ubuntu:/etc/xdg'), ('XDG_DATA_DIRS', '/usr/share/ubuntu:/usr/local/share/:/usr/share/:/var/lib/snapd/desktop'), ('PYTHONPATH', '/home/yuki/ros2_ws/src/NHK2025/install/rogidrive_msg/local/lib/python3.10/dist-packages:/opt/ros/humble/lib/python3.10/site-packages:/opt/ros/humble/local/lib/python3.10/dist-packages'), ('LC_NUMERIC', 'ja_JP.UTF-8'), ('LC_PAPER', 'ja_JP.UTF-8'), ('COLCON', '1'), ('VTE_VERSION', '6800'), ('CMAKE_PREFIX_PATH', '/home/yuki/ros2_ws/src/NHK2025/install/rogidrive_msg:/opt/ros/humble')]), 'shell': False}
[2.086418] (shoot) StdoutLine: {'line': b'-- Install configuration: ""\n'}
[2.089209] (shoot) StdoutLine: {'line': b'-- Up-to-date: /home/yuki/ros2_ws/src/NHK2025/install/shoot/lib/shoot/shooter\n'}
[2.090282] (shoot) StdoutLine: {'line': b'-- Up-to-date: /home/yuki/ros2_ws/src/NHK2025/install/shoot/share/ament_index/resource_index/package_run_dependencies/shoot\n'}
[2.090871] (shoot) StdoutLine: {'line': b'-- Up-to-date: /home/yuki/ros2_ws/src/NHK2025/install/shoot/share/ament_index/resource_index/parent_prefix_path/shoot\n'}
[2.092250] (shoot) StdoutLine: {'line': b'-- Up-to-date: /home/yuki/ros2_ws/src/NHK2025/install/shoot/share/shoot/environment/ament_prefix_path.sh\n'}
[2.092384] (shoot) StdoutLine: {'line': b'-- Up-to-date: /home/yuki/ros2_ws/src/NHK2025/install/shoot/share/shoot/environment/ament_prefix_path.dsv\n'}
[2.092484] (shoot) StdoutLine: {'line': b'-- Up-to-date: /home/yuki/ros2_ws/src/NHK2025/install/shoot/share/shoot/environment/path.sh\n'}
[2.092581] (shoot) StdoutLine: {'line': b'-- Up-to-date: /home/yuki/ros2_ws/src/NHK2025/install/shoot/share/shoot/environment/path.dsv\n'}
[2.092678] (shoot) StdoutLine: {'line': b'-- Up-to-date: /home/yuki/ros2_ws/src/NHK2025/install/shoot/share/shoot/local_setup.bash\n'}
[2.092774] (shoot) StdoutLine: {'line': b'-- Up-to-date: /home/yuki/ros2_ws/src/NHK2025/install/shoot/share/shoot/local_setup.sh\n'}
[2.094830] (shoot) StdoutLine: {'line': b'-- Up-to-date: /home/yuki/ros2_ws/src/NHK2025/install/shoot/share/shoot/local_setup.zsh\n'}
[2.095274] (shoot) StdoutLine: {'line': b'-- Up-to-date: /home/yuki/ros2_ws/src/NHK2025/install/shoot/share/shoot/local_setup.dsv\n'}
[2.095382] (shoot) StdoutLine: {'line': b'-- Installing: /home/yuki/ros2_ws/src/NHK2025/install/shoot/share/shoot/package.dsv\n'}
[2.096304] (shoot) StdoutLine: {'line': b'-- Up-to-date: /home/yuki/ros2_ws/src/NHK2025/install/shoot/share/ament_index/resource_index/packages/shoot\n'}
[2.098017] (shoot) StdoutLine: {'line': b'-- Up-to-date: /home/yuki/ros2_ws/src/NHK2025/install/shoot/share/shoot/cmake/shootConfig.cmake\n'}
[2.098665] (shoot) StdoutLine: {'line': b'-- Up-to-date: /home/yuki/ros2_ws/src/NHK2025/install/shoot/share/shoot/cmake/shootConfig-version.cmake\n'}
[2.098779] (shoot) StdoutLine: {'line': b'-- Up-to-date: /home/yuki/ros2_ws/src/NHK2025/install/shoot/share/shoot/package.xml\n'}
[2.101827] (shoot) CommandEnded: {'returncode': 0}
[2.120082] (-) TimerEvent: {}
[2.216712] (shoot) JobEnded: {'identifier': 'shoot', 'rc': 0}
[2.220498] (-) TimerEvent: {}
[2.322403] (-) TimerEvent: {}
[2.377358] (rogidrive) Command: {'cmd': ['/usr/bin/python3', '-W', 'ignore:setup.py install is deprecated', 'setup.py', 'egg_info', '--egg-base', '../../build/rogidrive', 'build', '--build-base', '/home/yuki/ros2_ws/src/NHK2025/build/rogidrive/build', 'install', '--record', '/home/yuki/ros2_ws/src/NHK2025/build/rogidrive/install.log', '--single-version-externally-managed', 'install_data'], 'cwd': '/home/yuki/ros2_ws/src/NHK2025/rogidrive/rogidrive', 'env': {'LANGUAGE': 'en_US:', 'USER': 'yuki', 'LC_TIME': 'ja_JP.UTF-8', 'XDG_SESSION_TYPE': 'wayland', 'SHLVL': '1', 'LD_LIBRARY_PATH': '/home/yuki/ros2_ws/src/NHK2025/install/rogidrive_msg/lib:/opt/ros/humble/opt/rviz_ogre_vendor/lib:/opt/ros/humble/lib/x86_64-linux-gnu:/opt/ros/humble/lib', 'HOME': '/home/yuki', 'OLDPWD': '/home/yuki/ros2_ws/src', 'DESKTOP_SESSION': 'ubuntu', 'ROS_PYTHON_VERSION': '3', 'GNOME_SHELL_SESSION_MODE': 'ubuntu', 'GTK_MODULES': 'gail:atk-bridge', 'LC_MONETARY': 'ja_JP.UTF-8', 'SYSTEMD_EXEC_PID': '1671', 'DBUS_SESSION_BUS_ADDRESS': 'unix:path=/run/user/1000/bus', 'COLORTERM': 'truecolor', 'IM_CONFIG_PHASE': '1', 'WAYLAND_DISPLAY': 'wayland-0', 'ROS_DISTRO': 'humble', 'LOGNAME': 'yuki', '_': '/usr/bin/colcon', 'ROS_VERSION': '2', 'XDG_SESSION_CLASS': 'user', 'USERNAME': 'yuki', 'TERM': 'xterm-256color', 'GNOME_DESKTOP_SESSION_ID': 'this-is-deprecated', 'ROS_LOCALHOST_ONLY': '0', 'PATH': '/opt/ros/humble/bin:/opt/st/stm32cubeclt_1.16.0:/opt/st/stm32cubeclt_1.16.0/STM32CubeProgrammer/bin:/opt/st/stm32cubeclt_1.16.0/STLink-gdb-server/bin:/opt/st/stm32cubeclt_1.16.0/CMake/bin:/opt/st/stm32cubeclt_1.16.0/Ninja/bin:/opt/st/stm32cubeclt_1.16.0/GNU-tools-for-STM32/bin:/usr/local/sbin:/usr/local/bin:/usr/sbin:/usr/bin:/sbin:/bin:/usr/games:/usr/local/games:/snap/bin:/snap/bin', 'SESSION_MANAGER': 'local/yuki-virtual-machine:@/tmp/.ICE-unix/1646,unix/yuki-virtual-machine:/tmp/.ICE-unix/1646', 'XDG_MENU_PREFIX': 'gnome-', 'LC_ADDRESS': 'ja_JP.UTF-8', 'GNOME_TERMINAL_SCREEN': '/org/gnome/Terminal/screen/83345ea7_b1f9_43e2_ac02_ace17f95581d', 'GNOME_SETUP_DISPLAY': ':1', 'XDG_RUNTIME_DIR': '/run/user/1000', 'DISPLAY': ':0', 'LANG': 'ja_JP.UTF-8', 'XDG_CURRENT_DESKTOP': 'ubuntu:GNOME', 'LC_TELEPHONE': 'ja_JP.UTF-8', 'XMODIFIERS': '@im=ibus', 'XDG_SESSION_DESKTOP': 'ubuntu', 'XAUTHORITY': '/run/user/1000/.mutter-Xwaylandauth.OF0FW2', 'GNOME_TERMINAL_SERVICE': ':1.96', 'SSH_AGENT_LAUNCHER': 'gnome-keyring', 'SSH_AUTH_SOCK': '/run/user/1000/keyring/ssh', 'AMENT_PREFIX_PATH': '/home/yuki/ros2_ws/src/NHK2025/install/rogidrive_msg:/opt/ros/humble', 'SHELL': '/bin/bash', 'LC_NAME': 'ja_JP.UTF-8', 'QT_ACCESSIBILITY': '1', 'GDMSESSION': 'ubuntu', 'LC_MEASUREMENT': 'ja_JP.UTF-8', 'LC_IDENTIFICATION': 'ja_JP.UTF-8', 'QT_IM_MODULE': 'ibus', 'PWD': '/home/yuki/ros2_ws/src/NHK2025/build/rogidrive', 'XDG_CONFIG_DIRS': '/etc/xdg/xdg-ubuntu:/etc/xdg', 'XDG_DATA_DIRS': '/usr/share/ubuntu:/usr/local/share/:/usr/share/:/var/lib/snapd/desktop', 'PYTHONPATH': '/home/yuki/ros2_ws/src/NHK2025/build/rogidrive/prefix_override:/usr/lib/python3/dist-packages/colcon_core/task/python/colcon_distutils_commands:/home/yuki/ros2_ws/src/NHK2025/install/rogidrive/lib/python3.10/site-packages:/home/yuki/ros2_ws/src/NHK2025/install/rogidrive_msg/local/lib/python3.10/dist-packages:/opt/ros/humble/lib/python3.10/site-packages:/opt/ros/humble/local/lib/python3.10/dist-packages', 'LC_NUMERIC': 'ja_JP.UTF-8', 'LC_PAPER': 'ja_JP.UTF-8', 'COLCON': '1', 'VTE_VERSION': '6800', 'CMAKE_PREFIX_PATH': '/home/yuki/ros2_ws/src/NHK2025/install/rogidrive_msg'}, 'shell': False}
[2.422597] (-) TimerEvent: {}
[2.523660] (-) TimerEvent: {}
[2.624706] (-) TimerEvent: {}
[2.671426] (rogidrive) StdoutLine: {'line': b'running egg_info\n'}
[2.671769] (rogidrive) StdoutLine: {'line': b'writing ../../build/rogidrive/rogidrive.egg-info/PKG-INFO\n'}
[2.673329] (rogidrive) StdoutLine: {'line': b'writing dependency_links to ../../build/rogidrive/rogidrive.egg-info/dependency_links.txt\n'}
[2.673749] (rogidrive) StdoutLine: {'line': b'writing entry points to ../../build/rogidrive/rogidrive.egg-info/entry_points.txt\n'}
[2.673833] (rogidrive) StdoutLine: {'line': b'writing requirements to ../../build/rogidrive/rogidrive.egg-info/requires.txt\n'}
[2.673915] (rogidrive) StdoutLine: {'line': b'writing top-level names to ../../build/rogidrive/rogidrive.egg-info/top_level.txt\n'}
[2.675544] (rogidrive) StdoutLine: {'line': b"reading manifest file '../../build/rogidrive/rogidrive.egg-info/SOURCES.txt'\n"}
[2.676659] (rogidrive) StdoutLine: {'line': b"writing manifest file '../../build/rogidrive/rogidrive.egg-info/SOURCES.txt'\n"}
[2.676947] (rogidrive) StdoutLine: {'line': b'running build\n'}
[2.677523] (rogidrive) StdoutLine: {'line': b'running build_py\n'}
[2.677783] (rogidrive) StdoutLine: {'line': b'running install\n'}
[2.677867] (rogidrive) StdoutLine: {'line': b'running install_lib\n'}
[2.679050] (rogidrive) StdoutLine: {'line': b'running install_data\n'}
[2.679559] (rogidrive) StdoutLine: {'line': b'running install_egg_info\n'}
[2.680988] (rogidrive) StdoutLine: {'line': b"removing '/home/yuki/ros2_ws/src/NHK2025/install/rogidrive/lib/python3.10/site-packages/rogidrive-0.0.0-py3.10.egg-info' (and everything under it)\n"}
[2.682418] (rogidrive) StdoutLine: {'line': b'Copying ../../build/rogidrive/rogidrive.egg-info to /home/yuki/ros2_ws/src/NHK2025/install/rogidrive/lib/python3.10/site-packages/rogidrive-0.0.0-py3.10.egg-info\n'}
[2.683433] (rogidrive) StdoutLine: {'line': b'running install_scripts\n'}
[2.704809] (rogidrive) StdoutLine: {'line': b'Installing rogidrive script to /home/yuki/ros2_ws/src/NHK2025/install/rogidrive/lib/rogidrive\n'}
[2.705624] (rogidrive) StdoutLine: {'line': b'Installing rogidrive_tester script to /home/yuki/ros2_ws/src/NHK2025/install/rogidrive/lib/rogidrive\n'}
[2.705724] (rogidrive) StdoutLine: {'line': b"writing list of installed files to '/home/yuki/ros2_ws/src/NHK2025/build/rogidrive/install.log'\n"}
[2.719287] (rogidrive) CommandEnded: {'returncode': 0}
[2.725055] (-) TimerEvent: {}
[2.729450] (rogidrive) JobEnded: {'identifier': 'rogidrive', 'rc': 0}
[2.730746] (-) EventReactorShutdown: {}
