[0.355s] Invoking command in '/home/yuki/ros2_ws/src/NHK2025/build/shoot': AMENT_PREFIX_PATH=/home/yuki/ros2_ws/src/NHK2025/install/rogidrive_msg:${AMENT_PREFIX_PATH} CMAKE_PREFIX_PATH=/home/yuki/ros2_ws/src/NHK2025/install/rogidrive_msg:/opt/ros/humble LD_LIBRARY_PATH=/home/yuki/ros2_ws/src/NHK2025/install/rogidrive_msg/lib:${LD_LIBRARY_PATH} PYTHONPATH=/home/yuki/ros2_ws/src/NHK2025/install/rogidrive_msg/local/lib/python3.10/dist-packages:${PYTHONPATH} /opt/st/stm32cubeclt_1.16.0/CMake/bin/cmake --build /home/yuki/ros2_ws/src/NHK2025/build/shoot -- -j2 -l2
[0.467s] [100%] Built target shooter
[0.484s] Invoked command in '/home/yuki/ros2_ws/src/NHK2025/build/shoot' returned '0': AMENT_PREFIX_PATH=/home/yuki/ros2_ws/src/NHK2025/install/rogidrive_msg:${AMENT_PREFIX_PATH} CMAKE_PREFIX_PATH=/home/yuki/ros2_ws/src/NHK2025/install/rogidrive_msg:/opt/ros/humble LD_LIBRARY_PATH=/home/yuki/ros2_ws/src/NHK2025/install/rogidrive_msg/lib:${LD_LIBRARY_PATH} PYTHONPATH=/home/yuki/ros2_ws/src/NHK2025/install/rogidrive_msg/local/lib/python3.10/dist-packages:${PYTHONPATH} /opt/st/stm32cubeclt_1.16.0/CMake/bin/cmake --build /home/yuki/ros2_ws/src/NHK2025/build/shoot -- -j2 -l2
[0.569s] Invoking command in '/home/yuki/ros2_ws/src/NHK2025/build/shoot': AMENT_PREFIX_PATH=/home/yuki/ros2_ws/src/NHK2025/install/rogidrive_msg:${AMENT_PREFIX_PATH} CMAKE_PREFIX_PATH=/home/yuki/ros2_ws/src/NHK2025/install/rogidrive_msg:/opt/ros/humble LD_LIBRARY_PATH=/home/yuki/ros2_ws/src/NHK2025/install/rogidrive_msg/lib:${LD_LIBRARY_PATH} PYTHONPATH=/home/yuki/ros2_ws/src/NHK2025/install/rogidrive_msg/local/lib/python3.10/dist-packages:${PYTHONPATH} /opt/st/stm32cubeclt_1.16.0/CMake/bin/cmake --install /home/yuki/ros2_ws/src/NHK2025/build/shoot
[0.575s] -- Install configuration: ""
[0.578s] -- Up-to-date: /home/yuki/ros2_ws/src/NHK2025/install/shoot/lib/shoot/shooter
[0.579s] -- Up-to-date: /home/yuki/ros2_ws/src/NHK2025/install/shoot/share/ament_index/resource_index/package_run_dependencies/shoot
[0.579s] -- Up-to-date: /home/yuki/ros2_ws/src/NHK2025/install/shoot/share/ament_index/resource_index/parent_prefix_path/shoot
[0.580s] -- Up-to-date: /home/yuki/ros2_ws/src/NHK2025/install/shoot/share/shoot/environment/ament_prefix_path.sh
[0.581s] -- Up-to-date: /home/yuki/ros2_ws/src/NHK2025/install/shoot/share/shoot/environment/ament_prefix_path.dsv
[0.581s] -- Up-to-date: /home/yuki/ros2_ws/src/NHK2025/install/shoot/share/shoot/environment/path.sh
[0.581s] -- Up-to-date: /home/yuki/ros2_ws/src/NHK2025/install/shoot/share/shoot/environment/path.dsv
[0.581s] -- Up-to-date: /home/yuki/ros2_ws/src/NHK2025/install/shoot/share/shoot/local_setup.bash
[0.581s] -- Up-to-date: /home/yuki/ros2_ws/src/NHK2025/install/shoot/share/shoot/local_setup.sh
[0.583s] -- Up-to-date: /home/yuki/ros2_ws/src/NHK2025/install/shoot/share/shoot/local_setup.zsh
[0.583s] -- Up-to-date: /home/yuki/ros2_ws/src/NHK2025/install/shoot/share/shoot/local_setup.dsv
[0.584s] -- Installing: /home/yuki/ros2_ws/src/NHK2025/install/shoot/share/shoot/package.dsv
[0.585s] -- Up-to-date: /home/yuki/ros2_ws/src/NHK2025/install/shoot/share/ament_index/resource_index/packages/shoot
[0.587s] -- Up-to-date: /home/yuki/ros2_ws/src/NHK2025/install/shoot/share/shoot/cmake/shootConfig.cmake
[0.587s] -- Up-to-date: /home/yuki/ros2_ws/src/NHK2025/install/shoot/share/shoot/cmake/shootConfig-version.cmake
[0.587s] -- Up-to-date: /home/yuki/ros2_ws/src/NHK2025/install/shoot/share/shoot/package.xml
[0.591s] Invoked command in '/home/yuki/ros2_ws/src/NHK2025/build/shoot' returned '0': AMENT_PREFIX_PATH=/home/yuki/ros2_ws/src/NHK2025/install/rogidrive_msg:${AMENT_PREFIX_PATH} CMAKE_PREFIX_PATH=/home/yuki/ros2_ws/src/NHK2025/install/rogidrive_msg:/opt/ros/humble LD_LIBRARY_PATH=/home/yuki/ros2_ws/src/NHK2025/install/rogidrive_msg/lib:${LD_LIBRARY_PATH} PYTHONPATH=/home/yuki/ros2_ws/src/NHK2025/install/rogidrive_msg/local/lib/python3.10/dist-packages:${PYTHONPATH} /opt/st/stm32cubeclt_1.16.0/CMake/bin/cmake --install /home/yuki/ros2_ws/src/NHK2025/build/shoot
