[0.027s] Invoking command in '/home/yuki/ros2_ws/src/NHK2025/build/rogidrive_msg': CMAKE_PREFIX_PATH=/opt/ros/humble /opt/st/stm32cubeclt_1.16.0/CMake/bin/cmake --build /home/yuki/ros2_ws/src/NHK2025/build/rogidrive_msg -- -j2 -l2
[0.099s] [ 10%] Built target rogidrive_msg__rosidl_generator_c
[0.105s] [ 12%] Built target rogidrive_msg__cpp
[0.162s] [ 23%] Built target rogidrive_msg__rosidl_typesupport_fastrtps_cpp
[0.177s] [ 23%] Built target ament_cmake_python_copy_rogidrive_msg
[0.201s] [ 33%] Built target rogidrive_msg__rosidl_typesupport_introspection_c
[0.209s] [ 43%] Built target rogidrive_msg__rosidl_typesupport_c
[0.229s] [ 53%] Built target rogidrive_msg__rosidl_typesupport_introspection_cpp
[0.253s] [ 64%] Built target rogidrive_msg__rosidl_typesupport_cpp
[0.283s] [ 74%] Built target rogidrive_msg__rosidl_typesupport_fastrtps_c
[0.325s] [ 74%] Built target rogidrive_msg
[0.352s] [ 76%] Built target rogidrive_msg__py
[0.404s] [ 84%] Built target rogidrive_msg__rosidl_generator_py
[0.476s] [ 89%] Built target rogidrive_msg__rosidl_typesupport_fastrtps_c__pyext
[0.540s] [ 94%] Built target rogidrive_msg__rosidl_typesupport_introspection_c__pyext
[0.603s] [100%] Built target rogidrive_msg__rosidl_typesupport_c__pyext
[0.756s] running egg_info
[0.757s] writing rogidrive_msg.egg-info/PKG-INFO
[0.759s] writing dependency_links to rogidrive_msg.egg-info/dependency_links.txt
[0.760s] writing top-level names to rogidrive_msg.egg-info/top_level.txt
[0.762s] reading manifest file 'rogidrive_msg.egg-info/SOURCES.txt'
[0.762s] writing manifest file 'rogidrive_msg.egg-info/SOURCES.txt'
[0.785s] [100%] Built target ament_cmake_python_build_rogidrive_msg_egg
[0.795s] Invoked command in '/home/yuki/ros2_ws/src/NHK2025/build/rogidrive_msg' returned '0': CMAKE_PREFIX_PATH=/opt/ros/humble /opt/st/stm32cubeclt_1.16.0/CMake/bin/cmake --build /home/yuki/ros2_ws/src/NHK2025/build/rogidrive_msg -- -j2 -l2
[1.076s] Invoking command in '/home/yuki/ros2_ws/src/NHK2025/build/rogidrive_msg': CMAKE_PREFIX_PATH=/opt/ros/humble /opt/st/stm32cubeclt_1.16.0/CMake/bin/cmake --install /home/yuki/ros2_ws/src/NHK2025/build/rogidrive_msg
[1.082s] -- Install configuration: ""
[1.083s] -- Up-to-date: /home/yuki/ros2_ws/src/NHK2025/install/rogidrive_msg/share/ament_index/resource_index/rosidl_interfaces/rogidrive_msg
[1.083s] -- Up-to-date: /home/yuki/ros2_ws/src/NHK2025/install/rogidrive_msg/include/rogidrive_msg/rogidrive_msg
[1.083s] -- Up-to-date: /home/yuki/ros2_ws/src/NHK2025/install/rogidrive_msg/include/rogidrive_msg/rogidrive_msg/msg
[1.083s] -- Up-to-date: /home/yuki/ros2_ws/src/NHK2025/install/rogidrive_msg/include/rogidrive_msg/rogidrive_msg/msg/rogidrive_message.h
[1.083s] -- Up-to-date: /home/yuki/ros2_ws/src/NHK2025/install/rogidrive_msg/include/rogidrive_msg/rogidrive_msg/msg/rogidrive_multi_array.h
[1.083s] -- Up-to-date: /home/yuki/ros2_ws/src/NHK2025/install/rogidrive_msg/include/rogidrive_msg/rogidrive_msg/msg/detail
[1.083s] -- Up-to-date: /home/yuki/ros2_ws/src/NHK2025/install/rogidrive_msg/include/rogidrive_msg/rogidrive_msg/msg/detail/rogidrive_multi_array__type_support.h
[1.087s] -- Up-to-date: /home/yuki/ros2_ws/src/NHK2025/install/rogidrive_msg/include/rogidrive_msg/rogidrive_msg/msg/detail/rogidrive_message__type_support.h
[1.087s] -- Up-to-date: /home/yuki/ros2_ws/src/NHK2025/install/rogidrive_msg/include/rogidrive_msg/rogidrive_msg/msg/detail/rogidrive_multi_array__struct.h
[1.087s] -- Up-to-date: /home/yuki/ros2_ws/src/NHK2025/install/rogidrive_msg/include/rogidrive_msg/rogidrive_msg/msg/detail/rogidrive_message__struct.h
[1.087s] -- Up-to-date: /home/yuki/ros2_ws/src/NHK2025/install/rogidrive_msg/include/rogidrive_msg/rogidrive_msg/msg/detail/rogidrive_multi_array__functions.h
[1.087s] -- Up-to-date: /home/yuki/ros2_ws/src/NHK2025/install/rogidrive_msg/include/rogidrive_msg/rogidrive_msg/msg/detail/rogidrive_message__functions.c
[1.088s] -- Up-to-date: /home/yuki/ros2_ws/src/NHK2025/install/rogidrive_msg/include/rogidrive_msg/rogidrive_msg/msg/detail/rogidrive_message__functions.h
[1.088s] -- Up-to-date: /home/yuki/ros2_ws/src/NHK2025/install/rogidrive_msg/include/rogidrive_msg/rogidrive_msg/msg/detail/rogidrive_multi_array__functions.c
[1.088s] -- Up-to-date: /home/yuki/ros2_ws/src/NHK2025/install/rogidrive_msg/include/rogidrive_msg/rogidrive_msg/msg/rosidl_generator_c__visibility_control.h
[1.089s] -- Up-to-date: /home/yuki/ros2_ws/src/NHK2025/install/rogidrive_msg/share/rogidrive_msg/environment/library_path.sh
[1.089s] -- Up-to-date: /home/yuki/ros2_ws/src/NHK2025/install/rogidrive_msg/share/rogidrive_msg/environment/library_path.dsv
[1.091s] -- Up-to-date: /home/yuki/ros2_ws/src/NHK2025/install/rogidrive_msg/lib/librogidrive_msg__rosidl_generator_c.so
[1.091s] -- Up-to-date: /home/yuki/ros2_ws/src/NHK2025/install/rogidrive_msg/include/rogidrive_msg/rogidrive_msg
[1.091s] -- Up-to-date: /home/yuki/ros2_ws/src/NHK2025/install/rogidrive_msg/include/rogidrive_msg/rogidrive_msg/msg
[1.091s] -- Up-to-date: /home/yuki/ros2_ws/src/NHK2025/install/rogidrive_msg/include/rogidrive_msg/rogidrive_msg/msg/detail
[1.092s] -- Up-to-date: /home/yuki/ros2_ws/src/NHK2025/install/rogidrive_msg/include/rogidrive_msg/rogidrive_msg/msg/detail/rogidrive_multi_array__rosidl_typesupport_fastrtps_c.h
[1.092s] -- Up-to-date: /home/yuki/ros2_ws/src/NHK2025/install/rogidrive_msg/include/rogidrive_msg/rogidrive_msg/msg/detail/rogidrive_message__rosidl_typesupport_fastrtps_c.h
[1.092s] -- Up-to-date: /home/yuki/ros2_ws/src/NHK2025/install/rogidrive_msg/include/rogidrive_msg/rogidrive_msg/msg/rosidl_typesupport_fastrtps_c__visibility_control.h
[1.092s] -- Up-to-date: /home/yuki/ros2_ws/src/NHK2025/install/rogidrive_msg/lib/librogidrive_msg__rosidl_typesupport_fastrtps_c.so
[1.092s] -- Up-to-date: /home/yuki/ros2_ws/src/NHK2025/install/rogidrive_msg/include/rogidrive_msg/rogidrive_msg
[1.093s] -- Up-to-date: /home/yuki/ros2_ws/src/NHK2025/install/rogidrive_msg/include/rogidrive_msg/rogidrive_msg/msg
[1.094s] -- Up-to-date: /home/yuki/ros2_ws/src/NHK2025/install/rogidrive_msg/include/rogidrive_msg/rogidrive_msg/msg/detail
[1.094s] -- Up-to-date: /home/yuki/ros2_ws/src/NHK2025/install/rogidrive_msg/include/rogidrive_msg/rogidrive_msg/msg/detail/rogidrive_message__builder.hpp
[1.094s] -- Up-to-date: /home/yuki/ros2_ws/src/NHK2025/install/rogidrive_msg/include/rogidrive_msg/rogidrive_msg/msg/detail/rogidrive_message__struct.hpp
[1.094s] -- Up-to-date: /home/yuki/ros2_ws/src/NHK2025/install/rogidrive_msg/include/rogidrive_msg/rogidrive_msg/msg/detail/rogidrive_multi_array__traits.hpp
[1.094s] -- Up-to-date: /home/yuki/ros2_ws/src/NHK2025/install/rogidrive_msg/include/rogidrive_msg/rogidrive_msg/msg/detail/rogidrive_multi_array__struct.hpp
[1.094s] -- Up-to-date: /home/yuki/ros2_ws/src/NHK2025/install/rogidrive_msg/include/rogidrive_msg/rogidrive_msg/msg/detail/rogidrive_message__traits.hpp
[1.094s] -- Up-to-date: /home/yuki/ros2_ws/src/NHK2025/install/rogidrive_msg/include/rogidrive_msg/rogidrive_msg/msg/detail/rogidrive_multi_array__builder.hpp
[1.095s] -- Up-to-date: /home/yuki/ros2_ws/src/NHK2025/install/rogidrive_msg/include/rogidrive_msg/rogidrive_msg/msg/rogidrive_message.hpp
[1.095s] -- Up-to-date: /home/yuki/ros2_ws/src/NHK2025/install/rogidrive_msg/include/rogidrive_msg/rogidrive_msg/msg/rogidrive_multi_array.hpp
[1.095s] -- Up-to-date: /home/yuki/ros2_ws/src/NHK2025/install/rogidrive_msg/include/rogidrive_msg/rogidrive_msg
[1.095s] -- Up-to-date: /home/yuki/ros2_ws/src/NHK2025/install/rogidrive_msg/include/rogidrive_msg/rogidrive_msg/msg
[1.095s] -- Up-to-date: /home/yuki/ros2_ws/src/NHK2025/install/rogidrive_msg/include/rogidrive_msg/rogidrive_msg/msg/detail
[1.095s] -- Up-to-date: /home/yuki/ros2_ws/src/NHK2025/install/rogidrive_msg/include/rogidrive_msg/rogidrive_msg/msg/detail/rogidrive_message__rosidl_typesupport_fastrtps_cpp.hpp
[1.095s] -- Up-to-date: /home/yuki/ros2_ws/src/NHK2025/install/rogidrive_msg/include/rogidrive_msg/rogidrive_msg/msg/detail/rogidrive_multi_array__rosidl_typesupport_fastrtps_cpp.hpp
[1.095s] -- Up-to-date: /home/yuki/ros2_ws/src/NHK2025/install/rogidrive_msg/include/rogidrive_msg/rogidrive_msg/msg/detail/dds_fastrtps
[1.095s] -- Up-to-date: /home/yuki/ros2_ws/src/NHK2025/install/rogidrive_msg/include/rogidrive_msg/rogidrive_msg/msg/rosidl_typesupport_fastrtps_cpp__visibility_control.h
[1.095s] -- Up-to-date: /home/yuki/ros2_ws/src/NHK2025/install/rogidrive_msg/lib/librogidrive_msg__rosidl_typesupport_fastrtps_cpp.so
[1.095s] -- Up-to-date: /home/yuki/ros2_ws/src/NHK2025/install/rogidrive_msg/include/rogidrive_msg/rogidrive_msg
[1.095s] -- Up-to-date: /home/yuki/ros2_ws/src/NHK2025/install/rogidrive_msg/include/rogidrive_msg/rogidrive_msg/msg
[1.099s] -- Up-to-date: /home/yuki/ros2_ws/src/NHK2025/install/rogidrive_msg/include/rogidrive_msg/rogidrive_msg/msg/detail
[1.099s] -- Up-to-date: /home/yuki/ros2_ws/src/NHK2025/install/rogidrive_msg/include/rogidrive_msg/rogidrive_msg/msg/detail/rogidrive_multi_array__type_support.c
[1.099s] -- Up-to-date: /home/yuki/ros2_ws/src/NHK2025/install/rogidrive_msg/include/rogidrive_msg/rogidrive_msg/msg/detail/rogidrive_multi_array__rosidl_typesupport_introspection_c.h
[1.099s] -- Up-to-date: /home/yuki/ros2_ws/src/NHK2025/install/rogidrive_msg/include/rogidrive_msg/rogidrive_msg/msg/detail/rogidrive_message__rosidl_typesupport_introspection_c.h
[1.099s] -- Up-to-date: /home/yuki/ros2_ws/src/NHK2025/install/rogidrive_msg/include/rogidrive_msg/rogidrive_msg/msg/detail/rogidrive_message__type_support.c
[1.099s] -- Up-to-date: /home/yuki/ros2_ws/src/NHK2025/install/rogidrive_msg/include/rogidrive_msg/rogidrive_msg/msg/rosidl_typesupport_introspection_c__visibility_control.h
[1.099s] -- Up-to-date: /home/yuki/ros2_ws/src/NHK2025/install/rogidrive_msg/lib/librogidrive_msg__rosidl_typesupport_introspection_c.so
[1.100s] -- Up-to-date: /home/yuki/ros2_ws/src/NHK2025/install/rogidrive_msg/lib/librogidrive_msg__rosidl_typesupport_c.so
[1.100s] -- Up-to-date: /home/yuki/ros2_ws/src/NHK2025/install/rogidrive_msg/include/rogidrive_msg/rogidrive_msg
[1.100s] -- Up-to-date: /home/yuki/ros2_ws/src/NHK2025/install/rogidrive_msg/include/rogidrive_msg/rogidrive_msg/msg
[1.100s] -- Up-to-date: /home/yuki/ros2_ws/src/NHK2025/install/rogidrive_msg/include/rogidrive_msg/rogidrive_msg/msg/detail
[1.100s] -- Up-to-date: /home/yuki/ros2_ws/src/NHK2025/install/rogidrive_msg/include/rogidrive_msg/rogidrive_msg/msg/detail/rogidrive_message__type_support.cpp
[1.100s] -- Up-to-date: /home/yuki/ros2_ws/src/NHK2025/install/rogidrive_msg/include/rogidrive_msg/rogidrive_msg/msg/detail/rogidrive_multi_array__rosidl_typesupport_introspection_cpp.hpp
[1.100s] -- Up-to-date: /home/yuki/ros2_ws/src/NHK2025/install/rogidrive_msg/include/rogidrive_msg/rogidrive_msg/msg/detail/rogidrive_multi_array__type_support.cpp
[1.100s] -- Up-to-date: /home/yuki/ros2_ws/src/NHK2025/install/rogidrive_msg/include/rogidrive_msg/rogidrive_msg/msg/detail/rogidrive_message__rosidl_typesupport_introspection_cpp.hpp
[1.104s] -- Up-to-date: /home/yuki/ros2_ws/src/NHK2025/install/rogidrive_msg/lib/librogidrive_msg__rosidl_typesupport_introspection_cpp.so
[1.106s] -- Up-to-date: /home/yuki/ros2_ws/src/NHK2025/install/rogidrive_msg/lib/librogidrive_msg__rosidl_typesupport_cpp.so
[1.106s] -- Up-to-date: /home/yuki/ros2_ws/src/NHK2025/install/rogidrive_msg/share/rogidrive_msg/environment/pythonpath.sh
[1.107s] -- Up-to-date: /home/yuki/ros2_ws/src/NHK2025/install/rogidrive_msg/share/rogidrive_msg/environment/pythonpath.dsv
[1.107s] -- Up-to-date: /home/yuki/ros2_ws/src/NHK2025/install/rogidrive_msg/local/lib/python3.10/dist-packages/rogidrive_msg-0.0.0-py3.10.egg-info
[1.108s] -- Installing: /home/yuki/ros2_ws/src/NHK2025/install/rogidrive_msg/local/lib/python3.10/dist-packages/rogidrive_msg-0.0.0-py3.10.egg-info/dependency_links.txt
[1.108s] -- Installing: /home/yuki/ros2_ws/src/NHK2025/install/rogidrive_msg/local/lib/python3.10/dist-packages/rogidrive_msg-0.0.0-py3.10.egg-info/SOURCES.txt
[1.108s] -- Installing: /home/yuki/ros2_ws/src/NHK2025/install/rogidrive_msg/local/lib/python3.10/dist-packages/rogidrive_msg-0.0.0-py3.10.egg-info/PKG-INFO
[1.108s] -- Installing: /home/yuki/ros2_ws/src/NHK2025/install/rogidrive_msg/local/lib/python3.10/dist-packages/rogidrive_msg-0.0.0-py3.10.egg-info/top_level.txt
[1.108s] -- Up-to-date: /home/yuki/ros2_ws/src/NHK2025/install/rogidrive_msg/local/lib/python3.10/dist-packages/rogidrive_msg
[1.109s] -- Up-to-date: /home/yuki/ros2_ws/src/NHK2025/install/rogidrive_msg/local/lib/python3.10/dist-packages/rogidrive_msg/_rogidrive_msg_s.ep.rosidl_typesupport_fastrtps_c.c
[1.109s] -- Up-to-date: /home/yuki/ros2_ws/src/NHK2025/install/rogidrive_msg/local/lib/python3.10/dist-packages/rogidrive_msg/rogidrive_msg_s__rosidl_typesupport_introspection_c.cpython-310-x86_64-linux-gnu.so
[1.109s] -- Up-to-date: /home/yuki/ros2_ws/src/NHK2025/install/rogidrive_msg/local/lib/python3.10/dist-packages/rogidrive_msg/_rogidrive_msg_s.ep.rosidl_typesupport_introspection_c.c
[1.109s] -- Up-to-date: /home/yuki/ros2_ws/src/NHK2025/install/rogidrive_msg/local/lib/python3.10/dist-packages/rogidrive_msg/rogidrive_msg_s__rosidl_typesupport_c.cpython-310-x86_64-linux-gnu.so
[1.109s] -- Up-to-date: /home/yuki/ros2_ws/src/NHK2025/install/rogidrive_msg/local/lib/python3.10/dist-packages/rogidrive_msg/_rogidrive_msg_s.ep.rosidl_typesupport_c.c
[1.110s] -- Up-to-date: /home/yuki/ros2_ws/src/NHK2025/install/rogidrive_msg/local/lib/python3.10/dist-packages/rogidrive_msg/librogidrive_msg__rosidl_generator_py.so
[1.110s] -- Up-to-date: /home/yuki/ros2_ws/src/NHK2025/install/rogidrive_msg/local/lib/python3.10/dist-packages/rogidrive_msg/rogidrive_msg_s__rosidl_typesupport_fastrtps_c.cpython-310-x86_64-linux-gnu.so
[1.111s] -- Up-to-date: /home/yuki/ros2_ws/src/NHK2025/install/rogidrive_msg/local/lib/python3.10/dist-packages/rogidrive_msg/msg
[1.112s] -- Up-to-date: /home/yuki/ros2_ws/src/NHK2025/install/rogidrive_msg/local/lib/python3.10/dist-packages/rogidrive_msg/msg/_rogidrive_multi_array.py
[1.112s] -- Up-to-date: /home/yuki/ros2_ws/src/NHK2025/install/rogidrive_msg/local/lib/python3.10/dist-packages/rogidrive_msg/msg/_rogidrive_message.py
[1.112s] -- Up-to-date: /home/yuki/ros2_ws/src/NHK2025/install/rogidrive_msg/local/lib/python3.10/dist-packages/rogidrive_msg/msg/_rogidrive_message_s.c
[1.112s] -- Up-to-date: /home/yuki/ros2_ws/src/NHK2025/install/rogidrive_msg/local/lib/python3.10/dist-packages/rogidrive_msg/msg/_rogidrive_multi_array_s.c
[1.112s] -- Up-to-date: /home/yuki/ros2_ws/src/NHK2025/install/rogidrive_msg/local/lib/python3.10/dist-packages/rogidrive_msg/msg/__init__.py
[1.113s] -- Up-to-date: /home/yuki/ros2_ws/src/NHK2025/install/rogidrive_msg/local/lib/python3.10/dist-packages/rogidrive_msg/__init__.py
[1.178s] Listing '/home/yuki/ros2_ws/src/NHK2025/install/rogidrive_msg/local/lib/python3.10/dist-packages/rogidrive_msg'...
[1.178s] Listing '/home/yuki/ros2_ws/src/NHK2025/install/rogidrive_msg/local/lib/python3.10/dist-packages/rogidrive_msg/msg'...
[1.187s] -- Up-to-date: /home/yuki/ros2_ws/src/NHK2025/install/rogidrive_msg/local/lib/python3.10/dist-packages/rogidrive_msg/rogidrive_msg_s__rosidl_typesupport_fastrtps_c.cpython-310-x86_64-linux-gnu.so
[1.190s] -- Up-to-date: /home/yuki/ros2_ws/src/NHK2025/install/rogidrive_msg/local/lib/python3.10/dist-packages/rogidrive_msg/rogidrive_msg_s__rosidl_typesupport_introspection_c.cpython-310-x86_64-linux-gnu.so
[1.193s] -- Up-to-date: /home/yuki/ros2_ws/src/NHK2025/install/rogidrive_msg/local/lib/python3.10/dist-packages/rogidrive_msg/rogidrive_msg_s__rosidl_typesupport_c.cpython-310-x86_64-linux-gnu.so
[1.195s] -- Up-to-date: /home/yuki/ros2_ws/src/NHK2025/install/rogidrive_msg/lib/librogidrive_msg__rosidl_generator_py.so
[1.197s] -- Up-to-date: /home/yuki/ros2_ws/src/NHK2025/install/rogidrive_msg/share/rogidrive_msg/msg/RogidriveMessage.idl
[1.197s] -- Up-to-date: /home/yuki/ros2_ws/src/NHK2025/install/rogidrive_msg/share/rogidrive_msg/msg/RogidriveMultiArray.idl
[1.198s] -- Up-to-date: /home/yuki/ros2_ws/src/NHK2025/install/rogidrive_msg/share/rogidrive_msg/msg/RogidriveMessage.msg
[1.198s] -- Up-to-date: /home/yuki/ros2_ws/src/NHK2025/install/rogidrive_msg/share/rogidrive_msg/msg/RogidriveMultiArray.msg
[1.199s] -- Up-to-date: /home/yuki/ros2_ws/src/NHK2025/install/rogidrive_msg/share/ament_index/resource_index/package_run_dependencies/rogidrive_msg
[1.199s] -- Up-to-date: /home/yuki/ros2_ws/src/NHK2025/install/rogidrive_msg/share/ament_index/resource_index/parent_prefix_path/rogidrive_msg
[1.199s] -- Up-to-date: /home/yuki/ros2_ws/src/NHK2025/install/rogidrive_msg/share/rogidrive_msg/environment/ament_prefix_path.sh
[1.199s] -- Up-to-date: /home/yuki/ros2_ws/src/NHK2025/install/rogidrive_msg/share/rogidrive_msg/environment/ament_prefix_path.dsv
[1.200s] -- Up-to-date: /home/yuki/ros2_ws/src/NHK2025/install/rogidrive_msg/share/rogidrive_msg/environment/path.sh
[1.201s] -- Up-to-date: /home/yuki/ros2_ws/src/NHK2025/install/rogidrive_msg/share/rogidrive_msg/environment/path.dsv
[1.201s] -- Up-to-date: /home/yuki/ros2_ws/src/NHK2025/install/rogidrive_msg/share/rogidrive_msg/local_setup.bash
[1.201s] -- Up-to-date: /home/yuki/ros2_ws/src/NHK2025/install/rogidrive_msg/share/rogidrive_msg/local_setup.sh
[1.201s] -- Up-to-date: /home/yuki/ros2_ws/src/NHK2025/install/rogidrive_msg/share/rogidrive_msg/local_setup.zsh
[1.202s] -- Up-to-date: /home/yuki/ros2_ws/src/NHK2025/install/rogidrive_msg/share/rogidrive_msg/local_setup.dsv
[1.202s] -- Installing: /home/yuki/ros2_ws/src/NHK2025/install/rogidrive_msg/share/rogidrive_msg/package.dsv
[1.202s] -- Up-to-date: /home/yuki/ros2_ws/src/NHK2025/install/rogidrive_msg/share/ament_index/resource_index/packages/rogidrive_msg
[1.202s] -- Up-to-date: /home/yuki/ros2_ws/src/NHK2025/install/rogidrive_msg/share/rogidrive_msg/cmake/export_rogidrive_msg__rosidl_generator_cExport.cmake
[1.202s] -- Up-to-date: /home/yuki/ros2_ws/src/NHK2025/install/rogidrive_msg/share/rogidrive_msg/cmake/export_rogidrive_msg__rosidl_generator_cExport-noconfig.cmake
[1.203s] -- Up-to-date: /home/yuki/ros2_ws/src/NHK2025/install/rogidrive_msg/share/rogidrive_msg/cmake/export_rogidrive_msg__rosidl_typesupport_fastrtps_cExport.cmake
[1.203s] -- Up-to-date: /home/yuki/ros2_ws/src/NHK2025/install/rogidrive_msg/share/rogidrive_msg/cmake/export_rogidrive_msg__rosidl_typesupport_fastrtps_cExport-noconfig.cmake
[1.203s] -- Up-to-date: /home/yuki/ros2_ws/src/NHK2025/install/rogidrive_msg/share/rogidrive_msg/cmake/export_rogidrive_msg__rosidl_generator_cppExport.cmake
[1.203s] -- Up-to-date: /home/yuki/ros2_ws/src/NHK2025/install/rogidrive_msg/share/rogidrive_msg/cmake/export_rogidrive_msg__rosidl_typesupport_fastrtps_cppExport.cmake
[1.203s] -- Up-to-date: /home/yuki/ros2_ws/src/NHK2025/install/rogidrive_msg/share/rogidrive_msg/cmake/export_rogidrive_msg__rosidl_typesupport_fastrtps_cppExport-noconfig.cmake
[1.205s] -- Up-to-date: /home/yuki/ros2_ws/src/NHK2025/install/rogidrive_msg/share/rogidrive_msg/cmake/rogidrive_msg__rosidl_typesupport_introspection_cExport.cmake
[1.206s] -- Up-to-date: /home/yuki/ros2_ws/src/NHK2025/install/rogidrive_msg/share/rogidrive_msg/cmake/rogidrive_msg__rosidl_typesupport_introspection_cExport-noconfig.cmake
[1.206s] -- Up-to-date: /home/yuki/ros2_ws/src/NHK2025/install/rogidrive_msg/share/rogidrive_msg/cmake/rogidrive_msg__rosidl_typesupport_cExport.cmake
[1.206s] -- Up-to-date: /home/yuki/ros2_ws/src/NHK2025/install/rogidrive_msg/share/rogidrive_msg/cmake/rogidrive_msg__rosidl_typesupport_cExport-noconfig.cmake
[1.206s] -- Up-to-date: /home/yuki/ros2_ws/src/NHK2025/install/rogidrive_msg/share/rogidrive_msg/cmake/rogidrive_msg__rosidl_typesupport_introspection_cppExport.cmake
[1.206s] -- Up-to-date: /home/yuki/ros2_ws/src/NHK2025/install/rogidrive_msg/share/rogidrive_msg/cmake/rogidrive_msg__rosidl_typesupport_introspection_cppExport-noconfig.cmake
[1.206s] -- Up-to-date: /home/yuki/ros2_ws/src/NHK2025/install/rogidrive_msg/share/rogidrive_msg/cmake/rogidrive_msg__rosidl_typesupport_cppExport.cmake
[1.206s] -- Up-to-date: /home/yuki/ros2_ws/src/NHK2025/install/rogidrive_msg/share/rogidrive_msg/cmake/rogidrive_msg__rosidl_typesupport_cppExport-noconfig.cmake
[1.206s] -- Up-to-date: /home/yuki/ros2_ws/src/NHK2025/install/rogidrive_msg/share/rogidrive_msg/cmake/export_rogidrive_msg__rosidl_generator_pyExport.cmake
[1.206s] -- Up-to-date: /home/yuki/ros2_ws/src/NHK2025/install/rogidrive_msg/share/rogidrive_msg/cmake/export_rogidrive_msg__rosidl_generator_pyExport-noconfig.cmake
[1.206s] -- Up-to-date: /home/yuki/ros2_ws/src/NHK2025/install/rogidrive_msg/share/rogidrive_msg/cmake/rosidl_cmake-extras.cmake
[1.206s] -- Up-to-date: /home/yuki/ros2_ws/src/NHK2025/install/rogidrive_msg/share/rogidrive_msg/cmake/ament_cmake_export_dependencies-extras.cmake
[1.207s] -- Up-to-date: /home/yuki/ros2_ws/src/NHK2025/install/rogidrive_msg/share/rogidrive_msg/cmake/ament_cmake_export_include_directories-extras.cmake
[1.207s] -- Up-to-date: /home/yuki/ros2_ws/src/NHK2025/install/rogidrive_msg/share/rogidrive_msg/cmake/ament_cmake_export_libraries-extras.cmake
[1.208s] -- Up-to-date: /home/yuki/ros2_ws/src/NHK2025/install/rogidrive_msg/share/rogidrive_msg/cmake/ament_cmake_export_targets-extras.cmake
[1.208s] -- Up-to-date: /home/yuki/ros2_ws/src/NHK2025/install/rogidrive_msg/share/rogidrive_msg/cmake/rosidl_cmake_export_typesupport_targets-extras.cmake
[1.208s] -- Up-to-date: /home/yuki/ros2_ws/src/NHK2025/install/rogidrive_msg/share/rogidrive_msg/cmake/rosidl_cmake_export_typesupport_libraries-extras.cmake
[1.208s] -- Up-to-date: /home/yuki/ros2_ws/src/NHK2025/install/rogidrive_msg/share/rogidrive_msg/cmake/rogidrive_msgConfig.cmake
[1.208s] -- Up-to-date: /home/yuki/ros2_ws/src/NHK2025/install/rogidrive_msg/share/rogidrive_msg/cmake/rogidrive_msgConfig-version.cmake
[1.208s] -- Up-to-date: /home/yuki/ros2_ws/src/NHK2025/install/rogidrive_msg/share/rogidrive_msg/package.xml
[1.211s] Invoked command in '/home/yuki/ros2_ws/src/NHK2025/build/rogidrive_msg' returned '0': CMAKE_PREFIX_PATH=/opt/ros/humble /opt/st/stm32cubeclt_1.16.0/CMake/bin/cmake --install /home/yuki/ros2_ws/src/NHK2025/build/rogidrive_msg
