[0.000000] (-) TimerEvent: {}
[0.000350] (rogidrive_msg) JobQueued: {'identifier': 'rogidrive_msg', 'dependencies': OrderedDict()}
[0.000729] (rogidrive) JobQueued: {'identifier': 'rogidrive', 'dependencies': OrderedDict([('rogidrive_msg', '/home/yuki/ros2_ws/src/NHK2025/install/rogidrive_msg')])}
[0.000794] (shoot) JobQueued: {'identifier': 'shoot', 'dependencies': OrderedDict([('rogidrive_msg', '/home/yuki/ros2_ws/src/NHK2025/install/rogidrive_msg')])}
[0.000838] (rogidrive_msg) JobStarted: {'identifier': 'rogidrive_msg'}
[0.014585] (rogidrive_msg) JobProgress: {'identifier': 'rogidrive_msg', 'progress': 'cmake'}
[0.015089] (rogidrive_msg) Command: {'cmd': ['/opt/st/stm32cubeclt_1.16.0/CMake/bin/cmake', '/home/yuki/ros2_ws/src/NHK2025/rogidrive/rogidrive_msg', '-DCMAKE_INSTALL_PREFIX=/home/yuki/ros2_ws/src/NHK2025/install/rogidrive_msg'], 'cwd': '/home/yuki/ros2_ws/src/NHK2025/build/rogidrive_msg', 'env': OrderedDict([('LANGUAGE', 'en_US:'), ('USER', 'yuki'), ('LC_TIME', 'ja_JP.UTF-8'), ('XDG_SESSION_TYPE', 'wayland'), ('SHLVL', '1'), ('LD_LIBRARY_PATH', '/opt/ros/humble/opt/rviz_ogre_vendor/lib:/opt/ros/humble/lib/x86_64-linux-gnu:/opt/ros/humble/lib'), ('HOME', '/home/yuki'), ('OLDPWD', '/home/yuki/ros2_ws/src'), ('DESKTOP_SESSION', 'ubuntu'), ('ROS_PYTHON_VERSION', '3'), ('GNOME_SHELL_SESSION_MODE', 'ubuntu'), ('GTK_MODULES', 'gail:atk-bridge'), ('LC_MONETARY', 'ja_JP.UTF-8'), ('SYSTEMD_EXEC_PID', '1671'), ('DBUS_SESSION_BUS_ADDRESS', 'unix:path=/run/user/1000/bus'), ('COLORTERM', 'truecolor'), ('IM_CONFIG_PHASE', '1'), ('WAYLAND_DISPLAY', 'wayland-0'), ('ROS_DISTRO', 'humble'), ('LOGNAME', 'yuki'), ('_', '/usr/bin/colcon'), ('ROS_VERSION', '2'), ('XDG_SESSION_CLASS', 'user'), ('USERNAME', 'yuki'), ('TERM', 'xterm-256color'), ('GNOME_DESKTOP_SESSION_ID', 'this-is-deprecated'), ('ROS_LOCALHOST_ONLY', '0'), ('PATH', '/opt/ros/humble/bin:/opt/st/stm32cubeclt_1.16.0:/opt/st/stm32cubeclt_1.16.0/STM32CubeProgrammer/bin:/opt/st/stm32cubeclt_1.16.0/STLink-gdb-server/bin:/opt/st/stm32cubeclt_1.16.0/CMake/bin:/opt/st/stm32cubeclt_1.16.0/Ninja/bin:/opt/st/stm32cubeclt_1.16.0/GNU-tools-for-STM32/bin:/usr/local/sbin:/usr/local/bin:/usr/sbin:/usr/bin:/sbin:/bin:/usr/games:/usr/local/games:/snap/bin:/snap/bin'), ('SESSION_MANAGER', 'local/yuki-virtual-machine:@/tmp/.ICE-unix/1646,unix/yuki-virtual-machine:/tmp/.ICE-unix/1646'), ('XDG_MENU_PREFIX', 'gnome-'), ('LC_ADDRESS', 'ja_JP.UTF-8'), ('GNOME_TERMINAL_SCREEN', '/org/gnome/Terminal/screen/83345ea7_b1f9_43e2_ac02_ace17f95581d'), ('GNOME_SETUP_DISPLAY', ':1'), ('XDG_RUNTIME_DIR', '/run/user/1000'), ('DISPLAY', ':0'), ('LANG', 'ja_JP.UTF-8'), ('XDG_CURRENT_DESKTOP', 'ubuntu:GNOME'), ('LC_TELEPHONE', 'ja_JP.UTF-8'), ('XMODIFIERS', '@im=ibus'), ('XDG_SESSION_DESKTOP', 'ubuntu'), ('XAUTHORITY', '/run/user/1000/.mutter-Xwaylandauth.OF0FW2'), ('GNOME_TERMINAL_SERVICE', ':1.96'), ('SSH_AGENT_LAUNCHER', 'gnome-keyring'), ('SSH_AUTH_SOCK', '/run/user/1000/keyring/ssh'), ('AMENT_PREFIX_PATH', '/opt/ros/humble'), ('SHELL', '/bin/bash'), ('LC_NAME', 'ja_JP.UTF-8'), ('QT_ACCESSIBILITY', '1'), ('GDMSESSION', 'ubuntu'), ('LC_MEASUREMENT', 'ja_JP.UTF-8'), ('LC_IDENTIFICATION', 'ja_JP.UTF-8'), ('QT_IM_MODULE', 'ibus'), ('PWD', '/home/yuki/ros2_ws/src/NHK2025/build/rogidrive_msg'), ('XDG_CONFIG_DIRS', '/etc/xdg/xdg-ubuntu:/etc/xdg'), ('XDG_DATA_DIRS', '/usr/share/ubuntu:/usr/local/share/:/usr/share/:/var/lib/snapd/desktop'), ('PYTHONPATH', '/opt/ros/humble/lib/python3.10/site-packages:/opt/ros/humble/local/lib/python3.10/dist-packages'), ('LC_NUMERIC', 'ja_JP.UTF-8'), ('LC_PAPER', 'ja_JP.UTF-8'), ('COLCON', '1'), ('VTE_VERSION', '6800'), ('CMAKE_PREFIX_PATH', '/opt/ros/humble')]), 'shell': False}
[0.099204] (-) TimerEvent: {}
[0.123554] (rogidrive_msg) StdoutLine: {'line': b'-- The C compiler identification is GNU 11.4.0\n'}
[0.200193] (-) TimerEvent: {}
[0.231206] (rogidrive_msg) StdoutLine: {'line': b'-- The CXX compiler identification is GNU 11.4.0\n'}
[0.264001] (rogidrive_msg) StdoutLine: {'line': b'-- Detecting C compiler ABI info\n'}
[0.300367] (-) TimerEvent: {}
[0.406827] (-) TimerEvent: {}
[0.451196] (rogidrive_msg) StdoutLine: {'line': b'-- Detecting C compiler ABI info - done\n'}
[0.461125] (rogidrive_msg) StdoutLine: {'line': b'-- Check for working C compiler: /usr/bin/cc - skipped\n'}
[0.463102] (rogidrive_msg) StdoutLine: {'line': b'-- Detecting C compile features\n'}
[0.463273] (rogidrive_msg) StdoutLine: {'line': b'-- Detecting C compile features - done\n'}
[0.493119] (rogidrive_msg) StdoutLine: {'line': b'-- Detecting CXX compiler ABI info\n'}
[0.506984] (-) TimerEvent: {}
[0.609084] (-) TimerEvent: {}
[0.685107] (rogidrive_msg) StdoutLine: {'line': b'-- Detecting CXX compiler ABI info - done\n'}
[0.693907] (rogidrive_msg) StdoutLine: {'line': b'-- Check for working CXX compiler: /usr/bin/c++ - skipped\n'}
[0.694742] (rogidrive_msg) StdoutLine: {'line': b'-- Detecting CXX compile features\n'}
[0.696056] (rogidrive_msg) StdoutLine: {'line': b'-- Detecting CXX compile features - done\n'}
[0.698512] (rogidrive_msg) StdoutLine: {'line': b'-- Found ament_cmake: 1.3.10 (/opt/ros/humble/share/ament_cmake/cmake)\n'}
[0.709212] (-) TimerEvent: {}
[0.809662] (-) TimerEvent: {}
[0.903087] (rogidrive_msg) StdoutLine: {'line': b'-- Found Python3: /usr/bin/python3 (found version "3.10.12") found components: Interpreter \n'}
[0.909835] (-) TimerEvent: {}
[1.013482] (-) TimerEvent: {}
[1.050281] (rogidrive_msg) StdoutLine: {'line': b'-- Found std_msgs: 4.2.4 (/opt/ros/humble/share/std_msgs/cmake)\n'}
[1.113645] (-) TimerEvent: {}
[1.120429] (rogidrive_msg) StdoutLine: {'line': b'-- Found rosidl_generator_c: 3.1.5 (/opt/ros/humble/share/rosidl_generator_c/cmake)\n'}
[1.130087] (rogidrive_msg) StdoutLine: {'line': b'-- Found rosidl_adapter: 3.1.5 (/opt/ros/humble/share/rosidl_adapter/cmake)\n'}
[1.146771] (rogidrive_msg) StdoutLine: {'line': b'-- Found rosidl_generator_cpp: 3.1.5 (/opt/ros/humble/share/rosidl_generator_cpp/cmake)\n'}
[1.164625] (rogidrive_msg) StdoutLine: {'line': b'-- Using all available rosidl_typesupport_c: rosidl_typesupport_fastrtps_c;rosidl_typesupport_introspection_c\n'}
[1.194050] (rogidrive_msg) StdoutLine: {'line': b'-- Using all available rosidl_typesupport_cpp: rosidl_typesupport_fastrtps_cpp;rosidl_typesupport_introspection_cpp\n'}
[1.213801] (-) TimerEvent: {}
[1.232830] (rogidrive_msg) StdoutLine: {'line': b'-- Found rosidl_default_generators: 1.2.0 (/opt/ros/humble/share/rosidl_default_generators/cmake)\n'}
[1.314062] (-) TimerEvent: {}
[1.415773] (-) TimerEvent: {}
[1.516418] (-) TimerEvent: {}
[1.617156] (-) TimerEvent: {}
[1.719057] (-) TimerEvent: {}
[1.819446] (-) TimerEvent: {}
[1.897072] (rogidrive_msg) StdoutLine: {'line': b'-- Found ament_cmake_ros: 0.10.0 (/opt/ros/humble/share/ament_cmake_ros/cmake)\n'}
[1.921062] (-) TimerEvent: {}
[2.021694] (-) TimerEvent: {}
[2.122628] (-) TimerEvent: {}
[2.223130] (-) TimerEvent: {}
[2.326809] (-) TimerEvent: {}
[2.430350] (-) TimerEvent: {}
[2.532073] (-) TimerEvent: {}
[2.633638] (-) TimerEvent: {}
[2.735289] (-) TimerEvent: {}
[2.835863] (-) TimerEvent: {}
[2.937080] (-) TimerEvent: {}
[3.037701] (-) TimerEvent: {}
[3.138405] (-) TimerEvent: {}
[3.238859] (-) TimerEvent: {}
[3.339454] (-) TimerEvent: {}
[3.423744] (rogidrive_msg) StdoutLine: {'line': b'-- Using all available rosidl_typesupport_c: rosidl_typesupport_fastrtps_c;rosidl_typesupport_introspection_c\n'}
[3.439686] (-) TimerEvent: {}
[3.542063] (-) TimerEvent: {}
[3.644245] (-) TimerEvent: {}
[3.745524] (-) TimerEvent: {}
[3.846310] (-) TimerEvent: {}
[3.862178] (rogidrive_msg) StdoutLine: {'line': b'-- Using all available rosidl_typesupport_cpp: rosidl_typesupport_fastrtps_cpp;rosidl_typesupport_introspection_cpp\n'}
[3.864323] (rogidrive_msg) StderrLine: {'line': b'\x1b[33mCMake Warning (dev) at /opt/ros/humble/share/rosidl_generator_py/cmake/rosidl_generator_py_generate_interfaces.cmake:20 (find_package):\n'}
[3.864782] (rogidrive_msg) StderrLine: {'line': b'  Policy CMP0148 is not set: The FindPythonInterp and FindPythonLibs modules\n'}
[3.865111] (rogidrive_msg) StderrLine: {'line': b'  are removed.  Run "cmake --help-policy CMP0148" for policy details.  Use\n'}
[3.865200] (rogidrive_msg) StderrLine: {'line': b'  the cmake_policy command to set the policy and suppress this warning.\n'}
[3.865291] (rogidrive_msg) StderrLine: {'line': b'\n'}
[3.865384] (rogidrive_msg) StderrLine: {'line': b'Call Stack (most recent call first):\n'}
[3.865473] (rogidrive_msg) StderrLine: {'line': b'  /opt/ros/humble/share/ament_cmake_core/cmake/core/ament_execute_extensions.cmake:48 (include)\n'}
[3.865556] (rogidrive_msg) StderrLine: {'line': b'  /opt/ros/humble/share/rosidl_cmake/cmake/rosidl_generate_interfaces.cmake:286 (ament_execute_extensions)\n'}
[3.865645] (rogidrive_msg) StderrLine: {'line': b'  CMakeLists.txt:13 (rosidl_generate_interfaces)\n'}
[3.865741] (rogidrive_msg) StderrLine: {'line': b'This warning is for project developers.  Use -Wno-dev to suppress it.\n'}
[3.867219] (rogidrive_msg) StderrLine: {'line': b'\x1b[0m\n'}
[3.894342] (rogidrive_msg) StdoutLine: {'line': b'-- Found PythonInterp: /usr/bin/python3 (found suitable version "3.10.12", minimum required is "3.6") \n'}
[3.897513] (rogidrive_msg) StderrLine: {'line': b'\x1b[33mCMake Warning (dev) at /opt/ros/humble/share/python_cmake_module/cmake/Modules/FindPythonExtra.cmake:52 (find_package):\n'}
[3.897702] (rogidrive_msg) StderrLine: {'line': b'  Policy CMP0148 is not set: The FindPythonInterp and FindPythonLibs modules\n'}
[3.897792] (rogidrive_msg) StderrLine: {'line': b'  are removed.  Run "cmake --help-policy CMP0148" for policy details.  Use\n'}
[3.897878] (rogidrive_msg) StderrLine: {'line': b'  the cmake_policy command to set the policy and suppress this warning.\n'}
[3.898031] (rogidrive_msg) StderrLine: {'line': b'\n'}
[3.898122] (rogidrive_msg) StderrLine: {'line': b'Call Stack (most recent call first):\n'}
[3.898209] (rogidrive_msg) StderrLine: {'line': b'  /opt/ros/humble/share/rosidl_generator_py/cmake/rosidl_generator_py_generate_interfaces.cmake:23 (find_package)\n'}
[3.898296] (rogidrive_msg) StderrLine: {'line': b'  /opt/ros/humble/share/ament_cmake_core/cmake/core/ament_execute_extensions.cmake:48 (include)\n'}
[3.898384] (rogidrive_msg) StderrLine: {'line': b'  /opt/ros/humble/share/rosidl_cmake/cmake/rosidl_generate_interfaces.cmake:286 (ament_execute_extensions)\n'}
[3.898469] (rogidrive_msg) StderrLine: {'line': b'  CMakeLists.txt:13 (rosidl_generate_interfaces)\n'}
[3.898552] (rogidrive_msg) StderrLine: {'line': b'This warning is for project developers.  Use -Wno-dev to suppress it.\n'}
[3.898636] (rogidrive_msg) StderrLine: {'line': b'\x1b[0m\n'}
[3.898802] (rogidrive_msg) StdoutLine: {'line': b'-- Found python_cmake_module: 0.10.0 (/opt/ros/humble/share/python_cmake_module/cmake)\n'}
[3.928583] (rogidrive_msg) StderrLine: {'line': b'\x1b[33mCMake Warning (dev) at /opt/ros/humble/share/python_cmake_module/cmake/Modules/FindPythonExtra.cmake:140 (find_package):\n'}
[3.928805] (rogidrive_msg) StderrLine: {'line': b'  Policy CMP0148 is not set: The FindPythonInterp and FindPythonLibs modules\n'}
[3.928899] (rogidrive_msg) StderrLine: {'line': b'  are removed.  Run "cmake --help-policy CMP0148" for policy details.  Use\n'}
[3.929032] (rogidrive_msg) StderrLine: {'line': b'  the cmake_policy command to set the policy and suppress this warning.\n'}
[3.929219] (rogidrive_msg) StderrLine: {'line': b'\n'}
[3.929308] (rogidrive_msg) StderrLine: {'line': b'Call Stack (most recent call first):\n'}
[3.929610] (rogidrive_msg) StderrLine: {'line': b'  /opt/ros/humble/share/rosidl_generator_py/cmake/rosidl_generator_py_generate_interfaces.cmake:23 (find_package)\n'}
[3.929856] (rogidrive_msg) StderrLine: {'line': b'  /opt/ros/humble/share/ament_cmake_core/cmake/core/ament_execute_extensions.cmake:48 (include)\n'}
[3.930197] (rogidrive_msg) StderrLine: {'line': b'  /opt/ros/humble/share/rosidl_cmake/cmake/rosidl_generate_interfaces.cmake:286 (ament_execute_extensions)\n'}
[3.930488] (rogidrive_msg) StderrLine: {'line': b'  CMakeLists.txt:13 (rosidl_generate_interfaces)\n'}
[3.930787] (rogidrive_msg) StderrLine: {'line': b'This warning is for project developers.  Use -Wno-dev to suppress it.\n'}
[3.932163] (rogidrive_msg) StderrLine: {'line': b'\x1b[0m\n'}
[3.939429] (rogidrive_msg) StdoutLine: {'line': b'-- Found PythonLibs: /usr/lib/x86_64-linux-gnu/libpython3.10.so (found suitable version "3.10.12", minimum required is "3.5") \n'}
[3.940233] (rogidrive_msg) StdoutLine: {'line': b'-- Using PYTHON_EXECUTABLE: /usr/bin/python3\n'}
[3.940475] (rogidrive_msg) StdoutLine: {'line': b'-- Using PYTHON_INCLUDE_DIRS: /usr/include/python3.10\n'}
[3.940573] (rogidrive_msg) StdoutLine: {'line': b'-- Using PYTHON_LIBRARIES: /usr/lib/x86_64-linux-gnu/libpython3.10.so\n'}
[3.946513] (-) TimerEvent: {}
[3.978223] (rogidrive_msg) StdoutLine: {'line': b'-- Found PythonExtra: .so  \n'}
[4.046681] (-) TimerEvent: {}
[4.097814] (rogidrive_msg) StdoutLine: {'line': b'-- Found ament_lint_auto: 0.12.11 (/opt/ros/humble/share/ament_lint_auto/cmake)\n'}
[4.130309] (rogidrive_msg) StdoutLine: {'line': b"-- Added test 'lint_cmake' to check CMake code style\n"}
[4.133277] (rogidrive_msg) StdoutLine: {'line': b"-- Added test 'xmllint' to check XML markup files\n"}
[4.140112] (rogidrive_msg) StdoutLine: {'line': b'-- Configuring done (4.1s)\n'}
[4.146868] (-) TimerEvent: {}
[4.226050] (rogidrive_msg) StdoutLine: {'line': b'-- Generating done (0.1s)\n'}
[4.232052] (rogidrive_msg) StdoutLine: {'line': b'-- Build files have been written to: /home/yuki/ros2_ws/src/NHK2025/build/rogidrive_msg\n'}
[4.240249] (rogidrive_msg) CommandEnded: {'returncode': 0}
[4.241103] (rogidrive_msg) JobProgress: {'identifier': 'rogidrive_msg', 'progress': 'build'}
[4.245010] (rogidrive_msg) Command: {'cmd': ['/opt/st/stm32cubeclt_1.16.0/CMake/bin/cmake', '--build', '/home/yuki/ros2_ws/src/NHK2025/build/rogidrive_msg', '--', '-j2', '-l2'], 'cwd': '/home/yuki/ros2_ws/src/NHK2025/build/rogidrive_msg', 'env': OrderedDict([('LANGUAGE', 'en_US:'), ('USER', 'yuki'), ('LC_TIME', 'ja_JP.UTF-8'), ('XDG_SESSION_TYPE', 'wayland'), ('SHLVL', '1'), ('LD_LIBRARY_PATH', '/opt/ros/humble/opt/rviz_ogre_vendor/lib:/opt/ros/humble/lib/x86_64-linux-gnu:/opt/ros/humble/lib'), ('HOME', '/home/yuki'), ('OLDPWD', '/home/yuki/ros2_ws/src'), ('DESKTOP_SESSION', 'ubuntu'), ('ROS_PYTHON_VERSION', '3'), ('GNOME_SHELL_SESSION_MODE', 'ubuntu'), ('GTK_MODULES', 'gail:atk-bridge'), ('LC_MONETARY', 'ja_JP.UTF-8'), ('SYSTEMD_EXEC_PID', '1671'), ('DBUS_SESSION_BUS_ADDRESS', 'unix:path=/run/user/1000/bus'), ('COLORTERM', 'truecolor'), ('IM_CONFIG_PHASE', '1'), ('WAYLAND_DISPLAY', 'wayland-0'), ('ROS_DISTRO', 'humble'), ('LOGNAME', 'yuki'), ('_', '/usr/bin/colcon'), ('ROS_VERSION', '2'), ('XDG_SESSION_CLASS', 'user'), ('USERNAME', 'yuki'), ('TERM', 'xterm-256color'), ('GNOME_DESKTOP_SESSION_ID', 'this-is-deprecated'), ('ROS_LOCALHOST_ONLY', '0'), ('PATH', '/opt/ros/humble/bin:/opt/st/stm32cubeclt_1.16.0:/opt/st/stm32cubeclt_1.16.0/STM32CubeProgrammer/bin:/opt/st/stm32cubeclt_1.16.0/STLink-gdb-server/bin:/opt/st/stm32cubeclt_1.16.0/CMake/bin:/opt/st/stm32cubeclt_1.16.0/Ninja/bin:/opt/st/stm32cubeclt_1.16.0/GNU-tools-for-STM32/bin:/usr/local/sbin:/usr/local/bin:/usr/sbin:/usr/bin:/sbin:/bin:/usr/games:/usr/local/games:/snap/bin:/snap/bin'), ('SESSION_MANAGER', 'local/yuki-virtual-machine:@/tmp/.ICE-unix/1646,unix/yuki-virtual-machine:/tmp/.ICE-unix/1646'), ('XDG_MENU_PREFIX', 'gnome-'), ('LC_ADDRESS', 'ja_JP.UTF-8'), ('GNOME_TERMINAL_SCREEN', '/org/gnome/Terminal/screen/83345ea7_b1f9_43e2_ac02_ace17f95581d'), ('GNOME_SETUP_DISPLAY', ':1'), ('XDG_RUNTIME_DIR', '/run/user/1000'), ('DISPLAY', ':0'), ('LANG', 'ja_JP.UTF-8'), ('XDG_CURRENT_DESKTOP', 'ubuntu:GNOME'), ('LC_TELEPHONE', 'ja_JP.UTF-8'), ('XMODIFIERS', '@im=ibus'), ('XDG_SESSION_DESKTOP', 'ubuntu'), ('XAUTHORITY', '/run/user/1000/.mutter-Xwaylandauth.OF0FW2'), ('GNOME_TERMINAL_SERVICE', ':1.96'), ('SSH_AGENT_LAUNCHER', 'gnome-keyring'), ('SSH_AUTH_SOCK', '/run/user/1000/keyring/ssh'), ('AMENT_PREFIX_PATH', '/opt/ros/humble'), ('SHELL', '/bin/bash'), ('LC_NAME', 'ja_JP.UTF-8'), ('QT_ACCESSIBILITY', '1'), ('GDMSESSION', 'ubuntu'), ('LC_MEASUREMENT', 'ja_JP.UTF-8'), ('LC_IDENTIFICATION', 'ja_JP.UTF-8'), ('QT_IM_MODULE', 'ibus'), ('PWD', '/home/yuki/ros2_ws/src/NHK2025/build/rogidrive_msg'), ('XDG_CONFIG_DIRS', '/etc/xdg/xdg-ubuntu:/etc/xdg'), ('XDG_DATA_DIRS', '/usr/share/ubuntu:/usr/local/share/:/usr/share/:/var/lib/snapd/desktop'), ('PYTHONPATH', '/opt/ros/humble/lib/python3.10/site-packages:/opt/ros/humble/local/lib/python3.10/dist-packages'), ('LC_NUMERIC', 'ja_JP.UTF-8'), ('LC_PAPER', 'ja_JP.UTF-8'), ('COLCON', '1'), ('VTE_VERSION', '6800'), ('CMAKE_PREFIX_PATH', '/opt/ros/humble')]), 'shell': False}
[4.247267] (-) TimerEvent: {}
[4.295022] (rogidrive_msg) StdoutLine: {'line': b'[  2%] \x1b[34m\x1b[1mGenerating C code for ROS interfaces\x1b[0m\n'}
[4.311061] (rogidrive_msg) StdoutLine: {'line': b'[  5%] \x1b[34m\x1b[1mGenerating C++ code for ROS interfaces\x1b[0m\n'}
[4.347669] (-) TimerEvent: {}
[4.448685] (-) TimerEvent: {}
[4.549064] (-) TimerEvent: {}
[4.652808] (-) TimerEvent: {}
[4.753846] (-) TimerEvent: {}
[4.854701] (-) TimerEvent: {}
[4.955389] (-) TimerEvent: {}
[4.961904] (rogidrive_msg) StdoutLine: {'line': b'[  5%] Built target rogidrive_msg__cpp\n'}
[5.005759] (rogidrive_msg) StdoutLine: {'line': b'[  7%] \x1b[32mBuilding C object CMakeFiles/rogidrive_msg__rosidl_generator_c.dir/rosidl_generator_c/rogidrive_msg/msg/detail/rogidrive_message__functions.c.o\x1b[0m\n'}
[5.011998] (rogidrive_msg) StdoutLine: {'line': b'[  7%] Built target ament_cmake_python_copy_rogidrive_msg\n'}
[5.035131] (rogidrive_msg) StdoutLine: {'line': b'[ 10%] \x1b[34m\x1b[1mGenerating C++ type support for eProsima Fast-RTPS\x1b[0m\n'}
[5.056868] (-) TimerEvent: {}
[5.158075] (-) TimerEvent: {}
[5.235177] (rogidrive_msg) StdoutLine: {'line': b'[ 12%] \x1b[32mBuilding C object CMakeFiles/rogidrive_msg__rosidl_generator_c.dir/rosidl_generator_c/rogidrive_msg/msg/detail/rogidrive_multi_array__functions.c.o\x1b[0m\n'}
[5.260195] (-) TimerEvent: {}
[5.360820] (-) TimerEvent: {}
[5.377438] (rogidrive_msg) StdoutLine: {'line': b'[ 15%] \x1b[32m\x1b[1mLinking C shared library librogidrive_msg__rosidl_generator_c.so\x1b[0m\n'}
[5.462206] (-) TimerEvent: {}
[5.489425] (rogidrive_msg) StdoutLine: {'line': b'[ 17%] \x1b[32mBuilding CXX object CMakeFiles/rogidrive_msg__rosidl_typesupport_fastrtps_cpp.dir/rosidl_typesupport_fastrtps_cpp/rogidrive_msg/msg/detail/dds_fastrtps/rogidrive_message__type_support.cpp.o\x1b[0m\n'}
[5.511247] (rogidrive_msg) StdoutLine: {'line': b'[ 17%] Built target rogidrive_msg__rosidl_generator_c\n'}
[5.535228] (rogidrive_msg) StdoutLine: {'line': b'[ 20%] \x1b[34m\x1b[1mGenerating C++ introspection for ROS interfaces\x1b[0m\n'}
[5.563521] (-) TimerEvent: {}
[5.665082] (-) TimerEvent: {}
[5.767345] (-) TimerEvent: {}
[5.867758] (-) TimerEvent: {}
[5.975321] (-) TimerEvent: {}
[6.074127] (rogidrive_msg) StdoutLine: {'line': b'[ 23%] \x1b[32mBuilding CXX object CMakeFiles/rogidrive_msg__rosidl_typesupport_introspection_cpp.dir/rosidl_typesupport_introspection_cpp/rogidrive_msg/msg/detail/rogidrive_message__type_support.cpp.o\x1b[0m\n'}
[6.075557] (-) TimerEvent: {}
[6.178194] (-) TimerEvent: {}
[6.283091] (-) TimerEvent: {}
[6.386084] (-) TimerEvent: {}
[6.488103] (-) TimerEvent: {}
[6.590112] (-) TimerEvent: {}
[6.691077] (-) TimerEvent: {}
[6.747347] (rogidrive_msg) StdoutLine: {'line': b'[ 25%] \x1b[32mBuilding CXX object CMakeFiles/rogidrive_msg__rosidl_typesupport_fastrtps_cpp.dir/rosidl_typesupport_fastrtps_cpp/rogidrive_msg/msg/detail/dds_fastrtps/rogidrive_multi_array__type_support.cpp.o\x1b[0m\n'}
[6.791336] (-) TimerEvent: {}
[6.895057] (-) TimerEvent: {}
[7.001086] (-) TimerEvent: {}
[7.101835] (-) TimerEvent: {}
[7.186177] (rogidrive_msg) StdoutLine: {'line': b'[ 28%] \x1b[32mBuilding CXX object CMakeFiles/rogidrive_msg__rosidl_typesupport_introspection_cpp.dir/rosidl_typesupport_introspection_cpp/rogidrive_msg/msg/detail/rogidrive_multi_array__type_support.cpp.o\x1b[0m\n'}
[7.202525] (-) TimerEvent: {}
[7.308168] (-) TimerEvent: {}
[7.409083] (-) TimerEvent: {}
[7.509522] (-) TimerEvent: {}
[7.611088] (-) TimerEvent: {}
[7.714084] (-) TimerEvent: {}
[7.817063] (-) TimerEvent: {}
[7.922716] (-) TimerEvent: {}
[8.023222] (-) TimerEvent: {}
[8.126298] (-) TimerEvent: {}
[8.227503] (-) TimerEvent: {}
[8.329050] (-) TimerEvent: {}
[8.394135] (rogidrive_msg) StdoutLine: {'line': b'[ 30%] \x1b[32m\x1b[1mLinking CXX shared library librogidrive_msg__rosidl_typesupport_introspection_cpp.so\x1b[0m\n'}
[8.406546] (rogidrive_msg) StdoutLine: {'line': b'[ 33%] \x1b[32m\x1b[1mLinking CXX shared library librogidrive_msg__rosidl_typesupport_fastrtps_cpp.so\x1b[0m\n'}
[8.429260] (-) TimerEvent: {}
[8.535071] (-) TimerEvent: {}
[8.644295] (-) TimerEvent: {}
[8.703697] (rogidrive_msg) StdoutLine: {'line': b'[ 33%] Built target rogidrive_msg__rosidl_typesupport_fastrtps_cpp\n'}
[8.727190] (rogidrive_msg) StdoutLine: {'line': b'[ 35%] \x1b[34m\x1b[1mGenerating C++ type support dispatch for ROS interfaces\x1b[0m\n'}
[8.738138] (rogidrive_msg) StdoutLine: {'line': b'[ 35%] Built target rogidrive_msg__rosidl_typesupport_introspection_cpp\n'}
[8.744443] (-) TimerEvent: {}
[8.770473] (rogidrive_msg) StdoutLine: {'line': b'[ 38%] \x1b[34m\x1b[1mGenerating C type support for eProsima Fast-RTPS\x1b[0m\n'}
[8.849080] (-) TimerEvent: {}
[8.949544] (-) TimerEvent: {}
[9.051080] (-) TimerEvent: {}
[9.154638] (-) TimerEvent: {}
[9.175133] (rogidrive_msg) StdoutLine: {'line': b'[ 41%] \x1b[32mBuilding CXX object CMakeFiles/rogidrive_msg__rosidl_typesupport_cpp.dir/rosidl_typesupport_cpp/rogidrive_msg/msg/rogidrive_message__type_support.cpp.o\x1b[0m\n'}
[9.258675] (-) TimerEvent: {}
[9.360110] (-) TimerEvent: {}
[9.465076] (-) TimerEvent: {}
[9.485495] (rogidrive_msg) StdoutLine: {'line': b'[ 43%] \x1b[32mBuilding CXX object CMakeFiles/rogidrive_msg__rosidl_typesupport_fastrtps_c.dir/rosidl_typesupport_fastrtps_c/rogidrive_msg/msg/detail/rogidrive_message__type_support_c.cpp.o\x1b[0m\n'}
[9.565671] (-) TimerEvent: {}
[9.668159] (-) TimerEvent: {}
[9.771300] (-) TimerEvent: {}
[9.874327] (-) TimerEvent: {}
[9.977726] (-) TimerEvent: {}
[10.083761] (-) TimerEvent: {}
[10.154712] (rogidrive_msg) StdoutLine: {'line': b'[ 46%] \x1b[32mBuilding CXX object CMakeFiles/rogidrive_msg__rosidl_typesupport_cpp.dir/rosidl_typesupport_cpp/rogidrive_msg/msg/rogidrive_multi_array__type_support.cpp.o\x1b[0m\n'}
[10.184010] (-) TimerEvent: {}
[10.286140] (-) TimerEvent: {}
[10.391552] (-) TimerEvent: {}
[10.493038] (-) TimerEvent: {}
[10.595233] (-) TimerEvent: {}
[10.696430] (-) TimerEvent: {}
[10.756377] (rogidrive_msg) StdoutLine: {'line': b'[ 48%] \x1b[32mBuilding CXX object CMakeFiles/rogidrive_msg__rosidl_typesupport_fastrtps_c.dir/rosidl_typesupport_fastrtps_c/rogidrive_msg/msg/detail/rogidrive_multi_array__type_support_c.cpp.o\x1b[0m\n'}
[10.798436] (-) TimerEvent: {}
[10.899683] (-) TimerEvent: {}
[10.975356] (rogidrive_msg) StdoutLine: {'line': b'[ 51%] \x1b[32m\x1b[1mLinking CXX shared library librogidrive_msg__rosidl_typesupport_cpp.so\x1b[0m\n'}
[11.000999] (-) TimerEvent: {}
[11.103103] (-) TimerEvent: {}
[11.192555] (rogidrive_msg) StdoutLine: {'line': b'[ 51%] Built target rogidrive_msg__rosidl_typesupport_cpp\n'}
[11.204130] (-) TimerEvent: {}
[11.304856] (-) TimerEvent: {}
[11.405619] (-) TimerEvent: {}
[11.509069] (-) TimerEvent: {}
[11.610446] (-) TimerEvent: {}
[11.713105] (-) TimerEvent: {}
[11.813744] (-) TimerEvent: {}
[11.876817] (rogidrive_msg) StdoutLine: {'line': b'running egg_info\n'}
[11.877322] (rogidrive_msg) StdoutLine: {'line': b'creating rogidrive_msg.egg-info\n'}
[11.878332] (rogidrive_msg) StdoutLine: {'line': b'writing rogidrive_msg.egg-info/PKG-INFO\n'}
[11.879747] (rogidrive_msg) StdoutLine: {'line': b'writing dependency_links to rogidrive_msg.egg-info/dependency_links.txt\n'}
[11.880392] (rogidrive_msg) StdoutLine: {'line': b'writing top-level names to rogidrive_msg.egg-info/top_level.txt\n'}
[11.880688] (rogidrive_msg) StdoutLine: {'line': b"writing manifest file 'rogidrive_msg.egg-info/SOURCES.txt'\n"}
[11.884010] (rogidrive_msg) StdoutLine: {'line': b"reading manifest file 'rogidrive_msg.egg-info/SOURCES.txt'\n"}
[11.884513] (rogidrive_msg) StdoutLine: {'line': b"writing manifest file 'rogidrive_msg.egg-info/SOURCES.txt'\n"}
[11.915119] (-) TimerEvent: {}
[11.926323] (rogidrive_msg) StdoutLine: {'line': b'[ 51%] Built target ament_cmake_python_build_rogidrive_msg_egg\n'}
[11.945228] (rogidrive_msg) StdoutLine: {'line': b'[ 53%] \x1b[32m\x1b[1mLinking CXX shared library librogidrive_msg__rosidl_typesupport_fastrtps_c.so\x1b[0m\n'}
[11.958086] (rogidrive_msg) StdoutLine: {'line': b'[ 56%] \x1b[34m\x1b[1mGenerating C introspection for ROS interfaces\x1b[0m\n'}
[12.019076] (-) TimerEvent: {}
[12.120094] (-) TimerEvent: {}
[12.224099] (-) TimerEvent: {}
[12.324075] (rogidrive_msg) StdoutLine: {'line': b'[ 56%] Built target rogidrive_msg__rosidl_typesupport_fastrtps_c\n'}
[12.324335] (-) TimerEvent: {}
[12.350071] (rogidrive_msg) StdoutLine: {'line': b'[ 58%] \x1b[34m\x1b[1mGenerating C type support dispatch for ROS interfaces\x1b[0m\n'}
[12.424517] (-) TimerEvent: {}
[12.526059] (-) TimerEvent: {}
[12.529085] (rogidrive_msg) StdoutLine: {'line': b'[ 61%] \x1b[32mBuilding C object CMakeFiles/rogidrive_msg__rosidl_typesupport_introspection_c.dir/rosidl_typesupport_introspection_c/rogidrive_msg/msg/detail/rogidrive_message__type_support.c.o\x1b[0m\n'}
[12.629102] (-) TimerEvent: {}
[12.689741] (rogidrive_msg) StdoutLine: {'line': b'[ 64%] \x1b[32mBuilding C object CMakeFiles/rogidrive_msg__rosidl_typesupport_introspection_c.dir/rosidl_typesupport_introspection_c/rogidrive_msg/msg/detail/rogidrive_multi_array__type_support.c.o\x1b[0m\n'}
[12.731079] (-) TimerEvent: {}
[12.797600] (rogidrive_msg) StdoutLine: {'line': b'[ 66%] \x1b[32mBuilding CXX object CMakeFiles/rogidrive_msg__rosidl_typesupport_c.dir/rosidl_typesupport_c/rogidrive_msg/msg/rogidrive_message__type_support.cpp.o\x1b[0m\n'}
[12.808875] (rogidrive_msg) StdoutLine: {'line': b'[ 69%] \x1b[32m\x1b[1mLinking C shared library librogidrive_msg__rosidl_typesupport_introspection_c.so\x1b[0m\n'}
[12.832154] (-) TimerEvent: {}
[12.910534] (rogidrive_msg) StdoutLine: {'line': b'[ 71%] \x1b[32mBuilding CXX object CMakeFiles/rogidrive_msg__rosidl_typesupport_c.dir/rosidl_typesupport_c/rogidrive_msg/msg/rogidrive_multi_array__type_support.cpp.o\x1b[0m\n'}
[12.916199] (rogidrive_msg) StdoutLine: {'line': b'[ 71%] Built target rogidrive_msg__rosidl_typesupport_introspection_c\n'}
[12.933087] (-) TimerEvent: {}
[12.989191] (rogidrive_msg) StdoutLine: {'line': b'[ 74%] \x1b[32m\x1b[1mLinking CXX shared library librogidrive_msg__rosidl_typesupport_c.so\x1b[0m\n'}
[13.033356] (-) TimerEvent: {}
[13.085052] (rogidrive_msg) StdoutLine: {'line': b'[ 74%] Built target rogidrive_msg__rosidl_typesupport_c\n'}
[13.115067] (rogidrive_msg) StdoutLine: {'line': b'[ 74%] Built target rogidrive_msg\n'}
[13.134079] (-) TimerEvent: {}
[13.145880] (rogidrive_msg) StdoutLine: {'line': b'[ 76%] \x1b[34m\x1b[1mGenerating Python code for ROS interfaces\x1b[0m\n'}
[13.234263] (-) TimerEvent: {}
[13.335420] (-) TimerEvent: {}
[13.436314] (-) TimerEvent: {}
[13.537087] (-) TimerEvent: {}
[13.560681] (rogidrive_msg) StdoutLine: {'line': b'[ 76%] Built target rogidrive_msg__py\n'}
[13.588010] (rogidrive_msg) StdoutLine: {'line': b'[ 79%] \x1b[32mBuilding C object CMakeFiles/rogidrive_msg__rosidl_generator_py.dir/rosidl_generator_py/rogidrive_msg/msg/_rogidrive_message_s.c.o\x1b[0m\n'}
[13.591116] (rogidrive_msg) StdoutLine: {'line': b'[ 82%] \x1b[32mBuilding C object CMakeFiles/rogidrive_msg__rosidl_generator_py.dir/rosidl_generator_py/rogidrive_msg/msg/_rogidrive_multi_array_s.c.o\x1b[0m\n'}
[13.638050] (-) TimerEvent: {}
[13.739219] (-) TimerEvent: {}
[13.841106] (-) TimerEvent: {}
[13.853728] (rogidrive_msg) StdoutLine: {'line': b'[ 84%] \x1b[32m\x1b[1mLinking C shared library rosidl_generator_py/rogidrive_msg/librogidrive_msg__rosidl_generator_py.so\x1b[0m\n'}
[13.941316] (-) TimerEvent: {}
[13.947258] (rogidrive_msg) StdoutLine: {'line': b'[ 84%] Built target rogidrive_msg__rosidl_generator_py\n'}
[13.982601] (rogidrive_msg) StdoutLine: {'line': b'[ 87%] \x1b[32mBuilding C object CMakeFiles/rogidrive_msg__rosidl_typesupport_fastrtps_c__pyext.dir/rosidl_generator_py/rogidrive_msg/_rogidrive_msg_s.ep.rosidl_typesupport_fastrtps_c.c.o\x1b[0m\n'}
[14.002240] (rogidrive_msg) StdoutLine: {'line': b'[ 89%] \x1b[32mBuilding C object CMakeFiles/rogidrive_msg__rosidl_typesupport_introspection_c__pyext.dir/rosidl_generator_py/rogidrive_msg/_rogidrive_msg_s.ep.rosidl_typesupport_introspection_c.c.o\x1b[0m\n'}
[14.042147] (-) TimerEvent: {}
[14.144108] (-) TimerEvent: {}
[14.250120] (-) TimerEvent: {}
[14.339410] (rogidrive_msg) StdoutLine: {'line': b'[ 92%] \x1b[32m\x1b[1mLinking C shared library rosidl_generator_py/rogidrive_msg/rogidrive_msg_s__rosidl_typesupport_introspection_c.cpython-310-x86_64-linux-gnu.so\x1b[0m\n'}
[14.340265] (rogidrive_msg) StdoutLine: {'line': b'[ 94%] \x1b[32m\x1b[1mLinking C shared library rosidl_generator_py/rogidrive_msg/rogidrive_msg_s__rosidl_typesupport_fastrtps_c.cpython-310-x86_64-linux-gnu.so\x1b[0m\n'}
[14.353585] (-) TimerEvent: {}
[14.454527] (-) TimerEvent: {}
[14.464490] (rogidrive_msg) StdoutLine: {'line': b'[ 94%] Built target rogidrive_msg__rosidl_typesupport_introspection_c__pyext\n'}
[14.466746] (rogidrive_msg) StdoutLine: {'line': b'[ 94%] Built target rogidrive_msg__rosidl_typesupport_fastrtps_c__pyext\n'}
[14.497126] (rogidrive_msg) StdoutLine: {'line': b'[ 97%] \x1b[32mBuilding C object CMakeFiles/rogidrive_msg__rosidl_typesupport_c__pyext.dir/rosidl_generator_py/rogidrive_msg/_rogidrive_msg_s.ep.rosidl_typesupport_c.c.o\x1b[0m\n'}
[14.556215] (-) TimerEvent: {}
[14.657338] (-) TimerEvent: {}
[14.750317] (rogidrive_msg) StdoutLine: {'line': b'[100%] \x1b[32m\x1b[1mLinking C shared library rosidl_generator_py/rogidrive_msg/rogidrive_msg_s__rosidl_typesupport_c.cpython-310-x86_64-linux-gnu.so\x1b[0m\n'}
[14.759166] (-) TimerEvent: {}
[14.837067] (rogidrive_msg) StdoutLine: {'line': b'[100%] Built target rogidrive_msg__rosidl_typesupport_c__pyext\n'}
[14.850616] (rogidrive_msg) CommandEnded: {'returncode': 0}
[14.859551] (-) TimerEvent: {}
[14.960665] (-) TimerEvent: {}
[15.063143] (-) TimerEvent: {}
[15.163887] (-) TimerEvent: {}
[15.225196] (rogidrive_msg) JobProgress: {'identifier': 'rogidrive_msg', 'progress': 'install'}
[15.235288] (rogidrive_msg) Command: {'cmd': ['/opt/st/stm32cubeclt_1.16.0/CMake/bin/cmake', '--install', '/home/yuki/ros2_ws/src/NHK2025/build/rogidrive_msg'], 'cwd': '/home/yuki/ros2_ws/src/NHK2025/build/rogidrive_msg', 'env': OrderedDict([('LANGUAGE', 'en_US:'), ('USER', 'yuki'), ('LC_TIME', 'ja_JP.UTF-8'), ('XDG_SESSION_TYPE', 'wayland'), ('SHLVL', '1'), ('LD_LIBRARY_PATH', '/opt/ros/humble/opt/rviz_ogre_vendor/lib:/opt/ros/humble/lib/x86_64-linux-gnu:/opt/ros/humble/lib'), ('HOME', '/home/yuki'), ('OLDPWD', '/home/yuki/ros2_ws/src'), ('DESKTOP_SESSION', 'ubuntu'), ('ROS_PYTHON_VERSION', '3'), ('GNOME_SHELL_SESSION_MODE', 'ubuntu'), ('GTK_MODULES', 'gail:atk-bridge'), ('LC_MONETARY', 'ja_JP.UTF-8'), ('SYSTEMD_EXEC_PID', '1671'), ('DBUS_SESSION_BUS_ADDRESS', 'unix:path=/run/user/1000/bus'), ('COLORTERM', 'truecolor'), ('IM_CONFIG_PHASE', '1'), ('WAYLAND_DISPLAY', 'wayland-0'), ('ROS_DISTRO', 'humble'), ('LOGNAME', 'yuki'), ('_', '/usr/bin/colcon'), ('ROS_VERSION', '2'), ('XDG_SESSION_CLASS', 'user'), ('USERNAME', 'yuki'), ('TERM', 'xterm-256color'), ('GNOME_DESKTOP_SESSION_ID', 'this-is-deprecated'), ('ROS_LOCALHOST_ONLY', '0'), ('PATH', '/opt/ros/humble/bin:/opt/st/stm32cubeclt_1.16.0:/opt/st/stm32cubeclt_1.16.0/STM32CubeProgrammer/bin:/opt/st/stm32cubeclt_1.16.0/STLink-gdb-server/bin:/opt/st/stm32cubeclt_1.16.0/CMake/bin:/opt/st/stm32cubeclt_1.16.0/Ninja/bin:/opt/st/stm32cubeclt_1.16.0/GNU-tools-for-STM32/bin:/usr/local/sbin:/usr/local/bin:/usr/sbin:/usr/bin:/sbin:/bin:/usr/games:/usr/local/games:/snap/bin:/snap/bin'), ('SESSION_MANAGER', 'local/yuki-virtual-machine:@/tmp/.ICE-unix/1646,unix/yuki-virtual-machine:/tmp/.ICE-unix/1646'), ('XDG_MENU_PREFIX', 'gnome-'), ('LC_ADDRESS', 'ja_JP.UTF-8'), ('GNOME_TERMINAL_SCREEN', '/org/gnome/Terminal/screen/83345ea7_b1f9_43e2_ac02_ace17f95581d'), ('GNOME_SETUP_DISPLAY', ':1'), ('XDG_RUNTIME_DIR', '/run/user/1000'), ('DISPLAY', ':0'), ('LANG', 'ja_JP.UTF-8'), ('XDG_CURRENT_DESKTOP', 'ubuntu:GNOME'), ('LC_TELEPHONE', 'ja_JP.UTF-8'), ('XMODIFIERS', '@im=ibus'), ('XDG_SESSION_DESKTOP', 'ubuntu'), ('XAUTHORITY', '/run/user/1000/.mutter-Xwaylandauth.OF0FW2'), ('GNOME_TERMINAL_SERVICE', ':1.96'), ('SSH_AGENT_LAUNCHER', 'gnome-keyring'), ('SSH_AUTH_SOCK', '/run/user/1000/keyring/ssh'), ('AMENT_PREFIX_PATH', '/opt/ros/humble'), ('SHELL', '/bin/bash'), ('LC_NAME', 'ja_JP.UTF-8'), ('QT_ACCESSIBILITY', '1'), ('GDMSESSION', 'ubuntu'), ('LC_MEASUREMENT', 'ja_JP.UTF-8'), ('LC_IDENTIFICATION', 'ja_JP.UTF-8'), ('QT_IM_MODULE', 'ibus'), ('PWD', '/home/yuki/ros2_ws/src/NHK2025/build/rogidrive_msg'), ('XDG_CONFIG_DIRS', '/etc/xdg/xdg-ubuntu:/etc/xdg'), ('XDG_DATA_DIRS', '/usr/share/ubuntu:/usr/local/share/:/usr/share/:/var/lib/snapd/desktop'), ('PYTHONPATH', '/opt/ros/humble/lib/python3.10/site-packages:/opt/ros/humble/local/lib/python3.10/dist-packages'), ('LC_NUMERIC', 'ja_JP.UTF-8'), ('LC_PAPER', 'ja_JP.UTF-8'), ('COLCON', '1'), ('VTE_VERSION', '6800'), ('CMAKE_PREFIX_PATH', '/opt/ros/humble')]), 'shell': False}
[15.249197] (rogidrive_msg) StdoutLine: {'line': b'-- Install configuration: ""\n'}
[15.255104] (rogidrive_msg) StdoutLine: {'line': b'-- Installing: /home/yuki/ros2_ws/src/NHK2025/install/rogidrive_msg/share/ament_index/resource_index/rosidl_interfaces/rogidrive_msg\n'}
[15.255363] (rogidrive_msg) StdoutLine: {'line': b'-- Installing: /home/yuki/ros2_ws/src/NHK2025/install/rogidrive_msg/include/rogidrive_msg/rogidrive_msg\n'}
[15.255485] (rogidrive_msg) StdoutLine: {'line': b'-- Installing: /home/yuki/ros2_ws/src/NHK2025/install/rogidrive_msg/include/rogidrive_msg/rogidrive_msg/msg\n'}
[15.256647] (rogidrive_msg) StdoutLine: {'line': b'-- Installing: /home/yuki/ros2_ws/src/NHK2025/install/rogidrive_msg/include/rogidrive_msg/rogidrive_msg/msg/rogidrive_message.h\n'}
[15.256849] (rogidrive_msg) StdoutLine: {'line': b'-- Installing: /home/yuki/ros2_ws/src/NHK2025/install/rogidrive_msg/include/rogidrive_msg/rogidrive_msg/msg/rogidrive_multi_array.h\n'}
[15.258536] (rogidrive_msg) StdoutLine: {'line': b'-- Installing: /home/yuki/ros2_ws/src/NHK2025/install/rogidrive_msg/include/rogidrive_msg/rogidrive_msg/msg/detail\n'}
[15.258663] (rogidrive_msg) StdoutLine: {'line': b'-- Installing: /home/yuki/ros2_ws/src/NHK2025/install/rogidrive_msg/include/rogidrive_msg/rogidrive_msg/msg/detail/rogidrive_multi_array__type_support.h\n'}
[15.258783] (rogidrive_msg) StdoutLine: {'line': b'-- Installing: /home/yuki/ros2_ws/src/NHK2025/install/rogidrive_msg/include/rogidrive_msg/rogidrive_msg/msg/detail/rogidrive_message__type_support.h\n'}
[15.258891] (rogidrive_msg) StdoutLine: {'line': b'-- Installing: /home/yuki/ros2_ws/src/NHK2025/install/rogidrive_msg/include/rogidrive_msg/rogidrive_msg/msg/detail/rogidrive_multi_array__struct.h\n'}
[15.259247] (rogidrive_msg) StdoutLine: {'line': b'-- Installing: /home/yuki/ros2_ws/src/NHK2025/install/rogidrive_msg/include/rogidrive_msg/rogidrive_msg/msg/detail/rogidrive_message__struct.h\n'}
[15.259377] (rogidrive_msg) StdoutLine: {'line': b'-- Installing: /home/yuki/ros2_ws/src/NHK2025/install/rogidrive_msg/include/rogidrive_msg/rogidrive_msg/msg/detail/rogidrive_multi_array__functions.h\n'}
[15.259486] (rogidrive_msg) StdoutLine: {'line': b'-- Installing: /home/yuki/ros2_ws/src/NHK2025/install/rogidrive_msg/include/rogidrive_msg/rogidrive_msg/msg/detail/rogidrive_message__functions.c\n'}
[15.259593] (rogidrive_msg) StdoutLine: {'line': b'-- Installing: /home/yuki/ros2_ws/src/NHK2025/install/rogidrive_msg/include/rogidrive_msg/rogidrive_msg/msg/detail/rogidrive_message__functions.h\n'}
[15.262229] (rogidrive_msg) StdoutLine: {'line': b'-- Installing: /home/yuki/ros2_ws/src/NHK2025/install/rogidrive_msg/include/rogidrive_msg/rogidrive_msg/msg/detail/rogidrive_multi_array__functions.c\n'}
[15.262387] (rogidrive_msg) StdoutLine: {'line': b'-- Installing: /home/yuki/ros2_ws/src/NHK2025/install/rogidrive_msg/include/rogidrive_msg/rogidrive_msg/msg/rosidl_generator_c__visibility_control.h\n'}
[15.262496] (rogidrive_msg) StdoutLine: {'line': b'-- Installing: /home/yuki/ros2_ws/src/NHK2025/install/rogidrive_msg/share/rogidrive_msg/environment/library_path.sh\n'}
[15.262617] (rogidrive_msg) StdoutLine: {'line': b'-- Installing: /home/yuki/ros2_ws/src/NHK2025/install/rogidrive_msg/share/rogidrive_msg/environment/library_path.dsv\n'}
[15.262822] (rogidrive_msg) StdoutLine: {'line': b'-- Installing: /home/yuki/ros2_ws/src/NHK2025/install/rogidrive_msg/lib/librogidrive_msg__rosidl_generator_c.so\n'}
[15.264844] (-) TimerEvent: {}
[15.266355] (rogidrive_msg) StdoutLine: {'line': b'-- Set non-toolchain portion of runtime path of "/home/yuki/ros2_ws/src/NHK2025/install/rogidrive_msg/lib/librogidrive_msg__rosidl_generator_c.so" to ""\n'}
[15.266708] (rogidrive_msg) StdoutLine: {'line': b'-- Up-to-date: /home/yuki/ros2_ws/src/NHK2025/install/rogidrive_msg/include/rogidrive_msg/rogidrive_msg\n'}
[15.266935] (rogidrive_msg) StdoutLine: {'line': b'-- Up-to-date: /home/yuki/ros2_ws/src/NHK2025/install/rogidrive_msg/include/rogidrive_msg/rogidrive_msg/msg\n'}
[15.267532] (rogidrive_msg) StdoutLine: {'line': b'-- Up-to-date: /home/yuki/ros2_ws/src/NHK2025/install/rogidrive_msg/include/rogidrive_msg/rogidrive_msg/msg/detail\n'}
[15.267697] (rogidrive_msg) StdoutLine: {'line': b'-- Installing: /home/yuki/ros2_ws/src/NHK2025/install/rogidrive_msg/include/rogidrive_msg/rogidrive_msg/msg/detail/rogidrive_multi_array__rosidl_typesupport_fastrtps_c.h\n'}
[15.268472] (rogidrive_msg) StdoutLine: {'line': b'-- Installing: /home/yuki/ros2_ws/src/NHK2025/install/rogidrive_msg/include/rogidrive_msg/rogidrive_msg/msg/detail/rogidrive_message__rosidl_typesupport_fastrtps_c.h\n'}
[15.269752] (rogidrive_msg) StdoutLine: {'line': b'-- Installing: /home/yuki/ros2_ws/src/NHK2025/install/rogidrive_msg/include/rogidrive_msg/rogidrive_msg/msg/rosidl_typesupport_fastrtps_c__visibility_control.h\n'}
[15.270103] (rogidrive_msg) StdoutLine: {'line': b'-- Installing: /home/yuki/ros2_ws/src/NHK2025/install/rogidrive_msg/lib/librogidrive_msg__rosidl_typesupport_fastrtps_c.so\n'}
[15.273883] (rogidrive_msg) StdoutLine: {'line': b'-- Set non-toolchain portion of runtime path of "/home/yuki/ros2_ws/src/NHK2025/install/rogidrive_msg/lib/librogidrive_msg__rosidl_typesupport_fastrtps_c.so" to ""\n'}
[15.274580] (rogidrive_msg) StdoutLine: {'line': b'-- Up-to-date: /home/yuki/ros2_ws/src/NHK2025/install/rogidrive_msg/include/rogidrive_msg/rogidrive_msg\n'}
[15.274732] (rogidrive_msg) StdoutLine: {'line': b'-- Up-to-date: /home/yuki/ros2_ws/src/NHK2025/install/rogidrive_msg/include/rogidrive_msg/rogidrive_msg/msg\n'}
[15.274845] (rogidrive_msg) StdoutLine: {'line': b'-- Up-to-date: /home/yuki/ros2_ws/src/NHK2025/install/rogidrive_msg/include/rogidrive_msg/rogidrive_msg/msg/detail\n'}
[15.276464] (rogidrive_msg) StdoutLine: {'line': b'-- Installing: /home/yuki/ros2_ws/src/NHK2025/install/rogidrive_msg/include/rogidrive_msg/rogidrive_msg/msg/detail/rogidrive_message__builder.hpp\n'}
[15.278149] (rogidrive_msg) StdoutLine: {'line': b'-- Installing: /home/yuki/ros2_ws/src/NHK2025/install/rogidrive_msg/include/rogidrive_msg/rogidrive_msg/msg/detail/rogidrive_message__struct.hpp\n'}
[15.278330] (rogidrive_msg) StdoutLine: {'line': b'-- Installing: /home/yuki/ros2_ws/src/NHK2025/install/rogidrive_msg/include/rogidrive_msg/rogidrive_msg/msg/detail/rogidrive_multi_array__traits.hpp\n'}
[15.278444] (rogidrive_msg) StdoutLine: {'line': b'-- Installing: /home/yuki/ros2_ws/src/NHK2025/install/rogidrive_msg/include/rogidrive_msg/rogidrive_msg/msg/detail/rogidrive_multi_array__struct.hpp\n'}
[15.278556] (rogidrive_msg) StdoutLine: {'line': b'-- Installing: /home/yuki/ros2_ws/src/NHK2025/install/rogidrive_msg/include/rogidrive_msg/rogidrive_msg/msg/detail/rogidrive_message__traits.hpp\n'}
[15.278667] (rogidrive_msg) StdoutLine: {'line': b'-- Installing: /home/yuki/ros2_ws/src/NHK2025/install/rogidrive_msg/include/rogidrive_msg/rogidrive_msg/msg/detail/rogidrive_multi_array__builder.hpp\n'}
[15.278787] (rogidrive_msg) StdoutLine: {'line': b'-- Installing: /home/yuki/ros2_ws/src/NHK2025/install/rogidrive_msg/include/rogidrive_msg/rogidrive_msg/msg/rogidrive_message.hpp\n'}
[15.281480] (rogidrive_msg) StdoutLine: {'line': b'-- Installing: /home/yuki/ros2_ws/src/NHK2025/install/rogidrive_msg/include/rogidrive_msg/rogidrive_msg/msg/rogidrive_multi_array.hpp\n'}
[15.282343] (rogidrive_msg) StdoutLine: {'line': b'-- Up-to-date: /home/yuki/ros2_ws/src/NHK2025/install/rogidrive_msg/include/rogidrive_msg/rogidrive_msg\n'}
[15.284339] (rogidrive_msg) StdoutLine: {'line': b'-- Up-to-date: /home/yuki/ros2_ws/src/NHK2025/install/rogidrive_msg/include/rogidrive_msg/rogidrive_msg/msg\n'}
[15.284475] (rogidrive_msg) StdoutLine: {'line': b'-- Up-to-date: /home/yuki/ros2_ws/src/NHK2025/install/rogidrive_msg/include/rogidrive_msg/rogidrive_msg/msg/detail\n'}
[15.284590] (rogidrive_msg) StdoutLine: {'line': b'-- Installing: /home/yuki/ros2_ws/src/NHK2025/install/rogidrive_msg/include/rogidrive_msg/rogidrive_msg/msg/detail/rogidrive_message__rosidl_typesupport_fastrtps_cpp.hpp\n'}
[15.284703] (rogidrive_msg) StdoutLine: {'line': b'-- Installing: /home/yuki/ros2_ws/src/NHK2025/install/rogidrive_msg/include/rogidrive_msg/rogidrive_msg/msg/detail/rogidrive_multi_array__rosidl_typesupport_fastrtps_cpp.hpp\n'}
[15.284816] (rogidrive_msg) StdoutLine: {'line': b'-- Installing: /home/yuki/ros2_ws/src/NHK2025/install/rogidrive_msg/include/rogidrive_msg/rogidrive_msg/msg/detail/dds_fastrtps\n'}
[15.284927] (rogidrive_msg) StdoutLine: {'line': b'-- Installing: /home/yuki/ros2_ws/src/NHK2025/install/rogidrive_msg/include/rogidrive_msg/rogidrive_msg/msg/rosidl_typesupport_fastrtps_cpp__visibility_control.h\n'}
[15.285128] (rogidrive_msg) StdoutLine: {'line': b'-- Installing: /home/yuki/ros2_ws/src/NHK2025/install/rogidrive_msg/lib/librogidrive_msg__rosidl_typesupport_fastrtps_cpp.so\n'}
[15.287681] (rogidrive_msg) StdoutLine: {'line': b'-- Set non-toolchain portion of runtime path of "/home/yuki/ros2_ws/src/NHK2025/install/rogidrive_msg/lib/librogidrive_msg__rosidl_typesupport_fastrtps_cpp.so" to ""\n'}
[15.288002] (rogidrive_msg) StdoutLine: {'line': b'-- Up-to-date: /home/yuki/ros2_ws/src/NHK2025/install/rogidrive_msg/include/rogidrive_msg/rogidrive_msg\n'}
[15.288465] (rogidrive_msg) StdoutLine: {'line': b'-- Up-to-date: /home/yuki/ros2_ws/src/NHK2025/install/rogidrive_msg/include/rogidrive_msg/rogidrive_msg/msg\n'}
[15.288609] (rogidrive_msg) StdoutLine: {'line': b'-- Up-to-date: /home/yuki/ros2_ws/src/NHK2025/install/rogidrive_msg/include/rogidrive_msg/rogidrive_msg/msg/detail\n'}
[15.289739] (rogidrive_msg) StdoutLine: {'line': b'-- Installing: /home/yuki/ros2_ws/src/NHK2025/install/rogidrive_msg/include/rogidrive_msg/rogidrive_msg/msg/detail/rogidrive_multi_array__type_support.c\n'}
[15.290094] (rogidrive_msg) StdoutLine: {'line': b'-- Installing: /home/yuki/ros2_ws/src/NHK2025/install/rogidrive_msg/include/rogidrive_msg/rogidrive_msg/msg/detail/rogidrive_multi_array__rosidl_typesupport_introspection_c.h\n'}
[15.290221] (rogidrive_msg) StdoutLine: {'line': b'-- Installing: /home/yuki/ros2_ws/src/NHK2025/install/rogidrive_msg/include/rogidrive_msg/rogidrive_msg/msg/detail/rogidrive_message__rosidl_typesupport_introspection_c.h\n'}
[15.290804] (rogidrive_msg) StdoutLine: {'line': b'-- Installing: /home/yuki/ros2_ws/src/NHK2025/install/rogidrive_msg/include/rogidrive_msg/rogidrive_msg/msg/detail/rogidrive_message__type_support.c\n'}
[15.291539] (rogidrive_msg) StdoutLine: {'line': b'-- Installing: /home/yuki/ros2_ws/src/NHK2025/install/rogidrive_msg/include/rogidrive_msg/rogidrive_msg/msg/rosidl_typesupport_introspection_c__visibility_control.h\n'}
[15.293563] (rogidrive_msg) StdoutLine: {'line': b'-- Installing: /home/yuki/ros2_ws/src/NHK2025/install/rogidrive_msg/lib/librogidrive_msg__rosidl_typesupport_introspection_c.so\n'}
[15.298169] (rogidrive_msg) StdoutLine: {'line': b'-- Set non-toolchain portion of runtime path of "/home/yuki/ros2_ws/src/NHK2025/install/rogidrive_msg/lib/librogidrive_msg__rosidl_typesupport_introspection_c.so" to ""\n'}
[15.298398] (rogidrive_msg) StdoutLine: {'line': b'-- Installing: /home/yuki/ros2_ws/src/NHK2025/install/rogidrive_msg/lib/librogidrive_msg__rosidl_typesupport_c.so\n'}
[15.301195] (rogidrive_msg) StdoutLine: {'line': b'-- Set non-toolchain portion of runtime path of "/home/yuki/ros2_ws/src/NHK2025/install/rogidrive_msg/lib/librogidrive_msg__rosidl_typesupport_c.so" to ""\n'}
[15.301509] (rogidrive_msg) StdoutLine: {'line': b'-- Up-to-date: /home/yuki/ros2_ws/src/NHK2025/install/rogidrive_msg/include/rogidrive_msg/rogidrive_msg\n'}
[15.303261] (rogidrive_msg) StdoutLine: {'line': b'-- Up-to-date: /home/yuki/ros2_ws/src/NHK2025/install/rogidrive_msg/include/rogidrive_msg/rogidrive_msg/msg\n'}
[15.303375] (rogidrive_msg) StdoutLine: {'line': b'-- Up-to-date: /home/yuki/ros2_ws/src/NHK2025/install/rogidrive_msg/include/rogidrive_msg/rogidrive_msg/msg/detail\n'}
[15.303483] (rogidrive_msg) StdoutLine: {'line': b'-- Installing: /home/yuki/ros2_ws/src/NHK2025/install/rogidrive_msg/include/rogidrive_msg/rogidrive_msg/msg/detail/rogidrive_message__type_support.cpp\n'}
[15.303589] (rogidrive_msg) StdoutLine: {'line': b'-- Installing: /home/yuki/ros2_ws/src/NHK2025/install/rogidrive_msg/include/rogidrive_msg/rogidrive_msg/msg/detail/rogidrive_multi_array__rosidl_typesupport_introspection_cpp.hpp\n'}
[15.305222] (rogidrive_msg) StdoutLine: {'line': b'-- Installing: /home/yuki/ros2_ws/src/NHK2025/install/rogidrive_msg/include/rogidrive_msg/rogidrive_msg/msg/detail/rogidrive_multi_array__type_support.cpp\n'}
[15.308063] (rogidrive_msg) StdoutLine: {'line': b'-- Installing: /home/yuki/ros2_ws/src/NHK2025/install/rogidrive_msg/include/rogidrive_msg/rogidrive_msg/msg/detail/rogidrive_message__rosidl_typesupport_introspection_cpp.hpp\n'}
[15.308302] (rogidrive_msg) StdoutLine: {'line': b'-- Installing: /home/yuki/ros2_ws/src/NHK2025/install/rogidrive_msg/lib/librogidrive_msg__rosidl_typesupport_introspection_cpp.so\n'}
[15.311401] (rogidrive_msg) StdoutLine: {'line': b'-- Set non-toolchain portion of runtime path of "/home/yuki/ros2_ws/src/NHK2025/install/rogidrive_msg/lib/librogidrive_msg__rosidl_typesupport_introspection_cpp.so" to ""\n'}
[15.311797] (rogidrive_msg) StdoutLine: {'line': b'-- Installing: /home/yuki/ros2_ws/src/NHK2025/install/rogidrive_msg/lib/librogidrive_msg__rosidl_typesupport_cpp.so\n'}
[15.315071] (rogidrive_msg) StdoutLine: {'line': b'-- Set non-toolchain portion of runtime path of "/home/yuki/ros2_ws/src/NHK2025/install/rogidrive_msg/lib/librogidrive_msg__rosidl_typesupport_cpp.so" to ""\n'}
[15.316032] (rogidrive_msg) StdoutLine: {'line': b'-- Installing: /home/yuki/ros2_ws/src/NHK2025/install/rogidrive_msg/share/rogidrive_msg/environment/pythonpath.sh\n'}
[15.316198] (rogidrive_msg) StdoutLine: {'line': b'-- Installing: /home/yuki/ros2_ws/src/NHK2025/install/rogidrive_msg/share/rogidrive_msg/environment/pythonpath.dsv\n'}
[15.317209] (rogidrive_msg) StdoutLine: {'line': b'-- Installing: /home/yuki/ros2_ws/src/NHK2025/install/rogidrive_msg/local/lib/python3.10/dist-packages/rogidrive_msg-0.0.0-py3.10.egg-info\n'}
[15.317667] (rogidrive_msg) StdoutLine: {'line': b'-- Installing: /home/yuki/ros2_ws/src/NHK2025/install/rogidrive_msg/local/lib/python3.10/dist-packages/rogidrive_msg-0.0.0-py3.10.egg-info/dependency_links.txt\n'}
[15.317873] (rogidrive_msg) StdoutLine: {'line': b'-- Installing: /home/yuki/ros2_ws/src/NHK2025/install/rogidrive_msg/local/lib/python3.10/dist-packages/rogidrive_msg-0.0.0-py3.10.egg-info/SOURCES.txt\n'}
[15.318151] (rogidrive_msg) StdoutLine: {'line': b'-- Installing: /home/yuki/ros2_ws/src/NHK2025/install/rogidrive_msg/local/lib/python3.10/dist-packages/rogidrive_msg-0.0.0-py3.10.egg-info/PKG-INFO\n'}
[15.318532] (rogidrive_msg) StdoutLine: {'line': b'-- Installing: /home/yuki/ros2_ws/src/NHK2025/install/rogidrive_msg/local/lib/python3.10/dist-packages/rogidrive_msg-0.0.0-py3.10.egg-info/top_level.txt\n'}
[15.319355] (rogidrive_msg) StdoutLine: {'line': b'-- Installing: /home/yuki/ros2_ws/src/NHK2025/install/rogidrive_msg/local/lib/python3.10/dist-packages/rogidrive_msg\n'}
[15.320125] (rogidrive_msg) StdoutLine: {'line': b'-- Installing: /home/yuki/ros2_ws/src/NHK2025/install/rogidrive_msg/local/lib/python3.10/dist-packages/rogidrive_msg/_rogidrive_msg_s.ep.rosidl_typesupport_fastrtps_c.c\n'}
[15.321147] (rogidrive_msg) StdoutLine: {'line': b'-- Installing: /home/yuki/ros2_ws/src/NHK2025/install/rogidrive_msg/local/lib/python3.10/dist-packages/rogidrive_msg/rogidrive_msg_s__rosidl_typesupport_introspection_c.cpython-310-x86_64-linux-gnu.so\n'}
[15.321845] (rogidrive_msg) StdoutLine: {'line': b'-- Installing: /home/yuki/ros2_ws/src/NHK2025/install/rogidrive_msg/local/lib/python3.10/dist-packages/rogidrive_msg/_rogidrive_msg_s.ep.rosidl_typesupport_introspection_c.c\n'}
[15.323453] (rogidrive_msg) StdoutLine: {'line': b'-- Installing: /home/yuki/ros2_ws/src/NHK2025/install/rogidrive_msg/local/lib/python3.10/dist-packages/rogidrive_msg/rogidrive_msg_s__rosidl_typesupport_c.cpython-310-x86_64-linux-gnu.so\n'}
[15.324271] (rogidrive_msg) StdoutLine: {'line': b'-- Installing: /home/yuki/ros2_ws/src/NHK2025/install/rogidrive_msg/local/lib/python3.10/dist-packages/rogidrive_msg/_rogidrive_msg_s.ep.rosidl_typesupport_c.c\n'}
[15.326286] (rogidrive_msg) StdoutLine: {'line': b'-- Installing: /home/yuki/ros2_ws/src/NHK2025/install/rogidrive_msg/local/lib/python3.10/dist-packages/rogidrive_msg/librogidrive_msg__rosidl_generator_py.so\n'}
[15.326812] (rogidrive_msg) StdoutLine: {'line': b'-- Installing: /home/yuki/ros2_ws/src/NHK2025/install/rogidrive_msg/local/lib/python3.10/dist-packages/rogidrive_msg/rogidrive_msg_s__rosidl_typesupport_fastrtps_c.cpython-310-x86_64-linux-gnu.so\n'}
[15.326929] (rogidrive_msg) StdoutLine: {'line': b'-- Installing: /home/yuki/ros2_ws/src/NHK2025/install/rogidrive_msg/local/lib/python3.10/dist-packages/rogidrive_msg/msg\n'}
[15.328651] (rogidrive_msg) StdoutLine: {'line': b'-- Installing: /home/yuki/ros2_ws/src/NHK2025/install/rogidrive_msg/local/lib/python3.10/dist-packages/rogidrive_msg/msg/_rogidrive_multi_array.py\n'}
[15.328773] (rogidrive_msg) StdoutLine: {'line': b'-- Installing: /home/yuki/ros2_ws/src/NHK2025/install/rogidrive_msg/local/lib/python3.10/dist-packages/rogidrive_msg/msg/_rogidrive_message.py\n'}
[15.328901] (rogidrive_msg) StdoutLine: {'line': b'-- Installing: /home/yuki/ros2_ws/src/NHK2025/install/rogidrive_msg/local/lib/python3.10/dist-packages/rogidrive_msg/msg/_rogidrive_message_s.c\n'}
[15.329063] (rogidrive_msg) StdoutLine: {'line': b'-- Installing: /home/yuki/ros2_ws/src/NHK2025/install/rogidrive_msg/local/lib/python3.10/dist-packages/rogidrive_msg/msg/_rogidrive_multi_array_s.c\n'}
[15.329170] (rogidrive_msg) StdoutLine: {'line': b'-- Installing: /home/yuki/ros2_ws/src/NHK2025/install/rogidrive_msg/local/lib/python3.10/dist-packages/rogidrive_msg/msg/__init__.py\n'}
[15.330074] (rogidrive_msg) StdoutLine: {'line': b'-- Installing: /home/yuki/ros2_ws/src/NHK2025/install/rogidrive_msg/local/lib/python3.10/dist-packages/rogidrive_msg/__init__.py\n'}
[15.365357] (-) TimerEvent: {}
[15.383260] (rogidrive_msg) StdoutLine: {'line': b"Listing '/home/yuki/ros2_ws/src/NHK2025/install/rogidrive_msg/local/lib/python3.10/dist-packages/rogidrive_msg'...\n"}
[15.384319] (rogidrive_msg) StdoutLine: {'line': b"Compiling '/home/yuki/ros2_ws/src/NHK2025/install/rogidrive_msg/local/lib/python3.10/dist-packages/rogidrive_msg/__init__.py'...\n"}
[15.384827] (rogidrive_msg) StdoutLine: {'line': b"Listing '/home/yuki/ros2_ws/src/NHK2025/install/rogidrive_msg/local/lib/python3.10/dist-packages/rogidrive_msg/msg'...\n"}
[15.384924] (rogidrive_msg) StdoutLine: {'line': b"Compiling '/home/yuki/ros2_ws/src/NHK2025/install/rogidrive_msg/local/lib/python3.10/dist-packages/rogidrive_msg/msg/__init__.py'...\n"}
[15.385894] (rogidrive_msg) StdoutLine: {'line': b"Compiling '/home/yuki/ros2_ws/src/NHK2025/install/rogidrive_msg/local/lib/python3.10/dist-packages/rogidrive_msg/msg/_rogidrive_message.py'...\n"}
[15.386035] (rogidrive_msg) StdoutLine: {'line': b"Compiling '/home/yuki/ros2_ws/src/NHK2025/install/rogidrive_msg/local/lib/python3.10/dist-packages/rogidrive_msg/msg/_rogidrive_multi_array.py'...\n"}
[15.391142] (rogidrive_msg) StdoutLine: {'line': b'-- Installing: /home/yuki/ros2_ws/src/NHK2025/install/rogidrive_msg/local/lib/python3.10/dist-packages/rogidrive_msg/rogidrive_msg_s__rosidl_typesupport_fastrtps_c.cpython-310-x86_64-linux-gnu.so\n'}
[15.392376] (rogidrive_msg) StdoutLine: {'line': b'-- Set non-toolchain portion of runtime path of "/home/yuki/ros2_ws/src/NHK2025/install/rogidrive_msg/local/lib/python3.10/dist-packages/rogidrive_msg/rogidrive_msg_s__rosidl_typesupport_fastrtps_c.cpython-310-x86_64-linux-gnu.so" to ""\n'}
[15.396677] (rogidrive_msg) StdoutLine: {'line': b'-- Installing: /home/yuki/ros2_ws/src/NHK2025/install/rogidrive_msg/local/lib/python3.10/dist-packages/rogidrive_msg/rogidrive_msg_s__rosidl_typesupport_introspection_c.cpython-310-x86_64-linux-gnu.so\n'}
[15.397946] (rogidrive_msg) StdoutLine: {'line': b'-- Set non-toolchain portion of runtime path of "/home/yuki/ros2_ws/src/NHK2025/install/rogidrive_msg/local/lib/python3.10/dist-packages/rogidrive_msg/rogidrive_msg_s__rosidl_typesupport_introspection_c.cpython-310-x86_64-linux-gnu.so" to ""\n'}
[15.399365] (rogidrive_msg) StdoutLine: {'line': b'-- Installing: /home/yuki/ros2_ws/src/NHK2025/install/rogidrive_msg/local/lib/python3.10/dist-packages/rogidrive_msg/rogidrive_msg_s__rosidl_typesupport_c.cpython-310-x86_64-linux-gnu.so\n'}
[15.402080] (rogidrive_msg) StdoutLine: {'line': b'-- Set non-toolchain portion of runtime path of "/home/yuki/ros2_ws/src/NHK2025/install/rogidrive_msg/local/lib/python3.10/dist-packages/rogidrive_msg/rogidrive_msg_s__rosidl_typesupport_c.cpython-310-x86_64-linux-gnu.so" to ""\n'}
[15.402228] (rogidrive_msg) StdoutLine: {'line': b'-- Installing: /home/yuki/ros2_ws/src/NHK2025/install/rogidrive_msg/lib/librogidrive_msg__rosidl_generator_py.so\n'}
[15.402981] (rogidrive_msg) StdoutLine: {'line': b'-- Set non-toolchain portion of runtime path of "/home/yuki/ros2_ws/src/NHK2025/install/rogidrive_msg/lib/librogidrive_msg__rosidl_generator_py.so" to ""\n'}
[15.403487] (rogidrive_msg) StdoutLine: {'line': b'-- Installing: /home/yuki/ros2_ws/src/NHK2025/install/rogidrive_msg/share/rogidrive_msg/msg/RogidriveMessage.idl\n'}
[15.404078] (rogidrive_msg) StdoutLine: {'line': b'-- Installing: /home/yuki/ros2_ws/src/NHK2025/install/rogidrive_msg/share/rogidrive_msg/msg/RogidriveMultiArray.idl\n'}
[15.404493] (rogidrive_msg) StdoutLine: {'line': b'-- Installing: /home/yuki/ros2_ws/src/NHK2025/install/rogidrive_msg/share/rogidrive_msg/msg/RogidriveMessage.msg\n'}
[15.404591] (rogidrive_msg) StdoutLine: {'line': b'-- Installing: /home/yuki/ros2_ws/src/NHK2025/install/rogidrive_msg/share/rogidrive_msg/msg/RogidriveMultiArray.msg\n'}
[15.407534] (rogidrive_msg) StdoutLine: {'line': b'-- Installing: /home/yuki/ros2_ws/src/NHK2025/install/rogidrive_msg/share/ament_index/resource_index/package_run_dependencies/rogidrive_msg\n'}
[15.408825] (rogidrive_msg) StdoutLine: {'line': b'-- Installing: /home/yuki/ros2_ws/src/NHK2025/install/rogidrive_msg/share/ament_index/resource_index/parent_prefix_path/rogidrive_msg\n'}
[15.409109] (rogidrive_msg) StdoutLine: {'line': b'-- Installing: /home/yuki/ros2_ws/src/NHK2025/install/rogidrive_msg/share/rogidrive_msg/environment/ament_prefix_path.sh\n'}
[15.410215] (rogidrive_msg) StdoutLine: {'line': b'-- Installing: /home/yuki/ros2_ws/src/NHK2025/install/rogidrive_msg/share/rogidrive_msg/environment/ament_prefix_path.dsv\n'}
[15.410335] (rogidrive_msg) StdoutLine: {'line': b'-- Installing: /home/yuki/ros2_ws/src/NHK2025/install/rogidrive_msg/share/rogidrive_msg/environment/path.sh\n'}
[15.410433] (rogidrive_msg) StdoutLine: {'line': b'-- Installing: /home/yuki/ros2_ws/src/NHK2025/install/rogidrive_msg/share/rogidrive_msg/environment/path.dsv\n'}
[15.412098] (rogidrive_msg) StdoutLine: {'line': b'-- Installing: /home/yuki/ros2_ws/src/NHK2025/install/rogidrive_msg/share/rogidrive_msg/local_setup.bash\n'}
[15.412219] (rogidrive_msg) StdoutLine: {'line': b'-- Installing: /home/yuki/ros2_ws/src/NHK2025/install/rogidrive_msg/share/rogidrive_msg/local_setup.sh\n'}
[15.412377] (rogidrive_msg) StdoutLine: {'line': b'-- Installing: /home/yuki/ros2_ws/src/NHK2025/install/rogidrive_msg/share/rogidrive_msg/local_setup.zsh\n'}
[15.412472] (rogidrive_msg) StdoutLine: {'line': b'-- Installing: /home/yuki/ros2_ws/src/NHK2025/install/rogidrive_msg/share/rogidrive_msg/local_setup.dsv\n'}
[15.412568] (rogidrive_msg) StdoutLine: {'line': b'-- Installing: /home/yuki/ros2_ws/src/NHK2025/install/rogidrive_msg/share/rogidrive_msg/package.dsv\n'}
[15.413571] (rogidrive_msg) StdoutLine: {'line': b'-- Installing: /home/yuki/ros2_ws/src/NHK2025/install/rogidrive_msg/share/ament_index/resource_index/packages/rogidrive_msg\n'}
[15.413816] (rogidrive_msg) StdoutLine: {'line': b'-- Installing: /home/yuki/ros2_ws/src/NHK2025/install/rogidrive_msg/share/rogidrive_msg/cmake/export_rogidrive_msg__rosidl_generator_cExport.cmake\n'}
[15.414834] (rogidrive_msg) StdoutLine: {'line': b'-- Installing: /home/yuki/ros2_ws/src/NHK2025/install/rogidrive_msg/share/rogidrive_msg/cmake/export_rogidrive_msg__rosidl_generator_cExport-noconfig.cmake\n'}
[15.414978] (rogidrive_msg) StdoutLine: {'line': b'-- Installing: /home/yuki/ros2_ws/src/NHK2025/install/rogidrive_msg/share/rogidrive_msg/cmake/export_rogidrive_msg__rosidl_typesupport_fastrtps_cExport.cmake\n'}
[15.415498] (rogidrive_msg) StdoutLine: {'line': b'-- Installing: /home/yuki/ros2_ws/src/NHK2025/install/rogidrive_msg/share/rogidrive_msg/cmake/export_rogidrive_msg__rosidl_typesupport_fastrtps_cExport-noconfig.cmake\n'}
[15.415601] (rogidrive_msg) StdoutLine: {'line': b'-- Installing: /home/yuki/ros2_ws/src/NHK2025/install/rogidrive_msg/share/rogidrive_msg/cmake/export_rogidrive_msg__rosidl_generator_cppExport.cmake\n'}
[15.415695] (rogidrive_msg) StdoutLine: {'line': b'-- Installing: /home/yuki/ros2_ws/src/NHK2025/install/rogidrive_msg/share/rogidrive_msg/cmake/export_rogidrive_msg__rosidl_typesupport_fastrtps_cppExport.cmake\n'}
[15.415807] (rogidrive_msg) StdoutLine: {'line': b'-- Installing: /home/yuki/ros2_ws/src/NHK2025/install/rogidrive_msg/share/rogidrive_msg/cmake/export_rogidrive_msg__rosidl_typesupport_fastrtps_cppExport-noconfig.cmake\n'}
[15.415902] (rogidrive_msg) StdoutLine: {'line': b'-- Installing: /home/yuki/ros2_ws/src/NHK2025/install/rogidrive_msg/share/rogidrive_msg/cmake/rogidrive_msg__rosidl_typesupport_introspection_cExport.cmake\n'}
[15.417730] (rogidrive_msg) StdoutLine: {'line': b'-- Installing: /home/yuki/ros2_ws/src/NHK2025/install/rogidrive_msg/share/rogidrive_msg/cmake/rogidrive_msg__rosidl_typesupport_introspection_cExport-noconfig.cmake\n'}
[15.417832] (rogidrive_msg) StdoutLine: {'line': b'-- Installing: /home/yuki/ros2_ws/src/NHK2025/install/rogidrive_msg/share/rogidrive_msg/cmake/rogidrive_msg__rosidl_typesupport_cExport.cmake\n'}
[15.418007] (rogidrive_msg) StdoutLine: {'line': b'-- Installing: /home/yuki/ros2_ws/src/NHK2025/install/rogidrive_msg/share/rogidrive_msg/cmake/rogidrive_msg__rosidl_typesupport_cExport-noconfig.cmake\n'}
[15.418434] (rogidrive_msg) StdoutLine: {'line': b'-- Installing: /home/yuki/ros2_ws/src/NHK2025/install/rogidrive_msg/share/rogidrive_msg/cmake/rogidrive_msg__rosidl_typesupport_introspection_cppExport.cmake\n'}
[15.418528] (rogidrive_msg) StdoutLine: {'line': b'-- Installing: /home/yuki/ros2_ws/src/NHK2025/install/rogidrive_msg/share/rogidrive_msg/cmake/rogidrive_msg__rosidl_typesupport_introspection_cppExport-noconfig.cmake\n'}
[15.418621] (rogidrive_msg) StdoutLine: {'line': b'-- Installing: /home/yuki/ros2_ws/src/NHK2025/install/rogidrive_msg/share/rogidrive_msg/cmake/rogidrive_msg__rosidl_typesupport_cppExport.cmake\n'}
[15.418713] (rogidrive_msg) StdoutLine: {'line': b'-- Installing: /home/yuki/ros2_ws/src/NHK2025/install/rogidrive_msg/share/rogidrive_msg/cmake/rogidrive_msg__rosidl_typesupport_cppExport-noconfig.cmake\n'}
[15.419917] (rogidrive_msg) StdoutLine: {'line': b'-- Installing: /home/yuki/ros2_ws/src/NHK2025/install/rogidrive_msg/share/rogidrive_msg/cmake/export_rogidrive_msg__rosidl_generator_pyExport.cmake\n'}
[15.420374] (rogidrive_msg) StdoutLine: {'line': b'-- Installing: /home/yuki/ros2_ws/src/NHK2025/install/rogidrive_msg/share/rogidrive_msg/cmake/export_rogidrive_msg__rosidl_generator_pyExport-noconfig.cmake\n'}
[15.421741] (rogidrive_msg) StdoutLine: {'line': b'-- Installing: /home/yuki/ros2_ws/src/NHK2025/install/rogidrive_msg/share/rogidrive_msg/cmake/rosidl_cmake-extras.cmake\n'}
[15.424206] (rogidrive_msg) StdoutLine: {'line': b'-- Installing: /home/yuki/ros2_ws/src/NHK2025/install/rogidrive_msg/share/rogidrive_msg/cmake/ament_cmake_export_dependencies-extras.cmake\n'}
[15.424344] (rogidrive_msg) StdoutLine: {'line': b'-- Installing: /home/yuki/ros2_ws/src/NHK2025/install/rogidrive_msg/share/rogidrive_msg/cmake/ament_cmake_export_include_directories-extras.cmake\n'}
[15.424441] (rogidrive_msg) StdoutLine: {'line': b'-- Installing: /home/yuki/ros2_ws/src/NHK2025/install/rogidrive_msg/share/rogidrive_msg/cmake/ament_cmake_export_libraries-extras.cmake\n'}
[15.424570] (rogidrive_msg) StdoutLine: {'line': b'-- Installing: /home/yuki/ros2_ws/src/NHK2025/install/rogidrive_msg/share/rogidrive_msg/cmake/ament_cmake_export_targets-extras.cmake\n'}
[15.424673] (rogidrive_msg) StdoutLine: {'line': b'-- Installing: /home/yuki/ros2_ws/src/NHK2025/install/rogidrive_msg/share/rogidrive_msg/cmake/rosidl_cmake_export_typesupport_targets-extras.cmake\n'}
[15.424782] (rogidrive_msg) StdoutLine: {'line': b'-- Installing: /home/yuki/ros2_ws/src/NHK2025/install/rogidrive_msg/share/rogidrive_msg/cmake/rosidl_cmake_export_typesupport_libraries-extras.cmake\n'}
[15.424883] (rogidrive_msg) StdoutLine: {'line': b'-- Installing: /home/yuki/ros2_ws/src/NHK2025/install/rogidrive_msg/share/rogidrive_msg/cmake/rogidrive_msgConfig.cmake\n'}
[15.425031] (rogidrive_msg) StdoutLine: {'line': b'-- Installing: /home/yuki/ros2_ws/src/NHK2025/install/rogidrive_msg/share/rogidrive_msg/cmake/rogidrive_msgConfig-version.cmake\n'}
[15.426707] (rogidrive_msg) StdoutLine: {'line': b'-- Installing: /home/yuki/ros2_ws/src/NHK2025/install/rogidrive_msg/share/rogidrive_msg/package.xml\n'}
[15.432091] (rogidrive_msg) CommandEnded: {'returncode': 0}
[15.465812] (-) TimerEvent: {}
[15.568549] (-) TimerEvent: {}
[15.669256] (-) TimerEvent: {}
[15.770247] (-) TimerEvent: {}
[15.848374] (rogidrive_msg) JobEnded: {'identifier': 'rogidrive_msg', 'rc': 0}
[15.852628] (rogidrive) JobStarted: {'identifier': 'rogidrive'}
[15.864822] (shoot) JobStarted: {'identifier': 'shoot'}
[15.872408] (-) TimerEvent: {}
[15.973439] (-) TimerEvent: {}
[16.074079] (-) TimerEvent: {}
[16.174862] (-) TimerEvent: {}
[16.276732] (-) TimerEvent: {}
[16.311069] (shoot) JobProgress: {'identifier': 'shoot', 'progress': 'cmake'}
[16.316207] (shoot) Command: {'cmd': ['/opt/st/stm32cubeclt_1.16.0/CMake/bin/cmake', '/home/yuki/ros2_ws/src/NHK2025/shoot', '-DCMAKE_INSTALL_PREFIX=/home/yuki/ros2_ws/src/NHK2025/install/shoot'], 'cwd': '/home/yuki/ros2_ws/src/NHK2025/build/shoot', 'env': OrderedDict([('LANGUAGE', 'en_US:'), ('USER', 'yuki'), ('LC_TIME', 'ja_JP.UTF-8'), ('XDG_SESSION_TYPE', 'wayland'), ('SHLVL', '1'), ('LD_LIBRARY_PATH', '/home/yuki/ros2_ws/src/NHK2025/install/rogidrive_msg/lib:/opt/ros/humble/opt/rviz_ogre_vendor/lib:/opt/ros/humble/lib/x86_64-linux-gnu:/opt/ros/humble/lib'), ('HOME', '/home/yuki'), ('OLDPWD', '/home/yuki/ros2_ws/src'), ('DESKTOP_SESSION', 'ubuntu'), ('ROS_PYTHON_VERSION', '3'), ('GNOME_SHELL_SESSION_MODE', 'ubuntu'), ('GTK_MODULES', 'gail:atk-bridge'), ('LC_MONETARY', 'ja_JP.UTF-8'), ('SYSTEMD_EXEC_PID', '1671'), ('DBUS_SESSION_BUS_ADDRESS', 'unix:path=/run/user/1000/bus'), ('COLORTERM', 'truecolor'), ('IM_CONFIG_PHASE', '1'), ('WAYLAND_DISPLAY', 'wayland-0'), ('ROS_DISTRO', 'humble'), ('LOGNAME', 'yuki'), ('_', '/usr/bin/colcon'), ('ROS_VERSION', '2'), ('XDG_SESSION_CLASS', 'user'), ('USERNAME', 'yuki'), ('TERM', 'xterm-256color'), ('GNOME_DESKTOP_SESSION_ID', 'this-is-deprecated'), ('ROS_LOCALHOST_ONLY', '0'), ('PATH', '/opt/ros/humble/bin:/opt/st/stm32cubeclt_1.16.0:/opt/st/stm32cubeclt_1.16.0/STM32CubeProgrammer/bin:/opt/st/stm32cubeclt_1.16.0/STLink-gdb-server/bin:/opt/st/stm32cubeclt_1.16.0/CMake/bin:/opt/st/stm32cubeclt_1.16.0/Ninja/bin:/opt/st/stm32cubeclt_1.16.0/GNU-tools-for-STM32/bin:/usr/local/sbin:/usr/local/bin:/usr/sbin:/usr/bin:/sbin:/bin:/usr/games:/usr/local/games:/snap/bin:/snap/bin'), ('SESSION_MANAGER', 'local/yuki-virtual-machine:@/tmp/.ICE-unix/1646,unix/yuki-virtual-machine:/tmp/.ICE-unix/1646'), ('XDG_MENU_PREFIX', 'gnome-'), ('LC_ADDRESS', 'ja_JP.UTF-8'), ('GNOME_TERMINAL_SCREEN', '/org/gnome/Terminal/screen/83345ea7_b1f9_43e2_ac02_ace17f95581d'), ('GNOME_SETUP_DISPLAY', ':1'), ('XDG_RUNTIME_DIR', '/run/user/1000'), ('DISPLAY', ':0'), ('LANG', 'ja_JP.UTF-8'), ('XDG_CURRENT_DESKTOP', 'ubuntu:GNOME'), ('LC_TELEPHONE', 'ja_JP.UTF-8'), ('XMODIFIERS', '@im=ibus'), ('XDG_SESSION_DESKTOP', 'ubuntu'), ('XAUTHORITY', '/run/user/1000/.mutter-Xwaylandauth.OF0FW2'), ('GNOME_TERMINAL_SERVICE', ':1.96'), ('SSH_AGENT_LAUNCHER', 'gnome-keyring'), ('SSH_AUTH_SOCK', '/run/user/1000/keyring/ssh'), ('AMENT_PREFIX_PATH', '/home/yuki/ros2_ws/src/NHK2025/install/rogidrive_msg:/opt/ros/humble'), ('SHELL', '/bin/bash'), ('LC_NAME', 'ja_JP.UTF-8'), ('QT_ACCESSIBILITY', '1'), ('GDMSESSION', 'ubuntu'), ('LC_MEASUREMENT', 'ja_JP.UTF-8'), ('LC_IDENTIFICATION', 'ja_JP.UTF-8'), ('QT_IM_MODULE', 'ibus'), ('PWD', '/home/yuki/ros2_ws/src/NHK2025/build/shoot'), ('XDG_CONFIG_DIRS', '/etc/xdg/xdg-ubuntu:/etc/xdg'), ('XDG_DATA_DIRS', '/usr/share/ubuntu:/usr/local/share/:/usr/share/:/var/lib/snapd/desktop'), ('PYTHONPATH', '/home/yuki/ros2_ws/src/NHK2025/install/rogidrive_msg/local/lib/python3.10/dist-packages:/opt/ros/humble/lib/python3.10/site-packages:/opt/ros/humble/local/lib/python3.10/dist-packages'), ('LC_NUMERIC', 'ja_JP.UTF-8'), ('LC_PAPER', 'ja_JP.UTF-8'), ('COLCON', '1'), ('VTE_VERSION', '6800'), ('CMAKE_PREFIX_PATH', '/home/yuki/ros2_ws/src/NHK2025/install/rogidrive_msg:/opt/ros/humble')]), 'shell': False}
[16.385236] (-) TimerEvent: {}
[16.486666] (-) TimerEvent: {}
[16.541390] (shoot) StdoutLine: {'line': b'-- The C compiler identification is GNU 11.4.0\n'}
[16.587187] (-) TimerEvent: {}
[16.691316] (-) TimerEvent: {}
[16.792643] (-) TimerEvent: {}
[16.843069] (shoot) StdoutLine: {'line': b'-- The CXX compiler identification is GNU 11.4.0\n'}
[16.893140] (-) TimerEvent: {}
[16.932054] (shoot) StdoutLine: {'line': b'-- Detecting C compiler ABI info\n'}
[16.995406] (-) TimerEvent: {}
[17.099911] (-) TimerEvent: {}
[17.202444] (-) TimerEvent: {}
[17.207109] (shoot) StdoutLine: {'line': b'-- Detecting C compiler ABI info - done\n'}
[17.223898] (shoot) StdoutLine: {'line': b'-- Check for working C compiler: /usr/bin/cc - skipped\n'}
[17.226323] (shoot) StdoutLine: {'line': b'-- Detecting C compile features\n'}
[17.227392] (shoot) StdoutLine: {'line': b'-- Detecting C compile features - done\n'}
[17.290273] (shoot) StdoutLine: {'line': b'-- Detecting CXX compiler ABI info\n'}
[17.302633] (-) TimerEvent: {}
[17.409137] (-) TimerEvent: {}
[17.438154] (rogidrive) Command: {'cmd': ['/usr/bin/python3', '-W', 'ignore:setup.py install is deprecated', 'setup.py', 'egg_info', '--egg-base', '../../build/rogidrive', 'build', '--build-base', '/home/yuki/ros2_ws/src/NHK2025/build/rogidrive/build', 'install', '--record', '/home/yuki/ros2_ws/src/NHK2025/build/rogidrive/install.log', '--single-version-externally-managed', 'install_data'], 'cwd': '/home/yuki/ros2_ws/src/NHK2025/rogidrive/rogidrive', 'env': {'LANGUAGE': 'en_US:', 'USER': 'yuki', 'LC_TIME': 'ja_JP.UTF-8', 'XDG_SESSION_TYPE': 'wayland', 'SHLVL': '1', 'LD_LIBRARY_PATH': '/home/yuki/ros2_ws/src/NHK2025/install/rogidrive_msg/lib:/opt/ros/humble/opt/rviz_ogre_vendor/lib:/opt/ros/humble/lib/x86_64-linux-gnu:/opt/ros/humble/lib', 'HOME': '/home/yuki', 'OLDPWD': '/home/yuki/ros2_ws/src', 'DESKTOP_SESSION': 'ubuntu', 'ROS_PYTHON_VERSION': '3', 'GNOME_SHELL_SESSION_MODE': 'ubuntu', 'GTK_MODULES': 'gail:atk-bridge', 'LC_MONETARY': 'ja_JP.UTF-8', 'SYSTEMD_EXEC_PID': '1671', 'DBUS_SESSION_BUS_ADDRESS': 'unix:path=/run/user/1000/bus', 'COLORTERM': 'truecolor', 'IM_CONFIG_PHASE': '1', 'WAYLAND_DISPLAY': 'wayland-0', 'ROS_DISTRO': 'humble', 'LOGNAME': 'yuki', '_': '/usr/bin/colcon', 'ROS_VERSION': '2', 'XDG_SESSION_CLASS': 'user', 'USERNAME': 'yuki', 'TERM': 'xterm-256color', 'GNOME_DESKTOP_SESSION_ID': 'this-is-deprecated', 'ROS_LOCALHOST_ONLY': '0', 'PATH': '/opt/ros/humble/bin:/opt/st/stm32cubeclt_1.16.0:/opt/st/stm32cubeclt_1.16.0/STM32CubeProgrammer/bin:/opt/st/stm32cubeclt_1.16.0/STLink-gdb-server/bin:/opt/st/stm32cubeclt_1.16.0/CMake/bin:/opt/st/stm32cubeclt_1.16.0/Ninja/bin:/opt/st/stm32cubeclt_1.16.0/GNU-tools-for-STM32/bin:/usr/local/sbin:/usr/local/bin:/usr/sbin:/usr/bin:/sbin:/bin:/usr/games:/usr/local/games:/snap/bin:/snap/bin', 'SESSION_MANAGER': 'local/yuki-virtual-machine:@/tmp/.ICE-unix/1646,unix/yuki-virtual-machine:/tmp/.ICE-unix/1646', 'XDG_MENU_PREFIX': 'gnome-', 'LC_ADDRESS': 'ja_JP.UTF-8', 'GNOME_TERMINAL_SCREEN': '/org/gnome/Terminal/screen/83345ea7_b1f9_43e2_ac02_ace17f95581d', 'GNOME_SETUP_DISPLAY': ':1', 'XDG_RUNTIME_DIR': '/run/user/1000', 'DISPLAY': ':0', 'LANG': 'ja_JP.UTF-8', 'XDG_CURRENT_DESKTOP': 'ubuntu:GNOME', 'LC_TELEPHONE': 'ja_JP.UTF-8', 'XMODIFIERS': '@im=ibus', 'XDG_SESSION_DESKTOP': 'ubuntu', 'XAUTHORITY': '/run/user/1000/.mutter-Xwaylandauth.OF0FW2', 'GNOME_TERMINAL_SERVICE': ':1.96', 'SSH_AGENT_LAUNCHER': 'gnome-keyring', 'SSH_AUTH_SOCK': '/run/user/1000/keyring/ssh', 'AMENT_PREFIX_PATH': '/home/yuki/ros2_ws/src/NHK2025/install/rogidrive_msg:/opt/ros/humble', 'SHELL': '/bin/bash', 'LC_NAME': 'ja_JP.UTF-8', 'QT_ACCESSIBILITY': '1', 'GDMSESSION': 'ubuntu', 'LC_MEASUREMENT': 'ja_JP.UTF-8', 'LC_IDENTIFICATION': 'ja_JP.UTF-8', 'QT_IM_MODULE': 'ibus', 'PWD': '/home/yuki/ros2_ws/src/NHK2025/build/rogidrive', 'XDG_CONFIG_DIRS': '/etc/xdg/xdg-ubuntu:/etc/xdg', 'XDG_DATA_DIRS': '/usr/share/ubuntu:/usr/local/share/:/usr/share/:/var/lib/snapd/desktop', 'PYTHONPATH': '/home/yuki/ros2_ws/src/NHK2025/build/rogidrive/prefix_override:/usr/lib/python3/dist-packages/colcon_core/task/python/colcon_distutils_commands:/home/yuki/ros2_ws/src/NHK2025/install/rogidrive/lib/python3.10/site-packages:/home/yuki/ros2_ws/src/NHK2025/install/rogidrive_msg/local/lib/python3.10/dist-packages:/opt/ros/humble/lib/python3.10/site-packages:/opt/ros/humble/local/lib/python3.10/dist-packages', 'LC_NUMERIC': 'ja_JP.UTF-8', 'LC_PAPER': 'ja_JP.UTF-8', 'COLCON': '1', 'VTE_VERSION': '6800', 'CMAKE_PREFIX_PATH': '/home/yuki/ros2_ws/src/NHK2025/install/rogidrive_msg'}, 'shell': False}
[17.511431] (-) TimerEvent: {}
[17.612853] (-) TimerEvent: {}
[17.715435] (-) TimerEvent: {}
[17.767534] (shoot) StdoutLine: {'line': b'-- Detecting CXX compiler ABI info - done\n'}
[17.812590] (shoot) StdoutLine: {'line': b'-- Check for working CXX compiler: /usr/bin/c++ - skipped\n'}
[17.815224] (shoot) StdoutLine: {'line': b'-- Detecting CXX compile features\n'}
[17.815422] (-) TimerEvent: {}
[17.820616] (shoot) StdoutLine: {'line': b'-- Detecting CXX compile features - done\n'}
[17.842077] (shoot) StdoutLine: {'line': b'-- Found ament_cmake: 1.3.10 (/opt/ros/humble/share/ament_cmake/cmake)\n'}
[17.916337] (-) TimerEvent: {}
[18.018857] (-) TimerEvent: {}
[18.124177] (-) TimerEvent: {}
[18.225375] (-) TimerEvent: {}
[18.328080] (-) TimerEvent: {}
[18.367177] (shoot) StdoutLine: {'line': b'-- Found Python3: /usr/bin/python3 (found version "3.10.12") found components: Interpreter \n'}
[18.428633] (-) TimerEvent: {}
[18.429461] (rogidrive) StdoutLine: {'line': b'running egg_info\n'}
[18.430384] (rogidrive) StdoutLine: {'line': b'creating ../../build/rogidrive/rogidrive.egg-info\n'}
[18.431391] (rogidrive) StdoutLine: {'line': b'writing ../../build/rogidrive/rogidrive.egg-info/PKG-INFO\n'}
[18.431525] (rogidrive) StdoutLine: {'line': b'writing dependency_links to ../../build/rogidrive/rogidrive.egg-info/dependency_links.txt\n'}
[18.431619] (rogidrive) StdoutLine: {'line': b'writing entry points to ../../build/rogidrive/rogidrive.egg-info/entry_points.txt\n'}
[18.432649] (rogidrive) StdoutLine: {'line': b'writing requirements to ../../build/rogidrive/rogidrive.egg-info/requires.txt\n'}
[18.432776] (rogidrive) StdoutLine: {'line': b'writing top-level names to ../../build/rogidrive/rogidrive.egg-info/top_level.txt\n'}
[18.432867] (rogidrive) StdoutLine: {'line': b"writing manifest file '../../build/rogidrive/rogidrive.egg-info/SOURCES.txt'\n"}
[18.435848] (rogidrive) StdoutLine: {'line': b"reading manifest file '../../build/rogidrive/rogidrive.egg-info/SOURCES.txt'\n"}
[18.438717] (rogidrive) StdoutLine: {'line': b"writing manifest file '../../build/rogidrive/rogidrive.egg-info/SOURCES.txt'\n"}
[18.439919] (rogidrive) StdoutLine: {'line': b'running build\n'}
[18.440119] (rogidrive) StdoutLine: {'line': b'running build_py\n'}
[18.440910] (rogidrive) StdoutLine: {'line': b'creating /home/yuki/ros2_ws/src/NHK2025/build/rogidrive/build\n'}
[18.442748] (rogidrive) StdoutLine: {'line': b'creating /home/yuki/ros2_ws/src/NHK2025/build/rogidrive/build/lib\n'}
[18.442877] (rogidrive) StdoutLine: {'line': b'creating /home/yuki/ros2_ws/src/NHK2025/build/rogidrive/build/lib/rogidrive\n'}
[18.445618] (rogidrive) StdoutLine: {'line': b'copying rogidrive/rogidrive_tester.py -> /home/yuki/ros2_ws/src/NHK2025/build/rogidrive/build/lib/rogidrive\n'}
[18.445747] (rogidrive) StdoutLine: {'line': b'copying rogidrive/rogidrive.py -> /home/yuki/ros2_ws/src/NHK2025/build/rogidrive/build/lib/rogidrive\n'}
[18.445839] (rogidrive) StdoutLine: {'line': b'copying rogidrive/__init__.py -> /home/yuki/ros2_ws/src/NHK2025/build/rogidrive/build/lib/rogidrive\n'}
[18.445929] (rogidrive) StdoutLine: {'line': b'running install\n'}
[18.447153] (rogidrive) StdoutLine: {'line': b'running install_lib\n'}
[18.447495] (rogidrive) StdoutLine: {'line': b'creating /home/yuki/ros2_ws/src/NHK2025/install/rogidrive/lib/python3.10/site-packages/rogidrive\n'}
[18.448322] (rogidrive) StdoutLine: {'line': b'copying /home/yuki/ros2_ws/src/NHK2025/build/rogidrive/build/lib/rogidrive/rogidrive_tester.py -> /home/yuki/ros2_ws/src/NHK2025/install/rogidrive/lib/python3.10/site-packages/rogidrive\n'}
[18.451079] (rogidrive) StdoutLine: {'line': b'copying /home/yuki/ros2_ws/src/NHK2025/build/rogidrive/build/lib/rogidrive/rogidrive.py -> /home/yuki/ros2_ws/src/NHK2025/install/rogidrive/lib/python3.10/site-packages/rogidrive\n'}
[18.451203] (rogidrive) StdoutLine: {'line': b'copying /home/yuki/ros2_ws/src/NHK2025/build/rogidrive/build/lib/rogidrive/__init__.py -> /home/yuki/ros2_ws/src/NHK2025/install/rogidrive/lib/python3.10/site-packages/rogidrive\n'}
[18.451295] (rogidrive) StdoutLine: {'line': b'byte-compiling /home/yuki/ros2_ws/src/NHK2025/install/rogidrive/lib/python3.10/site-packages/rogidrive/rogidrive_tester.py to rogidrive_tester.cpython-310.pyc\n'}
[18.451386] (rogidrive) StdoutLine: {'line': b'byte-compiling /home/yuki/ros2_ws/src/NHK2025/install/rogidrive/lib/python3.10/site-packages/rogidrive/rogidrive.py to rogidrive.cpython-310.pyc\n'}
[18.456207] (rogidrive) StdoutLine: {'line': b'byte-compiling /home/yuki/ros2_ws/src/NHK2025/install/rogidrive/lib/python3.10/site-packages/rogidrive/__init__.py to __init__.cpython-310.pyc\n'}
[18.459024] (rogidrive) StdoutLine: {'line': b'running install_data\n'}
[18.459194] (rogidrive) StdoutLine: {'line': b'creating /home/yuki/ros2_ws/src/NHK2025/install/rogidrive/share/ament_index\n'}
[18.459290] (rogidrive) StdoutLine: {'line': b'creating /home/yuki/ros2_ws/src/NHK2025/install/rogidrive/share/ament_index/resource_index\n'}
[18.459381] (rogidrive) StdoutLine: {'line': b'creating /home/yuki/ros2_ws/src/NHK2025/install/rogidrive/share/ament_index/resource_index/packages\n'}
[18.459472] (rogidrive) StdoutLine: {'line': b'copying resource/rogidrive -> /home/yuki/ros2_ws/src/NHK2025/install/rogidrive/share/ament_index/resource_index/packages\n'}
[18.459565] (rogidrive) StdoutLine: {'line': b'copying package.xml -> /home/yuki/ros2_ws/src/NHK2025/install/rogidrive/share/rogidrive\n'}
[18.459665] (rogidrive) StdoutLine: {'line': b'running install_egg_info\n'}
[18.464455] (rogidrive) StdoutLine: {'line': b'Copying ../../build/rogidrive/rogidrive.egg-info to /home/yuki/ros2_ws/src/NHK2025/install/rogidrive/lib/python3.10/site-packages/rogidrive-0.0.0-py3.10.egg-info\n'}
[18.465408] (rogidrive) StdoutLine: {'line': b'running install_scripts\n'}
[18.500355] (rogidrive) StdoutLine: {'line': b'Installing rogidrive script to /home/yuki/ros2_ws/src/NHK2025/install/rogidrive/lib/rogidrive\n'}
[18.500565] (rogidrive) StdoutLine: {'line': b'Installing rogidrive_tester script to /home/yuki/ros2_ws/src/NHK2025/install/rogidrive/lib/rogidrive\n'}
[18.500667] (rogidrive) StdoutLine: {'line': b"writing list of installed files to '/home/yuki/ros2_ws/src/NHK2025/build/rogidrive/install.log'\n"}
[18.529382] (-) TimerEvent: {}
[18.559232] (rogidrive) CommandEnded: {'returncode': 0}
[18.579388] (rogidrive) JobEnded: {'identifier': 'rogidrive', 'rc': 0}
[18.630243] (-) TimerEvent: {}
[18.641164] (shoot) StdoutLine: {'line': b'-- Found rclcpp: 16.0.10 (/opt/ros/humble/share/rclcpp/cmake)\n'}
[18.730452] (-) TimerEvent: {}
[18.745769] (shoot) StdoutLine: {'line': b'-- Found rosidl_generator_c: 3.1.5 (/opt/ros/humble/share/rosidl_generator_c/cmake)\n'}
[18.760097] (shoot) StdoutLine: {'line': b'-- Found rosidl_adapter: 3.1.5 (/opt/ros/humble/share/rosidl_adapter/cmake)\n'}
[18.777031] (shoot) StdoutLine: {'line': b'-- Found rosidl_generator_cpp: 3.1.5 (/opt/ros/humble/share/rosidl_generator_cpp/cmake)\n'}
[18.807172] (shoot) StdoutLine: {'line': b'-- Using all available rosidl_typesupport_c: rosidl_typesupport_fastrtps_c;rosidl_typesupport_introspection_c\n'}
[18.830610] (-) TimerEvent: {}
[18.838388] (shoot) StdoutLine: {'line': b'-- Using all available rosidl_typesupport_cpp: rosidl_typesupport_fastrtps_cpp;rosidl_typesupport_introspection_cpp\n'}
[18.913583] (shoot) StdoutLine: {'line': b'-- Found rmw_implementation_cmake: 6.1.2 (/opt/ros/humble/share/rmw_implementation_cmake/cmake)\n'}
[18.917722] (shoot) StdoutLine: {'line': b'-- Found rmw_fastrtps_cpp: 6.2.7 (/opt/ros/humble/share/rmw_fastrtps_cpp/cmake)\n'}
[18.930913] (-) TimerEvent: {}
[19.032108] (-) TimerEvent: {}
[19.120420] (shoot) StdoutLine: {'line': b'-- Found OpenSSL: /usr/lib/x86_64-linux-gnu/libcrypto.so (found version "3.0.2")  \n'}
[19.132272] (-) TimerEvent: {}
[19.162107] (shoot) StdoutLine: {'line': b'-- Found FastRTPS: /opt/ros/humble/include  \n'}
[19.232037] (shoot) StdoutLine: {'line': b"-- Using RMW implementation 'rmw_fastrtps_cpp' as default\n"}
[19.232278] (-) TimerEvent: {}
[19.259140] (shoot) StdoutLine: {'line': b'-- Performing Test CMAKE_HAVE_LIBC_PTHREAD\n'}
[19.332521] (-) TimerEvent: {}
[19.433352] (-) TimerEvent: {}
[19.496829] (shoot) StdoutLine: {'line': b'-- Performing Test CMAKE_HAVE_LIBC_PTHREAD - Success\n'}
[19.497795] (shoot) StdoutLine: {'line': b'-- Found Threads: TRUE  \n'}
[19.533790] (-) TimerEvent: {}
[19.637763] (shoot) StdoutLine: {'line': b'-- Found geometry_msgs: 4.2.4 (/opt/ros/humble/share/geometry_msgs/cmake)\n'}
[19.638054] (-) TimerEvent: {}
[19.661060] (shoot) StdoutLine: {'line': b'-- Found tf2: 0.25.8 (/opt/ros/humble/share/tf2/cmake)\n'}
[19.678857] (shoot) StdoutLine: {'line': b'-- Found rogidrive_msg: 0.0.0 (/home/yuki/ros2_ws/src/NHK2025/install/rogidrive_msg/share/rogidrive_msg/cmake)\n'}
[19.738723] (-) TimerEvent: {}
[19.843605] (-) TimerEvent: {}
[19.946206] (-) TimerEvent: {}
[19.964090] (shoot) StdoutLine: {'line': b'-- Configuring done (3.6s)\n'}
[20.031184] (shoot) StdoutLine: {'line': b'-- Generating done (0.0s)\n'}
[20.043461] (shoot) StdoutLine: {'line': b'-- Build files have been written to: /home/yuki/ros2_ws/src/NHK2025/build/shoot\n'}
[20.046471] (-) TimerEvent: {}
[20.072912] (shoot) CommandEnded: {'returncode': 0}
[20.073895] (shoot) JobProgress: {'identifier': 'shoot', 'progress': 'build'}
[20.074066] (shoot) Command: {'cmd': ['/opt/st/stm32cubeclt_1.16.0/CMake/bin/cmake', '--build', '/home/yuki/ros2_ws/src/NHK2025/build/shoot', '--', '-j2', '-l2'], 'cwd': '/home/yuki/ros2_ws/src/NHK2025/build/shoot', 'env': OrderedDict([('LANGUAGE', 'en_US:'), ('USER', 'yuki'), ('LC_TIME', 'ja_JP.UTF-8'), ('XDG_SESSION_TYPE', 'wayland'), ('SHLVL', '1'), ('LD_LIBRARY_PATH', '/home/yuki/ros2_ws/src/NHK2025/install/rogidrive_msg/lib:/opt/ros/humble/opt/rviz_ogre_vendor/lib:/opt/ros/humble/lib/x86_64-linux-gnu:/opt/ros/humble/lib'), ('HOME', '/home/yuki'), ('OLDPWD', '/home/yuki/ros2_ws/src'), ('DESKTOP_SESSION', 'ubuntu'), ('ROS_PYTHON_VERSION', '3'), ('GNOME_SHELL_SESSION_MODE', 'ubuntu'), ('GTK_MODULES', 'gail:atk-bridge'), ('LC_MONETARY', 'ja_JP.UTF-8'), ('SYSTEMD_EXEC_PID', '1671'), ('DBUS_SESSION_BUS_ADDRESS', 'unix:path=/run/user/1000/bus'), ('COLORTERM', 'truecolor'), ('IM_CONFIG_PHASE', '1'), ('WAYLAND_DISPLAY', 'wayland-0'), ('ROS_DISTRO', 'humble'), ('LOGNAME', 'yuki'), ('_', '/usr/bin/colcon'), ('ROS_VERSION', '2'), ('XDG_SESSION_CLASS', 'user'), ('USERNAME', 'yuki'), ('TERM', 'xterm-256color'), ('GNOME_DESKTOP_SESSION_ID', 'this-is-deprecated'), ('ROS_LOCALHOST_ONLY', '0'), ('PATH', '/opt/ros/humble/bin:/opt/st/stm32cubeclt_1.16.0:/opt/st/stm32cubeclt_1.16.0/STM32CubeProgrammer/bin:/opt/st/stm32cubeclt_1.16.0/STLink-gdb-server/bin:/opt/st/stm32cubeclt_1.16.0/CMake/bin:/opt/st/stm32cubeclt_1.16.0/Ninja/bin:/opt/st/stm32cubeclt_1.16.0/GNU-tools-for-STM32/bin:/usr/local/sbin:/usr/local/bin:/usr/sbin:/usr/bin:/sbin:/bin:/usr/games:/usr/local/games:/snap/bin:/snap/bin'), ('SESSION_MANAGER', 'local/yuki-virtual-machine:@/tmp/.ICE-unix/1646,unix/yuki-virtual-machine:/tmp/.ICE-unix/1646'), ('XDG_MENU_PREFIX', 'gnome-'), ('LC_ADDRESS', 'ja_JP.UTF-8'), ('GNOME_TERMINAL_SCREEN', '/org/gnome/Terminal/screen/83345ea7_b1f9_43e2_ac02_ace17f95581d'), ('GNOME_SETUP_DISPLAY', ':1'), ('XDG_RUNTIME_DIR', '/run/user/1000'), ('DISPLAY', ':0'), ('LANG', 'ja_JP.UTF-8'), ('XDG_CURRENT_DESKTOP', 'ubuntu:GNOME'), ('LC_TELEPHONE', 'ja_JP.UTF-8'), ('XMODIFIERS', '@im=ibus'), ('XDG_SESSION_DESKTOP', 'ubuntu'), ('XAUTHORITY', '/run/user/1000/.mutter-Xwaylandauth.OF0FW2'), ('GNOME_TERMINAL_SERVICE', ':1.96'), ('SSH_AGENT_LAUNCHER', 'gnome-keyring'), ('SSH_AUTH_SOCK', '/run/user/1000/keyring/ssh'), ('AMENT_PREFIX_PATH', '/home/yuki/ros2_ws/src/NHK2025/install/rogidrive_msg:/opt/ros/humble'), ('SHELL', '/bin/bash'), ('LC_NAME', 'ja_JP.UTF-8'), ('QT_ACCESSIBILITY', '1'), ('GDMSESSION', 'ubuntu'), ('LC_MEASUREMENT', 'ja_JP.UTF-8'), ('LC_IDENTIFICATION', 'ja_JP.UTF-8'), ('QT_IM_MODULE', 'ibus'), ('PWD', '/home/yuki/ros2_ws/src/NHK2025/build/shoot'), ('XDG_CONFIG_DIRS', '/etc/xdg/xdg-ubuntu:/etc/xdg'), ('XDG_DATA_DIRS', '/usr/share/ubuntu:/usr/local/share/:/usr/share/:/var/lib/snapd/desktop'), ('PYTHONPATH', '/home/yuki/ros2_ws/src/NHK2025/install/rogidrive_msg/local/lib/python3.10/dist-packages:/opt/ros/humble/lib/python3.10/site-packages:/opt/ros/humble/local/lib/python3.10/dist-packages'), ('LC_NUMERIC', 'ja_JP.UTF-8'), ('LC_PAPER', 'ja_JP.UTF-8'), ('COLCON', '1'), ('VTE_VERSION', '6800'), ('CMAKE_PREFIX_PATH', '/home/yuki/ros2_ws/src/NHK2025/install/rogidrive_msg:/opt/ros/humble')]), 'shell': False}
[20.146808] (-) TimerEvent: {}
[20.151785] (shoot) StdoutLine: {'line': b'[ 50%] \x1b[32mBuilding CXX object CMakeFiles/shooter.dir/src/shoot.cpp.o\x1b[0m\n'}
[20.247203] (-) TimerEvent: {}
[20.349055] (-) TimerEvent: {}
[20.449569] (-) TimerEvent: {}
[20.550438] (-) TimerEvent: {}
[20.651126] (-) TimerEvent: {}
[20.751677] (-) TimerEvent: {}
[20.852983] (-) TimerEvent: {}
[20.953745] (-) TimerEvent: {}
[21.054914] (-) TimerEvent: {}
[21.155580] (-) TimerEvent: {}
[21.256308] (-) TimerEvent: {}
[21.357114] (-) TimerEvent: {}
[21.457912] (-) TimerEvent: {}
[21.558743] (-) TimerEvent: {}
[21.659555] (-) TimerEvent: {}
[21.760350] (-) TimerEvent: {}
[21.860766] (-) TimerEvent: {}
[21.961835] (-) TimerEvent: {}
[22.062767] (-) TimerEvent: {}
[22.164620] (-) TimerEvent: {}
[22.265224] (-) TimerEvent: {}
[22.365698] (-) TimerEvent: {}
[22.466613] (-) TimerEvent: {}
[22.569069] (-) TimerEvent: {}
[22.669914] (-) TimerEvent: {}
[22.771133] (-) TimerEvent: {}
[22.871938] (-) TimerEvent: {}
[22.993863] (-) TimerEvent: {}
[23.157233] (-) TimerEvent: {}
[23.279162] (-) TimerEvent: {}
[23.379671] (-) TimerEvent: {}
[23.480260] (-) TimerEvent: {}
[23.580805] (-) TimerEvent: {}
[23.682441] (-) TimerEvent: {}
[23.783349] (-) TimerEvent: {}
[23.886109] (-) TimerEvent: {}
[23.988837] (-) TimerEvent: {}
[24.089664] (-) TimerEvent: {}
[24.191451] (-) TimerEvent: {}
[24.295326] (-) TimerEvent: {}
[24.405780] (-) TimerEvent: {}
[24.506866] (-) TimerEvent: {}
[24.607788] (-) TimerEvent: {}
[24.708826] (-) TimerEvent: {}
[24.810211] (-) TimerEvent: {}
[24.834670] (shoot) StderrLine: {'line': b'\x1b[01m\x1b[K/home/yuki/ros2_ws/src/NHK2025/shoot/src/shoot.cpp:52:72:\x1b[m\x1b[K \x1b[01;31m\x1b[Kerror: \x1b[m\x1b[Kredeclaration of \xe2\x80\x98\x1b[01m\x1b[Krclcpp::Publisher<rogidrive_msg::msg::RogidriveMessage_<std::allocator<void> > >::SharedPtr Shoot::publisher_\x1b[m\x1b[K\xe2\x80\x99\n'}
[24.836314] (shoot) StderrLine: {'line': b'   52 |     rclcpp::Publisher<rogidrive_msg::msg::RogidriveMessage>::SharedPtr \x1b[01;31m\x1b[Kpublisher_\x1b[m\x1b[K;\n'}
[24.836737] (shoot) StderrLine: {'line': b'      |                                                                        \x1b[01;31m\x1b[K^~~~~~~~~~\x1b[m\x1b[K\n'}
[24.836897] (shoot) StderrLine: {'line': b'\x1b[01m\x1b[K/home/yuki/ros2_ws/src/NHK2025/shoot/src/shoot.cpp:51:68:\x1b[m\x1b[K \x1b[01;36m\x1b[Knote: \x1b[m\x1b[Kprevious declaration \xe2\x80\x98\x1b[01m\x1b[Krclcpp::Publisher<std_msgs::msg::Float64MultiArray_<std::allocator<void> > >::SharedPtr Shoot::publisher_\x1b[m\x1b[K\xe2\x80\x99\n'}
[24.837140] (shoot) StderrLine: {'line': b'   51 |     rclcpp::Publisher<std_msgs::msg::Float64MultiArray>::SharedPtr \x1b[01;36m\x1b[Kpublisher_\x1b[m\x1b[K;\n'}
[24.837268] (shoot) StderrLine: {'line': b'      |                                                                    \x1b[01;36m\x1b[K^~~~~~~~~~\x1b[m\x1b[K\n'}
[24.883639] (shoot) StderrLine: {'line': b'\x1b[01m\x1b[K/home/yuki/ros2_ws/src/NHK2025/shoot/src/shoot.cpp:\x1b[m\x1b[K In constructor \xe2\x80\x98\x1b[01m\x1b[KShoot::Shoot()\x1b[m\x1b[K\xe2\x80\x99:\n'}
[24.884574] (shoot) StderrLine: {'line': b'\x1b[01m\x1b[K/home/yuki/ros2_ws/src/NHK2025/shoot/src/shoot.cpp:62:5:\x1b[m\x1b[K \x1b[01;31m\x1b[Kerror: \x1b[m\x1b[K\xe2\x80\x98\x1b[01m\x1b[Kpublisher_micon\x1b[m\x1b[K\xe2\x80\x99 was not declared in this scope; did you mean \xe2\x80\x98\x1b[01m\x1b[Kpublisher_\x1b[m\x1b[K\xe2\x80\x99?\n'}
[24.888315] (shoot) StderrLine: {'line': b'   62 |     \x1b[01;31m\x1b[Kpublisher_micon\x1b[m\x1b[K = this->create_publisher<std_msgs::msg::Float64MultiArray>("shootVelocity", 10);\n'}
[24.888884] (shoot) StderrLine: {'line': b'      |     \x1b[01;31m\x1b[K^~~~~~~~~~~~~~~\x1b[m\x1b[K\n'}
[24.892249] (shoot) StderrLine: {'line': b'      |     \x1b[32m\x1b[Kpublisher_\x1b[m\x1b[K\n'}
[24.897880] (shoot) StderrLine: {'line': b'\x1b[01m\x1b[K/home/yuki/ros2_ws/src/NHK2025/shoot/src/shoot.cpp:63:5:\x1b[m\x1b[K \x1b[01;31m\x1b[Kerror: \x1b[m\x1b[K\xe2\x80\x98\x1b[01m\x1b[Kpublisher_odrive\x1b[m\x1b[K\xe2\x80\x99 was not declared in this scope; did you mean \xe2\x80\x98\x1b[01m\x1b[Kpublisher_\x1b[m\x1b[K\xe2\x80\x99?\n'}
[24.898201] (shoot) StderrLine: {'line': b'   63 |     \x1b[01;31m\x1b[Kpublisher_odrive\x1b[m\x1b[K = this->create_publisher<rogidrive_msg::msg::RogidriveMessage>("odrive_cmd", 10);\n'}
[24.898359] (shoot) StderrLine: {'line': b'      |     \x1b[01;31m\x1b[K^~~~~~~~~~~~~~~~\x1b[m\x1b[K\n'}
[24.898496] (shoot) StderrLine: {'line': b'      |     \x1b[32m\x1b[Kpublisher_\x1b[m\x1b[K\n'}
[24.903804] (shoot) StderrLine: {'line': b'\x1b[01m\x1b[K/home/yuki/ros2_ws/src/NHK2025/shoot/src/shoot.cpp:\x1b[m\x1b[K In member function \xe2\x80\x98\x1b[01m\x1b[Kfloat Shoot::getYaw(float, float, float)\x1b[m\x1b[K\xe2\x80\x99:\n'}
[24.904428] (shoot) StderrLine: {'line': b'\x1b[01m\x1b[K/home/yuki/ros2_ws/src/NHK2025/shoot/src/shoot.cpp:68:59:\x1b[m\x1b[K \x1b[01;31m\x1b[Kerror: \x1b[m\x1b[K\xe2\x80\x98\x1b[01m\x1b[Ktheta_r_\x1b[m\x1b[K\xe2\x80\x99 was not declared in this scope; did you mean \xe2\x80\x98\x1b[01m\x1b[Ktheta_s_\x1b[m\x1b[K\xe2\x80\x99?\n'}
[24.904578] (shoot) StderrLine: {'line': b'   68 |     float theta_yaw = atan((y_g - y_s_) / (x_g - x_s_)) - \x1b[01;31m\x1b[Ktheta_r_\x1b[m\x1b[K;\n'}
[24.904714] (shoot) StderrLine: {'line': b'      |                                                           \x1b[01;31m\x1b[K^~~~~~~~\x1b[m\x1b[K\n'}
[24.904853] (shoot) StderrLine: {'line': b'      |                                                           \x1b[32m\x1b[Ktheta_s_\x1b[m\x1b[K\n'}
[24.905049] (shoot) StderrLine: {'line': b'\x1b[01m\x1b[K/home/yuki/ros2_ws/src/NHK2025/shoot/src/shoot.cpp:67:51:\x1b[m\x1b[K \x1b[01;35m\x1b[Kwarning: \x1b[m\x1b[Kunused parameter \xe2\x80\x98\x1b[01m\x1b[Ktheta_s_\x1b[m\x1b[K\xe2\x80\x99 [\x1b[01;35m\x1b[K\x1b]8;;https://gcc.gnu.org/onlinedocs/gcc/Warning-Options.html#index-Wunused-parameter\x07-Wunused-parameter\x1b]8;;\x07\x1b[m\x1b[K]\n'}
[24.905231] (shoot) StderrLine: {'line': b'   67 | float Shoot::getYaw(float x_s_, float y_s_, \x1b[01;35m\x1b[Kfloat theta_s_\x1b[m\x1b[K){\n'}
[24.905369] (shoot) StderrLine: {'line': b'      |                                             \x1b[01;35m\x1b[K~~~~~~^~~~~~~~\x1b[m\x1b[K\n'}
[24.911400] (-) TimerEvent: {}
[24.915129] (shoot) StderrLine: {'line': b'\x1b[01m\x1b[K/home/yuki/ros2_ws/src/NHK2025/shoot/src/shoot.cpp:\x1b[m\x1b[K In member function \xe2\x80\x98\x1b[01m\x1b[Kvoid Shoot::topic_callback(const Pose&)\x1b[m\x1b[K\xe2\x80\x99:\n'}
[24.916332] (shoot) StderrLine: {'line': b'\x1b[01m\x1b[K/home/yuki/ros2_ws/src/NHK2025/shoot/src/shoot.cpp:170:5:\x1b[m\x1b[K \x1b[01;31m\x1b[Kerror: \x1b[m\x1b[K\xe2\x80\x98\x1b[01m\x1b[Kpublisher_micon\x1b[m\x1b[K\xe2\x80\x99 was not declared in this scope; did you mean \xe2\x80\x98\x1b[01m\x1b[Kpublisher_\x1b[m\x1b[K\xe2\x80\x99?\n'}
[24.916641] (shoot) StderrLine: {'line': b'  170 |     \x1b[01;31m\x1b[Kpublisher_micon\x1b[m\x1b[K->publish(message_micon);\n'}
[24.916772] (shoot) StderrLine: {'line': b'      |     \x1b[01;31m\x1b[K^~~~~~~~~~~~~~~\x1b[m\x1b[K\n'}
[24.916892] (shoot) StderrLine: {'line': b'      |     \x1b[32m\x1b[Kpublisher_\x1b[m\x1b[K\n'}
[24.924445] (shoot) StderrLine: {'line': b'\x1b[01m\x1b[K/home/yuki/ros2_ws/src/NHK2025/shoot/src/shoot.cpp:177:5:\x1b[m\x1b[K \x1b[01;31m\x1b[Kerror: \x1b[m\x1b[K\xe2\x80\x98\x1b[01m\x1b[Kpublisher_odrive\x1b[m\x1b[K\xe2\x80\x99 was not declared in this scope; did you mean \xe2\x80\x98\x1b[01m\x1b[Kpublisher_\x1b[m\x1b[K\xe2\x80\x99?\n'}
[24.924869] (shoot) StderrLine: {'line': b'  177 |     \x1b[01;31m\x1b[Kpublisher_odrive\x1b[m\x1b[K->publish(message_odrive);\n'}
[24.925377] (shoot) StderrLine: {'line': b'      |     \x1b[01;31m\x1b[K^~~~~~~~~~~~~~~~\x1b[m\x1b[K\n'}
[24.925540] (shoot) StderrLine: {'line': b'      |     \x1b[32m\x1b[Kpublisher_\x1b[m\x1b[K\n'}
[25.011660] (-) TimerEvent: {}
[25.112743] (-) TimerEvent: {}
[25.214144] (-) TimerEvent: {}
[25.314746] (-) TimerEvent: {}
[25.415373] (-) TimerEvent: {}
[25.515946] (-) TimerEvent: {}
[25.616677] (-) TimerEvent: {}
[25.717512] (-) TimerEvent: {}
[25.818051] (-) TimerEvent: {}
[25.918562] (-) TimerEvent: {}
[26.019173] (-) TimerEvent: {}
[26.119774] (-) TimerEvent: {}
[26.220781] (-) TimerEvent: {}
[26.321252] (-) TimerEvent: {}
[26.422236] (-) TimerEvent: {}
[26.522741] (-) TimerEvent: {}
[26.623387] (-) TimerEvent: {}
[26.724187] (-) TimerEvent: {}
[26.824792] (-) TimerEvent: {}
[26.925484] (-) TimerEvent: {}
[27.025998] (-) TimerEvent: {}
[27.126605] (-) TimerEvent: {}
[27.228195] (-) TimerEvent: {}
[27.329225] (-) TimerEvent: {}
[27.430266] (-) TimerEvent: {}
[27.531708] (-) TimerEvent: {}
[27.632705] (-) TimerEvent: {}
[27.742410] (-) TimerEvent: {}
[27.849753] (-) TimerEvent: {}
[27.956486] (-) TimerEvent: {}
[28.057259] (-) TimerEvent: {}
[28.161268] (-) TimerEvent: {}
[28.264802] (-) TimerEvent: {}
[28.367340] (-) TimerEvent: {}
[28.468113] (-) TimerEvent: {}
[28.569150] (-) TimerEvent: {}
[28.670452] (-) TimerEvent: {}
[28.771608] (-) TimerEvent: {}
[28.873212] (-) TimerEvent: {}
[28.974128] (-) TimerEvent: {}
[29.083546] (-) TimerEvent: {}
[29.188290] (-) TimerEvent: {}
[29.295496] (-) TimerEvent: {}
[29.395969] (-) TimerEvent: {}
[29.496655] (-) TimerEvent: {}
[29.597523] (-) TimerEvent: {}
[29.698668] (-) TimerEvent: {}
[29.744871] (shoot) StderrLine: {'line': b'gmake[2]: *** [CMakeFiles/shooter.dir/build.make:76: CMakeFiles/shooter.dir/src/shoot.cpp.o] Error 1\n'}
[29.745225] (shoot) StderrLine: {'line': b'gmake[1]: *** [CMakeFiles/Makefile2:137: CMakeFiles/shooter.dir/all] Error 2\n'}
[29.745314] (shoot) StderrLine: {'line': b'gmake: *** [Makefile:146: all] Error 2\n'}
[29.747063] (shoot) CommandEnded: {'returncode': 2}
[29.798894] (-) TimerEvent: {}
[29.805891] (shoot) JobEnded: {'identifier': 'shoot', 'rc': 2}
[29.817586] (-) EventReactorShutdown: {}
